[0.119s] Invoking command in '/home/dustinhartnett/Documents/GitHub/ENPM702_Group2_Final/final702_ws/build/final_project': CMAKE_PREFIX_PATH=/home/dustinhartnett/Documents/GitHub/ENPM702_Group2_Final/final702_ws/install/mage_msgs:/home/dustinhartnett/Documents/GitHub/ENPM702_Group2_Final/final702_ws/install/final_project:/opt/ros/galactic LD_LIBRARY_PATH=/home/dustinhartnett/Documents/GitHub/ENPM702_Group2_Final/final702_ws/install/mage_msgs/lib:/home/dustinhartnett/Documents/GitHub/ENPM702_Group2_Final/final702_ws/install/final_project/lib:/usr/lib/x86_64-linux-gnu/gazebo-11/plugins:/opt/ros/galactic/opt/yaml_cpp_vendor/lib:/opt/ros/galactic/opt/rviz_ogre_vendor/lib:/opt/ros/galactic/lib/x86_64-linux-gnu:/opt/ros/galactic/lib:/usr/share/gazebo/../../lib/x86_64-linux-gnu/gazebo-11/plugins PYTHONPATH=/home/dustinhartnett/Documents/GitHub/ENPM702_Group2_Final/final702_ws/install/mage_msgs/lib/python3.8/site-packages:/home/dustinhartnett/Documents/GitHub/ENPM702_Group2_Final/final702_ws/install/final_project/lib/python3.8/site-packages:/opt/ros/galactic/lib/python3.8/site-packages /usr/bin/cmake --build /home/dustinhartnett/Documents/GitHub/ENPM702_Group2_Final/final702_ws/build/final_project -- -j20 -l20
[0.149s] [35m[1mScanning dependencies of target reach_target[0m
[0.162s] [  0%] Built target ament_cmake_python_copy_final_project
[0.170s] [ 50%] Built target AriacLogicalCameraPlugin
[0.173s] [ 75%] [32mBuilding CXX object CMakeFiles/reach_target.dir/src/reach_target_client.cpp.o[0m
[0.305s] running install_scripts
[0.307s] running egg_info
[0.308s] writing final_project.egg-info/PKG-INFO
[0.308s] writing dependency_links to final_project.egg-info/dependency_links.txt
[0.308s] writing top-level names to final_project.egg-info/top_level.txt
[0.321s] running egg_info
[0.322s] writing final_project.egg-info/PKG-INFO
[0.322s] writing dependency_links to final_project.egg-info/dependency_links.txt
[0.322s] writing top-level names to final_project.egg-info/top_level.txt
[0.330s] reading manifest file 'final_project.egg-info/SOURCES.txt'
[0.330s] writing manifest file 'final_project.egg-info/SOURCES.txt'
[0.342s] reading manifest file 'final_project.egg-info/SOURCES.txt'
[0.342s] writing manifest file 'final_project.egg-info/SOURCES.txt'
[0.348s] [ 75%] Built target ament_cmake_python_build_final_project_egg
[0.373s] [ 75%] Built target ament_cmake_python_build_final_project_scripts
[1.422s] [01m[K/home/dustinhartnett/Documents/GitHub/ENPM702_Group2_Final/final702_ws/src/final_project/src/reach_target_client.cpp:[m[K In member function ‘[01m[Kvoid RobotTargetClient::camera1_callback(mage_msgs::msg::AdvancedLogicalCameraImage_<std::allocator<void> >::SharedPtr)[m[K’:
[1.422s] [01m[K/home/dustinhartnett/Documents/GitHub/ENPM702_Group2_Final/final702_ws/src/final_project/src/reach_target_client.cpp:57:30:[m[K [01;31m[Kerror: [m[K‘[01m[Kusing Pose = struct geometry_msgs::msg::Pose_<std::allocator<void> >[m[K’ {aka ‘[01m[Kstruct geometry_msgs::msg::Pose_<std::allocator<void> >[m[K’} has no member named ‘[01m[Kpose[m[K’
[1.422s]    57 |     auto x_pos_ = part_poses.[01;31m[Kpose[m[K.position.x;
[1.422s]       |                              [01;31m[K^~~~[m[K
[1.422s] [01m[K/home/dustinhartnett/Documents/GitHub/ENPM702_Group2_Final/final702_ws/src/final_project/src/reach_target_client.cpp:54:102:[m[K [01;35m[Kwarning: [m[Kunused parameter ‘[01m[Kmsg[m[K’ [[01;35m[K-Wunused-parameter[m[K]
[1.422s]    54 | void RobotTargetClient::camera1_callback([01;35m[Kconst mage_msgs::msg::AdvancedLogicalCameraImage::SharedPtr msg[m[K) {
[1.422s]       |                                          [01;35m[K~~~~~~~~~~~~~~~~~~~~~~~~~~~~~~~~~~~~~~~~~~~~~~~~~~~~~~~~~~~~^~~[m[K
[1.423s] [01m[K/home/dustinhartnett/Documents/GitHub/ENPM702_Group2_Final/final702_ws/src/final_project/src/reach_target_client.cpp:[m[K In member function ‘[01m[Kvoid RobotTargetClient::camera2_callback(mage_msgs::msg::AdvancedLogicalCameraImage_<std::allocator<void> >::SharedPtr)[m[K’:
[1.423s] [01m[K/home/dustinhartnett/Documents/GitHub/ENPM702_Group2_Final/final702_ws/src/final_project/src/reach_target_client.cpp:62:102:[m[K [01;35m[Kwarning: [m[Kunused parameter ‘[01m[Kmsg[m[K’ [[01;35m[K-Wunused-parameter[m[K]
[1.423s]    62 | void RobotTargetClient::camera2_callback([01;35m[Kconst mage_msgs::msg::AdvancedLogicalCameraImage::SharedPtr msg[m[K) {
[1.423s]       |                                          [01;35m[K~~~~~~~~~~~~~~~~~~~~~~~~~~~~~~~~~~~~~~~~~~~~~~~~~~~~~~~~~~~~^~~[m[K
[1.423s] [01m[K/home/dustinhartnett/Documents/GitHub/ENPM702_Group2_Final/final702_ws/src/final_project/src/reach_target_client.cpp:[m[K In member function ‘[01m[Kvoid RobotTargetClient::camera3_callback(mage_msgs::msg::AdvancedLogicalCameraImage_<std::allocator<void> >::SharedPtr)[m[K’:
[1.423s] [01m[K/home/dustinhartnett/Documents/GitHub/ENPM702_Group2_Final/final702_ws/src/final_project/src/reach_target_client.cpp:67:102:[m[K [01;35m[Kwarning: [m[Kunused parameter ‘[01m[Kmsg[m[K’ [[01;35m[K-Wunused-parameter[m[K]
[1.423s]    67 | void RobotTargetClient::camera3_callback([01;35m[Kconst mage_msgs::msg::AdvancedLogicalCameraImage::SharedPtr msg[m[K) {
[1.423s]       |                                          [01;35m[K~~~~~~~~~~~~~~~~~~~~~~~~~~~~~~~~~~~~~~~~~~~~~~~~~~~~~~~~~~~~^~~[m[K
[1.423s] [01m[K/home/dustinhartnett/Documents/GitHub/ENPM702_Group2_Final/final702_ws/src/final_project/src/reach_target_client.cpp:[m[K In member function ‘[01m[Kvoid RobotTargetClient::camera4_callback(mage_msgs::msg::AdvancedLogicalCameraImage_<std::allocator<void> >::SharedPtr)[m[K’:
[1.423s] [01m[K/home/dustinhartnett/Documents/GitHub/ENPM702_Group2_Final/final702_ws/src/final_project/src/reach_target_client.cpp:72:102:[m[K [01;35m[Kwarning: [m[Kunused parameter ‘[01m[Kmsg[m[K’ [[01;35m[K-Wunused-parameter[m[K]
[1.423s]    72 | void RobotTargetClient::camera4_callback([01;35m[Kconst mage_msgs::msg::AdvancedLogicalCameraImage::SharedPtr msg[m[K) {
[1.423s]       |                                          [01;35m[K~~~~~~~~~~~~~~~~~~~~~~~~~~~~~~~~~~~~~~~~~~~~~~~~~~~~~~~~~~~~^~~[m[K
[1.423s] [01m[K/home/dustinhartnett/Documents/GitHub/ENPM702_Group2_Final/final702_ws/src/final_project/src/reach_target_client.cpp:[m[K In member function ‘[01m[Kvoid RobotTargetClient::camera5_callback(mage_msgs::msg::AdvancedLogicalCameraImage_<std::allocator<void> >::SharedPtr)[m[K’:
[1.423s] [01m[K/home/dustinhartnett/Documents/GitHub/ENPM702_Group2_Final/final702_ws/src/final_project/src/reach_target_client.cpp:77:102:[m[K [01;35m[Kwarning: [m[Kunused parameter ‘[01m[Kmsg[m[K’ [[01;35m[K-Wunused-parameter[m[K]
[1.424s]    77 | void RobotTargetClient::camera5_callback([01;35m[Kconst mage_msgs::msg::AdvancedLogicalCameraImage::SharedPtr msg[m[K) {
[1.424s]       |                                          [01;35m[K~~~~~~~~~~~~~~~~~~~~~~~~~~~~~~~~~~~~~~~~~~~~~~~~~~~~~~~~~~~~^~~[m[K
[3.324s] make[2]: *** [CMakeFiles/reach_target.dir/build.make:63: CMakeFiles/reach_target.dir/src/reach_target_client.cpp.o] Error 1
[3.324s] make[1]: *** [CMakeFiles/Makefile2:112: CMakeFiles/reach_target.dir/all] Error 2
[3.324s] make: *** [Makefile:141: all] Error 2
[3.328s] Invoked command in '/home/dustinhartnett/Documents/GitHub/ENPM702_Group2_Final/final702_ws/build/final_project' returned '2': CMAKE_PREFIX_PATH=/home/dustinhartnett/Documents/GitHub/ENPM702_Group2_Final/final702_ws/install/mage_msgs:/home/dustinhartnett/Documents/GitHub/ENPM702_Group2_Final/final702_ws/install/final_project:/opt/ros/galactic LD_LIBRARY_PATH=/home/dustinhartnett/Documents/GitHub/ENPM702_Group2_Final/final702_ws/install/mage_msgs/lib:/home/dustinhartnett/Documents/GitHub/ENPM702_Group2_Final/final702_ws/install/final_project/lib:/usr/lib/x86_64-linux-gnu/gazebo-11/plugins:/opt/ros/galactic/opt/yaml_cpp_vendor/lib:/opt/ros/galactic/opt/rviz_ogre_vendor/lib:/opt/ros/galactic/lib/x86_64-linux-gnu:/opt/ros/galactic/lib:/usr/share/gazebo/../../lib/x86_64-linux-gnu/gazebo-11/plugins PYTHONPATH=/home/dustinhartnett/Documents/GitHub/ENPM702_Group2_Final/final702_ws/install/mage_msgs/lib/python3.8/site-packages:/home/dustinhartnett/Documents/GitHub/ENPM702_Group2_Final/final702_ws/install/final_project/lib/python3.8/site-packages:/opt/ros/galactic/lib/python3.8/site-packages /usr/bin/cmake --build /home/dustinhartnett/Documents/GitHub/ENPM702_Group2_Final/final702_ws/build/final_project -- -j20 -l20
