[0.135s] Invoking command in '/home/dustinhartnett/Documents/GitHub/ENPM702_Group2_Final/final702_ws/build/mage_msgs': CMAKE_PREFIX_PATH=${CMAKE_PREFIX_PATH}:/opt/ros/galactic /usr/bin/cmake /home/dustinhartnett/Documents/GitHub/ENPM702_Group2_Final/final702_ws/src/mage_msgs -DCMAKE_INSTALL_PREFIX=/home/dustinhartnett/Documents/GitHub/ENPM702_Group2_Final/final702_ws/install/mage_msgs
[0.219s] -- The C compiler identification is GNU 9.4.0
[0.267s] -- The CXX compiler identification is GNU 9.4.0
[0.271s] -- Check for working C compiler: /usr/bin/cc
[0.329s] -- Check for working C compiler: /usr/bin/cc -- works
[0.330s] -- Detecting C compiler ABI info
[0.399s] -- Detecting C compiler ABI info - done
[0.409s] -- Detecting C compile features
[0.409s] -- Detecting C compile features - done
[0.411s] -- Check for working CXX compiler: /usr/bin/c++
[0.486s] -- Check for working CXX compiler: /usr/bin/c++ -- works
[0.487s] -- Detecting CXX compiler ABI info
[0.564s] -- Detecting CXX compiler ABI info - done
[0.574s] -- Detecting CXX compile features
[0.575s] -- Detecting CXX compile features - done
[0.578s] -- Found ament_cmake: 1.1.6 (/opt/ros/galactic/share/ament_cmake/cmake)
[0.600s] -- Found PythonInterp: /usr/bin/python3 (found suitable version "3.8.10", minimum required is "3") 
[0.600s] -- Using PYTHON_EXECUTABLE: /usr/bin/python3
[0.670s] -- Found builtin_interfaces: 1.0.3 (/opt/ros/galactic/share/builtin_interfaces/cmake)
[0.694s] -- Using all available rosidl_typesupport_c: rosidl_typesupport_fastrtps_c;rosidl_typesupport_introspection_c
[0.700s] -- Found rosidl_adapter: 2.2.3 (/opt/ros/galactic/share/rosidl_adapter/cmake)
[0.769s] -- Found OpenSSL: /usr/lib/x86_64-linux-gnu/libcrypto.so (found version "1.1.1f")  
[0.797s] -- Found FastRTPS: /opt/ros/galactic/include  
[0.868s] -- Using all available rosidl_typesupport_cpp: rosidl_typesupport_fastrtps_cpp;rosidl_typesupport_introspection_cpp
[0.892s] -- Found std_msgs: 2.2.4 (/opt/ros/galactic/share/std_msgs/cmake)
[0.908s] -- Found geometry_msgs: 2.2.4 (/opt/ros/galactic/share/geometry_msgs/cmake)
[0.949s] -- Found rosidl_default_generators: 1.1.1 (/opt/ros/galactic/share/rosidl_default_generators/cmake)
[0.979s] -- Found PythonInterp: /usr/bin/python3 (found version "3.8.10") 
[1.215s] -- Found ament_cmake_cppcheck: 0.10.7 (/opt/ros/galactic/share/ament_cmake_cppcheck/cmake)
[1.217s] -- Found ament_cmake_cpplint: 0.10.7 (/opt/ros/galactic/share/ament_cmake_cpplint/cmake)
[1.219s] -- Found ament_cmake_uncrustify: 0.10.7 (/opt/ros/galactic/share/ament_cmake_uncrustify/cmake)
[1.221s] -- Found ament_cmake_ros: 0.9.2 (/opt/ros/galactic/share/ament_cmake_ros/cmake)
[1.460s] -- Using all available rosidl_typesupport_c: rosidl_typesupport_fastrtps_c;rosidl_typesupport_introspection_c
[1.567s] -- Using all available rosidl_typesupport_cpp: rosidl_typesupport_fastrtps_cpp;rosidl_typesupport_introspection_cpp
[1.593s] -- Found PythonInterp: /usr/bin/python3 (found suitable version "3.8.10", minimum required is "3.5") 
[1.595s] -- Found python_cmake_module: 0.8.1 (/opt/ros/galactic/share/python_cmake_module/cmake)
[1.623s] -- Found PythonLibs: /usr/lib/x86_64-linux-gnu/libpython3.8.so (found suitable version "3.8.10", minimum required is "3.5") 
[1.623s] -- Using PYTHON_EXECUTABLE: /usr/bin/python3
[1.623s] -- Using PYTHON_INCLUDE_DIRS: /usr/include/python3.8
[1.623s] -- Using PYTHON_LIBRARIES: /usr/lib/x86_64-linux-gnu/libpython3.8.so
[1.643s] -- Found PythonExtra: .so  
[1.724s] -- Found ament_cmake_flake8: 0.10.7 (/opt/ros/galactic/share/ament_cmake_flake8/cmake)
[1.726s] -- Found ament_cmake_pep257: 0.10.7 (/opt/ros/galactic/share/ament_cmake_pep257/cmake)
[1.734s] -- Configuring done
[1.811s] -- Generating done
[1.814s] -- Build files have been written to: /home/dustinhartnett/Documents/GitHub/ENPM702_Group2_Final/final702_ws/build/mage_msgs
[1.829s] Invoked command in '/home/dustinhartnett/Documents/GitHub/ENPM702_Group2_Final/final702_ws/build/mage_msgs' returned '0': CMAKE_PREFIX_PATH=${CMAKE_PREFIX_PATH}:/opt/ros/galactic /usr/bin/cmake /home/dustinhartnett/Documents/GitHub/ENPM702_Group2_Final/final702_ws/src/mage_msgs -DCMAKE_INSTALL_PREFIX=/home/dustinhartnett/Documents/GitHub/ENPM702_Group2_Final/final702_ws/install/mage_msgs
[1.833s] Invoking command in '/home/dustinhartnett/Documents/GitHub/ENPM702_Group2_Final/final702_ws/build/mage_msgs': CMAKE_PREFIX_PATH=${CMAKE_PREFIX_PATH}:/opt/ros/galactic /usr/bin/cmake --build /home/dustinhartnett/Documents/GitHub/ENPM702_Group2_Final/final702_ws/build/mage_msgs -- -j20 -l20
[1.876s] [35m[1mScanning dependencies of target mage_msgs__cpp[0m
[1.876s] [  1%] [34m[1mGenerating C code for ROS interfaces[0m
[1.888s] [  2%] [34m[1mGenerating C++ code for ROS interfaces[0m
[2.596s] [  2%] Built target mage_msgs__cpp
[2.610s] [  3%] [34m[1mGenerating C++ introspection for ROS interfaces[0m
[2.611s] [  4%] [34m[1mGenerating C++ type support for eProsima Fast-RTPS[0m
[2.611s] [  5%] [34m[1mGenerating C++ type support dispatch for ROS interfaces[0m
[2.656s] [35m[1mScanning dependencies of target mage_msgs__rosidl_generator_c[0m
[2.681s] [  9%] [32mBuilding C object CMakeFiles/mage_msgs__rosidl_generator_c.dir/rosidl_generator_c/mage_msgs/msg/detail/marker__functions.c.o[0m
[2.681s] [  9%] [32mBuilding C object CMakeFiles/mage_msgs__rosidl_generator_c.dir/rosidl_generator_c/mage_msgs/msg/detail/part__functions.c.o[0m
[2.681s] [  9%] [32mBuilding C object CMakeFiles/mage_msgs__rosidl_generator_c.dir/rosidl_generator_c/mage_msgs/msg/detail/advanced_logical_camera_image__functions.c.o[0m
[2.689s] [ 10%] [32mBuilding C object CMakeFiles/mage_msgs__rosidl_generator_c.dir/rosidl_generator_c/mage_msgs/action/detail/robot_target__functions.c.o[0m
[2.689s] [ 11%] [32mBuilding C object CMakeFiles/mage_msgs__rosidl_generator_c.dir/rosidl_generator_c/mage_msgs/msg/detail/part_pose__functions.c.o[0m
[2.689s] [ 12%] [32mBuilding C object CMakeFiles/mage_msgs__rosidl_generator_c.dir/rosidl_generator_c/mage_msgs/msg/detail/sensors__functions.c.o[0m
[2.690s] [ 13%] [32mBuilding C object CMakeFiles/mage_msgs__rosidl_generator_c.dir/rosidl_generator_c/mage_msgs/msg/detail/new_coordinates__functions.c.o[0m
[2.690s] [ 14%] [32mBuilding C object CMakeFiles/mage_msgs__rosidl_generator_c.dir/rosidl_generator_c/mage_msgs/msg/detail/marker_array__functions.c.o[0m
[2.822s] [ 16%] [32m[1mLinking C shared library libmage_msgs__rosidl_generator_c.so[0m
[2.875s] [ 16%] Built target mage_msgs__rosidl_generator_c
[2.888s] [ 17%] [34m[1mGenerating C introspection for ROS interfaces[0m
[2.891s] [ 18%] [34m[1mGenerating C type support dispatch for ROS interfaces[0m
[3.193s] [35m[1mScanning dependencies of target mage_msgs__rosidl_typesupport_cpp[0m
[3.241s] [ 19%] [32mBuilding CXX object CMakeFiles/mage_msgs__rosidl_typesupport_cpp.dir/rosidl_typesupport_cpp/mage_msgs/msg/sensors__type_support.cpp.o[0m
[3.242s] [ 20%] [32mBuilding CXX object CMakeFiles/mage_msgs__rosidl_typesupport_cpp.dir/rosidl_typesupport_cpp/mage_msgs/msg/part_pose__type_support.cpp.o[0m
[3.243s] [ 21%] [32mBuilding CXX object CMakeFiles/mage_msgs__rosidl_typesupport_cpp.dir/rosidl_typesupport_cpp/mage_msgs/msg/marker_array__type_support.cpp.o[0m
[3.244s] [ 22%] [32mBuilding CXX object CMakeFiles/mage_msgs__rosidl_typesupport_cpp.dir/rosidl_typesupport_cpp/mage_msgs/msg/marker__type_support.cpp.o[0m
[3.253s] [ 24%] [32mBuilding CXX object CMakeFiles/mage_msgs__rosidl_typesupport_cpp.dir/rosidl_typesupport_cpp/mage_msgs/action/robot_target__type_support.cpp.o[0m
[3.274s] [ 25%] [32mBuilding CXX object CMakeFiles/mage_msgs__rosidl_typesupport_cpp.dir/rosidl_typesupport_cpp/mage_msgs/msg/part__type_support.cpp.o[0m
[3.276s] [ 26%] [32mBuilding CXX object CMakeFiles/mage_msgs__rosidl_typesupport_cpp.dir/rosidl_typesupport_cpp/mage_msgs/msg/advanced_logical_camera_image__type_support.cpp.o[0m
[3.337s] [35m[1mScanning dependencies of target mage_msgs__rosidl_typesupport_introspection_cpp[0m
[3.349s] [ 27%] [32mBuilding CXX object CMakeFiles/mage_msgs__rosidl_typesupport_cpp.dir/rosidl_typesupport_cpp/mage_msgs/msg/new_coordinates__type_support.cpp.o[0m
[3.388s] [ 31%] [32mBuilding CXX object CMakeFiles/mage_msgs__rosidl_typesupport_introspection_cpp.dir/rosidl_typesupport_introspection_cpp/mage_msgs/msg/detail/part__type_support.cpp.o[0m
[3.389s] [ 31%] [32mBuilding CXX object CMakeFiles/mage_msgs__rosidl_typesupport_introspection_cpp.dir/rosidl_typesupport_introspection_cpp/mage_msgs/msg/detail/marker_array__type_support.cpp.o[0m
[3.390s] [ 31%] [32mBuilding CXX object CMakeFiles/mage_msgs__rosidl_typesupport_introspection_cpp.dir/rosidl_typesupport_introspection_cpp/mage_msgs/msg/detail/part_pose__type_support.cpp.o[0m
[3.391s] [ 32%] [32mBuilding CXX object CMakeFiles/mage_msgs__rosidl_typesupport_introspection_cpp.dir/rosidl_typesupport_introspection_cpp/mage_msgs/msg/detail/sensors__type_support.cpp.o[0m
[3.392s] [35m[1mScanning dependencies of target mage_msgs__rosidl_typesupport_fastrtps_cpp[0m
[3.392s] [ 33%] [32mBuilding CXX object CMakeFiles/mage_msgs__rosidl_typesupport_introspection_cpp.dir/rosidl_typesupport_introspection_cpp/mage_msgs/msg/detail/new_coordinates__type_support.cpp.o[0m
[3.394s] [ 34%] [32mBuilding CXX object CMakeFiles/mage_msgs__rosidl_typesupport_introspection_cpp.dir/rosidl_typesupport_introspection_cpp/mage_msgs/msg/detail/advanced_logical_camera_image__type_support.cpp.o[0m
[3.411s] [ 35%] [32mBuilding CXX object CMakeFiles/mage_msgs__rosidl_typesupport_introspection_cpp.dir/rosidl_typesupport_introspection_cpp/mage_msgs/action/detail/robot_target__type_support.cpp.o[0m
[3.437s] [ 36%] [32mBuilding CXX object CMakeFiles/mage_msgs__rosidl_typesupport_introspection_cpp.dir/rosidl_typesupport_introspection_cpp/mage_msgs/msg/detail/marker__type_support.cpp.o[0m
[3.438s] [ 37%] [32mBuilding CXX object CMakeFiles/mage_msgs__rosidl_typesupport_fastrtps_cpp.dir/rosidl_typesupport_fastrtps_cpp/mage_msgs/msg/detail/dds_fastrtps/advanced_logical_camera_image__type_support.cpp.o[0m
[3.545s] [ 39%] [32mBuilding CXX object CMakeFiles/mage_msgs__rosidl_typesupport_fastrtps_cpp.dir/rosidl_typesupport_fastrtps_cpp/mage_msgs/msg/detail/dds_fastrtps/part__type_support.cpp.o[0m
[3.729s] [ 40%] [32mBuilding CXX object CMakeFiles/mage_msgs__rosidl_typesupport_fastrtps_cpp.dir/rosidl_typesupport_fastrtps_cpp/mage_msgs/msg/detail/dds_fastrtps/part_pose__type_support.cpp.o[0m
[3.751s] [ 41%] [32mBuilding CXX object CMakeFiles/mage_msgs__rosidl_typesupport_fastrtps_cpp.dir/rosidl_typesupport_fastrtps_cpp/mage_msgs/msg/detail/dds_fastrtps/sensors__type_support.cpp.o[0m
[3.757s] [35m[1mScanning dependencies of target mage_msgs__rosidl_typesupport_c[0m
[3.768s] [35m[1mScanning dependencies of target mage_msgs__rosidl_typesupport_introspection_c[0m
[3.770s] [ 42%] [32mBuilding CXX object CMakeFiles/mage_msgs__rosidl_typesupport_fastrtps_cpp.dir/rosidl_typesupport_fastrtps_cpp/mage_msgs/msg/detail/dds_fastrtps/marker__type_support.cpp.o[0m
[3.812s] [ 43%] [32mBuilding CXX object CMakeFiles/mage_msgs__rosidl_typesupport_fastrtps_cpp.dir/rosidl_typesupport_fastrtps_cpp/mage_msgs/msg/detail/dds_fastrtps/marker_array__type_support.cpp.o[0m
[3.910s] [ 44%] [32mBuilding C object CMakeFiles/mage_msgs__rosidl_typesupport_introspection_c.dir/rosidl_typesupport_introspection_c/mage_msgs/msg/detail/advanced_logical_camera_image__type_support.c.o[0m
[3.919s] [ 45%] [32mBuilding CXX object CMakeFiles/mage_msgs__rosidl_typesupport_c.dir/rosidl_typesupport_c/mage_msgs/msg/advanced_logical_camera_image__type_support.cpp.o[0m
[3.929s] [ 47%] [32mBuilding C object CMakeFiles/mage_msgs__rosidl_typesupport_introspection_c.dir/rosidl_typesupport_introspection_c/mage_msgs/msg/detail/part__type_support.c.o[0m
[3.986s] [ 48%] [32mBuilding CXX object CMakeFiles/mage_msgs__rosidl_typesupport_c.dir/rosidl_typesupport_c/mage_msgs/msg/part__type_support.cpp.o[0m
[3.986s] [ 49%] [32mBuilding CXX object CMakeFiles/mage_msgs__rosidl_typesupport_c.dir/rosidl_typesupport_c/mage_msgs/msg/part_pose__type_support.cpp.o[0m
[4.004s] [ 50%] [32mBuilding C object CMakeFiles/mage_msgs__rosidl_typesupport_introspection_c.dir/rosidl_typesupport_introspection_c/mage_msgs/msg/detail/part_pose__type_support.c.o[0m
[4.013s] [ 51%] [32mBuilding CXX object CMakeFiles/mage_msgs__rosidl_typesupport_c.dir/rosidl_typesupport_c/mage_msgs/msg/sensors__type_support.cpp.o[0m
[4.038s] [ 54%] [32mBuilding CXX object CMakeFiles/mage_msgs__rosidl_typesupport_c.dir/rosidl_typesupport_c/mage_msgs/msg/marker__type_support.cpp.o[0m
[4.038s] [ 54%] [32mBuilding CXX object CMakeFiles/mage_msgs__rosidl_typesupport_c.dir/rosidl_typesupport_c/mage_msgs/msg/marker_array__type_support.cpp.o[0m
[4.059s] [ 55%] [32mBuilding C object CMakeFiles/mage_msgs__rosidl_typesupport_introspection_c.dir/rosidl_typesupport_introspection_c/mage_msgs/msg/detail/marker__type_support.c.o[0m
[4.066s] [ 56%] [32mBuilding CXX object CMakeFiles/mage_msgs__rosidl_typesupport_c.dir/rosidl_typesupport_c/mage_msgs/msg/new_coordinates__type_support.cpp.o[0m
[4.102s] [ 57%] [32mBuilding CXX object CMakeFiles/mage_msgs__rosidl_typesupport_c.dir/rosidl_typesupport_c/mage_msgs/action/robot_target__type_support.cpp.o[0m
[4.108s] [ 58%] [32mBuilding CXX object CMakeFiles/mage_msgs__rosidl_typesupport_fastrtps_cpp.dir/rosidl_typesupport_fastrtps_cpp/mage_msgs/msg/detail/dds_fastrtps/new_coordinates__type_support.cpp.o[0m
[4.111s] [ 59%] [32mBuilding C object CMakeFiles/mage_msgs__rosidl_typesupport_introspection_c.dir/rosidl_typesupport_introspection_c/mage_msgs/msg/detail/sensors__type_support.c.o[0m
[4.151s] [ 60%] [32mBuilding CXX object CMakeFiles/mage_msgs__rosidl_typesupport_fastrtps_cpp.dir/rosidl_typesupport_fastrtps_cpp/mage_msgs/action/detail/dds_fastrtps/robot_target__type_support.cpp.o[0m
[4.191s] [ 62%] [32mBuilding C object CMakeFiles/mage_msgs__rosidl_typesupport_introspection_c.dir/rosidl_typesupport_introspection_c/mage_msgs/msg/detail/new_coordinates__type_support.c.o[0m
[4.191s] [ 63%] [32mBuilding C object CMakeFiles/mage_msgs__rosidl_typesupport_introspection_c.dir/rosidl_typesupport_introspection_c/mage_msgs/msg/detail/marker_array__type_support.c.o[0m
[4.282s] [ 65%] [32m[1mLinking CXX shared library libmage_msgs__rosidl_typesupport_c.so[0m
[4.293s] [ 65%] [32mBuilding C object CMakeFiles/mage_msgs__rosidl_typesupport_introspection_c.dir/rosidl_typesupport_introspection_c/mage_msgs/action/detail/robot_target__type_support.c.o[0m
[4.413s] [ 66%] [32m[1mLinking C shared library libmage_msgs__rosidl_typesupport_introspection_c.so[0m
[4.454s] [ 66%] Built target mage_msgs__rosidl_typesupport_introspection_c
[4.469s] [ 66%] Built target mage_msgs__rosidl_typesupport_c
[4.706s] [ 67%] [32m[1mLinking CXX shared library libmage_msgs__rosidl_typesupport_cpp.so[0m
[4.760s] [ 68%] [32m[1mLinking CXX shared library libmage_msgs__rosidl_typesupport_introspection_cpp.so[0m
[4.777s] [ 68%] Built target mage_msgs__rosidl_typesupport_cpp
[4.837s] [ 70%] [32m[1mLinking CXX shared library libmage_msgs__rosidl_typesupport_fastrtps_cpp.so[0m
[4.856s] [ 70%] Built target mage_msgs__rosidl_typesupport_introspection_cpp
[4.946s] [ 70%] Built target mage_msgs__rosidl_typesupport_fastrtps_cpp
[4.960s] [ 71%] [34m[1mGenerating C type support for eProsima Fast-RTPS[0m
[5.629s] [35m[1mScanning dependencies of target mage_msgs__rosidl_typesupport_fastrtps_c[0m
[5.674s] [ 74%] [32mBuilding CXX object CMakeFiles/mage_msgs__rosidl_typesupport_fastrtps_c.dir/rosidl_typesupport_fastrtps_c/mage_msgs/msg/detail/part__type_support_c.cpp.o[0m
[5.674s] [ 74%] [32mBuilding CXX object CMakeFiles/mage_msgs__rosidl_typesupport_fastrtps_c.dir/rosidl_typesupport_fastrtps_c/mage_msgs/msg/detail/advanced_logical_camera_image__type_support_c.cpp.o[0m
[5.675s] [ 74%] [32mBuilding CXX object CMakeFiles/mage_msgs__rosidl_typesupport_fastrtps_c.dir/rosidl_typesupport_fastrtps_c/mage_msgs/msg/detail/part_pose__type_support_c.cpp.o[0m
[5.676s] [ 75%] [32mBuilding CXX object CMakeFiles/mage_msgs__rosidl_typesupport_fastrtps_c.dir/rosidl_typesupport_fastrtps_c/mage_msgs/msg/detail/sensors__type_support_c.cpp.o[0m
[5.683s] [ 78%] [32mBuilding CXX object CMakeFiles/mage_msgs__rosidl_typesupport_fastrtps_c.dir/rosidl_typesupport_fastrtps_c/mage_msgs/msg/detail/marker__type_support_c.cpp.o[0m
[5.684s] [ 78%] [32mBuilding CXX object CMakeFiles/mage_msgs__rosidl_typesupport_fastrtps_c.dir/rosidl_typesupport_fastrtps_c/mage_msgs/msg/detail/marker_array__type_support_c.cpp.o[0m
[5.685s] [ 79%] [32mBuilding CXX object CMakeFiles/mage_msgs__rosidl_typesupport_fastrtps_c.dir/rosidl_typesupport_fastrtps_c/mage_msgs/msg/detail/new_coordinates__type_support_c.cpp.o[0m
[5.696s] [ 80%] [32mBuilding CXX object CMakeFiles/mage_msgs__rosidl_typesupport_fastrtps_c.dir/rosidl_typesupport_fastrtps_c/mage_msgs/action/detail/robot_target__type_support_c.cpp.o[0m
[6.326s] [ 81%] [32m[1mLinking CXX shared library libmage_msgs__rosidl_typesupport_fastrtps_c.so[0m
[6.433s] [ 81%] Built target mage_msgs__rosidl_typesupport_fastrtps_c
[6.445s] [35m[1mScanning dependencies of target mage_msgs[0m
[6.456s] [ 81%] Built target mage_msgs
[6.468s] [35m[1mScanning dependencies of target mage_msgs__py[0m
[6.481s] [ 82%] [34m[1mGenerating Python code for ROS interfaces[0m
[8.015s] [ 82%] Built target mage_msgs__py
[8.026s] [35m[1mScanning dependencies of target mage_msgs__python[0m
[8.070s] [ 86%] [32mBuilding C object CMakeFiles/mage_msgs__python.dir/rosidl_generator_py/mage_msgs/msg/_advanced_logical_camera_image_s.c.o[0m
[8.071s] [ 86%] [32mBuilding C object CMakeFiles/mage_msgs__python.dir/rosidl_generator_py/mage_msgs/msg/_part_pose_s.c.o[0m
[8.072s] [ 87%] [32mBuilding C object CMakeFiles/mage_msgs__python.dir/rosidl_generator_py/mage_msgs/msg/_sensors_s.c.o[0m
[8.072s] [ 87%] [32mBuilding C object CMakeFiles/mage_msgs__python.dir/rosidl_generator_py/mage_msgs/msg/_part_s.c.o[0m
[8.072s] [ 88%] [32mBuilding C object CMakeFiles/mage_msgs__python.dir/rosidl_generator_py/mage_msgs/msg/_marker_s.c.o[0m
[8.079s] [ 89%] [32mBuilding C object CMakeFiles/mage_msgs__python.dir/rosidl_generator_py/mage_msgs/action/_robot_target_s.c.o[0m
[8.080s] [ 90%] [32mBuilding C object CMakeFiles/mage_msgs__python.dir/rosidl_generator_py/mage_msgs/msg/_marker_array_s.c.o[0m
[8.120s] [ 91%] [32mBuilding C object CMakeFiles/mage_msgs__python.dir/rosidl_generator_py/mage_msgs/msg/_new_coordinates_s.c.o[0m
[8.335s] [ 93%] [32m[1mLinking C shared library rosidl_generator_py/mage_msgs/libmage_msgs__python.so[0m
[8.394s] [ 93%] Built target mage_msgs__python
[8.406s] [35m[1mScanning dependencies of target mage_msgs__rosidl_typesupport_c__pyext[0m
[8.407s] [35m[1mScanning dependencies of target mage_msgs__rosidl_typesupport_introspection_c__pyext[0m
[8.407s] [35m[1mScanning dependencies of target mage_msgs__rosidl_typesupport_fastrtps_c__pyext[0m
[8.427s] [ 94%] [32mBuilding C object CMakeFiles/mage_msgs__rosidl_typesupport_c__pyext.dir/rosidl_generator_py/mage_msgs/_mage_msgs_s.ep.rosidl_typesupport_c.c.o[0m
[8.427s] [ 95%] [32mBuilding C object CMakeFiles/mage_msgs__rosidl_typesupport_introspection_c__pyext.dir/rosidl_generator_py/mage_msgs/_mage_msgs_s.ep.rosidl_typesupport_introspection_c.c.o[0m
[8.431s] [ 96%] [32mBuilding C object CMakeFiles/mage_msgs__rosidl_typesupport_fastrtps_c__pyext.dir/rosidl_generator_py/mage_msgs/_mage_msgs_s.ep.rosidl_typesupport_fastrtps_c.c.o[0m
[8.557s] [ 97%] [32m[1mLinking C shared library rosidl_generator_py/mage_msgs/mage_msgs_s__rosidl_typesupport_introspection_c.cpython-38-x86_64-linux-gnu.so[0m
[8.559s] [ 98%] [32m[1mLinking C shared library rosidl_generator_py/mage_msgs/mage_msgs_s__rosidl_typesupport_c.cpython-38-x86_64-linux-gnu.so[0m
[8.560s] [100%] [32m[1mLinking CXX shared library rosidl_generator_py/mage_msgs/mage_msgs_s__rosidl_typesupport_fastrtps_c.cpython-38-x86_64-linux-gnu.so[0m
[8.611s] [100%] Built target mage_msgs__rosidl_typesupport_c__pyext
[8.613s] [100%] Built target mage_msgs__rosidl_typesupport_introspection_c__pyext
[8.644s] [100%] Built target mage_msgs__rosidl_typesupport_fastrtps_c__pyext
[8.662s] Invoked command in '/home/dustinhartnett/Documents/GitHub/ENPM702_Group2_Final/final702_ws/build/mage_msgs' returned '0': CMAKE_PREFIX_PATH=${CMAKE_PREFIX_PATH}:/opt/ros/galactic /usr/bin/cmake --build /home/dustinhartnett/Documents/GitHub/ENPM702_Group2_Final/final702_ws/build/mage_msgs -- -j20 -l20
[8.876s] Invoking command in '/home/dustinhartnett/Documents/GitHub/ENPM702_Group2_Final/final702_ws/build/mage_msgs': CMAKE_PREFIX_PATH=${CMAKE_PREFIX_PATH}:/opt/ros/galactic /usr/bin/cmake --install /home/dustinhartnett/Documents/GitHub/ENPM702_Group2_Final/final702_ws/build/mage_msgs
[8.886s] -- Install configuration: ""
[8.886s] -- Installing: /home/dustinhartnett/Documents/GitHub/ENPM702_Group2_Final/final702_ws/install/mage_msgs/share/ament_index/resource_index/rosidl_interfaces/mage_msgs
[8.886s] -- Installing: /home/dustinhartnett/Documents/GitHub/ENPM702_Group2_Final/final702_ws/install/mage_msgs/include/mage_msgs
[8.887s] -- Installing: /home/dustinhartnett/Documents/GitHub/ENPM702_Group2_Final/final702_ws/install/mage_msgs/include/mage_msgs/msg
[8.887s] -- Installing: /home/dustinhartnett/Documents/GitHub/ENPM702_Group2_Final/final702_ws/install/mage_msgs/include/mage_msgs/msg/part_pose.h
[8.888s] -- Installing: /home/dustinhartnett/Documents/GitHub/ENPM702_Group2_Final/final702_ws/install/mage_msgs/include/mage_msgs/msg/marker_array.h
[8.888s] -- Installing: /home/dustinhartnett/Documents/GitHub/ENPM702_Group2_Final/final702_ws/install/mage_msgs/include/mage_msgs/msg/part.h
[8.888s] -- Installing: /home/dustinhartnett/Documents/GitHub/ENPM702_Group2_Final/final702_ws/install/mage_msgs/include/mage_msgs/msg/rosidl_generator_c__visibility_control.h
[8.888s] -- Installing: /home/dustinhartnett/Documents/GitHub/ENPM702_Group2_Final/final702_ws/install/mage_msgs/include/mage_msgs/msg/sensors.h
[8.888s] -- Installing: /home/dustinhartnett/Documents/GitHub/ENPM702_Group2_Final/final702_ws/install/mage_msgs/include/mage_msgs/msg/detail
[8.888s] -- Installing: /home/dustinhartnett/Documents/GitHub/ENPM702_Group2_Final/final702_ws/install/mage_msgs/include/mage_msgs/msg/detail/sensors__type_support.h
[8.888s] -- Installing: /home/dustinhartnett/Documents/GitHub/ENPM702_Group2_Final/final702_ws/install/mage_msgs/include/mage_msgs/msg/detail/marker__struct.h
[8.888s] -- Installing: /home/dustinhartnett/Documents/GitHub/ENPM702_Group2_Final/final702_ws/install/mage_msgs/include/mage_msgs/msg/detail/marker__functions.c
[8.888s] -- Installing: /home/dustinhartnett/Documents/GitHub/ENPM702_Group2_Final/final702_ws/install/mage_msgs/include/mage_msgs/msg/detail/marker__type_support.h
[8.888s] -- Installing: /home/dustinhartnett/Documents/GitHub/ENPM702_Group2_Final/final702_ws/install/mage_msgs/include/mage_msgs/msg/detail/sensors__functions.h
[8.888s] -- Installing: /home/dustinhartnett/Documents/GitHub/ENPM702_Group2_Final/final702_ws/install/mage_msgs/include/mage_msgs/msg/detail/marker__functions.h
[8.888s] -- Installing: /home/dustinhartnett/Documents/GitHub/ENPM702_Group2_Final/final702_ws/install/mage_msgs/include/mage_msgs/msg/detail/new_coordinates__struct.h
[8.889s] -- Installing: /home/dustinhartnett/Documents/GitHub/ENPM702_Group2_Final/final702_ws/install/mage_msgs/include/mage_msgs/msg/detail/marker_array__functions.h
[8.889s] -- Installing: /home/dustinhartnett/Documents/GitHub/ENPM702_Group2_Final/final702_ws/install/mage_msgs/include/mage_msgs/msg/detail/sensors__functions.c
[8.889s] -- Installing: /home/dustinhartnett/Documents/GitHub/ENPM702_Group2_Final/final702_ws/install/mage_msgs/include/mage_msgs/msg/detail/part__type_support.h
[8.889s] -- Installing: /home/dustinhartnett/Documents/GitHub/ENPM702_Group2_Final/final702_ws/install/mage_msgs/include/mage_msgs/msg/detail/advanced_logical_camera_image__functions.c
[8.889s] -- Installing: /home/dustinhartnett/Documents/GitHub/ENPM702_Group2_Final/final702_ws/install/mage_msgs/include/mage_msgs/msg/detail/advanced_logical_camera_image__functions.h
[8.889s] -- Installing: /home/dustinhartnett/Documents/GitHub/ENPM702_Group2_Final/final702_ws/install/mage_msgs/include/mage_msgs/msg/detail/advanced_logical_camera_image__struct.h
[8.889s] -- Installing: /home/dustinhartnett/Documents/GitHub/ENPM702_Group2_Final/final702_ws/install/mage_msgs/include/mage_msgs/msg/detail/part_pose__functions.h
[8.889s] -- Installing: /home/dustinhartnett/Documents/GitHub/ENPM702_Group2_Final/final702_ws/install/mage_msgs/include/mage_msgs/msg/detail/part_pose__type_support.h
[8.890s] -- Installing: /home/dustinhartnett/Documents/GitHub/ENPM702_Group2_Final/final702_ws/install/mage_msgs/include/mage_msgs/msg/detail/part_pose__functions.c
[8.891s] -- Installing: /home/dustinhartnett/Documents/GitHub/ENPM702_Group2_Final/final702_ws/install/mage_msgs/include/mage_msgs/msg/detail/part__struct.h
[8.891s] -- Installing: /home/dustinhartnett/Documents/GitHub/ENPM702_Group2_Final/final702_ws/install/mage_msgs/include/mage_msgs/msg/detail/advanced_logical_camera_image__type_support.h
[8.891s] -- Installing: /home/dustinhartnett/Documents/GitHub/ENPM702_Group2_Final/final702_ws/install/mage_msgs/include/mage_msgs/msg/detail/part_pose__struct.h
[8.891s] -- Installing: /home/dustinhartnett/Documents/GitHub/ENPM702_Group2_Final/final702_ws/install/mage_msgs/include/mage_msgs/msg/detail/new_coordinates__functions.c
[8.891s] -- Installing: /home/dustinhartnett/Documents/GitHub/ENPM702_Group2_Final/final702_ws/install/mage_msgs/include/mage_msgs/msg/detail/sensors__struct.h
[8.891s] -- Installing: /home/dustinhartnett/Documents/GitHub/ENPM702_Group2_Final/final702_ws/install/mage_msgs/include/mage_msgs/msg/detail/part__functions.c
[8.891s] -- Installing: /home/dustinhartnett/Documents/GitHub/ENPM702_Group2_Final/final702_ws/install/mage_msgs/include/mage_msgs/msg/detail/new_coordinates__functions.h
[8.891s] -- Installing: /home/dustinhartnett/Documents/GitHub/ENPM702_Group2_Final/final702_ws/install/mage_msgs/include/mage_msgs/msg/detail/marker_array__type_support.h
[8.892s] -- Installing: /home/dustinhartnett/Documents/GitHub/ENPM702_Group2_Final/final702_ws/install/mage_msgs/include/mage_msgs/msg/detail/marker_array__functions.c
[8.892s] -- Installing: /home/dustinhartnett/Documents/GitHub/ENPM702_Group2_Final/final702_ws/install/mage_msgs/include/mage_msgs/msg/detail/marker_array__struct.h
[8.892s] -- Installing: /home/dustinhartnett/Documents/GitHub/ENPM702_Group2_Final/final702_ws/install/mage_msgs/include/mage_msgs/msg/detail/new_coordinates__type_support.h
[8.892s] -- Installing: /home/dustinhartnett/Documents/GitHub/ENPM702_Group2_Final/final702_ws/install/mage_msgs/include/mage_msgs/msg/detail/part__functions.h
[8.892s] -- Installing: /home/dustinhartnett/Documents/GitHub/ENPM702_Group2_Final/final702_ws/install/mage_msgs/include/mage_msgs/msg/advanced_logical_camera_image.h
[8.892s] -- Installing: /home/dustinhartnett/Documents/GitHub/ENPM702_Group2_Final/final702_ws/install/mage_msgs/include/mage_msgs/msg/marker.h
[8.892s] -- Installing: /home/dustinhartnett/Documents/GitHub/ENPM702_Group2_Final/final702_ws/install/mage_msgs/include/mage_msgs/msg/new_coordinates.h
[8.892s] -- Installing: /home/dustinhartnett/Documents/GitHub/ENPM702_Group2_Final/final702_ws/install/mage_msgs/include/mage_msgs/action
[8.892s] -- Installing: /home/dustinhartnett/Documents/GitHub/ENPM702_Group2_Final/final702_ws/install/mage_msgs/include/mage_msgs/action/detail
[8.892s] -- Installing: /home/dustinhartnett/Documents/GitHub/ENPM702_Group2_Final/final702_ws/install/mage_msgs/include/mage_msgs/action/detail/robot_target__functions.h
[8.892s] -- Installing: /home/dustinhartnett/Documents/GitHub/ENPM702_Group2_Final/final702_ws/install/mage_msgs/include/mage_msgs/action/detail/robot_target__struct.h
[8.892s] -- Installing: /home/dustinhartnett/Documents/GitHub/ENPM702_Group2_Final/final702_ws/install/mage_msgs/include/mage_msgs/action/detail/robot_target__functions.c
[8.892s] -- Installing: /home/dustinhartnett/Documents/GitHub/ENPM702_Group2_Final/final702_ws/install/mage_msgs/include/mage_msgs/action/detail/robot_target__type_support.h
[8.892s] -- Installing: /home/dustinhartnett/Documents/GitHub/ENPM702_Group2_Final/final702_ws/install/mage_msgs/include/mage_msgs/action/robot_target.h
[8.892s] -- Installing: /home/dustinhartnett/Documents/GitHub/ENPM702_Group2_Final/final702_ws/install/mage_msgs/share/mage_msgs/environment/library_path.sh
[8.892s] -- Installing: /home/dustinhartnett/Documents/GitHub/ENPM702_Group2_Final/final702_ws/install/mage_msgs/share/mage_msgs/environment/library_path.dsv
[8.893s] -- Installing: /home/dustinhartnett/Documents/GitHub/ENPM702_Group2_Final/final702_ws/install/mage_msgs/lib/libmage_msgs__rosidl_generator_c.so
[8.893s] -- Set runtime path of "/home/dustinhartnett/Documents/GitHub/ENPM702_Group2_Final/final702_ws/install/mage_msgs/lib/libmage_msgs__rosidl_generator_c.so" to ""
[8.893s] -- Up-to-date: /home/dustinhartnett/Documents/GitHub/ENPM702_Group2_Final/final702_ws/install/mage_msgs/include/mage_msgs
[8.893s] -- Up-to-date: /home/dustinhartnett/Documents/GitHub/ENPM702_Group2_Final/final702_ws/install/mage_msgs/include/mage_msgs/msg
[8.893s] -- Installing: /home/dustinhartnett/Documents/GitHub/ENPM702_Group2_Final/final702_ws/install/mage_msgs/include/mage_msgs/msg/rosidl_typesupport_fastrtps_c__visibility_control.h
[8.893s] -- Up-to-date: /home/dustinhartnett/Documents/GitHub/ENPM702_Group2_Final/final702_ws/install/mage_msgs/include/mage_msgs/msg/detail
[8.893s] -- Installing: /home/dustinhartnett/Documents/GitHub/ENPM702_Group2_Final/final702_ws/install/mage_msgs/include/mage_msgs/msg/detail/marker__rosidl_typesupport_fastrtps_c.h
[8.893s] -- Installing: /home/dustinhartnett/Documents/GitHub/ENPM702_Group2_Final/final702_ws/install/mage_msgs/include/mage_msgs/msg/detail/new_coordinates__rosidl_typesupport_fastrtps_c.h
[8.893s] -- Installing: /home/dustinhartnett/Documents/GitHub/ENPM702_Group2_Final/final702_ws/install/mage_msgs/include/mage_msgs/msg/detail/sensors__rosidl_typesupport_fastrtps_c.h
[8.893s] -- Installing: /home/dustinhartnett/Documents/GitHub/ENPM702_Group2_Final/final702_ws/install/mage_msgs/include/mage_msgs/msg/detail/advanced_logical_camera_image__rosidl_typesupport_fastrtps_c.h
[8.893s] -- Installing: /home/dustinhartnett/Documents/GitHub/ENPM702_Group2_Final/final702_ws/install/mage_msgs/include/mage_msgs/msg/detail/part__rosidl_typesupport_fastrtps_c.h
[8.893s] -- Installing: /home/dustinhartnett/Documents/GitHub/ENPM702_Group2_Final/final702_ws/install/mage_msgs/include/mage_msgs/msg/detail/marker_array__rosidl_typesupport_fastrtps_c.h
[8.893s] -- Installing: /home/dustinhartnett/Documents/GitHub/ENPM702_Group2_Final/final702_ws/install/mage_msgs/include/mage_msgs/msg/detail/part_pose__rosidl_typesupport_fastrtps_c.h
[8.893s] -- Up-to-date: /home/dustinhartnett/Documents/GitHub/ENPM702_Group2_Final/final702_ws/install/mage_msgs/include/mage_msgs/action
[8.893s] -- Up-to-date: /home/dustinhartnett/Documents/GitHub/ENPM702_Group2_Final/final702_ws/install/mage_msgs/include/mage_msgs/action/detail
[8.894s] -- Installing: /home/dustinhartnett/Documents/GitHub/ENPM702_Group2_Final/final702_ws/install/mage_msgs/include/mage_msgs/action/detail/robot_target__rosidl_typesupport_fastrtps_c.h
[8.894s] -- Installing: /home/dustinhartnett/Documents/GitHub/ENPM702_Group2_Final/final702_ws/install/mage_msgs/lib/libmage_msgs__rosidl_typesupport_fastrtps_c.so
[8.894s] -- Set runtime path of "/home/dustinhartnett/Documents/GitHub/ENPM702_Group2_Final/final702_ws/install/mage_msgs/lib/libmage_msgs__rosidl_typesupport_fastrtps_c.so" to ""
[8.894s] -- Up-to-date: /home/dustinhartnett/Documents/GitHub/ENPM702_Group2_Final/final702_ws/install/mage_msgs/include/mage_msgs
[8.894s] -- Up-to-date: /home/dustinhartnett/Documents/GitHub/ENPM702_Group2_Final/final702_ws/install/mage_msgs/include/mage_msgs/msg
[8.895s] -- Up-to-date: /home/dustinhartnett/Documents/GitHub/ENPM702_Group2_Final/final702_ws/install/mage_msgs/include/mage_msgs/msg/detail
[8.895s] -- Installing: /home/dustinhartnett/Documents/GitHub/ENPM702_Group2_Final/final702_ws/install/mage_msgs/include/mage_msgs/msg/detail/part_pose__rosidl_typesupport_fastrtps_cpp.hpp
[8.895s] -- Installing: /home/dustinhartnett/Documents/GitHub/ENPM702_Group2_Final/final702_ws/install/mage_msgs/include/mage_msgs/msg/detail/marker__rosidl_typesupport_fastrtps_cpp.hpp
[8.895s] -- Installing: /home/dustinhartnett/Documents/GitHub/ENPM702_Group2_Final/final702_ws/install/mage_msgs/include/mage_msgs/msg/detail/sensors__rosidl_typesupport_fastrtps_cpp.hpp
[8.895s] -- Installing: /home/dustinhartnett/Documents/GitHub/ENPM702_Group2_Final/final702_ws/install/mage_msgs/include/mage_msgs/msg/detail/advanced_logical_camera_image__rosidl_typesupport_fastrtps_cpp.hpp
[8.896s] -- Installing: /home/dustinhartnett/Documents/GitHub/ENPM702_Group2_Final/final702_ws/install/mage_msgs/include/mage_msgs/msg/detail/part__rosidl_typesupport_fastrtps_cpp.hpp
[8.896s] -- Installing: /home/dustinhartnett/Documents/GitHub/ENPM702_Group2_Final/final702_ws/install/mage_msgs/include/mage_msgs/msg/detail/marker_array__rosidl_typesupport_fastrtps_cpp.hpp
[8.896s] -- Installing: /home/dustinhartnett/Documents/GitHub/ENPM702_Group2_Final/final702_ws/install/mage_msgs/include/mage_msgs/msg/detail/dds_fastrtps
[8.896s] -- Installing: /home/dustinhartnett/Documents/GitHub/ENPM702_Group2_Final/final702_ws/install/mage_msgs/include/mage_msgs/msg/detail/new_coordinates__rosidl_typesupport_fastrtps_cpp.hpp
[8.896s] -- Installing: /home/dustinhartnett/Documents/GitHub/ENPM702_Group2_Final/final702_ws/install/mage_msgs/include/mage_msgs/msg/rosidl_typesupport_fastrtps_cpp__visibility_control.h
[8.896s] -- Up-to-date: /home/dustinhartnett/Documents/GitHub/ENPM702_Group2_Final/final702_ws/install/mage_msgs/include/mage_msgs/action
[8.896s] -- Up-to-date: /home/dustinhartnett/Documents/GitHub/ENPM702_Group2_Final/final702_ws/install/mage_msgs/include/mage_msgs/action/detail
[8.896s] -- Installing: /home/dustinhartnett/Documents/GitHub/ENPM702_Group2_Final/final702_ws/install/mage_msgs/include/mage_msgs/action/detail/robot_target__rosidl_typesupport_fastrtps_cpp.hpp
[8.897s] -- Installing: /home/dustinhartnett/Documents/GitHub/ENPM702_Group2_Final/final702_ws/install/mage_msgs/include/mage_msgs/action/detail/dds_fastrtps
[8.897s] -- Installing: /home/dustinhartnett/Documents/GitHub/ENPM702_Group2_Final/final702_ws/install/mage_msgs/lib/libmage_msgs__rosidl_typesupport_fastrtps_cpp.so
[8.897s] -- Set runtime path of "/home/dustinhartnett/Documents/GitHub/ENPM702_Group2_Final/final702_ws/install/mage_msgs/lib/libmage_msgs__rosidl_typesupport_fastrtps_cpp.so" to ""
[8.897s] -- Up-to-date: /home/dustinhartnett/Documents/GitHub/ENPM702_Group2_Final/final702_ws/install/mage_msgs/include/mage_msgs
[8.897s] -- Up-to-date: /home/dustinhartnett/Documents/GitHub/ENPM702_Group2_Final/final702_ws/install/mage_msgs/include/mage_msgs/msg
[8.897s] -- Installing: /home/dustinhartnett/Documents/GitHub/ENPM702_Group2_Final/final702_ws/install/mage_msgs/include/mage_msgs/msg/rosidl_typesupport_introspection_c__visibility_control.h
[8.897s] -- Up-to-date: /home/dustinhartnett/Documents/GitHub/ENPM702_Group2_Final/final702_ws/install/mage_msgs/include/mage_msgs/msg/detail
[8.898s] -- Installing: /home/dustinhartnett/Documents/GitHub/ENPM702_Group2_Final/final702_ws/install/mage_msgs/include/mage_msgs/msg/detail/marker__rosidl_typesupport_introspection_c.h
[8.898s] -- Installing: /home/dustinhartnett/Documents/GitHub/ENPM702_Group2_Final/final702_ws/install/mage_msgs/include/mage_msgs/msg/detail/part__rosidl_typesupport_introspection_c.h
[8.898s] -- Installing: /home/dustinhartnett/Documents/GitHub/ENPM702_Group2_Final/final702_ws/install/mage_msgs/include/mage_msgs/msg/detail/marker__type_support.c
[8.898s] -- Installing: /home/dustinhartnett/Documents/GitHub/ENPM702_Group2_Final/final702_ws/install/mage_msgs/include/mage_msgs/msg/detail/part_pose__type_support.c
[8.898s] -- Installing: /home/dustinhartnett/Documents/GitHub/ENPM702_Group2_Final/final702_ws/install/mage_msgs/include/mage_msgs/msg/detail/part_pose__rosidl_typesupport_introspection_c.h
[8.898s] -- Installing: /home/dustinhartnett/Documents/GitHub/ENPM702_Group2_Final/final702_ws/install/mage_msgs/include/mage_msgs/msg/detail/advanced_logical_camera_image__rosidl_typesupport_introspection_c.h
[8.898s] -- Installing: /home/dustinhartnett/Documents/GitHub/ENPM702_Group2_Final/final702_ws/install/mage_msgs/include/mage_msgs/msg/detail/advanced_logical_camera_image__type_support.c
[8.898s] -- Installing: /home/dustinhartnett/Documents/GitHub/ENPM702_Group2_Final/final702_ws/install/mage_msgs/include/mage_msgs/msg/detail/marker_array__rosidl_typesupport_introspection_c.h
[8.898s] -- Installing: /home/dustinhartnett/Documents/GitHub/ENPM702_Group2_Final/final702_ws/install/mage_msgs/include/mage_msgs/msg/detail/new_coordinates__type_support.c
[8.898s] -- Installing: /home/dustinhartnett/Documents/GitHub/ENPM702_Group2_Final/final702_ws/install/mage_msgs/include/mage_msgs/msg/detail/sensors__type_support.c
[8.899s] -- Installing: /home/dustinhartnett/Documents/GitHub/ENPM702_Group2_Final/final702_ws/install/mage_msgs/include/mage_msgs/msg/detail/sensors__rosidl_typesupport_introspection_c.h
[8.899s] -- Installing: /home/dustinhartnett/Documents/GitHub/ENPM702_Group2_Final/final702_ws/install/mage_msgs/include/mage_msgs/msg/detail/part__type_support.c
[8.899s] -- Installing: /home/dustinhartnett/Documents/GitHub/ENPM702_Group2_Final/final702_ws/install/mage_msgs/include/mage_msgs/msg/detail/new_coordinates__rosidl_typesupport_introspection_c.h
[8.899s] -- Installing: /home/dustinhartnett/Documents/GitHub/ENPM702_Group2_Final/final702_ws/install/mage_msgs/include/mage_msgs/msg/detail/marker_array__type_support.c
[8.899s] -- Up-to-date: /home/dustinhartnett/Documents/GitHub/ENPM702_Group2_Final/final702_ws/install/mage_msgs/include/mage_msgs/action
[8.899s] -- Up-to-date: /home/dustinhartnett/Documents/GitHub/ENPM702_Group2_Final/final702_ws/install/mage_msgs/include/mage_msgs/action/detail
[8.899s] -- Installing: /home/dustinhartnett/Documents/GitHub/ENPM702_Group2_Final/final702_ws/install/mage_msgs/include/mage_msgs/action/detail/robot_target__type_support.c
[8.899s] -- Installing: /home/dustinhartnett/Documents/GitHub/ENPM702_Group2_Final/final702_ws/install/mage_msgs/include/mage_msgs/action/detail/robot_target__rosidl_typesupport_introspection_c.h
[8.899s] -- Installing: /home/dustinhartnett/Documents/GitHub/ENPM702_Group2_Final/final702_ws/install/mage_msgs/lib/libmage_msgs__rosidl_typesupport_introspection_c.so
[8.899s] -- Set runtime path of "/home/dustinhartnett/Documents/GitHub/ENPM702_Group2_Final/final702_ws/install/mage_msgs/lib/libmage_msgs__rosidl_typesupport_introspection_c.so" to ""
[8.899s] -- Installing: /home/dustinhartnett/Documents/GitHub/ENPM702_Group2_Final/final702_ws/install/mage_msgs/lib/libmage_msgs__rosidl_typesupport_c.so
[8.899s] -- Set runtime path of "/home/dustinhartnett/Documents/GitHub/ENPM702_Group2_Final/final702_ws/install/mage_msgs/lib/libmage_msgs__rosidl_typesupport_c.so" to ""
[8.900s] -- Up-to-date: /home/dustinhartnett/Documents/GitHub/ENPM702_Group2_Final/final702_ws/install/mage_msgs/include/mage_msgs
[8.900s] -- Up-to-date: /home/dustinhartnett/Documents/GitHub/ENPM702_Group2_Final/final702_ws/install/mage_msgs/include/mage_msgs/msg
[8.900s] -- Installing: /home/dustinhartnett/Documents/GitHub/ENPM702_Group2_Final/final702_ws/install/mage_msgs/include/mage_msgs/msg/marker_array.hpp
[8.900s] -- Installing: /home/dustinhartnett/Documents/GitHub/ENPM702_Group2_Final/final702_ws/install/mage_msgs/include/mage_msgs/msg/marker.hpp
[8.900s] -- Installing: /home/dustinhartnett/Documents/GitHub/ENPM702_Group2_Final/final702_ws/install/mage_msgs/include/mage_msgs/msg/new_coordinates.hpp
[8.900s] -- Installing: /home/dustinhartnett/Documents/GitHub/ENPM702_Group2_Final/final702_ws/install/mage_msgs/include/mage_msgs/msg/sensors.hpp
[8.900s] -- Installing: /home/dustinhartnett/Documents/GitHub/ENPM702_Group2_Final/final702_ws/install/mage_msgs/include/mage_msgs/msg/part_pose.hpp
[8.900s] -- Up-to-date: /home/dustinhartnett/Documents/GitHub/ENPM702_Group2_Final/final702_ws/install/mage_msgs/include/mage_msgs/msg/detail
[8.900s] -- Installing: /home/dustinhartnett/Documents/GitHub/ENPM702_Group2_Final/final702_ws/install/mage_msgs/include/mage_msgs/msg/detail/advanced_logical_camera_image__traits.hpp
[8.900s] -- Installing: /home/dustinhartnett/Documents/GitHub/ENPM702_Group2_Final/final702_ws/install/mage_msgs/include/mage_msgs/msg/detail/advanced_logical_camera_image__struct.hpp
[8.900s] -- Installing: /home/dustinhartnett/Documents/GitHub/ENPM702_Group2_Final/final702_ws/install/mage_msgs/include/mage_msgs/msg/detail/part__struct.hpp
[8.900s] -- Installing: /home/dustinhartnett/Documents/GitHub/ENPM702_Group2_Final/final702_ws/install/mage_msgs/include/mage_msgs/msg/detail/marker_array__traits.hpp
[8.900s] -- Installing: /home/dustinhartnett/Documents/GitHub/ENPM702_Group2_Final/final702_ws/install/mage_msgs/include/mage_msgs/msg/detail/sensors__struct.hpp
[8.900s] -- Installing: /home/dustinhartnett/Documents/GitHub/ENPM702_Group2_Final/final702_ws/install/mage_msgs/include/mage_msgs/msg/detail/sensors__traits.hpp
[8.900s] -- Installing: /home/dustinhartnett/Documents/GitHub/ENPM702_Group2_Final/final702_ws/install/mage_msgs/include/mage_msgs/msg/detail/advanced_logical_camera_image__builder.hpp
[8.900s] -- Installing: /home/dustinhartnett/Documents/GitHub/ENPM702_Group2_Final/final702_ws/install/mage_msgs/include/mage_msgs/msg/detail/part__traits.hpp
[8.900s] -- Installing: /home/dustinhartnett/Documents/GitHub/ENPM702_Group2_Final/final702_ws/install/mage_msgs/include/mage_msgs/msg/detail/new_coordinates__builder.hpp
[8.900s] -- Installing: /home/dustinhartnett/Documents/GitHub/ENPM702_Group2_Final/final702_ws/install/mage_msgs/include/mage_msgs/msg/detail/marker__builder.hpp
[8.900s] -- Installing: /home/dustinhartnett/Documents/GitHub/ENPM702_Group2_Final/final702_ws/install/mage_msgs/include/mage_msgs/msg/detail/new_coordinates__struct.hpp
[8.900s] -- Installing: /home/dustinhartnett/Documents/GitHub/ENPM702_Group2_Final/final702_ws/install/mage_msgs/include/mage_msgs/msg/detail/part_pose__struct.hpp
[8.900s] -- Installing: /home/dustinhartnett/Documents/GitHub/ENPM702_Group2_Final/final702_ws/install/mage_msgs/include/mage_msgs/msg/detail/marker__struct.hpp
[8.901s] -- Installing: /home/dustinhartnett/Documents/GitHub/ENPM702_Group2_Final/final702_ws/install/mage_msgs/include/mage_msgs/msg/detail/sensors__builder.hpp
[8.901s] -- Installing: /home/dustinhartnett/Documents/GitHub/ENPM702_Group2_Final/final702_ws/install/mage_msgs/include/mage_msgs/msg/detail/marker_array__struct.hpp
[8.901s] -- Installing: /home/dustinhartnett/Documents/GitHub/ENPM702_Group2_Final/final702_ws/install/mage_msgs/include/mage_msgs/msg/detail/part__builder.hpp
[8.901s] -- Installing: /home/dustinhartnett/Documents/GitHub/ENPM702_Group2_Final/final702_ws/install/mage_msgs/include/mage_msgs/msg/detail/part_pose__builder.hpp
[8.901s] -- Installing: /home/dustinhartnett/Documents/GitHub/ENPM702_Group2_Final/final702_ws/install/mage_msgs/include/mage_msgs/msg/detail/marker_array__builder.hpp
[8.901s] -- Installing: /home/dustinhartnett/Documents/GitHub/ENPM702_Group2_Final/final702_ws/install/mage_msgs/include/mage_msgs/msg/detail/marker__traits.hpp
[8.901s] -- Installing: /home/dustinhartnett/Documents/GitHub/ENPM702_Group2_Final/final702_ws/install/mage_msgs/include/mage_msgs/msg/detail/part_pose__traits.hpp
[8.901s] -- Installing: /home/dustinhartnett/Documents/GitHub/ENPM702_Group2_Final/final702_ws/install/mage_msgs/include/mage_msgs/msg/detail/new_coordinates__traits.hpp
[8.901s] -- Installing: /home/dustinhartnett/Documents/GitHub/ENPM702_Group2_Final/final702_ws/install/mage_msgs/include/mage_msgs/msg/advanced_logical_camera_image.hpp
[8.901s] -- Installing: /home/dustinhartnett/Documents/GitHub/ENPM702_Group2_Final/final702_ws/install/mage_msgs/include/mage_msgs/msg/part.hpp
[8.901s] -- Up-to-date: /home/dustinhartnett/Documents/GitHub/ENPM702_Group2_Final/final702_ws/install/mage_msgs/include/mage_msgs/action
[8.901s] -- Installing: /home/dustinhartnett/Documents/GitHub/ENPM702_Group2_Final/final702_ws/install/mage_msgs/include/mage_msgs/action/robot_target.hpp
[8.901s] -- Up-to-date: /home/dustinhartnett/Documents/GitHub/ENPM702_Group2_Final/final702_ws/install/mage_msgs/include/mage_msgs/action/detail
[8.901s] -- Installing: /home/dustinhartnett/Documents/GitHub/ENPM702_Group2_Final/final702_ws/install/mage_msgs/include/mage_msgs/action/detail/robot_target__struct.hpp
[8.901s] -- Installing: /home/dustinhartnett/Documents/GitHub/ENPM702_Group2_Final/final702_ws/install/mage_msgs/include/mage_msgs/action/detail/robot_target__traits.hpp
[8.901s] -- Installing: /home/dustinhartnett/Documents/GitHub/ENPM702_Group2_Final/final702_ws/install/mage_msgs/include/mage_msgs/action/detail/robot_target__builder.hpp
[8.901s] -- Up-to-date: /home/dustinhartnett/Documents/GitHub/ENPM702_Group2_Final/final702_ws/install/mage_msgs/include/mage_msgs
[8.901s] -- Up-to-date: /home/dustinhartnett/Documents/GitHub/ENPM702_Group2_Final/final702_ws/install/mage_msgs/include/mage_msgs/msg
[8.901s] -- Up-to-date: /home/dustinhartnett/Documents/GitHub/ENPM702_Group2_Final/final702_ws/install/mage_msgs/include/mage_msgs/msg/detail
[8.901s] -- Installing: /home/dustinhartnett/Documents/GitHub/ENPM702_Group2_Final/final702_ws/install/mage_msgs/include/mage_msgs/msg/detail/sensors__rosidl_typesupport_introspection_cpp.hpp
[8.901s] -- Installing: /home/dustinhartnett/Documents/GitHub/ENPM702_Group2_Final/final702_ws/install/mage_msgs/include/mage_msgs/msg/detail/part__rosidl_typesupport_introspection_cpp.hpp
[8.902s] -- Installing: /home/dustinhartnett/Documents/GitHub/ENPM702_Group2_Final/final702_ws/install/mage_msgs/include/mage_msgs/msg/detail/advanced_logical_camera_image__rosidl_typesupport_introspection_cpp.hpp
[8.902s] -- Installing: /home/dustinhartnett/Documents/GitHub/ENPM702_Group2_Final/final702_ws/install/mage_msgs/include/mage_msgs/msg/detail/new_coordinates__type_support.cpp
[8.902s] -- Installing: /home/dustinhartnett/Documents/GitHub/ENPM702_Group2_Final/final702_ws/install/mage_msgs/include/mage_msgs/msg/detail/new_coordinates__rosidl_typesupport_introspection_cpp.hpp
[8.902s] -- Installing: /home/dustinhartnett/Documents/GitHub/ENPM702_Group2_Final/final702_ws/install/mage_msgs/include/mage_msgs/msg/detail/marker__type_support.cpp
[8.902s] -- Installing: /home/dustinhartnett/Documents/GitHub/ENPM702_Group2_Final/final702_ws/install/mage_msgs/include/mage_msgs/msg/detail/marker_array__type_support.cpp
[8.902s] -- Installing: /home/dustinhartnett/Documents/GitHub/ENPM702_Group2_Final/final702_ws/install/mage_msgs/include/mage_msgs/msg/detail/part__type_support.cpp
[8.902s] -- Installing: /home/dustinhartnett/Documents/GitHub/ENPM702_Group2_Final/final702_ws/install/mage_msgs/include/mage_msgs/msg/detail/advanced_logical_camera_image__type_support.cpp
[8.902s] -- Installing: /home/dustinhartnett/Documents/GitHub/ENPM702_Group2_Final/final702_ws/install/mage_msgs/include/mage_msgs/msg/detail/sensors__type_support.cpp
[8.902s] -- Installing: /home/dustinhartnett/Documents/GitHub/ENPM702_Group2_Final/final702_ws/install/mage_msgs/include/mage_msgs/msg/detail/part_pose__type_support.cpp
[8.902s] -- Installing: /home/dustinhartnett/Documents/GitHub/ENPM702_Group2_Final/final702_ws/install/mage_msgs/include/mage_msgs/msg/detail/marker__rosidl_typesupport_introspection_cpp.hpp
[8.902s] -- Installing: /home/dustinhartnett/Documents/GitHub/ENPM702_Group2_Final/final702_ws/install/mage_msgs/include/mage_msgs/msg/detail/marker_array__rosidl_typesupport_introspection_cpp.hpp
[8.902s] -- Installing: /home/dustinhartnett/Documents/GitHub/ENPM702_Group2_Final/final702_ws/install/mage_msgs/include/mage_msgs/msg/detail/part_pose__rosidl_typesupport_introspection_cpp.hpp
[8.902s] -- Up-to-date: /home/dustinhartnett/Documents/GitHub/ENPM702_Group2_Final/final702_ws/install/mage_msgs/include/mage_msgs/action
[8.902s] -- Up-to-date: /home/dustinhartnett/Documents/GitHub/ENPM702_Group2_Final/final702_ws/install/mage_msgs/include/mage_msgs/action/detail
[8.902s] -- Installing: /home/dustinhartnett/Documents/GitHub/ENPM702_Group2_Final/final702_ws/install/mage_msgs/include/mage_msgs/action/detail/robot_target__rosidl_typesupport_introspection_cpp.hpp
[8.902s] -- Installing: /home/dustinhartnett/Documents/GitHub/ENPM702_Group2_Final/final702_ws/install/mage_msgs/include/mage_msgs/action/detail/robot_target__type_support.cpp
[8.902s] -- Installing: /home/dustinhartnett/Documents/GitHub/ENPM702_Group2_Final/final702_ws/install/mage_msgs/lib/libmage_msgs__rosidl_typesupport_introspection_cpp.so
[8.902s] -- Set runtime path of "/home/dustinhartnett/Documents/GitHub/ENPM702_Group2_Final/final702_ws/install/mage_msgs/lib/libmage_msgs__rosidl_typesupport_introspection_cpp.so" to ""
[8.902s] -- Installing: /home/dustinhartnett/Documents/GitHub/ENPM702_Group2_Final/final702_ws/install/mage_msgs/lib/libmage_msgs__rosidl_typesupport_cpp.so
[8.902s] -- Set runtime path of "/home/dustinhartnett/Documents/GitHub/ENPM702_Group2_Final/final702_ws/install/mage_msgs/lib/libmage_msgs__rosidl_typesupport_cpp.so" to ""
[8.902s] -- Installing: /home/dustinhartnett/Documents/GitHub/ENPM702_Group2_Final/final702_ws/install/mage_msgs/share/mage_msgs/environment/pythonpath.sh
[8.903s] -- Installing: /home/dustinhartnett/Documents/GitHub/ENPM702_Group2_Final/final702_ws/install/mage_msgs/share/mage_msgs/environment/pythonpath.dsv
[8.903s] -- Installing: /home/dustinhartnett/Documents/GitHub/ENPM702_Group2_Final/final702_ws/install/mage_msgs/lib/python3.8/site-packages/mage_msgs/__init__.py
[8.934s] Compiling '/home/dustinhartnett/Documents/GitHub/ENPM702_Group2_Final/final702_ws/install/mage_msgs/lib/python3.8/site-packages/mage_msgs/__init__.py'...
[8.938s] -- Installing: /home/dustinhartnett/Documents/GitHub/ENPM702_Group2_Final/final702_ws/install/mage_msgs/lib/python3.8/site-packages/mage_msgs/msg
[8.938s] -- Installing: /home/dustinhartnett/Documents/GitHub/ENPM702_Group2_Final/final702_ws/install/mage_msgs/lib/python3.8/site-packages/mage_msgs/msg/_new_coordinates_s.c
[8.938s] -- Installing: /home/dustinhartnett/Documents/GitHub/ENPM702_Group2_Final/final702_ws/install/mage_msgs/lib/python3.8/site-packages/mage_msgs/msg/_part_s.c
[8.939s] -- Installing: /home/dustinhartnett/Documents/GitHub/ENPM702_Group2_Final/final702_ws/install/mage_msgs/lib/python3.8/site-packages/mage_msgs/msg/_marker_s.c
[8.939s] -- Installing: /home/dustinhartnett/Documents/GitHub/ENPM702_Group2_Final/final702_ws/install/mage_msgs/lib/python3.8/site-packages/mage_msgs/msg/_part_pose.py
[8.939s] -- Installing: /home/dustinhartnett/Documents/GitHub/ENPM702_Group2_Final/final702_ws/install/mage_msgs/lib/python3.8/site-packages/mage_msgs/msg/_sensors_s.c
[8.939s] -- Installing: /home/dustinhartnett/Documents/GitHub/ENPM702_Group2_Final/final702_ws/install/mage_msgs/lib/python3.8/site-packages/mage_msgs/msg/_advanced_logical_camera_image_s.c
[8.939s] -- Installing: /home/dustinhartnett/Documents/GitHub/ENPM702_Group2_Final/final702_ws/install/mage_msgs/lib/python3.8/site-packages/mage_msgs/msg/_part.py
[8.939s] -- Installing: /home/dustinhartnett/Documents/GitHub/ENPM702_Group2_Final/final702_ws/install/mage_msgs/lib/python3.8/site-packages/mage_msgs/msg/_marker_array_s.c
[8.939s] -- Installing: /home/dustinhartnett/Documents/GitHub/ENPM702_Group2_Final/final702_ws/install/mage_msgs/lib/python3.8/site-packages/mage_msgs/msg/_part_pose_s.c
[8.939s] -- Installing: /home/dustinhartnett/Documents/GitHub/ENPM702_Group2_Final/final702_ws/install/mage_msgs/lib/python3.8/site-packages/mage_msgs/msg/_sensors.py
[8.940s] -- Installing: /home/dustinhartnett/Documents/GitHub/ENPM702_Group2_Final/final702_ws/install/mage_msgs/lib/python3.8/site-packages/mage_msgs/msg/__init__.py
[8.940s] -- Installing: /home/dustinhartnett/Documents/GitHub/ENPM702_Group2_Final/final702_ws/install/mage_msgs/lib/python3.8/site-packages/mage_msgs/msg/_advanced_logical_camera_image.py
[8.940s] -- Installing: /home/dustinhartnett/Documents/GitHub/ENPM702_Group2_Final/final702_ws/install/mage_msgs/lib/python3.8/site-packages/mage_msgs/msg/_marker.py
[8.940s] -- Installing: /home/dustinhartnett/Documents/GitHub/ENPM702_Group2_Final/final702_ws/install/mage_msgs/lib/python3.8/site-packages/mage_msgs/msg/_marker_array.py
[8.940s] -- Installing: /home/dustinhartnett/Documents/GitHub/ENPM702_Group2_Final/final702_ws/install/mage_msgs/lib/python3.8/site-packages/mage_msgs/msg/_new_coordinates.py
[8.940s] -- Installing: /home/dustinhartnett/Documents/GitHub/ENPM702_Group2_Final/final702_ws/install/mage_msgs/lib/python3.8/site-packages/mage_msgs/action
[8.940s] -- Installing: /home/dustinhartnett/Documents/GitHub/ENPM702_Group2_Final/final702_ws/install/mage_msgs/lib/python3.8/site-packages/mage_msgs/action/_robot_target_s.c
[8.940s] -- Installing: /home/dustinhartnett/Documents/GitHub/ENPM702_Group2_Final/final702_ws/install/mage_msgs/lib/python3.8/site-packages/mage_msgs/action/_robot_target.py
[8.940s] -- Installing: /home/dustinhartnett/Documents/GitHub/ENPM702_Group2_Final/final702_ws/install/mage_msgs/lib/python3.8/site-packages/mage_msgs/action/__init__.py
[8.941s] -- Installing: /home/dustinhartnett/Documents/GitHub/ENPM702_Group2_Final/final702_ws/install/mage_msgs/lib/python3.8/site-packages/mage_msgs/mage_msgs_s__rosidl_typesupport_fastrtps_c.cpython-38-x86_64-linux-gnu.so
[8.941s] -- Set runtime path of "/home/dustinhartnett/Documents/GitHub/ENPM702_Group2_Final/final702_ws/install/mage_msgs/lib/python3.8/site-packages/mage_msgs/mage_msgs_s__rosidl_typesupport_fastrtps_c.cpython-38-x86_64-linux-gnu.so" to ""
[8.941s] -- Installing: /home/dustinhartnett/Documents/GitHub/ENPM702_Group2_Final/final702_ws/install/mage_msgs/lib/python3.8/site-packages/mage_msgs/mage_msgs_s__rosidl_typesupport_introspection_c.cpython-38-x86_64-linux-gnu.so
[8.941s] -- Set runtime path of "/home/dustinhartnett/Documents/GitHub/ENPM702_Group2_Final/final702_ws/install/mage_msgs/lib/python3.8/site-packages/mage_msgs/mage_msgs_s__rosidl_typesupport_introspection_c.cpython-38-x86_64-linux-gnu.so" to ""
[8.941s] -- Installing: /home/dustinhartnett/Documents/GitHub/ENPM702_Group2_Final/final702_ws/install/mage_msgs/lib/python3.8/site-packages/mage_msgs/mage_msgs_s__rosidl_typesupport_c.cpython-38-x86_64-linux-gnu.so
[8.943s] -- Set runtime path of "/home/dustinhartnett/Documents/GitHub/ENPM702_Group2_Final/final702_ws/install/mage_msgs/lib/python3.8/site-packages/mage_msgs/mage_msgs_s__rosidl_typesupport_c.cpython-38-x86_64-linux-gnu.so" to ""
[8.944s] -- Installing: /home/dustinhartnett/Documents/GitHub/ENPM702_Group2_Final/final702_ws/install/mage_msgs/lib/libmage_msgs__python.so
[8.945s] -- Set runtime path of "/home/dustinhartnett/Documents/GitHub/ENPM702_Group2_Final/final702_ws/install/mage_msgs/lib/libmage_msgs__python.so" to ""
[8.945s] -- Installing: /home/dustinhartnett/Documents/GitHub/ENPM702_Group2_Final/final702_ws/install/mage_msgs/share/mage_msgs/msg/AdvancedLogicalCameraImage.idl
[8.947s] -- Installing: /home/dustinhartnett/Documents/GitHub/ENPM702_Group2_Final/final702_ws/install/mage_msgs/share/mage_msgs/msg/Part.idl
[8.948s] -- Installing: /home/dustinhartnett/Documents/GitHub/ENPM702_Group2_Final/final702_ws/install/mage_msgs/share/mage_msgs/msg/PartPose.idl
[8.949s] -- Installing: /home/dustinhartnett/Documents/GitHub/ENPM702_Group2_Final/final702_ws/install/mage_msgs/share/mage_msgs/msg/Sensors.idl
[8.949s] -- Installing: /home/dustinhartnett/Documents/GitHub/ENPM702_Group2_Final/final702_ws/install/mage_msgs/share/mage_msgs/msg/Marker.idl
[8.950s] -- Installing: /home/dustinhartnett/Documents/GitHub/ENPM702_Group2_Final/final702_ws/install/mage_msgs/share/mage_msgs/msg/MarkerArray.idl
[8.951s] -- Installing: /home/dustinhartnett/Documents/GitHub/ENPM702_Group2_Final/final702_ws/install/mage_msgs/share/mage_msgs/msg/NewCoordinates.idl
[8.952s] -- Installing: /home/dustinhartnett/Documents/GitHub/ENPM702_Group2_Final/final702_ws/install/mage_msgs/share/mage_msgs/action/RobotTarget.idl
[8.953s] -- Installing: /home/dustinhartnett/Documents/GitHub/ENPM702_Group2_Final/final702_ws/install/mage_msgs/share/mage_msgs/msg/AdvancedLogicalCameraImage.msg
[8.954s] -- Installing: /home/dustinhartnett/Documents/GitHub/ENPM702_Group2_Final/final702_ws/install/mage_msgs/share/mage_msgs/msg/Part.msg
[8.955s] -- Installing: /home/dustinhartnett/Documents/GitHub/ENPM702_Group2_Final/final702_ws/install/mage_msgs/share/mage_msgs/msg/PartPose.msg
[8.955s] -- Installing: /home/dustinhartnett/Documents/GitHub/ENPM702_Group2_Final/final702_ws/install/mage_msgs/share/mage_msgs/msg/Sensors.msg
[8.955s] -- Installing: /home/dustinhartnett/Documents/GitHub/ENPM702_Group2_Final/final702_ws/install/mage_msgs/share/mage_msgs/msg/Marker.msg
[8.956s] -- Installing: /home/dustinhartnett/Documents/GitHub/ENPM702_Group2_Final/final702_ws/install/mage_msgs/share/mage_msgs/msg/MarkerArray.msg
[8.956s] -- Installing: /home/dustinhartnett/Documents/GitHub/ENPM702_Group2_Final/final702_ws/install/mage_msgs/share/mage_msgs/msg/NewCoordinates.msg
[8.956s] -- Installing: /home/dustinhartnett/Documents/GitHub/ENPM702_Group2_Final/final702_ws/install/mage_msgs/share/mage_msgs/action/RobotTarget.action
[8.956s] -- Installing: /home/dustinhartnett/Documents/GitHub/ENPM702_Group2_Final/final702_ws/install/mage_msgs/share/ament_index/resource_index/package_run_dependencies/mage_msgs
[8.956s] -- Installing: /home/dustinhartnett/Documents/GitHub/ENPM702_Group2_Final/final702_ws/install/mage_msgs/share/ament_index/resource_index/parent_prefix_path/mage_msgs
[8.956s] -- Installing: /home/dustinhartnett/Documents/GitHub/ENPM702_Group2_Final/final702_ws/install/mage_msgs/share/mage_msgs/environment/ament_prefix_path.sh
[8.956s] -- Installing: /home/dustinhartnett/Documents/GitHub/ENPM702_Group2_Final/final702_ws/install/mage_msgs/share/mage_msgs/environment/ament_prefix_path.dsv
[8.956s] -- Installing: /home/dustinhartnett/Documents/GitHub/ENPM702_Group2_Final/final702_ws/install/mage_msgs/share/mage_msgs/environment/path.sh
[8.956s] -- Installing: /home/dustinhartnett/Documents/GitHub/ENPM702_Group2_Final/final702_ws/install/mage_msgs/share/mage_msgs/environment/path.dsv
[8.956s] -- Installing: /home/dustinhartnett/Documents/GitHub/ENPM702_Group2_Final/final702_ws/install/mage_msgs/share/mage_msgs/local_setup.bash
[8.956s] -- Installing: /home/dustinhartnett/Documents/GitHub/ENPM702_Group2_Final/final702_ws/install/mage_msgs/share/mage_msgs/local_setup.sh
[8.956s] -- Installing: /home/dustinhartnett/Documents/GitHub/ENPM702_Group2_Final/final702_ws/install/mage_msgs/share/mage_msgs/local_setup.zsh
[8.956s] -- Installing: /home/dustinhartnett/Documents/GitHub/ENPM702_Group2_Final/final702_ws/install/mage_msgs/share/mage_msgs/local_setup.dsv
[8.956s] -- Installing: /home/dustinhartnett/Documents/GitHub/ENPM702_Group2_Final/final702_ws/install/mage_msgs/share/mage_msgs/package.dsv
[8.957s] -- Installing: /home/dustinhartnett/Documents/GitHub/ENPM702_Group2_Final/final702_ws/install/mage_msgs/share/ament_index/resource_index/packages/mage_msgs
[8.957s] -- Installing: /home/dustinhartnett/Documents/GitHub/ENPM702_Group2_Final/final702_ws/install/mage_msgs/share/mage_msgs/cmake/mage_msgs__rosidl_generator_cExport.cmake
[8.957s] -- Installing: /home/dustinhartnett/Documents/GitHub/ENPM702_Group2_Final/final702_ws/install/mage_msgs/share/mage_msgs/cmake/mage_msgs__rosidl_generator_cExport-noconfig.cmake
[8.957s] -- Installing: /home/dustinhartnett/Documents/GitHub/ENPM702_Group2_Final/final702_ws/install/mage_msgs/share/mage_msgs/cmake/mage_msgs__rosidl_typesupport_introspection_cExport.cmake
[8.957s] -- Installing: /home/dustinhartnett/Documents/GitHub/ENPM702_Group2_Final/final702_ws/install/mage_msgs/share/mage_msgs/cmake/mage_msgs__rosidl_typesupport_introspection_cExport-noconfig.cmake
[8.957s] -- Installing: /home/dustinhartnett/Documents/GitHub/ENPM702_Group2_Final/final702_ws/install/mage_msgs/share/mage_msgs/cmake/mage_msgs__rosidl_typesupport_cExport.cmake
[8.957s] -- Installing: /home/dustinhartnett/Documents/GitHub/ENPM702_Group2_Final/final702_ws/install/mage_msgs/share/mage_msgs/cmake/mage_msgs__rosidl_typesupport_cExport-noconfig.cmake
[8.957s] -- Installing: /home/dustinhartnett/Documents/GitHub/ENPM702_Group2_Final/final702_ws/install/mage_msgs/share/mage_msgs/cmake/mage_msgs__rosidl_generator_cppExport.cmake
[8.957s] -- Installing: /home/dustinhartnett/Documents/GitHub/ENPM702_Group2_Final/final702_ws/install/mage_msgs/share/mage_msgs/cmake/mage_msgs__rosidl_typesupport_introspection_cppExport.cmake
[8.957s] -- Installing: /home/dustinhartnett/Documents/GitHub/ENPM702_Group2_Final/final702_ws/install/mage_msgs/share/mage_msgs/cmake/mage_msgs__rosidl_typesupport_introspection_cppExport-noconfig.cmake
[8.957s] -- Installing: /home/dustinhartnett/Documents/GitHub/ENPM702_Group2_Final/final702_ws/install/mage_msgs/share/mage_msgs/cmake/mage_msgs__rosidl_typesupport_cppExport.cmake
[8.957s] -- Installing: /home/dustinhartnett/Documents/GitHub/ENPM702_Group2_Final/final702_ws/install/mage_msgs/share/mage_msgs/cmake/mage_msgs__rosidl_typesupport_cppExport-noconfig.cmake
[8.957s] -- Installing: /home/dustinhartnett/Documents/GitHub/ENPM702_Group2_Final/final702_ws/install/mage_msgs/share/mage_msgs/cmake/rosidl_cmake-extras.cmake
[8.957s] -- Installing: /home/dustinhartnett/Documents/GitHub/ENPM702_Group2_Final/final702_ws/install/mage_msgs/share/mage_msgs/cmake/ament_cmake_export_dependencies-extras.cmake
[8.958s] -- Installing: /home/dustinhartnett/Documents/GitHub/ENPM702_Group2_Final/final702_ws/install/mage_msgs/share/mage_msgs/cmake/ament_cmake_export_libraries-extras.cmake
[8.958s] -- Installing: /home/dustinhartnett/Documents/GitHub/ENPM702_Group2_Final/final702_ws/install/mage_msgs/share/mage_msgs/cmake/ament_cmake_export_targets-extras.cmake
[8.958s] -- Installing: /home/dustinhartnett/Documents/GitHub/ENPM702_Group2_Final/final702_ws/install/mage_msgs/share/mage_msgs/cmake/ament_cmake_export_include_directories-extras.cmake
[8.958s] -- Installing: /home/dustinhartnett/Documents/GitHub/ENPM702_Group2_Final/final702_ws/install/mage_msgs/share/mage_msgs/cmake/rosidl_cmake_export_typesupport_libraries-extras.cmake
[8.958s] -- Installing: /home/dustinhartnett/Documents/GitHub/ENPM702_Group2_Final/final702_ws/install/mage_msgs/share/mage_msgs/cmake/rosidl_cmake_export_typesupport_targets-extras.cmake
[8.958s] -- Installing: /home/dustinhartnett/Documents/GitHub/ENPM702_Group2_Final/final702_ws/install/mage_msgs/share/mage_msgs/cmake/mage_msgsConfig.cmake
[8.958s] -- Installing: /home/dustinhartnett/Documents/GitHub/ENPM702_Group2_Final/final702_ws/install/mage_msgs/share/mage_msgs/cmake/mage_msgsConfig-version.cmake
[8.958s] -- Installing: /home/dustinhartnett/Documents/GitHub/ENPM702_Group2_Final/final702_ws/install/mage_msgs/share/mage_msgs/package.xml
[8.958s] Invoked command in '/home/dustinhartnett/Documents/GitHub/ENPM702_Group2_Final/final702_ws/build/mage_msgs' returned '0': CMAKE_PREFIX_PATH=${CMAKE_PREFIX_PATH}:/opt/ros/galactic /usr/bin/cmake --install /home/dustinhartnett/Documents/GitHub/ENPM702_Group2_Final/final702_ws/build/mage_msgs
