[2.059s] DEBUG:colcon:Command line arguments: ['/usr/bin/colcon', 'build']
[2.060s] DEBUG:colcon:Parsed command line arguments: Namespace(allow_overriding=[], ament_cmake_args=None, base_paths=['.'], build_base='build', catkin_cmake_args=None, catkin_skip_building_tests=False, cmake_args=None, cmake_clean_cache=False, cmake_clean_first=False, cmake_force_configure=False, cmake_target=None, cmake_target_skip_unavailable=False, continue_on_error=False, event_handlers=None, executor='parallel', ignore_user_meta=False, install_base='install', log_base=None, log_level=None, main=<bound method BuildVerb.main of <colcon_core.verb.build.BuildVerb object at 0x7f33406d1f10>>, merge_install=False, metas=['./colcon.meta'], packages_above=None, packages_above_and_dependencies=None, packages_above_depth=None, packages_end=None, packages_ignore=None, packages_ignore_regex=None, packages_select=None, packages_select_build_failed=False, packages_select_by_dep=None, packages_select_regex=None, packages_select_test_failures=False, packages_skip=None, packages_skip_build_finished=False, packages_skip_by_dep=None, packages_skip_regex=None, packages_skip_test_passed=False, packages_skip_up_to=None, packages_start=None, packages_up_to=None, packages_up_to_regex=None, parallel_workers=20, paths=None, symlink_install=False, test_result_base=None, verb_extension=<colcon_core.verb.build.BuildVerb object at 0x7f33406d1f10>, verb_name='build', verb_parser=<colcon_defaults.argument_parser.defaults.DefaultArgumentsDecorator object at 0x7f3340688df0>)
[2.143s] Level 1:colcon.colcon_core.package_discovery:discover_packages(colcon_meta) check parameters
[2.144s] Level 1:colcon.colcon_core.package_discovery:discover_packages(recursive) check parameters
[2.144s] Level 1:colcon.colcon_core.package_discovery:discover_packages(ignore) check parameters
[2.144s] Level 1:colcon.colcon_core.package_discovery:discover_packages(path) check parameters
[2.144s] Level 1:colcon.colcon_core.package_discovery:discover_packages(colcon_meta) discover
[2.144s] Level 1:colcon.colcon_core.package_discovery:discover_packages(recursive) discover
[2.144s] INFO:colcon.colcon_core.package_discovery:Crawling recursively for packages in '/home/dustinhartnett/Documents/GitHub/ENPM702_Group2_Final/final702_ws'
[2.144s] Level 1:colcon.colcon_core.package_identification:_identify(.) by extensions ['ignore', 'ignore_ament_install']
[2.144s] Level 1:colcon.colcon_core.package_identification:_identify(.) by extension 'ignore'
[2.144s] Level 1:colcon.colcon_core.package_identification:_identify(.) by extension 'ignore_ament_install'
[2.144s] Level 1:colcon.colcon_core.package_identification:_identify(.) by extensions ['colcon_pkg']
[2.144s] Level 1:colcon.colcon_core.package_identification:_identify(.) by extension 'colcon_pkg'
[2.144s] Level 1:colcon.colcon_core.package_identification:_identify(.) by extensions ['colcon_meta']
[2.144s] Level 1:colcon.colcon_core.package_identification:_identify(.) by extension 'colcon_meta'
[2.144s] Level 1:colcon.colcon_core.package_identification:_identify(.) by extensions ['ros']
[2.144s] Level 1:colcon.colcon_core.package_identification:_identify(.) by extension 'ros'
[2.155s] Level 1:colcon.colcon_core.package_identification:_identify(.) by extensions ['cmake', 'python']
[2.155s] Level 1:colcon.colcon_core.package_identification:_identify(.) by extension 'cmake'
[2.156s] Level 1:colcon.colcon_core.package_identification:_identify(.) by extension 'python'
[2.156s] Level 1:colcon.colcon_core.package_identification:_identify(.) by extensions ['python_setup_py']
[2.156s] Level 1:colcon.colcon_core.package_identification:_identify(.) by extension 'python_setup_py'
[2.156s] Level 1:colcon.colcon_core.package_identification:_identify(build) by extensions ['ignore', 'ignore_ament_install']
[2.156s] Level 1:colcon.colcon_core.package_identification:_identify(build) by extension 'ignore'
[2.156s] Level 1:colcon.colcon_core.package_identification:_identify(build) ignored
[2.156s] Level 1:colcon.colcon_core.package_identification:_identify(install) by extensions ['ignore', 'ignore_ament_install']
[2.156s] Level 1:colcon.colcon_core.package_identification:_identify(install) by extension 'ignore'
[2.156s] Level 1:colcon.colcon_core.package_identification:_identify(install) ignored
[2.156s] Level 1:colcon.colcon_core.package_identification:_identify(log) by extensions ['ignore', 'ignore_ament_install']
[2.156s] Level 1:colcon.colcon_core.package_identification:_identify(log) by extension 'ignore'
[2.156s] Level 1:colcon.colcon_core.package_identification:_identify(log) ignored
[2.156s] Level 1:colcon.colcon_core.package_identification:_identify(src) by extensions ['ignore', 'ignore_ament_install']
[2.156s] Level 1:colcon.colcon_core.package_identification:_identify(src) by extension 'ignore'
[2.156s] Level 1:colcon.colcon_core.package_identification:_identify(src) by extension 'ignore_ament_install'
[2.156s] Level 1:colcon.colcon_core.package_identification:_identify(src) by extensions ['colcon_pkg']
[2.156s] Level 1:colcon.colcon_core.package_identification:_identify(src) by extension 'colcon_pkg'
[2.156s] Level 1:colcon.colcon_core.package_identification:_identify(src) by extensions ['colcon_meta']
[2.156s] Level 1:colcon.colcon_core.package_identification:_identify(src) by extension 'colcon_meta'
[2.156s] Level 1:colcon.colcon_core.package_identification:_identify(src) by extensions ['ros']
[2.156s] Level 1:colcon.colcon_core.package_identification:_identify(src) by extension 'ros'
[2.157s] Level 1:colcon.colcon_core.package_identification:_identify(src) by extensions ['cmake', 'python']
[2.157s] Level 1:colcon.colcon_core.package_identification:_identify(src) by extension 'cmake'
[2.157s] Level 1:colcon.colcon_core.package_identification:_identify(src) by extension 'python'
[2.157s] Level 1:colcon.colcon_core.package_identification:_identify(src) by extensions ['python_setup_py']
[2.157s] Level 1:colcon.colcon_core.package_identification:_identify(src) by extension 'python_setup_py'
[2.157s] Level 1:colcon.colcon_core.package_identification:_identify(src/final_project) by extensions ['ignore', 'ignore_ament_install']
[2.157s] Level 1:colcon.colcon_core.package_identification:_identify(src/final_project) by extension 'ignore'
[2.157s] Level 1:colcon.colcon_core.package_identification:_identify(src/final_project) by extension 'ignore_ament_install'
[2.157s] Level 1:colcon.colcon_core.package_identification:_identify(src/final_project) by extensions ['colcon_pkg']
[2.157s] Level 1:colcon.colcon_core.package_identification:_identify(src/final_project) by extension 'colcon_pkg'
[2.157s] Level 1:colcon.colcon_core.package_identification:_identify(src/final_project) by extensions ['colcon_meta']
[2.157s] Level 1:colcon.colcon_core.package_identification:_identify(src/final_project) by extension 'colcon_meta'
[2.157s] Level 1:colcon.colcon_core.package_identification:_identify(src/final_project) by extensions ['ros']
[2.157s] Level 1:colcon.colcon_core.package_identification:_identify(src/final_project) by extension 'ros'
[2.159s] DEBUG:colcon.colcon_core.package_identification:Package 'src/final_project' with type 'ros.ament_cmake' and name 'final_project'
[2.160s] Level 1:colcon.colcon_core.package_identification:_identify(src/mage_msgs) by extensions ['ignore', 'ignore_ament_install']
[2.160s] Level 1:colcon.colcon_core.package_identification:_identify(src/mage_msgs) by extension 'ignore'
[2.160s] Level 1:colcon.colcon_core.package_identification:_identify(src/mage_msgs) by extension 'ignore_ament_install'
[2.160s] Level 1:colcon.colcon_core.package_identification:_identify(src/mage_msgs) by extensions ['colcon_pkg']
[2.160s] Level 1:colcon.colcon_core.package_identification:_identify(src/mage_msgs) by extension 'colcon_pkg'
[2.160s] Level 1:colcon.colcon_core.package_identification:_identify(src/mage_msgs) by extensions ['colcon_meta']
[2.160s] Level 1:colcon.colcon_core.package_identification:_identify(src/mage_msgs) by extension 'colcon_meta'
[2.160s] Level 1:colcon.colcon_core.package_identification:_identify(src/mage_msgs) by extensions ['ros']
[2.160s] Level 1:colcon.colcon_core.package_identification:_identify(src/mage_msgs) by extension 'ros'
[2.160s] DEBUG:colcon.colcon_core.package_identification:Package 'src/mage_msgs' with type 'ros.ament_cmake' and name 'mage_msgs'
[2.160s] Level 1:colcon.colcon_core.package_discovery:discover_packages(recursive) using defaults
[2.160s] Level 1:colcon.colcon_core.package_discovery:discover_packages(ignore) discover
[2.161s] Level 1:colcon.colcon_core.package_discovery:discover_packages(ignore) using defaults
[2.161s] Level 1:colcon.colcon_core.package_discovery:discover_packages(path) discover
[2.161s] Level 1:colcon.colcon_core.package_discovery:discover_packages(path) using defaults
[2.324s] Level 1:colcon.colcon_core.package_discovery:discover_packages(prefix_path) check parameters
[2.324s] Level 1:colcon.colcon_core.package_discovery:discover_packages(prefix_path) discover
[2.386s] DEBUG:colcon.colcon_installed_package_information.package_discovery:Found 2 installed packages in /home/dustinhartnett/Documents/GitHub/ENPM702_Group2_Final/final702_ws/install
[2.420s] DEBUG:colcon.colcon_installed_package_information.package_discovery:Found 364 installed packages in /opt/ros/galactic
[2.421s] Level 1:colcon.colcon_core.package_discovery:discover_packages(prefix_path) using defaults
[2.578s] Level 5:colcon.colcon_core.verb:set package 'mage_msgs' build argument 'cmake_args' from command line to 'None'
[2.578s] Level 5:colcon.colcon_core.verb:set package 'mage_msgs' build argument 'cmake_target' from command line to 'None'
[2.578s] Level 5:colcon.colcon_core.verb:set package 'mage_msgs' build argument 'cmake_target_skip_unavailable' from command line to 'False'
[2.578s] Level 5:colcon.colcon_core.verb:set package 'mage_msgs' build argument 'cmake_clean_cache' from command line to 'False'
[2.578s] Level 5:colcon.colcon_core.verb:set package 'mage_msgs' build argument 'cmake_clean_first' from command line to 'False'
[2.578s] Level 5:colcon.colcon_core.verb:set package 'mage_msgs' build argument 'cmake_force_configure' from command line to 'False'
[2.579s] Level 5:colcon.colcon_core.verb:set package 'mage_msgs' build argument 'ament_cmake_args' from command line to 'None'
[2.579s] Level 5:colcon.colcon_core.verb:set package 'mage_msgs' build argument 'catkin_cmake_args' from command line to 'None'
[2.579s] Level 5:colcon.colcon_core.verb:set package 'mage_msgs' build argument 'catkin_skip_building_tests' from command line to 'False'
[2.579s] DEBUG:colcon.colcon_core.verb:Building package 'mage_msgs' with the following arguments: {'ament_cmake_args': None, 'build_base': '/home/dustinhartnett/Documents/GitHub/ENPM702_Group2_Final/final702_ws/build/mage_msgs', 'catkin_cmake_args': None, 'catkin_skip_building_tests': False, 'cmake_args': None, 'cmake_clean_cache': False, 'cmake_clean_first': False, 'cmake_force_configure': False, 'cmake_target': None, 'cmake_target_skip_unavailable': False, 'install_base': '/home/dustinhartnett/Documents/GitHub/ENPM702_Group2_Final/final702_ws/install/mage_msgs', 'merge_install': False, 'path': '/home/dustinhartnett/Documents/GitHub/ENPM702_Group2_Final/final702_ws/src/mage_msgs', 'symlink_install': False, 'test_result_base': None}
[2.606s] Level 5:colcon.colcon_core.verb:set package 'final_project' build argument 'cmake_args' from command line to 'None'
[2.607s] Level 5:colcon.colcon_core.verb:set package 'final_project' build argument 'cmake_target' from command line to 'None'
[2.607s] Level 5:colcon.colcon_core.verb:set package 'final_project' build argument 'cmake_target_skip_unavailable' from command line to 'False'
[2.607s] Level 5:colcon.colcon_core.verb:set package 'final_project' build argument 'cmake_clean_cache' from command line to 'False'
[2.607s] Level 5:colcon.colcon_core.verb:set package 'final_project' build argument 'cmake_clean_first' from command line to 'False'
[2.607s] Level 5:colcon.colcon_core.verb:set package 'final_project' build argument 'cmake_force_configure' from command line to 'False'
[2.607s] Level 5:colcon.colcon_core.verb:set package 'final_project' build argument 'ament_cmake_args' from command line to 'None'
[2.607s] Level 5:colcon.colcon_core.verb:set package 'final_project' build argument 'catkin_cmake_args' from command line to 'None'
[2.607s] Level 5:colcon.colcon_core.verb:set package 'final_project' build argument 'catkin_skip_building_tests' from command line to 'False'
[2.607s] DEBUG:colcon.colcon_core.verb:Building package 'final_project' with the following arguments: {'ament_cmake_args': None, 'build_base': '/home/dustinhartnett/Documents/GitHub/ENPM702_Group2_Final/final702_ws/build/final_project', 'catkin_cmake_args': None, 'catkin_skip_building_tests': False, 'cmake_args': None, 'cmake_clean_cache': False, 'cmake_clean_first': False, 'cmake_force_configure': False, 'cmake_target': None, 'cmake_target_skip_unavailable': False, 'install_base': '/home/dustinhartnett/Documents/GitHub/ENPM702_Group2_Final/final702_ws/install/final_project', 'merge_install': False, 'path': '/home/dustinhartnett/Documents/GitHub/ENPM702_Group2_Final/final702_ws/src/final_project', 'symlink_install': False, 'test_result_base': None}
[2.635s] INFO:colcon.colcon_core.executor:Executing jobs using 'parallel' executor
[2.665s] DEBUG:colcon.colcon_parallel_executor.executor.parallel:run_until_complete
[2.666s] INFO:colcon.colcon_ros.task.ament_cmake.build:Building ROS package in '/home/dustinhartnett/Documents/GitHub/ENPM702_Group2_Final/final702_ws/src/mage_msgs' with build type 'ament_cmake'
[2.666s] INFO:colcon.colcon_cmake.task.cmake.build:Building CMake package in '/home/dustinhartnett/Documents/GitHub/ENPM702_Group2_Final/final702_ws/src/mage_msgs'
[2.699s] INFO:colcon.colcon_core.plugin_system:Skipping extension 'colcon_core.shell.bat': Not used on non-Windows systems
[2.700s] INFO:colcon.colcon_core.shell:Skip shell extension 'powershell' for command environment: Not usable outside of PowerShell
[2.700s] DEBUG:colcon.colcon_core.shell:Skip shell extension 'dsv' for command environment
[2.802s] DEBUG:colcon.colcon_core.event_handler.log_command:Invoking command in '/home/dustinhartnett/Documents/GitHub/ENPM702_Group2_Final/final702_ws/build/mage_msgs': CMAKE_PREFIX_PATH=${CMAKE_PREFIX_PATH}:/opt/ros/galactic /usr/bin/cmake --build /home/dustinhartnett/Documents/GitHub/ENPM702_Group2_Final/final702_ws/build/mage_msgs -- -j20 -l20
[3.089s] DEBUG:colcon.colcon_core.event_handler.log_command:Invoked command in '/home/dustinhartnett/Documents/GitHub/ENPM702_Group2_Final/final702_ws/build/mage_msgs' returned '0': CMAKE_PREFIX_PATH=${CMAKE_PREFIX_PATH}:/opt/ros/galactic /usr/bin/cmake --build /home/dustinhartnett/Documents/GitHub/ENPM702_Group2_Final/final702_ws/build/mage_msgs -- -j20 -l20
[3.260s] DEBUG:colcon.colcon_core.event_handler.log_command:Invoking command in '/home/dustinhartnett/Documents/GitHub/ENPM702_Group2_Final/final702_ws/build/mage_msgs': CMAKE_PREFIX_PATH=${CMAKE_PREFIX_PATH}:/opt/ros/galactic /usr/bin/cmake --install /home/dustinhartnett/Documents/GitHub/ENPM702_Group2_Final/final702_ws/build/mage_msgs
[3.326s] Level 1:colcon.colcon_core.environment:create_environment_scripts_only(mage_msgs)
[3.328s] DEBUG:colcon.colcon_core.event_handler.log_command:Invoked command in '/home/dustinhartnett/Documents/GitHub/ENPM702_Group2_Final/final702_ws/build/mage_msgs' returned '0': CMAKE_PREFIX_PATH=${CMAKE_PREFIX_PATH}:/opt/ros/galactic /usr/bin/cmake --install /home/dustinhartnett/Documents/GitHub/ENPM702_Group2_Final/final702_ws/build/mage_msgs
[3.372s] Level 1:colcon.colcon_core.environment:checking '/home/dustinhartnett/Documents/GitHub/ENPM702_Group2_Final/final702_ws/install/mage_msgs' for CMake module files
[3.372s] Level 1:colcon.colcon_core.environment:checking '/home/dustinhartnett/Documents/GitHub/ENPM702_Group2_Final/final702_ws/install/mage_msgs' for CMake config files
[3.373s] Level 1:colcon.colcon_core.shell:create_environment_hook('mage_msgs', 'cmake_prefix_path')
[3.408s] INFO:colcon.colcon_core.shell:Creating environment hook '/home/dustinhartnett/Documents/GitHub/ENPM702_Group2_Final/final702_ws/install/mage_msgs/share/mage_msgs/hook/cmake_prefix_path.ps1'
[3.409s] INFO:colcon.colcon_core.shell:Creating environment descriptor '/home/dustinhartnett/Documents/GitHub/ENPM702_Group2_Final/final702_ws/install/mage_msgs/share/mage_msgs/hook/cmake_prefix_path.dsv'
[3.409s] INFO:colcon.colcon_core.shell:Creating environment hook '/home/dustinhartnett/Documents/GitHub/ENPM702_Group2_Final/final702_ws/install/mage_msgs/share/mage_msgs/hook/cmake_prefix_path.sh'
[3.410s] Level 1:colcon.colcon_core.environment:checking '/home/dustinhartnett/Documents/GitHub/ENPM702_Group2_Final/final702_ws/install/mage_msgs/lib'
[3.410s] Level 1:colcon.colcon_core.shell:create_environment_hook('mage_msgs', 'ld_library_path_lib')
[3.447s] INFO:colcon.colcon_core.shell:Creating environment hook '/home/dustinhartnett/Documents/GitHub/ENPM702_Group2_Final/final702_ws/install/mage_msgs/share/mage_msgs/hook/ld_library_path_lib.ps1'
[3.448s] INFO:colcon.colcon_core.shell:Creating environment descriptor '/home/dustinhartnett/Documents/GitHub/ENPM702_Group2_Final/final702_ws/install/mage_msgs/share/mage_msgs/hook/ld_library_path_lib.dsv'
[3.448s] INFO:colcon.colcon_core.shell:Creating environment hook '/home/dustinhartnett/Documents/GitHub/ENPM702_Group2_Final/final702_ws/install/mage_msgs/share/mage_msgs/hook/ld_library_path_lib.sh'
[3.449s] Level 1:colcon.colcon_core.environment:checking '/home/dustinhartnett/Documents/GitHub/ENPM702_Group2_Final/final702_ws/install/mage_msgs/bin'
[3.449s] Level 1:colcon.colcon_core.environment:checking '/home/dustinhartnett/Documents/GitHub/ENPM702_Group2_Final/final702_ws/install/mage_msgs/lib/pkgconfig/mage_msgs.pc'
[3.450s] Level 1:colcon.colcon_core.environment:checking '/home/dustinhartnett/Documents/GitHub/ENPM702_Group2_Final/final702_ws/install/mage_msgs/lib/python3.8/site-packages'
[3.450s] Level 1:colcon.colcon_core.shell:create_environment_hook('mage_msgs', 'pythonpath')
[3.486s] INFO:colcon.colcon_core.shell:Creating environment hook '/home/dustinhartnett/Documents/GitHub/ENPM702_Group2_Final/final702_ws/install/mage_msgs/share/mage_msgs/hook/pythonpath.ps1'
[3.487s] INFO:colcon.colcon_core.shell:Creating environment descriptor '/home/dustinhartnett/Documents/GitHub/ENPM702_Group2_Final/final702_ws/install/mage_msgs/share/mage_msgs/hook/pythonpath.dsv'
[3.487s] INFO:colcon.colcon_core.shell:Creating environment hook '/home/dustinhartnett/Documents/GitHub/ENPM702_Group2_Final/final702_ws/install/mage_msgs/share/mage_msgs/hook/pythonpath.sh'
[3.488s] Level 1:colcon.colcon_core.environment:checking '/home/dustinhartnett/Documents/GitHub/ENPM702_Group2_Final/final702_ws/install/mage_msgs/bin'
[3.524s] INFO:colcon.colcon_core.shell:Creating package script '/home/dustinhartnett/Documents/GitHub/ENPM702_Group2_Final/final702_ws/install/mage_msgs/share/mage_msgs/package.ps1'
[3.525s] INFO:colcon.colcon_core.shell:Creating package descriptor '/home/dustinhartnett/Documents/GitHub/ENPM702_Group2_Final/final702_ws/install/mage_msgs/share/mage_msgs/package.dsv'
[3.526s] INFO:colcon.colcon_core.shell:Creating package script '/home/dustinhartnett/Documents/GitHub/ENPM702_Group2_Final/final702_ws/install/mage_msgs/share/mage_msgs/package.sh'
[3.526s] INFO:colcon.colcon_core.shell:Creating package script '/home/dustinhartnett/Documents/GitHub/ENPM702_Group2_Final/final702_ws/install/mage_msgs/share/mage_msgs/package.bash'
[3.527s] INFO:colcon.colcon_core.shell:Creating package script '/home/dustinhartnett/Documents/GitHub/ENPM702_Group2_Final/final702_ws/install/mage_msgs/share/mage_msgs/package.zsh'
[3.527s] Level 1:colcon.colcon_core.environment:create_file_with_runtime_dependencies(/home/dustinhartnett/Documents/GitHub/ENPM702_Group2_Final/final702_ws/install/mage_msgs/share/colcon-core/packages/mage_msgs)
[3.740s] Level 1:colcon.colcon_core.environment:create_environment_scripts_only(mage_msgs)
[3.777s] Level 1:colcon.colcon_core.environment:checking '/home/dustinhartnett/Documents/GitHub/ENPM702_Group2_Final/final702_ws/install/mage_msgs' for CMake module files
[3.778s] Level 1:colcon.colcon_core.environment:checking '/home/dustinhartnett/Documents/GitHub/ENPM702_Group2_Final/final702_ws/install/mage_msgs' for CMake config files
[3.778s] Level 1:colcon.colcon_core.shell:create_environment_hook('mage_msgs', 'cmake_prefix_path')
[3.815s] INFO:colcon.colcon_core.shell:Creating environment hook '/home/dustinhartnett/Documents/GitHub/ENPM702_Group2_Final/final702_ws/install/mage_msgs/share/mage_msgs/hook/cmake_prefix_path.ps1'
[3.817s] INFO:colcon.colcon_core.shell:Creating environment descriptor '/home/dustinhartnett/Documents/GitHub/ENPM702_Group2_Final/final702_ws/install/mage_msgs/share/mage_msgs/hook/cmake_prefix_path.dsv'
[3.817s] INFO:colcon.colcon_core.shell:Creating environment hook '/home/dustinhartnett/Documents/GitHub/ENPM702_Group2_Final/final702_ws/install/mage_msgs/share/mage_msgs/hook/cmake_prefix_path.sh'
[3.818s] Level 1:colcon.colcon_core.environment:checking '/home/dustinhartnett/Documents/GitHub/ENPM702_Group2_Final/final702_ws/install/mage_msgs/lib'
[3.818s] Level 1:colcon.colcon_core.shell:create_environment_hook('mage_msgs', 'ld_library_path_lib')
[3.856s] INFO:colcon.colcon_core.shell:Creating environment hook '/home/dustinhartnett/Documents/GitHub/ENPM702_Group2_Final/final702_ws/install/mage_msgs/share/mage_msgs/hook/ld_library_path_lib.ps1'
[3.857s] INFO:colcon.colcon_core.shell:Creating environment descriptor '/home/dustinhartnett/Documents/GitHub/ENPM702_Group2_Final/final702_ws/install/mage_msgs/share/mage_msgs/hook/ld_library_path_lib.dsv'
[3.857s] INFO:colcon.colcon_core.shell:Creating environment hook '/home/dustinhartnett/Documents/GitHub/ENPM702_Group2_Final/final702_ws/install/mage_msgs/share/mage_msgs/hook/ld_library_path_lib.sh'
[3.857s] Level 1:colcon.colcon_core.environment:checking '/home/dustinhartnett/Documents/GitHub/ENPM702_Group2_Final/final702_ws/install/mage_msgs/bin'
[3.857s] Level 1:colcon.colcon_core.environment:checking '/home/dustinhartnett/Documents/GitHub/ENPM702_Group2_Final/final702_ws/install/mage_msgs/lib/pkgconfig/mage_msgs.pc'
[3.858s] Level 1:colcon.colcon_core.environment:checking '/home/dustinhartnett/Documents/GitHub/ENPM702_Group2_Final/final702_ws/install/mage_msgs/lib/python3.8/site-packages'
[3.858s] Level 1:colcon.colcon_core.shell:create_environment_hook('mage_msgs', 'pythonpath')
[3.896s] INFO:colcon.colcon_core.shell:Creating environment hook '/home/dustinhartnett/Documents/GitHub/ENPM702_Group2_Final/final702_ws/install/mage_msgs/share/mage_msgs/hook/pythonpath.ps1'
[3.896s] INFO:colcon.colcon_core.shell:Creating environment descriptor '/home/dustinhartnett/Documents/GitHub/ENPM702_Group2_Final/final702_ws/install/mage_msgs/share/mage_msgs/hook/pythonpath.dsv'
[3.897s] INFO:colcon.colcon_core.shell:Creating environment hook '/home/dustinhartnett/Documents/GitHub/ENPM702_Group2_Final/final702_ws/install/mage_msgs/share/mage_msgs/hook/pythonpath.sh'
[3.897s] Level 1:colcon.colcon_core.environment:checking '/home/dustinhartnett/Documents/GitHub/ENPM702_Group2_Final/final702_ws/install/mage_msgs/bin'
[3.934s] INFO:colcon.colcon_core.shell:Creating package script '/home/dustinhartnett/Documents/GitHub/ENPM702_Group2_Final/final702_ws/install/mage_msgs/share/mage_msgs/package.ps1'
[3.935s] INFO:colcon.colcon_core.shell:Creating package descriptor '/home/dustinhartnett/Documents/GitHub/ENPM702_Group2_Final/final702_ws/install/mage_msgs/share/mage_msgs/package.dsv'
[3.935s] INFO:colcon.colcon_core.shell:Creating package script '/home/dustinhartnett/Documents/GitHub/ENPM702_Group2_Final/final702_ws/install/mage_msgs/share/mage_msgs/package.sh'
[3.936s] INFO:colcon.colcon_core.shell:Creating package script '/home/dustinhartnett/Documents/GitHub/ENPM702_Group2_Final/final702_ws/install/mage_msgs/share/mage_msgs/package.bash'
[3.936s] INFO:colcon.colcon_core.shell:Creating package script '/home/dustinhartnett/Documents/GitHub/ENPM702_Group2_Final/final702_ws/install/mage_msgs/share/mage_msgs/package.zsh'
[3.936s] Level 1:colcon.colcon_core.environment:create_file_with_runtime_dependencies(/home/dustinhartnett/Documents/GitHub/ENPM702_Group2_Final/final702_ws/install/mage_msgs/share/colcon-core/packages/mage_msgs)
[3.937s] INFO:colcon.colcon_ros.task.ament_cmake.build:Building ROS package in '/home/dustinhartnett/Documents/GitHub/ENPM702_Group2_Final/final702_ws/src/final_project' with build type 'ament_cmake'
[3.937s] INFO:colcon.colcon_cmake.task.cmake.build:Building CMake package in '/home/dustinhartnett/Documents/GitHub/ENPM702_Group2_Final/final702_ws/src/final_project'
[4.005s] INFO:colcon.colcon_core.shell:Skip shell extension 'powershell' for command environment: Not usable outside of PowerShell
[4.005s] DEBUG:colcon.colcon_core.shell:Skip shell extension 'dsv' for command environment
[4.125s] DEBUG:colcon.colcon_core.event_handler.log_command:Invoking command in '/home/dustinhartnett/Documents/GitHub/ENPM702_Group2_Final/final702_ws/build/final_project': CMAKE_PREFIX_PATH=/home/dustinhartnett/Documents/GitHub/ENPM702_Group2_Final/final702_ws/install/mage_msgs:/home/dustinhartnett/Documents/GitHub/ENPM702_Group2_Final/final702_ws/install/final_project:/opt/ros/galactic LD_LIBRARY_PATH=/home/dustinhartnett/Documents/GitHub/ENPM702_Group2_Final/final702_ws/install/mage_msgs/lib:/home/dustinhartnett/Documents/GitHub/ENPM702_Group2_Final/final702_ws/install/final_project/lib:/usr/lib/x86_64-linux-gnu/gazebo-11/plugins:/opt/ros/galactic/opt/yaml_cpp_vendor/lib:/opt/ros/galactic/opt/rviz_ogre_vendor/lib:/opt/ros/galactic/lib/x86_64-linux-gnu:/opt/ros/galactic/lib:/usr/share/gazebo/../../lib/x86_64-linux-gnu/gazebo-11/plugins PYTHONPATH=/home/dustinhartnett/Documents/GitHub/ENPM702_Group2_Final/final702_ws/install/mage_msgs/lib/python3.8/site-packages:/home/dustinhartnett/Documents/GitHub/ENPM702_Group2_Final/final702_ws/install/final_project/lib/python3.8/site-packages:/opt/ros/galactic/lib/python3.8/site-packages /usr/bin/cmake --build /home/dustinhartnett/Documents/GitHub/ENPM702_Group2_Final/final702_ws/build/final_project -- -j20 -l20
[10.231s] DEBUG:colcon.colcon_core.event_handler.log_command:Invoked command in '/home/dustinhartnett/Documents/GitHub/ENPM702_Group2_Final/final702_ws/build/final_project' returned '2': CMAKE_PREFIX_PATH=/home/dustinhartnett/Documents/GitHub/ENPM702_Group2_Final/final702_ws/install/mage_msgs:/home/dustinhartnett/Documents/GitHub/ENPM702_Group2_Final/final702_ws/install/final_project:/opt/ros/galactic LD_LIBRARY_PATH=/home/dustinhartnett/Documents/GitHub/ENPM702_Group2_Final/final702_ws/install/mage_msgs/lib:/home/dustinhartnett/Documents/GitHub/ENPM702_Group2_Final/final702_ws/install/final_project/lib:/usr/lib/x86_64-linux-gnu/gazebo-11/plugins:/opt/ros/galactic/opt/yaml_cpp_vendor/lib:/opt/ros/galactic/opt/rviz_ogre_vendor/lib:/opt/ros/galactic/lib/x86_64-linux-gnu:/opt/ros/galactic/lib:/usr/share/gazebo/../../lib/x86_64-linux-gnu/gazebo-11/plugins PYTHONPATH=/home/dustinhartnett/Documents/GitHub/ENPM702_Group2_Final/final702_ws/install/mage_msgs/lib/python3.8/site-packages:/home/dustinhartnett/Documents/GitHub/ENPM702_Group2_Final/final702_ws/install/final_project/lib/python3.8/site-packages:/opt/ros/galactic/lib/python3.8/site-packages /usr/bin/cmake --build /home/dustinhartnett/Documents/GitHub/ENPM702_Group2_Final/final702_ws/build/final_project -- -j20 -l20
[10.302s] Level 1:colcon.colcon_core.environment:create_environment_scripts_only(final_project)
[10.335s] Level 1:colcon.colcon_core.environment:checking '/home/dustinhartnett/Documents/GitHub/ENPM702_Group2_Final/final702_ws/install/final_project' for CMake module files
[10.336s] Level 1:colcon.colcon_core.environment:checking '/home/dustinhartnett/Documents/GitHub/ENPM702_Group2_Final/final702_ws/install/final_project' for CMake config files
[10.336s] Level 1:colcon.colcon_core.shell:create_environment_hook('final_project', 'cmake_prefix_path')
[10.371s] INFO:colcon.colcon_core.shell:Creating environment hook '/home/dustinhartnett/Documents/GitHub/ENPM702_Group2_Final/final702_ws/install/final_project/share/final_project/hook/cmake_prefix_path.ps1'
[10.372s] INFO:colcon.colcon_core.shell:Creating environment descriptor '/home/dustinhartnett/Documents/GitHub/ENPM702_Group2_Final/final702_ws/install/final_project/share/final_project/hook/cmake_prefix_path.dsv'
[10.372s] INFO:colcon.colcon_core.shell:Creating environment hook '/home/dustinhartnett/Documents/GitHub/ENPM702_Group2_Final/final702_ws/install/final_project/share/final_project/hook/cmake_prefix_path.sh'
[10.372s] Level 1:colcon.colcon_core.environment:checking '/home/dustinhartnett/Documents/GitHub/ENPM702_Group2_Final/final702_ws/install/final_project/lib'
[10.373s] Level 1:colcon.colcon_core.shell:create_environment_hook('final_project', 'ld_library_path_lib')
[10.407s] INFO:colcon.colcon_core.shell:Creating environment hook '/home/dustinhartnett/Documents/GitHub/ENPM702_Group2_Final/final702_ws/install/final_project/share/final_project/hook/ld_library_path_lib.ps1'
[10.408s] INFO:colcon.colcon_core.shell:Creating environment descriptor '/home/dustinhartnett/Documents/GitHub/ENPM702_Group2_Final/final702_ws/install/final_project/share/final_project/hook/ld_library_path_lib.dsv'
[10.408s] INFO:colcon.colcon_core.shell:Creating environment hook '/home/dustinhartnett/Documents/GitHub/ENPM702_Group2_Final/final702_ws/install/final_project/share/final_project/hook/ld_library_path_lib.sh'
[10.408s] Level 1:colcon.colcon_core.environment:checking '/home/dustinhartnett/Documents/GitHub/ENPM702_Group2_Final/final702_ws/install/final_project/bin'
[10.409s] Level 1:colcon.colcon_core.environment:checking '/home/dustinhartnett/Documents/GitHub/ENPM702_Group2_Final/final702_ws/install/final_project/lib/pkgconfig/final_project.pc'
[10.409s] Level 1:colcon.colcon_core.environment:checking '/home/dustinhartnett/Documents/GitHub/ENPM702_Group2_Final/final702_ws/install/final_project/lib/python3.8/site-packages'
[10.409s] Level 1:colcon.colcon_core.shell:create_environment_hook('final_project', 'pythonpath')
[10.443s] INFO:colcon.colcon_core.shell:Creating environment hook '/home/dustinhartnett/Documents/GitHub/ENPM702_Group2_Final/final702_ws/install/final_project/share/final_project/hook/pythonpath.ps1'
[10.444s] INFO:colcon.colcon_core.shell:Creating environment descriptor '/home/dustinhartnett/Documents/GitHub/ENPM702_Group2_Final/final702_ws/install/final_project/share/final_project/hook/pythonpath.dsv'
[10.444s] INFO:colcon.colcon_core.shell:Creating environment hook '/home/dustinhartnett/Documents/GitHub/ENPM702_Group2_Final/final702_ws/install/final_project/share/final_project/hook/pythonpath.sh'
[10.445s] Level 1:colcon.colcon_core.environment:checking '/home/dustinhartnett/Documents/GitHub/ENPM702_Group2_Final/final702_ws/install/final_project/bin'
[10.478s] INFO:colcon.colcon_core.shell:Creating package script '/home/dustinhartnett/Documents/GitHub/ENPM702_Group2_Final/final702_ws/install/final_project/share/final_project/package.ps1'
[10.480s] INFO:colcon.colcon_core.shell:Creating package descriptor '/home/dustinhartnett/Documents/GitHub/ENPM702_Group2_Final/final702_ws/install/final_project/share/final_project/package.dsv'
[10.480s] INFO:colcon.colcon_core.shell:Creating package script '/home/dustinhartnett/Documents/GitHub/ENPM702_Group2_Final/final702_ws/install/final_project/share/final_project/package.sh'
[10.481s] INFO:colcon.colcon_core.shell:Creating package script '/home/dustinhartnett/Documents/GitHub/ENPM702_Group2_Final/final702_ws/install/final_project/share/final_project/package.bash'
[10.481s] INFO:colcon.colcon_core.shell:Creating package script '/home/dustinhartnett/Documents/GitHub/ENPM702_Group2_Final/final702_ws/install/final_project/share/final_project/package.zsh'
[10.481s] Level 1:colcon.colcon_core.environment:create_file_with_runtime_dependencies(/home/dustinhartnett/Documents/GitHub/ENPM702_Group2_Final/final702_ws/install/final_project/share/colcon-core/packages/final_project)
[10.492s] DEBUG:colcon.colcon_parallel_executor.executor.parallel:closing loop
[10.492s] DEBUG:colcon.colcon_parallel_executor.executor.parallel:loop closed
[10.492s] DEBUG:colcon.colcon_parallel_executor.executor.parallel:run_until_complete finished with '2'
[10.492s] DEBUG:colcon.colcon_core.event_reactor:joining thread
[10.540s] INFO:colcon.colcon_core.plugin_system:Skipping extension 'colcon_notification.desktop_notification.terminal_notifier': Not used on non-Darwin systems
[10.540s] INFO:colcon.colcon_core.plugin_system:Skipping extension 'colcon_notification.desktop_notification.win32': Not used on non-Windows systems
[10.540s] INFO:colcon.colcon_notification.desktop_notification:Sending desktop notification using 'notify2'
[10.556s] DEBUG:colcon.colcon_core.event_reactor:joined thread
[10.591s] INFO:colcon.colcon_core.shell:Creating prefix script '/home/dustinhartnett/Documents/GitHub/ENPM702_Group2_Final/final702_ws/install/local_setup.ps1'
[10.593s] INFO:colcon.colcon_core.shell:Creating prefix util module '/home/dustinhartnett/Documents/GitHub/ENPM702_Group2_Final/final702_ws/install/_local_setup_util_ps1.py'
[10.594s] INFO:colcon.colcon_core.shell:Creating prefix chain script '/home/dustinhartnett/Documents/GitHub/ENPM702_Group2_Final/final702_ws/install/setup.ps1'
[10.626s] INFO:colcon.colcon_core.shell:Creating prefix script '/home/dustinhartnett/Documents/GitHub/ENPM702_Group2_Final/final702_ws/install/local_setup.sh'
[10.627s] INFO:colcon.colcon_core.shell:Creating prefix util module '/home/dustinhartnett/Documents/GitHub/ENPM702_Group2_Final/final702_ws/install/_local_setup_util_sh.py'
[10.627s] INFO:colcon.colcon_core.shell:Creating prefix chain script '/home/dustinhartnett/Documents/GitHub/ENPM702_Group2_Final/final702_ws/install/setup.sh'
[10.661s] INFO:colcon.colcon_core.shell:Creating prefix script '/home/dustinhartnett/Documents/GitHub/ENPM702_Group2_Final/final702_ws/install/local_setup.bash'
[10.661s] INFO:colcon.colcon_core.shell:Creating prefix chain script '/home/dustinhartnett/Documents/GitHub/ENPM702_Group2_Final/final702_ws/install/setup.bash'
[10.697s] INFO:colcon.colcon_core.shell:Creating prefix script '/home/dustinhartnett/Documents/GitHub/ENPM702_Group2_Final/final702_ws/install/local_setup.zsh'
[10.697s] INFO:colcon.colcon_core.shell:Creating prefix chain script '/home/dustinhartnett/Documents/GitHub/ENPM702_Group2_Final/final702_ws/install/setup.zsh'
