[0.091s] Invoking command in '/home/dustinhartnett/Documents/GitHub/ENPM702_Group2_Final/final702_ws/build/mage_msgs': CMAKE_PREFIX_PATH=${CMAKE_PREFIX_PATH}:/opt/ros/galactic /usr/bin/cmake /home/dustinhartnett/Documents/GitHub/ENPM702_Group2_Final/final702_ws/src/mage_msgs -DCMAKE_INSTALL_PREFIX=/home/dustinhartnett/Documents/GitHub/ENPM702_Group2_Final/final702_ws/install/mage_msgs
[0.165s] -- The C compiler identification is GNU 9.4.0
[0.200s] -- The CXX compiler identification is GNU 9.4.0
[0.205s] -- Check for working C compiler: /usr/bin/cc
[0.248s] -- Check for working C compiler: /usr/bin/cc -- works
[0.249s] -- Detecting C compiler ABI info
[0.291s] -- Detecting C compiler ABI info - done
[0.297s] -- Detecting C compile features
[0.298s] -- Detecting C compile features - done
[0.299s] -- Check for working CXX compiler: /usr/bin/c++
[0.347s] -- Check for working CXX compiler: /usr/bin/c++ -- works
[0.347s] -- Detecting CXX compiler ABI info
[0.394s] -- Detecting CXX compiler ABI info - done
[0.401s] -- Detecting CXX compile features
[0.401s] -- Detecting CXX compile features - done
[0.403s] -- Found ament_cmake: 1.1.6 (/opt/ros/galactic/share/ament_cmake/cmake)
[0.418s] -- Found PythonInterp: /usr/bin/python3 (found suitable version "3.8.10", minimum required is "3") 
[0.418s] -- Using PYTHON_EXECUTABLE: /usr/bin/python3
[0.466s] -- Found builtin_interfaces: 1.0.3 (/opt/ros/galactic/share/builtin_interfaces/cmake)
[0.483s] -- Using all available rosidl_typesupport_c: rosidl_typesupport_fastrtps_c;rosidl_typesupport_introspection_c
[0.488s] -- Found rosidl_adapter: 2.2.3 (/opt/ros/galactic/share/rosidl_adapter/cmake)
[0.536s] -- Found OpenSSL: /usr/lib/x86_64-linux-gnu/libcrypto.so (found version "1.1.1f")  
[0.553s] -- Found FastRTPS: /opt/ros/galactic/include  
[0.598s] -- Using all available rosidl_typesupport_cpp: rosidl_typesupport_fastrtps_cpp;rosidl_typesupport_introspection_cpp
[0.617s] -- Found std_msgs: 2.2.4 (/opt/ros/galactic/share/std_msgs/cmake)
[0.628s] -- Found geometry_msgs: 2.2.4 (/opt/ros/galactic/share/geometry_msgs/cmake)
[0.650s] -- Found rosidl_default_generators: 1.1.1 (/opt/ros/galactic/share/rosidl_default_generators/cmake)
[0.670s] -- Found PythonInterp: /usr/bin/python3 (found version "3.8.10") 
[0.816s] -- Found ament_cmake_cppcheck: 0.10.7 (/opt/ros/galactic/share/ament_cmake_cppcheck/cmake)
[0.817s] -- Found ament_cmake_cpplint: 0.10.7 (/opt/ros/galactic/share/ament_cmake_cpplint/cmake)
[0.819s] -- Found ament_cmake_uncrustify: 0.10.7 (/opt/ros/galactic/share/ament_cmake_uncrustify/cmake)
[0.820s] -- Found ament_cmake_ros: 0.9.2 (/opt/ros/galactic/share/ament_cmake_ros/cmake)
[0.973s] -- Using all available rosidl_typesupport_c: rosidl_typesupport_fastrtps_c;rosidl_typesupport_introspection_c
[1.043s] -- Using all available rosidl_typesupport_cpp: rosidl_typesupport_fastrtps_cpp;rosidl_typesupport_introspection_cpp
[1.060s] -- Found PythonInterp: /usr/bin/python3 (found suitable version "3.8.10", minimum required is "3.5") 
[1.061s] -- Found python_cmake_module: 0.8.1 (/opt/ros/galactic/share/python_cmake_module/cmake)
[1.077s] -- Found PythonLibs: /usr/lib/x86_64-linux-gnu/libpython3.8.so (found suitable version "3.8.10", minimum required is "3.5") 
[1.077s] -- Using PYTHON_EXECUTABLE: /usr/bin/python3
[1.077s] -- Using PYTHON_INCLUDE_DIRS: /usr/include/python3.8
[1.077s] -- Using PYTHON_LIBRARIES: /usr/lib/x86_64-linux-gnu/libpython3.8.so
[1.088s] -- Found PythonExtra: .so  
[1.134s] -- Found ament_cmake_flake8: 0.10.7 (/opt/ros/galactic/share/ament_cmake_flake8/cmake)
[1.136s] -- Found ament_cmake_pep257: 0.10.7 (/opt/ros/galactic/share/ament_cmake_pep257/cmake)
[1.142s] -- Configuring done
[1.187s] -- Generating done
[1.189s] -- Build files have been written to: /home/dustinhartnett/Documents/GitHub/ENPM702_Group2_Final/final702_ws/build/mage_msgs
[1.196s] Invoked command in '/home/dustinhartnett/Documents/GitHub/ENPM702_Group2_Final/final702_ws/build/mage_msgs' returned '0': CMAKE_PREFIX_PATH=${CMAKE_PREFIX_PATH}:/opt/ros/galactic /usr/bin/cmake /home/dustinhartnett/Documents/GitHub/ENPM702_Group2_Final/final702_ws/src/mage_msgs -DCMAKE_INSTALL_PREFIX=/home/dustinhartnett/Documents/GitHub/ENPM702_Group2_Final/final702_ws/install/mage_msgs
[1.196s] Invoking command in '/home/dustinhartnett/Documents/GitHub/ENPM702_Group2_Final/final702_ws/build/mage_msgs': CMAKE_PREFIX_PATH=${CMAKE_PREFIX_PATH}:/opt/ros/galactic /usr/bin/cmake --build /home/dustinhartnett/Documents/GitHub/ENPM702_Group2_Final/final702_ws/build/mage_msgs -- -j20 -l20
[1.220s] [35m[1mScanning dependencies of target mage_msgs__cpp[0m
[1.221s] [  1%] [34m[1mGenerating C code for ROS interfaces[0m
[1.227s] [  2%] [34m[1mGenerating C++ code for ROS interfaces[0m
[1.633s] [  2%] Built target mage_msgs__cpp
[1.645s] [  3%] [34m[1mGenerating C++ introspection for ROS interfaces[0m
[1.647s] [  4%] [34m[1mGenerating C++ type support dispatch for ROS interfaces[0m
[1.650s] [  5%] [34m[1mGenerating C++ type support for eProsima Fast-RTPS[0m
[1.660s] [35m[1mScanning dependencies of target mage_msgs__rosidl_generator_c[0m
[1.671s] [  8%] [32mBuilding C object CMakeFiles/mage_msgs__rosidl_generator_c.dir/rosidl_generator_c/mage_msgs/msg/detail/advanced_logical_camera_image__functions.c.o[0m
[1.671s] [  8%] [32mBuilding C object CMakeFiles/mage_msgs__rosidl_generator_c.dir/rosidl_generator_c/mage_msgs/msg/detail/part__functions.c.o[0m
[1.675s] [ 11%] [32mBuilding C object CMakeFiles/mage_msgs__rosidl_generator_c.dir/rosidl_generator_c/mage_msgs/msg/detail/marker_array__functions.c.o[0m
[1.676s] [ 11%] [32mBuilding C object CMakeFiles/mage_msgs__rosidl_generator_c.dir/rosidl_generator_c/mage_msgs/msg/detail/part_pose__functions.c.o[0m
[1.676s] [ 11%] [32mBuilding C object CMakeFiles/mage_msgs__rosidl_generator_c.dir/rosidl_generator_c/mage_msgs/msg/detail/sensors__functions.c.o[0m
[1.676s] [ 12%] [32mBuilding C object CMakeFiles/mage_msgs__rosidl_generator_c.dir/rosidl_generator_c/mage_msgs/msg/detail/marker__functions.c.o[0m
[1.676s] [ 13%] [32mBuilding C object CMakeFiles/mage_msgs__rosidl_generator_c.dir/rosidl_generator_c/mage_msgs/msg/detail/new_coordinates__functions.c.o[0m
[1.676s] [ 14%] [32mBuilding C object CMakeFiles/mage_msgs__rosidl_generator_c.dir/rosidl_generator_c/mage_msgs/action/detail/robot_target__functions.c.o[0m
[1.768s] [ 16%] [32m[1mLinking C shared library libmage_msgs__rosidl_generator_c.so[0m
[1.801s] [ 16%] Built target mage_msgs__rosidl_generator_c
[1.809s] [ 17%] [34m[1mGenerating C introspection for ROS interfaces[0m
[1.810s] [ 18%] [34m[1mGenerating C type support dispatch for ROS interfaces[0m
[1.933s] [35m[1mScanning dependencies of target mage_msgs__rosidl_typesupport_cpp[0m
[1.945s] [ 19%] [32mBuilding CXX object CMakeFiles/mage_msgs__rosidl_typesupport_cpp.dir/rosidl_typesupport_cpp/mage_msgs/msg/advanced_logical_camera_image__type_support.cpp.o[0m
[1.947s] [ 20%] [32mBuilding CXX object CMakeFiles/mage_msgs__rosidl_typesupport_cpp.dir/rosidl_typesupport_cpp/mage_msgs/msg/part__type_support.cpp.o[0m
[1.948s] [ 21%] [32mBuilding CXX object CMakeFiles/mage_msgs__rosidl_typesupport_cpp.dir/rosidl_typesupport_cpp/mage_msgs/msg/marker_array__type_support.cpp.o[0m
[1.948s] [ 22%] [32mBuilding CXX object CMakeFiles/mage_msgs__rosidl_typesupport_cpp.dir/rosidl_typesupport_cpp/mage_msgs/msg/sensors__type_support.cpp.o[0m
[1.949s] [ 24%] [32mBuilding CXX object CMakeFiles/mage_msgs__rosidl_typesupport_cpp.dir/rosidl_typesupport_cpp/mage_msgs/msg/part_pose__type_support.cpp.o[0m
[1.949s] [ 25%] [32mBuilding CXX object CMakeFiles/mage_msgs__rosidl_typesupport_cpp.dir/rosidl_typesupport_cpp/mage_msgs/msg/marker__type_support.cpp.o[0m
[1.949s] [ 26%] [32mBuilding CXX object CMakeFiles/mage_msgs__rosidl_typesupport_cpp.dir/rosidl_typesupport_cpp/mage_msgs/msg/new_coordinates__type_support.cpp.o[0m
[1.950s] [ 27%] [32mBuilding CXX object CMakeFiles/mage_msgs__rosidl_typesupport_cpp.dir/rosidl_typesupport_cpp/mage_msgs/action/robot_target__type_support.cpp.o[0m
[2.005s] [35m[1mScanning dependencies of target mage_msgs__rosidl_typesupport_introspection_cpp[0m
[2.027s] [ 29%] [32mBuilding CXX object CMakeFiles/mage_msgs__rosidl_typesupport_introspection_cpp.dir/rosidl_typesupport_introspection_cpp/mage_msgs/msg/detail/part_pose__type_support.cpp.o[0m
[2.027s] [ 29%] [32mBuilding CXX object CMakeFiles/mage_msgs__rosidl_typesupport_introspection_cpp.dir/rosidl_typesupport_introspection_cpp/mage_msgs/msg/detail/advanced_logical_camera_image__type_support.cpp.o[0m
[2.027s] [ 32%] [32mBuilding CXX object CMakeFiles/mage_msgs__rosidl_typesupport_introspection_cpp.dir/rosidl_typesupport_introspection_cpp/mage_msgs/msg/detail/sensors__type_support.cpp.o[0m
[2.027s] [ 32%] [32mBuilding CXX object CMakeFiles/mage_msgs__rosidl_typesupport_introspection_cpp.dir/rosidl_typesupport_introspection_cpp/mage_msgs/msg/detail/marker__type_support.cpp.o[0m
[2.027s] [ 33%] [32mBuilding CXX object CMakeFiles/mage_msgs__rosidl_typesupport_introspection_cpp.dir/rosidl_typesupport_introspection_cpp/mage_msgs/msg/detail/part__type_support.cpp.o[0m
[2.028s] [ 34%] [32mBuilding CXX object CMakeFiles/mage_msgs__rosidl_typesupport_introspection_cpp.dir/rosidl_typesupport_introspection_cpp/mage_msgs/msg/detail/marker_array__type_support.cpp.o[0m
[2.028s] [ 35%] [32mBuilding CXX object CMakeFiles/mage_msgs__rosidl_typesupport_introspection_cpp.dir/rosidl_typesupport_introspection_cpp/mage_msgs/msg/detail/new_coordinates__type_support.cpp.o[0m
[2.060s] [ 36%] [32mBuilding CXX object CMakeFiles/mage_msgs__rosidl_typesupport_introspection_cpp.dir/rosidl_typesupport_introspection_cpp/mage_msgs/action/detail/robot_target__type_support.cpp.o[0m
[2.148s] [35m[1mScanning dependencies of target mage_msgs__rosidl_typesupport_fastrtps_cpp[0m
[2.211s] [ 37%] [32mBuilding CXX object CMakeFiles/mage_msgs__rosidl_typesupport_fastrtps_cpp.dir/rosidl_typesupport_fastrtps_cpp/mage_msgs/msg/detail/dds_fastrtps/advanced_logical_camera_image__type_support.cpp.o[0m
[2.222s] [ 39%] [32mBuilding CXX object CMakeFiles/mage_msgs__rosidl_typesupport_fastrtps_cpp.dir/rosidl_typesupport_fastrtps_cpp/mage_msgs/msg/detail/dds_fastrtps/part__type_support.cpp.o[0m
[2.231s] [35m[1mScanning dependencies of target mage_msgs__rosidl_typesupport_c[0m
[2.231s] [ 40%] [32mBuilding CXX object CMakeFiles/mage_msgs__rosidl_typesupport_fastrtps_cpp.dir/rosidl_typesupport_fastrtps_cpp/mage_msgs/msg/detail/dds_fastrtps/part_pose__type_support.cpp.o[0m
[2.241s] [ 41%] [32mBuilding CXX object CMakeFiles/mage_msgs__rosidl_typesupport_fastrtps_cpp.dir/rosidl_typesupport_fastrtps_cpp/mage_msgs/msg/detail/dds_fastrtps/sensors__type_support.cpp.o[0m
[2.248s] [ 42%] [32mBuilding CXX object CMakeFiles/mage_msgs__rosidl_typesupport_fastrtps_cpp.dir/rosidl_typesupport_fastrtps_cpp/mage_msgs/msg/detail/dds_fastrtps/marker__type_support.cpp.o[0m
[2.260s] [ 43%] [32mBuilding CXX object CMakeFiles/mage_msgs__rosidl_typesupport_fastrtps_cpp.dir/rosidl_typesupport_fastrtps_cpp/mage_msgs/msg/detail/dds_fastrtps/marker_array__type_support.cpp.o[0m
[2.265s] [ 44%] [32mBuilding CXX object CMakeFiles/mage_msgs__rosidl_typesupport_c.dir/rosidl_typesupport_c/mage_msgs/msg/advanced_logical_camera_image__type_support.cpp.o[0m
[2.330s] [ 45%] [32mBuilding CXX object CMakeFiles/mage_msgs__rosidl_typesupport_c.dir/rosidl_typesupport_c/mage_msgs/msg/part__type_support.cpp.o[0m
[2.332s] [ 47%] [32mBuilding CXX object CMakeFiles/mage_msgs__rosidl_typesupport_c.dir/rosidl_typesupport_c/mage_msgs/msg/part_pose__type_support.cpp.o[0m
[2.337s] [ 48%] [32mBuilding CXX object CMakeFiles/mage_msgs__rosidl_typesupport_fastrtps_cpp.dir/rosidl_typesupport_fastrtps_cpp/mage_msgs/msg/detail/dds_fastrtps/new_coordinates__type_support.cpp.o[0m
[2.347s] [ 49%] [32mBuilding CXX object CMakeFiles/mage_msgs__rosidl_typesupport_c.dir/rosidl_typesupport_c/mage_msgs/msg/sensors__type_support.cpp.o[0m
[2.372s] [ 50%] [32mBuilding CXX object CMakeFiles/mage_msgs__rosidl_typesupport_c.dir/rosidl_typesupport_c/mage_msgs/msg/marker__type_support.cpp.o[0m
[2.379s] [ 51%] [32mBuilding CXX object CMakeFiles/mage_msgs__rosidl_typesupport_c.dir/rosidl_typesupport_c/mage_msgs/msg/marker_array__type_support.cpp.o[0m
[2.387s] [ 52%] [32mBuilding CXX object CMakeFiles/mage_msgs__rosidl_typesupport_c.dir/rosidl_typesupport_c/mage_msgs/msg/new_coordinates__type_support.cpp.o[0m
[2.390s] [ 54%] [32mBuilding CXX object CMakeFiles/mage_msgs__rosidl_typesupport_c.dir/rosidl_typesupport_c/mage_msgs/action/robot_target__type_support.cpp.o[0m
[2.392s] [ 55%] [32mBuilding CXX object CMakeFiles/mage_msgs__rosidl_typesupport_fastrtps_cpp.dir/rosidl_typesupport_fastrtps_cpp/mage_msgs/action/detail/dds_fastrtps/robot_target__type_support.cpp.o[0m
[2.458s] [ 56%] [32m[1mLinking CXX shared library libmage_msgs__rosidl_typesupport_c.so[0m
[2.471s] [35m[1mScanning dependencies of target mage_msgs__rosidl_typesupport_introspection_c[0m
[2.495s] [ 58%] [32mBuilding C object CMakeFiles/mage_msgs__rosidl_typesupport_introspection_c.dir/rosidl_typesupport_introspection_c/mage_msgs/msg/detail/advanced_logical_camera_image__type_support.c.o[0m
[2.495s] [ 60%] [32mBuilding C object CMakeFiles/mage_msgs__rosidl_typesupport_introspection_c.dir/rosidl_typesupport_introspection_c/mage_msgs/msg/detail/marker_array__type_support.c.o[0m
[2.495s] [ 60%] [32mBuilding C object CMakeFiles/mage_msgs__rosidl_typesupport_introspection_c.dir/rosidl_typesupport_introspection_c/mage_msgs/msg/detail/part__type_support.c.o[0m
[2.496s] [ 60%] [32mBuilding C object CMakeFiles/mage_msgs__rosidl_typesupport_introspection_c.dir/rosidl_typesupport_introspection_c/mage_msgs/msg/detail/sensors__type_support.c.o[0m
[2.496s] [ 62%] [32mBuilding C object CMakeFiles/mage_msgs__rosidl_typesupport_introspection_c.dir/rosidl_typesupport_introspection_c/mage_msgs/action/detail/robot_target__type_support.c.o[0m
[2.498s] [ 63%] [32mBuilding C object CMakeFiles/mage_msgs__rosidl_typesupport_introspection_c.dir/rosidl_typesupport_introspection_c/mage_msgs/msg/detail/part_pose__type_support.c.o[0m
[2.512s] [ 64%] [32mBuilding C object CMakeFiles/mage_msgs__rosidl_typesupport_introspection_c.dir/rosidl_typesupport_introspection_c/mage_msgs/msg/detail/marker__type_support.c.o[0m
[2.514s] [ 65%] [32mBuilding C object CMakeFiles/mage_msgs__rosidl_typesupport_introspection_c.dir/rosidl_typesupport_introspection_c/mage_msgs/msg/detail/new_coordinates__type_support.c.o[0m
[2.543s] [ 65%] Built target mage_msgs__rosidl_typesupport_c
[2.574s] [ 66%] [32m[1mLinking C shared library libmage_msgs__rosidl_typesupport_introspection_c.so[0m
[2.612s] [ 67%] [32m[1mLinking CXX shared library libmage_msgs__rosidl_typesupport_cpp.so[0m
[2.623s] [ 67%] Built target mage_msgs__rosidl_typesupport_introspection_c
[2.649s] [ 67%] Built target mage_msgs__rosidl_typesupport_cpp
[2.697s] [ 68%] [32m[1mLinking CXX shared library libmage_msgs__rosidl_typesupport_introspection_cpp.so[0m
[2.748s] [ 68%] Built target mage_msgs__rosidl_typesupport_introspection_cpp
[2.798s] [ 70%] [32m[1mLinking CXX shared library libmage_msgs__rosidl_typesupport_fastrtps_cpp.so[0m
[2.855s] [ 70%] Built target mage_msgs__rosidl_typesupport_fastrtps_cpp
[2.863s] [ 71%] [34m[1mGenerating C type support for eProsima Fast-RTPS[0m
[3.216s] [35m[1mScanning dependencies of target mage_msgs__rosidl_typesupport_fastrtps_c[0m
[3.234s] [ 72%] [32mBuilding CXX object CMakeFiles/mage_msgs__rosidl_typesupport_fastrtps_c.dir/rosidl_typesupport_fastrtps_c/mage_msgs/msg/detail/advanced_logical_camera_image__type_support_c.cpp.o[0m
[3.234s] [ 74%] [32mBuilding CXX object CMakeFiles/mage_msgs__rosidl_typesupport_fastrtps_c.dir/rosidl_typesupport_fastrtps_c/mage_msgs/msg/detail/part_pose__type_support_c.cpp.o[0m
[3.235s] [ 74%] [32mBuilding CXX object CMakeFiles/mage_msgs__rosidl_typesupport_fastrtps_c.dir/rosidl_typesupport_fastrtps_c/mage_msgs/msg/detail/part__type_support_c.cpp.o[0m
[3.235s] [ 75%] [32mBuilding CXX object CMakeFiles/mage_msgs__rosidl_typesupport_fastrtps_c.dir/rosidl_typesupport_fastrtps_c/mage_msgs/msg/detail/sensors__type_support_c.cpp.o[0m
[3.236s] [ 77%] [32mBuilding CXX object CMakeFiles/mage_msgs__rosidl_typesupport_fastrtps_c.dir/rosidl_typesupport_fastrtps_c/mage_msgs/msg/detail/new_coordinates__type_support_c.cpp.o[0m
[3.237s] [ 78%] [32mBuilding CXX object CMakeFiles/mage_msgs__rosidl_typesupport_fastrtps_c.dir/rosidl_typesupport_fastrtps_c/mage_msgs/msg/detail/marker_array__type_support_c.cpp.o[0m
[3.237s] [ 79%] [32mBuilding CXX object CMakeFiles/mage_msgs__rosidl_typesupport_fastrtps_c.dir/rosidl_typesupport_fastrtps_c/mage_msgs/action/detail/robot_target__type_support_c.cpp.o[0m
[3.238s] [ 80%] [32mBuilding CXX object CMakeFiles/mage_msgs__rosidl_typesupport_fastrtps_c.dir/rosidl_typesupport_fastrtps_c/mage_msgs/msg/detail/marker__type_support_c.cpp.o[0m
[3.530s] [ 81%] [32m[1mLinking CXX shared library libmage_msgs__rosidl_typesupport_fastrtps_c.so[0m
[3.584s] [ 81%] Built target mage_msgs__rosidl_typesupport_fastrtps_c
[3.589s] [35m[1mScanning dependencies of target mage_msgs[0m
[3.596s] [ 81%] Built target mage_msgs
[3.602s] [35m[1mScanning dependencies of target mage_msgs__py[0m
[3.610s] [ 82%] [34m[1mGenerating Python code for ROS interfaces[0m
[4.380s] [ 82%] Built target mage_msgs__py
[4.386s] [35m[1mScanning dependencies of target mage_msgs__python[0m
[4.421s] [ 86%] [32mBuilding C object CMakeFiles/mage_msgs__python.dir/rosidl_generator_py/mage_msgs/msg/_part_s.c.o[0m
[4.421s] [ 86%] [32mBuilding C object CMakeFiles/mage_msgs__python.dir/rosidl_generator_py/mage_msgs/msg/_advanced_logical_camera_image_s.c.o[0m
[4.421s] [ 86%] [32mBuilding C object CMakeFiles/mage_msgs__python.dir/rosidl_generator_py/mage_msgs/msg/_part_pose_s.c.o[0m
[4.424s] [ 87%] [32mBuilding C object CMakeFiles/mage_msgs__python.dir/rosidl_generator_py/mage_msgs/msg/_sensors_s.c.o[0m
[4.424s] [ 88%] [32mBuilding C object CMakeFiles/mage_msgs__python.dir/rosidl_generator_py/mage_msgs/msg/_marker_s.c.o[0m
[4.424s] [ 89%] [32mBuilding C object CMakeFiles/mage_msgs__python.dir/rosidl_generator_py/mage_msgs/msg/_marker_array_s.c.o[0m
[4.425s] [ 90%] [32mBuilding C object CMakeFiles/mage_msgs__python.dir/rosidl_generator_py/mage_msgs/msg/_new_coordinates_s.c.o[0m
[4.425s] [ 91%] [32mBuilding C object CMakeFiles/mage_msgs__python.dir/rosidl_generator_py/mage_msgs/action/_robot_target_s.c.o[0m
[4.513s] [ 93%] [32m[1mLinking C shared library rosidl_generator_py/mage_msgs/libmage_msgs__python.so[0m
[4.542s] [ 93%] Built target mage_msgs__python
[4.548s] [35m[1mScanning dependencies of target mage_msgs__rosidl_typesupport_introspection_c__pyext[0m
[4.548s] [35m[1mScanning dependencies of target mage_msgs__rosidl_typesupport_c__pyext[0m
[4.548s] [35m[1mScanning dependencies of target mage_msgs__rosidl_typesupport_fastrtps_c__pyext[0m
[4.560s] [ 95%] [32mBuilding C object CMakeFiles/mage_msgs__rosidl_typesupport_introspection_c__pyext.dir/rosidl_generator_py/mage_msgs/_mage_msgs_s.ep.rosidl_typesupport_introspection_c.c.o[0m
[4.560s] [ 95%] [32mBuilding C object CMakeFiles/mage_msgs__rosidl_typesupport_c__pyext.dir/rosidl_generator_py/mage_msgs/_mage_msgs_s.ep.rosidl_typesupport_c.c.o[0m
[4.562s] [ 96%] [32mBuilding C object CMakeFiles/mage_msgs__rosidl_typesupport_fastrtps_c__pyext.dir/rosidl_generator_py/mage_msgs/_mage_msgs_s.ep.rosidl_typesupport_fastrtps_c.c.o[0m
[4.638s] [ 98%] [32m[1mLinking C shared library rosidl_generator_py/mage_msgs/mage_msgs_s__rosidl_typesupport_c.cpython-38-x86_64-linux-gnu.so[0m
[4.639s] [ 98%] [32m[1mLinking C shared library rosidl_generator_py/mage_msgs/mage_msgs_s__rosidl_typesupport_introspection_c.cpython-38-x86_64-linux-gnu.so[0m
[4.639s] [100%] [32m[1mLinking CXX shared library rosidl_generator_py/mage_msgs/mage_msgs_s__rosidl_typesupport_fastrtps_c.cpython-38-x86_64-linux-gnu.so[0m
[4.669s] [100%] Built target mage_msgs__rosidl_typesupport_introspection_c__pyext
[4.669s] [100%] Built target mage_msgs__rosidl_typesupport_c__pyext
[4.691s] [100%] Built target mage_msgs__rosidl_typesupport_fastrtps_c__pyext
[4.700s] Invoked command in '/home/dustinhartnett/Documents/GitHub/ENPM702_Group2_Final/final702_ws/build/mage_msgs' returned '0': CMAKE_PREFIX_PATH=${CMAKE_PREFIX_PATH}:/opt/ros/galactic /usr/bin/cmake --build /home/dustinhartnett/Documents/GitHub/ENPM702_Group2_Final/final702_ws/build/mage_msgs -- -j20 -l20
[4.809s] Invoking command in '/home/dustinhartnett/Documents/GitHub/ENPM702_Group2_Final/final702_ws/build/mage_msgs': CMAKE_PREFIX_PATH=${CMAKE_PREFIX_PATH}:/opt/ros/galactic /usr/bin/cmake --install /home/dustinhartnett/Documents/GitHub/ENPM702_Group2_Final/final702_ws/build/mage_msgs
[4.817s] -- Install configuration: ""
[4.817s] -- Installing: /home/dustinhartnett/Documents/GitHub/ENPM702_Group2_Final/final702_ws/install/mage_msgs/share/ament_index/resource_index/rosidl_interfaces/mage_msgs
[4.817s] -- Installing: /home/dustinhartnett/Documents/GitHub/ENPM702_Group2_Final/final702_ws/install/mage_msgs/include/mage_msgs
[4.817s] -- Installing: /home/dustinhartnett/Documents/GitHub/ENPM702_Group2_Final/final702_ws/install/mage_msgs/include/mage_msgs/msg
[4.817s] -- Installing: /home/dustinhartnett/Documents/GitHub/ENPM702_Group2_Final/final702_ws/install/mage_msgs/include/mage_msgs/msg/part_pose.h
[4.817s] -- Installing: /home/dustinhartnett/Documents/GitHub/ENPM702_Group2_Final/final702_ws/install/mage_msgs/include/mage_msgs/msg/marker_array.h
[4.817s] -- Installing: /home/dustinhartnett/Documents/GitHub/ENPM702_Group2_Final/final702_ws/install/mage_msgs/include/mage_msgs/msg/part.h
[4.817s] -- Installing: /home/dustinhartnett/Documents/GitHub/ENPM702_Group2_Final/final702_ws/install/mage_msgs/include/mage_msgs/msg/rosidl_generator_c__visibility_control.h
[4.817s] -- Installing: /home/dustinhartnett/Documents/GitHub/ENPM702_Group2_Final/final702_ws/install/mage_msgs/include/mage_msgs/msg/sensors.h
[4.818s] -- Installing: /home/dustinhartnett/Documents/GitHub/ENPM702_Group2_Final/final702_ws/install/mage_msgs/include/mage_msgs/msg/detail
[4.818s] -- Installing: /home/dustinhartnett/Documents/GitHub/ENPM702_Group2_Final/final702_ws/install/mage_msgs/include/mage_msgs/msg/detail/sensors__type_support.h
[4.818s] -- Installing: /home/dustinhartnett/Documents/GitHub/ENPM702_Group2_Final/final702_ws/install/mage_msgs/include/mage_msgs/msg/detail/marker__struct.h
[4.818s] -- Installing: /home/dustinhartnett/Documents/GitHub/ENPM702_Group2_Final/final702_ws/install/mage_msgs/include/mage_msgs/msg/detail/marker__functions.c
[4.818s] -- Installing: /home/dustinhartnett/Documents/GitHub/ENPM702_Group2_Final/final702_ws/install/mage_msgs/include/mage_msgs/msg/detail/marker__type_support.h
[4.818s] -- Installing: /home/dustinhartnett/Documents/GitHub/ENPM702_Group2_Final/final702_ws/install/mage_msgs/include/mage_msgs/msg/detail/sensors__functions.h
[4.818s] -- Installing: /home/dustinhartnett/Documents/GitHub/ENPM702_Group2_Final/final702_ws/install/mage_msgs/include/mage_msgs/msg/detail/marker__functions.h
[4.818s] -- Installing: /home/dustinhartnett/Documents/GitHub/ENPM702_Group2_Final/final702_ws/install/mage_msgs/include/mage_msgs/msg/detail/new_coordinates__struct.h
[4.818s] -- Installing: /home/dustinhartnett/Documents/GitHub/ENPM702_Group2_Final/final702_ws/install/mage_msgs/include/mage_msgs/msg/detail/marker_array__functions.h
[4.818s] -- Installing: /home/dustinhartnett/Documents/GitHub/ENPM702_Group2_Final/final702_ws/install/mage_msgs/include/mage_msgs/msg/detail/sensors__functions.c
[4.818s] -- Installing: /home/dustinhartnett/Documents/GitHub/ENPM702_Group2_Final/final702_ws/install/mage_msgs/include/mage_msgs/msg/detail/part__type_support.h
[4.818s] -- Installing: /home/dustinhartnett/Documents/GitHub/ENPM702_Group2_Final/final702_ws/install/mage_msgs/include/mage_msgs/msg/detail/advanced_logical_camera_image__functions.c
[4.818s] -- Installing: /home/dustinhartnett/Documents/GitHub/ENPM702_Group2_Final/final702_ws/install/mage_msgs/include/mage_msgs/msg/detail/advanced_logical_camera_image__functions.h
[4.819s] -- Installing: /home/dustinhartnett/Documents/GitHub/ENPM702_Group2_Final/final702_ws/install/mage_msgs/include/mage_msgs/msg/detail/advanced_logical_camera_image__struct.h
[4.819s] -- Installing: /home/dustinhartnett/Documents/GitHub/ENPM702_Group2_Final/final702_ws/install/mage_msgs/include/mage_msgs/msg/detail/part_pose__functions.h
[4.819s] -- Installing: /home/dustinhartnett/Documents/GitHub/ENPM702_Group2_Final/final702_ws/install/mage_msgs/include/mage_msgs/msg/detail/part_pose__type_support.h
[4.819s] -- Installing: /home/dustinhartnett/Documents/GitHub/ENPM702_Group2_Final/final702_ws/install/mage_msgs/include/mage_msgs/msg/detail/part_pose__functions.c
[4.819s] -- Installing: /home/dustinhartnett/Documents/GitHub/ENPM702_Group2_Final/final702_ws/install/mage_msgs/include/mage_msgs/msg/detail/part__struct.h
[4.819s] -- Installing: /home/dustinhartnett/Documents/GitHub/ENPM702_Group2_Final/final702_ws/install/mage_msgs/include/mage_msgs/msg/detail/advanced_logical_camera_image__type_support.h
[4.819s] -- Installing: /home/dustinhartnett/Documents/GitHub/ENPM702_Group2_Final/final702_ws/install/mage_msgs/include/mage_msgs/msg/detail/part_pose__struct.h
[4.819s] -- Installing: /home/dustinhartnett/Documents/GitHub/ENPM702_Group2_Final/final702_ws/install/mage_msgs/include/mage_msgs/msg/detail/new_coordinates__functions.c
[4.819s] -- Installing: /home/dustinhartnett/Documents/GitHub/ENPM702_Group2_Final/final702_ws/install/mage_msgs/include/mage_msgs/msg/detail/sensors__struct.h
[4.819s] -- Installing: /home/dustinhartnett/Documents/GitHub/ENPM702_Group2_Final/final702_ws/install/mage_msgs/include/mage_msgs/msg/detail/part__functions.c
[4.819s] -- Installing: /home/dustinhartnett/Documents/GitHub/ENPM702_Group2_Final/final702_ws/install/mage_msgs/include/mage_msgs/msg/detail/new_coordinates__functions.h
[4.819s] -- Installing: /home/dustinhartnett/Documents/GitHub/ENPM702_Group2_Final/final702_ws/install/mage_msgs/include/mage_msgs/msg/detail/marker_array__type_support.h
[4.819s] -- Installing: /home/dustinhartnett/Documents/GitHub/ENPM702_Group2_Final/final702_ws/install/mage_msgs/include/mage_msgs/msg/detail/marker_array__functions.c
[4.819s] -- Installing: /home/dustinhartnett/Documents/GitHub/ENPM702_Group2_Final/final702_ws/install/mage_msgs/include/mage_msgs/msg/detail/marker_array__struct.h
[4.819s] -- Installing: /home/dustinhartnett/Documents/GitHub/ENPM702_Group2_Final/final702_ws/install/mage_msgs/include/mage_msgs/msg/detail/new_coordinates__type_support.h
[4.819s] -- Installing: /home/dustinhartnett/Documents/GitHub/ENPM702_Group2_Final/final702_ws/install/mage_msgs/include/mage_msgs/msg/detail/part__functions.h
[4.819s] -- Installing: /home/dustinhartnett/Documents/GitHub/ENPM702_Group2_Final/final702_ws/install/mage_msgs/include/mage_msgs/msg/advanced_logical_camera_image.h
[4.819s] -- Installing: /home/dustinhartnett/Documents/GitHub/ENPM702_Group2_Final/final702_ws/install/mage_msgs/include/mage_msgs/msg/marker.h
[4.820s] -- Installing: /home/dustinhartnett/Documents/GitHub/ENPM702_Group2_Final/final702_ws/install/mage_msgs/include/mage_msgs/msg/new_coordinates.h
[4.820s] -- Installing: /home/dustinhartnett/Documents/GitHub/ENPM702_Group2_Final/final702_ws/install/mage_msgs/include/mage_msgs/action
[4.820s] -- Installing: /home/dustinhartnett/Documents/GitHub/ENPM702_Group2_Final/final702_ws/install/mage_msgs/include/mage_msgs/action/detail
[4.820s] -- Installing: /home/dustinhartnett/Documents/GitHub/ENPM702_Group2_Final/final702_ws/install/mage_msgs/include/mage_msgs/action/detail/robot_target__functions.h
[4.820s] -- Installing: /home/dustinhartnett/Documents/GitHub/ENPM702_Group2_Final/final702_ws/install/mage_msgs/include/mage_msgs/action/detail/robot_target__struct.h
[4.820s] -- Installing: /home/dustinhartnett/Documents/GitHub/ENPM702_Group2_Final/final702_ws/install/mage_msgs/include/mage_msgs/action/detail/robot_target__functions.c
[4.820s] -- Installing: /home/dustinhartnett/Documents/GitHub/ENPM702_Group2_Final/final702_ws/install/mage_msgs/include/mage_msgs/action/detail/robot_target__type_support.h
[4.820s] -- Installing: /home/dustinhartnett/Documents/GitHub/ENPM702_Group2_Final/final702_ws/install/mage_msgs/include/mage_msgs/action/robot_target.h
[4.820s] -- Installing: /home/dustinhartnett/Documents/GitHub/ENPM702_Group2_Final/final702_ws/install/mage_msgs/share/mage_msgs/environment/library_path.sh
[4.820s] -- Installing: /home/dustinhartnett/Documents/GitHub/ENPM702_Group2_Final/final702_ws/install/mage_msgs/share/mage_msgs/environment/library_path.dsv
[4.820s] -- Installing: /home/dustinhartnett/Documents/GitHub/ENPM702_Group2_Final/final702_ws/install/mage_msgs/lib/libmage_msgs__rosidl_generator_c.so
[4.820s] -- Set runtime path of "/home/dustinhartnett/Documents/GitHub/ENPM702_Group2_Final/final702_ws/install/mage_msgs/lib/libmage_msgs__rosidl_generator_c.so" to ""
[4.820s] -- Up-to-date: /home/dustinhartnett/Documents/GitHub/ENPM702_Group2_Final/final702_ws/install/mage_msgs/include/mage_msgs
[4.820s] -- Up-to-date: /home/dustinhartnett/Documents/GitHub/ENPM702_Group2_Final/final702_ws/install/mage_msgs/include/mage_msgs/msg
[4.820s] -- Installing: /home/dustinhartnett/Documents/GitHub/ENPM702_Group2_Final/final702_ws/install/mage_msgs/include/mage_msgs/msg/rosidl_typesupport_fastrtps_c__visibility_control.h
[4.820s] -- Up-to-date: /home/dustinhartnett/Documents/GitHub/ENPM702_Group2_Final/final702_ws/install/mage_msgs/include/mage_msgs/msg/detail
[4.820s] -- Installing: /home/dustinhartnett/Documents/GitHub/ENPM702_Group2_Final/final702_ws/install/mage_msgs/include/mage_msgs/msg/detail/marker__rosidl_typesupport_fastrtps_c.h
[4.820s] -- Installing: /home/dustinhartnett/Documents/GitHub/ENPM702_Group2_Final/final702_ws/install/mage_msgs/include/mage_msgs/msg/detail/new_coordinates__rosidl_typesupport_fastrtps_c.h
[4.820s] -- Installing: /home/dustinhartnett/Documents/GitHub/ENPM702_Group2_Final/final702_ws/install/mage_msgs/include/mage_msgs/msg/detail/sensors__rosidl_typesupport_fastrtps_c.h
[4.820s] -- Installing: /home/dustinhartnett/Documents/GitHub/ENPM702_Group2_Final/final702_ws/install/mage_msgs/include/mage_msgs/msg/detail/advanced_logical_camera_image__rosidl_typesupport_fastrtps_c.h
[4.821s] -- Installing: /home/dustinhartnett/Documents/GitHub/ENPM702_Group2_Final/final702_ws/install/mage_msgs/include/mage_msgs/msg/detail/part__rosidl_typesupport_fastrtps_c.h
[4.821s] -- Installing: /home/dustinhartnett/Documents/GitHub/ENPM702_Group2_Final/final702_ws/install/mage_msgs/include/mage_msgs/msg/detail/marker_array__rosidl_typesupport_fastrtps_c.h
[4.821s] -- Installing: /home/dustinhartnett/Documents/GitHub/ENPM702_Group2_Final/final702_ws/install/mage_msgs/include/mage_msgs/msg/detail/part_pose__rosidl_typesupport_fastrtps_c.h
[4.821s] -- Up-to-date: /home/dustinhartnett/Documents/GitHub/ENPM702_Group2_Final/final702_ws/install/mage_msgs/include/mage_msgs/action
[4.821s] -- Up-to-date: /home/dustinhartnett/Documents/GitHub/ENPM702_Group2_Final/final702_ws/install/mage_msgs/include/mage_msgs/action/detail
[4.821s] -- Installing: /home/dustinhartnett/Documents/GitHub/ENPM702_Group2_Final/final702_ws/install/mage_msgs/include/mage_msgs/action/detail/robot_target__rosidl_typesupport_fastrtps_c.h
[4.821s] -- Installing: /home/dustinhartnett/Documents/GitHub/ENPM702_Group2_Final/final702_ws/install/mage_msgs/lib/libmage_msgs__rosidl_typesupport_fastrtps_c.so
[4.821s] -- Set runtime path of "/home/dustinhartnett/Documents/GitHub/ENPM702_Group2_Final/final702_ws/install/mage_msgs/lib/libmage_msgs__rosidl_typesupport_fastrtps_c.so" to ""
[4.821s] -- Up-to-date: /home/dustinhartnett/Documents/GitHub/ENPM702_Group2_Final/final702_ws/install/mage_msgs/include/mage_msgs
[4.821s] -- Up-to-date: /home/dustinhartnett/Documents/GitHub/ENPM702_Group2_Final/final702_ws/install/mage_msgs/include/mage_msgs/msg
[4.821s] -- Up-to-date: /home/dustinhartnett/Documents/GitHub/ENPM702_Group2_Final/final702_ws/install/mage_msgs/include/mage_msgs/msg/detail
[4.821s] -- Installing: /home/dustinhartnett/Documents/GitHub/ENPM702_Group2_Final/final702_ws/install/mage_msgs/include/mage_msgs/msg/detail/part_pose__rosidl_typesupport_fastrtps_cpp.hpp
[4.821s] -- Installing: /home/dustinhartnett/Documents/GitHub/ENPM702_Group2_Final/final702_ws/install/mage_msgs/include/mage_msgs/msg/detail/marker__rosidl_typesupport_fastrtps_cpp.hpp
[4.821s] -- Installing: /home/dustinhartnett/Documents/GitHub/ENPM702_Group2_Final/final702_ws/install/mage_msgs/include/mage_msgs/msg/detail/sensors__rosidl_typesupport_fastrtps_cpp.hpp
[4.821s] -- Installing: /home/dustinhartnett/Documents/GitHub/ENPM702_Group2_Final/final702_ws/install/mage_msgs/include/mage_msgs/msg/detail/advanced_logical_camera_image__rosidl_typesupport_fastrtps_cpp.hpp
[4.821s] -- Installing: /home/dustinhartnett/Documents/GitHub/ENPM702_Group2_Final/final702_ws/install/mage_msgs/include/mage_msgs/msg/detail/part__rosidl_typesupport_fastrtps_cpp.hpp
[4.821s] -- Installing: /home/dustinhartnett/Documents/GitHub/ENPM702_Group2_Final/final702_ws/install/mage_msgs/include/mage_msgs/msg/detail/marker_array__rosidl_typesupport_fastrtps_cpp.hpp
[4.821s] -- Installing: /home/dustinhartnett/Documents/GitHub/ENPM702_Group2_Final/final702_ws/install/mage_msgs/include/mage_msgs/msg/detail/dds_fastrtps
[4.821s] -- Installing: /home/dustinhartnett/Documents/GitHub/ENPM702_Group2_Final/final702_ws/install/mage_msgs/include/mage_msgs/msg/detail/new_coordinates__rosidl_typesupport_fastrtps_cpp.hpp
[4.821s] -- Installing: /home/dustinhartnett/Documents/GitHub/ENPM702_Group2_Final/final702_ws/install/mage_msgs/include/mage_msgs/msg/rosidl_typesupport_fastrtps_cpp__visibility_control.h
[4.821s] -- Up-to-date: /home/dustinhartnett/Documents/GitHub/ENPM702_Group2_Final/final702_ws/install/mage_msgs/include/mage_msgs/action
[4.822s] -- Up-to-date: /home/dustinhartnett/Documents/GitHub/ENPM702_Group2_Final/final702_ws/install/mage_msgs/include/mage_msgs/action/detail
[4.822s] -- Installing: /home/dustinhartnett/Documents/GitHub/ENPM702_Group2_Final/final702_ws/install/mage_msgs/include/mage_msgs/action/detail/robot_target__rosidl_typesupport_fastrtps_cpp.hpp
[4.822s] -- Installing: /home/dustinhartnett/Documents/GitHub/ENPM702_Group2_Final/final702_ws/install/mage_msgs/include/mage_msgs/action/detail/dds_fastrtps
[4.822s] -- Installing: /home/dustinhartnett/Documents/GitHub/ENPM702_Group2_Final/final702_ws/install/mage_msgs/lib/libmage_msgs__rosidl_typesupport_fastrtps_cpp.so
[4.822s] -- Set runtime path of "/home/dustinhartnett/Documents/GitHub/ENPM702_Group2_Final/final702_ws/install/mage_msgs/lib/libmage_msgs__rosidl_typesupport_fastrtps_cpp.so" to ""
[4.822s] -- Up-to-date: /home/dustinhartnett/Documents/GitHub/ENPM702_Group2_Final/final702_ws/install/mage_msgs/include/mage_msgs
[4.822s] -- Up-to-date: /home/dustinhartnett/Documents/GitHub/ENPM702_Group2_Final/final702_ws/install/mage_msgs/include/mage_msgs/msg
[4.822s] -- Installing: /home/dustinhartnett/Documents/GitHub/ENPM702_Group2_Final/final702_ws/install/mage_msgs/include/mage_msgs/msg/rosidl_typesupport_introspection_c__visibility_control.h
[4.822s] -- Up-to-date: /home/dustinhartnett/Documents/GitHub/ENPM702_Group2_Final/final702_ws/install/mage_msgs/include/mage_msgs/msg/detail
[4.822s] -- Installing: /home/dustinhartnett/Documents/GitHub/ENPM702_Group2_Final/final702_ws/install/mage_msgs/include/mage_msgs/msg/detail/marker__rosidl_typesupport_introspection_c.h
[4.822s] -- Installing: /home/dustinhartnett/Documents/GitHub/ENPM702_Group2_Final/final702_ws/install/mage_msgs/include/mage_msgs/msg/detail/part__rosidl_typesupport_introspection_c.h
[4.822s] -- Installing: /home/dustinhartnett/Documents/GitHub/ENPM702_Group2_Final/final702_ws/install/mage_msgs/include/mage_msgs/msg/detail/marker__type_support.c
[4.822s] -- Installing: /home/dustinhartnett/Documents/GitHub/ENPM702_Group2_Final/final702_ws/install/mage_msgs/include/mage_msgs/msg/detail/part_pose__type_support.c
[4.822s] -- Installing: /home/dustinhartnett/Documents/GitHub/ENPM702_Group2_Final/final702_ws/install/mage_msgs/include/mage_msgs/msg/detail/part_pose__rosidl_typesupport_introspection_c.h
[4.822s] -- Installing: /home/dustinhartnett/Documents/GitHub/ENPM702_Group2_Final/final702_ws/install/mage_msgs/include/mage_msgs/msg/detail/advanced_logical_camera_image__rosidl_typesupport_introspection_c.h
[4.822s] -- Installing: /home/dustinhartnett/Documents/GitHub/ENPM702_Group2_Final/final702_ws/install/mage_msgs/include/mage_msgs/msg/detail/advanced_logical_camera_image__type_support.c
[4.822s] -- Installing: /home/dustinhartnett/Documents/GitHub/ENPM702_Group2_Final/final702_ws/install/mage_msgs/include/mage_msgs/msg/detail/marker_array__rosidl_typesupport_introspection_c.h
[4.822s] -- Installing: /home/dustinhartnett/Documents/GitHub/ENPM702_Group2_Final/final702_ws/install/mage_msgs/include/mage_msgs/msg/detail/new_coordinates__type_support.c
[4.822s] -- Installing: /home/dustinhartnett/Documents/GitHub/ENPM702_Group2_Final/final702_ws/install/mage_msgs/include/mage_msgs/msg/detail/sensors__type_support.c
[4.822s] -- Installing: /home/dustinhartnett/Documents/GitHub/ENPM702_Group2_Final/final702_ws/install/mage_msgs/include/mage_msgs/msg/detail/sensors__rosidl_typesupport_introspection_c.h
[4.822s] -- Installing: /home/dustinhartnett/Documents/GitHub/ENPM702_Group2_Final/final702_ws/install/mage_msgs/include/mage_msgs/msg/detail/part__type_support.c
[4.823s] -- Installing: /home/dustinhartnett/Documents/GitHub/ENPM702_Group2_Final/final702_ws/install/mage_msgs/include/mage_msgs/msg/detail/new_coordinates__rosidl_typesupport_introspection_c.h
[4.823s] -- Installing: /home/dustinhartnett/Documents/GitHub/ENPM702_Group2_Final/final702_ws/install/mage_msgs/include/mage_msgs/msg/detail/marker_array__type_support.c
[4.823s] -- Up-to-date: /home/dustinhartnett/Documents/GitHub/ENPM702_Group2_Final/final702_ws/install/mage_msgs/include/mage_msgs/action
[4.823s] -- Up-to-date: /home/dustinhartnett/Documents/GitHub/ENPM702_Group2_Final/final702_ws/install/mage_msgs/include/mage_msgs/action/detail
[4.823s] -- Installing: /home/dustinhartnett/Documents/GitHub/ENPM702_Group2_Final/final702_ws/install/mage_msgs/include/mage_msgs/action/detail/robot_target__type_support.c
[4.823s] -- Installing: /home/dustinhartnett/Documents/GitHub/ENPM702_Group2_Final/final702_ws/install/mage_msgs/include/mage_msgs/action/detail/robot_target__rosidl_typesupport_introspection_c.h
[4.823s] -- Installing: /home/dustinhartnett/Documents/GitHub/ENPM702_Group2_Final/final702_ws/install/mage_msgs/lib/libmage_msgs__rosidl_typesupport_introspection_c.so
[4.823s] -- Set runtime path of "/home/dustinhartnett/Documents/GitHub/ENPM702_Group2_Final/final702_ws/install/mage_msgs/lib/libmage_msgs__rosidl_typesupport_introspection_c.so" to ""
[4.823s] -- Installing: /home/dustinhartnett/Documents/GitHub/ENPM702_Group2_Final/final702_ws/install/mage_msgs/lib/libmage_msgs__rosidl_typesupport_c.so
[4.823s] -- Set runtime path of "/home/dustinhartnett/Documents/GitHub/ENPM702_Group2_Final/final702_ws/install/mage_msgs/lib/libmage_msgs__rosidl_typesupport_c.so" to ""
[4.823s] -- Up-to-date: /home/dustinhartnett/Documents/GitHub/ENPM702_Group2_Final/final702_ws/install/mage_msgs/include/mage_msgs
[4.823s] -- Up-to-date: /home/dustinhartnett/Documents/GitHub/ENPM702_Group2_Final/final702_ws/install/mage_msgs/include/mage_msgs/msg
[4.823s] -- Installing: /home/dustinhartnett/Documents/GitHub/ENPM702_Group2_Final/final702_ws/install/mage_msgs/include/mage_msgs/msg/marker_array.hpp
[4.823s] -- Installing: /home/dustinhartnett/Documents/GitHub/ENPM702_Group2_Final/final702_ws/install/mage_msgs/include/mage_msgs/msg/marker.hpp
[4.823s] -- Installing: /home/dustinhartnett/Documents/GitHub/ENPM702_Group2_Final/final702_ws/install/mage_msgs/include/mage_msgs/msg/new_coordinates.hpp
[4.823s] -- Installing: /home/dustinhartnett/Documents/GitHub/ENPM702_Group2_Final/final702_ws/install/mage_msgs/include/mage_msgs/msg/sensors.hpp
[4.823s] -- Installing: /home/dustinhartnett/Documents/GitHub/ENPM702_Group2_Final/final702_ws/install/mage_msgs/include/mage_msgs/msg/part_pose.hpp
[4.823s] -- Up-to-date: /home/dustinhartnett/Documents/GitHub/ENPM702_Group2_Final/final702_ws/install/mage_msgs/include/mage_msgs/msg/detail
[4.823s] -- Installing: /home/dustinhartnett/Documents/GitHub/ENPM702_Group2_Final/final702_ws/install/mage_msgs/include/mage_msgs/msg/detail/advanced_logical_camera_image__traits.hpp
[4.823s] -- Installing: /home/dustinhartnett/Documents/GitHub/ENPM702_Group2_Final/final702_ws/install/mage_msgs/include/mage_msgs/msg/detail/advanced_logical_camera_image__struct.hpp
[4.824s] -- Installing: /home/dustinhartnett/Documents/GitHub/ENPM702_Group2_Final/final702_ws/install/mage_msgs/include/mage_msgs/msg/detail/part__struct.hpp
[4.824s] -- Installing: /home/dustinhartnett/Documents/GitHub/ENPM702_Group2_Final/final702_ws/install/mage_msgs/include/mage_msgs/msg/detail/marker_array__traits.hpp
[4.824s] -- Installing: /home/dustinhartnett/Documents/GitHub/ENPM702_Group2_Final/final702_ws/install/mage_msgs/include/mage_msgs/msg/detail/sensors__struct.hpp
[4.824s] -- Installing: /home/dustinhartnett/Documents/GitHub/ENPM702_Group2_Final/final702_ws/install/mage_msgs/include/mage_msgs/msg/detail/sensors__traits.hpp
[4.824s] -- Installing: /home/dustinhartnett/Documents/GitHub/ENPM702_Group2_Final/final702_ws/install/mage_msgs/include/mage_msgs/msg/detail/advanced_logical_camera_image__builder.hpp
[4.824s] -- Installing: /home/dustinhartnett/Documents/GitHub/ENPM702_Group2_Final/final702_ws/install/mage_msgs/include/mage_msgs/msg/detail/part__traits.hpp
[4.824s] -- Installing: /home/dustinhartnett/Documents/GitHub/ENPM702_Group2_Final/final702_ws/install/mage_msgs/include/mage_msgs/msg/detail/new_coordinates__builder.hpp
[4.824s] -- Installing: /home/dustinhartnett/Documents/GitHub/ENPM702_Group2_Final/final702_ws/install/mage_msgs/include/mage_msgs/msg/detail/marker__builder.hpp
[4.824s] -- Installing: /home/dustinhartnett/Documents/GitHub/ENPM702_Group2_Final/final702_ws/install/mage_msgs/include/mage_msgs/msg/detail/new_coordinates__struct.hpp
[4.824s] -- Installing: /home/dustinhartnett/Documents/GitHub/ENPM702_Group2_Final/final702_ws/install/mage_msgs/include/mage_msgs/msg/detail/part_pose__struct.hpp
[4.824s] -- Installing: /home/dustinhartnett/Documents/GitHub/ENPM702_Group2_Final/final702_ws/install/mage_msgs/include/mage_msgs/msg/detail/marker__struct.hpp
[4.824s] -- Installing: /home/dustinhartnett/Documents/GitHub/ENPM702_Group2_Final/final702_ws/install/mage_msgs/include/mage_msgs/msg/detail/sensors__builder.hpp
[4.824s] -- Installing: /home/dustinhartnett/Documents/GitHub/ENPM702_Group2_Final/final702_ws/install/mage_msgs/include/mage_msgs/msg/detail/marker_array__struct.hpp
[4.824s] -- Installing: /home/dustinhartnett/Documents/GitHub/ENPM702_Group2_Final/final702_ws/install/mage_msgs/include/mage_msgs/msg/detail/part__builder.hpp
[4.824s] -- Installing: /home/dustinhartnett/Documents/GitHub/ENPM702_Group2_Final/final702_ws/install/mage_msgs/include/mage_msgs/msg/detail/part_pose__builder.hpp
[4.824s] -- Installing: /home/dustinhartnett/Documents/GitHub/ENPM702_Group2_Final/final702_ws/install/mage_msgs/include/mage_msgs/msg/detail/marker_array__builder.hpp
[4.824s] -- Installing: /home/dustinhartnett/Documents/GitHub/ENPM702_Group2_Final/final702_ws/install/mage_msgs/include/mage_msgs/msg/detail/marker__traits.hpp
[4.824s] -- Installing: /home/dustinhartnett/Documents/GitHub/ENPM702_Group2_Final/final702_ws/install/mage_msgs/include/mage_msgs/msg/detail/part_pose__traits.hpp
[4.824s] -- Installing: /home/dustinhartnett/Documents/GitHub/ENPM702_Group2_Final/final702_ws/install/mage_msgs/include/mage_msgs/msg/detail/new_coordinates__traits.hpp
[4.824s] -- Installing: /home/dustinhartnett/Documents/GitHub/ENPM702_Group2_Final/final702_ws/install/mage_msgs/include/mage_msgs/msg/advanced_logical_camera_image.hpp
[4.824s] -- Installing: /home/dustinhartnett/Documents/GitHub/ENPM702_Group2_Final/final702_ws/install/mage_msgs/include/mage_msgs/msg/part.hpp
[4.824s] -- Up-to-date: /home/dustinhartnett/Documents/GitHub/ENPM702_Group2_Final/final702_ws/install/mage_msgs/include/mage_msgs/action
[4.824s] -- Installing: /home/dustinhartnett/Documents/GitHub/ENPM702_Group2_Final/final702_ws/install/mage_msgs/include/mage_msgs/action/robot_target.hpp
[4.824s] -- Up-to-date: /home/dustinhartnett/Documents/GitHub/ENPM702_Group2_Final/final702_ws/install/mage_msgs/include/mage_msgs/action/detail
[4.824s] -- Installing: /home/dustinhartnett/Documents/GitHub/ENPM702_Group2_Final/final702_ws/install/mage_msgs/include/mage_msgs/action/detail/robot_target__struct.hpp
[4.824s] -- Installing: /home/dustinhartnett/Documents/GitHub/ENPM702_Group2_Final/final702_ws/install/mage_msgs/include/mage_msgs/action/detail/robot_target__traits.hpp
[4.824s] -- Installing: /home/dustinhartnett/Documents/GitHub/ENPM702_Group2_Final/final702_ws/install/mage_msgs/include/mage_msgs/action/detail/robot_target__builder.hpp
[4.824s] -- Up-to-date: /home/dustinhartnett/Documents/GitHub/ENPM702_Group2_Final/final702_ws/install/mage_msgs/include/mage_msgs
[4.824s] -- Up-to-date: /home/dustinhartnett/Documents/GitHub/ENPM702_Group2_Final/final702_ws/install/mage_msgs/include/mage_msgs/msg
[4.824s] -- Up-to-date: /home/dustinhartnett/Documents/GitHub/ENPM702_Group2_Final/final702_ws/install/mage_msgs/include/mage_msgs/msg/detail
[4.824s] -- Installing: /home/dustinhartnett/Documents/GitHub/ENPM702_Group2_Final/final702_ws/install/mage_msgs/include/mage_msgs/msg/detail/sensors__rosidl_typesupport_introspection_cpp.hpp
[4.825s] -- Installing: /home/dustinhartnett/Documents/GitHub/ENPM702_Group2_Final/final702_ws/install/mage_msgs/include/mage_msgs/msg/detail/part__rosidl_typesupport_introspection_cpp.hpp
[4.825s] -- Installing: /home/dustinhartnett/Documents/GitHub/ENPM702_Group2_Final/final702_ws/install/mage_msgs/include/mage_msgs/msg/detail/advanced_logical_camera_image__rosidl_typesupport_introspection_cpp.hpp
[4.825s] -- Installing: /home/dustinhartnett/Documents/GitHub/ENPM702_Group2_Final/final702_ws/install/mage_msgs/include/mage_msgs/msg/detail/new_coordinates__type_support.cpp
[4.825s] -- Installing: /home/dustinhartnett/Documents/GitHub/ENPM702_Group2_Final/final702_ws/install/mage_msgs/include/mage_msgs/msg/detail/new_coordinates__rosidl_typesupport_introspection_cpp.hpp
[4.825s] -- Installing: /home/dustinhartnett/Documents/GitHub/ENPM702_Group2_Final/final702_ws/install/mage_msgs/include/mage_msgs/msg/detail/marker__type_support.cpp
[4.825s] -- Installing: /home/dustinhartnett/Documents/GitHub/ENPM702_Group2_Final/final702_ws/install/mage_msgs/include/mage_msgs/msg/detail/marker_array__type_support.cpp
[4.825s] -- Installing: /home/dustinhartnett/Documents/GitHub/ENPM702_Group2_Final/final702_ws/install/mage_msgs/include/mage_msgs/msg/detail/part__type_support.cpp
[4.825s] -- Installing: /home/dustinhartnett/Documents/GitHub/ENPM702_Group2_Final/final702_ws/install/mage_msgs/include/mage_msgs/msg/detail/advanced_logical_camera_image__type_support.cpp
[4.825s] -- Installing: /home/dustinhartnett/Documents/GitHub/ENPM702_Group2_Final/final702_ws/install/mage_msgs/include/mage_msgs/msg/detail/sensors__type_support.cpp
[4.825s] -- Installing: /home/dustinhartnett/Documents/GitHub/ENPM702_Group2_Final/final702_ws/install/mage_msgs/include/mage_msgs/msg/detail/part_pose__type_support.cpp
[4.825s] -- Installing: /home/dustinhartnett/Documents/GitHub/ENPM702_Group2_Final/final702_ws/install/mage_msgs/include/mage_msgs/msg/detail/marker__rosidl_typesupport_introspection_cpp.hpp
[4.825s] -- Installing: /home/dustinhartnett/Documents/GitHub/ENPM702_Group2_Final/final702_ws/install/mage_msgs/include/mage_msgs/msg/detail/marker_array__rosidl_typesupport_introspection_cpp.hpp
[4.825s] -- Installing: /home/dustinhartnett/Documents/GitHub/ENPM702_Group2_Final/final702_ws/install/mage_msgs/include/mage_msgs/msg/detail/part_pose__rosidl_typesupport_introspection_cpp.hpp
[4.825s] -- Up-to-date: /home/dustinhartnett/Documents/GitHub/ENPM702_Group2_Final/final702_ws/install/mage_msgs/include/mage_msgs/action
[4.825s] -- Up-to-date: /home/dustinhartnett/Documents/GitHub/ENPM702_Group2_Final/final702_ws/install/mage_msgs/include/mage_msgs/action/detail
[4.825s] -- Installing: /home/dustinhartnett/Documents/GitHub/ENPM702_Group2_Final/final702_ws/install/mage_msgs/include/mage_msgs/action/detail/robot_target__rosidl_typesupport_introspection_cpp.hpp
[4.825s] -- Installing: /home/dustinhartnett/Documents/GitHub/ENPM702_Group2_Final/final702_ws/install/mage_msgs/include/mage_msgs/action/detail/robot_target__type_support.cpp
[4.825s] -- Installing: /home/dustinhartnett/Documents/GitHub/ENPM702_Group2_Final/final702_ws/install/mage_msgs/lib/libmage_msgs__rosidl_typesupport_introspection_cpp.so
[4.825s] -- Set runtime path of "/home/dustinhartnett/Documents/GitHub/ENPM702_Group2_Final/final702_ws/install/mage_msgs/lib/libmage_msgs__rosidl_typesupport_introspection_cpp.so" to ""
[4.825s] -- Installing: /home/dustinhartnett/Documents/GitHub/ENPM702_Group2_Final/final702_ws/install/mage_msgs/lib/libmage_msgs__rosidl_typesupport_cpp.so
[4.825s] -- Set runtime path of "/home/dustinhartnett/Documents/GitHub/ENPM702_Group2_Final/final702_ws/install/mage_msgs/lib/libmage_msgs__rosidl_typesupport_cpp.so" to ""
[4.825s] -- Installing: /home/dustinhartnett/Documents/GitHub/ENPM702_Group2_Final/final702_ws/install/mage_msgs/share/mage_msgs/environment/pythonpath.sh
[4.825s] -- Installing: /home/dustinhartnett/Documents/GitHub/ENPM702_Group2_Final/final702_ws/install/mage_msgs/share/mage_msgs/environment/pythonpath.dsv
[4.826s] -- Installing: /home/dustinhartnett/Documents/GitHub/ENPM702_Group2_Final/final702_ws/install/mage_msgs/lib/python3.8/site-packages/mage_msgs/__init__.py
[4.843s] Compiling '/home/dustinhartnett/Documents/GitHub/ENPM702_Group2_Final/final702_ws/install/mage_msgs/lib/python3.8/site-packages/mage_msgs/__init__.py'...
[4.845s] -- Installing: /home/dustinhartnett/Documents/GitHub/ENPM702_Group2_Final/final702_ws/install/mage_msgs/lib/python3.8/site-packages/mage_msgs/msg
[4.845s] -- Installing: /home/dustinhartnett/Documents/GitHub/ENPM702_Group2_Final/final702_ws/install/mage_msgs/lib/python3.8/site-packages/mage_msgs/msg/_new_coordinates_s.c
[4.845s] -- Installing: /home/dustinhartnett/Documents/GitHub/ENPM702_Group2_Final/final702_ws/install/mage_msgs/lib/python3.8/site-packages/mage_msgs/msg/_part_s.c
[4.846s] -- Installing: /home/dustinhartnett/Documents/GitHub/ENPM702_Group2_Final/final702_ws/install/mage_msgs/lib/python3.8/site-packages/mage_msgs/msg/_marker_s.c
[4.846s] -- Installing: /home/dustinhartnett/Documents/GitHub/ENPM702_Group2_Final/final702_ws/install/mage_msgs/lib/python3.8/site-packages/mage_msgs/msg/_part_pose.py
[4.846s] -- Installing: /home/dustinhartnett/Documents/GitHub/ENPM702_Group2_Final/final702_ws/install/mage_msgs/lib/python3.8/site-packages/mage_msgs/msg/_sensors_s.c
[4.846s] -- Installing: /home/dustinhartnett/Documents/GitHub/ENPM702_Group2_Final/final702_ws/install/mage_msgs/lib/python3.8/site-packages/mage_msgs/msg/_advanced_logical_camera_image_s.c
[4.846s] -- Installing: /home/dustinhartnett/Documents/GitHub/ENPM702_Group2_Final/final702_ws/install/mage_msgs/lib/python3.8/site-packages/mage_msgs/msg/_part.py
[4.846s] -- Installing: /home/dustinhartnett/Documents/GitHub/ENPM702_Group2_Final/final702_ws/install/mage_msgs/lib/python3.8/site-packages/mage_msgs/msg/_marker_array_s.c
[4.846s] -- Installing: /home/dustinhartnett/Documents/GitHub/ENPM702_Group2_Final/final702_ws/install/mage_msgs/lib/python3.8/site-packages/mage_msgs/msg/_part_pose_s.c
[4.846s] -- Installing: /home/dustinhartnett/Documents/GitHub/ENPM702_Group2_Final/final702_ws/install/mage_msgs/lib/python3.8/site-packages/mage_msgs/msg/_sensors.py
[4.846s] -- Installing: /home/dustinhartnett/Documents/GitHub/ENPM702_Group2_Final/final702_ws/install/mage_msgs/lib/python3.8/site-packages/mage_msgs/msg/__init__.py
[4.846s] -- Installing: /home/dustinhartnett/Documents/GitHub/ENPM702_Group2_Final/final702_ws/install/mage_msgs/lib/python3.8/site-packages/mage_msgs/msg/_advanced_logical_camera_image.py
[4.846s] -- Installing: /home/dustinhartnett/Documents/GitHub/ENPM702_Group2_Final/final702_ws/install/mage_msgs/lib/python3.8/site-packages/mage_msgs/msg/_marker.py
[4.846s] -- Installing: /home/dustinhartnett/Documents/GitHub/ENPM702_Group2_Final/final702_ws/install/mage_msgs/lib/python3.8/site-packages/mage_msgs/msg/_marker_array.py
[4.846s] -- Installing: /home/dustinhartnett/Documents/GitHub/ENPM702_Group2_Final/final702_ws/install/mage_msgs/lib/python3.8/site-packages/mage_msgs/msg/_new_coordinates.py
[4.846s] -- Installing: /home/dustinhartnett/Documents/GitHub/ENPM702_Group2_Final/final702_ws/install/mage_msgs/lib/python3.8/site-packages/mage_msgs/action
[4.846s] -- Installing: /home/dustinhartnett/Documents/GitHub/ENPM702_Group2_Final/final702_ws/install/mage_msgs/lib/python3.8/site-packages/mage_msgs/action/_robot_target_s.c
[4.847s] -- Installing: /home/dustinhartnett/Documents/GitHub/ENPM702_Group2_Final/final702_ws/install/mage_msgs/lib/python3.8/site-packages/mage_msgs/action/_robot_target.py
[4.847s] -- Installing: /home/dustinhartnett/Documents/GitHub/ENPM702_Group2_Final/final702_ws/install/mage_msgs/lib/python3.8/site-packages/mage_msgs/action/__init__.py
[4.847s] -- Installing: /home/dustinhartnett/Documents/GitHub/ENPM702_Group2_Final/final702_ws/install/mage_msgs/lib/python3.8/site-packages/mage_msgs/mage_msgs_s__rosidl_typesupport_fastrtps_c.cpython-38-x86_64-linux-gnu.so
[4.847s] -- Set runtime path of "/home/dustinhartnett/Documents/GitHub/ENPM702_Group2_Final/final702_ws/install/mage_msgs/lib/python3.8/site-packages/mage_msgs/mage_msgs_s__rosidl_typesupport_fastrtps_c.cpython-38-x86_64-linux-gnu.so" to ""
[4.847s] -- Installing: /home/dustinhartnett/Documents/GitHub/ENPM702_Group2_Final/final702_ws/install/mage_msgs/lib/python3.8/site-packages/mage_msgs/mage_msgs_s__rosidl_typesupport_introspection_c.cpython-38-x86_64-linux-gnu.so
[4.847s] -- Set runtime path of "/home/dustinhartnett/Documents/GitHub/ENPM702_Group2_Final/final702_ws/install/mage_msgs/lib/python3.8/site-packages/mage_msgs/mage_msgs_s__rosidl_typesupport_introspection_c.cpython-38-x86_64-linux-gnu.so" to ""
[4.847s] -- Installing: /home/dustinhartnett/Documents/GitHub/ENPM702_Group2_Final/final702_ws/install/mage_msgs/lib/python3.8/site-packages/mage_msgs/mage_msgs_s__rosidl_typesupport_c.cpython-38-x86_64-linux-gnu.so
[4.847s] -- Set runtime path of "/home/dustinhartnett/Documents/GitHub/ENPM702_Group2_Final/final702_ws/install/mage_msgs/lib/python3.8/site-packages/mage_msgs/mage_msgs_s__rosidl_typesupport_c.cpython-38-x86_64-linux-gnu.so" to ""
[4.847s] -- Installing: /home/dustinhartnett/Documents/GitHub/ENPM702_Group2_Final/final702_ws/install/mage_msgs/lib/libmage_msgs__python.so
[4.848s] -- Set runtime path of "/home/dustinhartnett/Documents/GitHub/ENPM702_Group2_Final/final702_ws/install/mage_msgs/lib/libmage_msgs__python.so" to ""
[4.848s] -- Installing: /home/dustinhartnett/Documents/GitHub/ENPM702_Group2_Final/final702_ws/install/mage_msgs/share/mage_msgs/msg/AdvancedLogicalCameraImage.idl
[4.848s] -- Installing: /home/dustinhartnett/Documents/GitHub/ENPM702_Group2_Final/final702_ws/install/mage_msgs/share/mage_msgs/msg/Part.idl
[4.848s] -- Installing: /home/dustinhartnett/Documents/GitHub/ENPM702_Group2_Final/final702_ws/install/mage_msgs/share/mage_msgs/msg/PartPose.idl
[4.848s] -- Installing: /home/dustinhartnett/Documents/GitHub/ENPM702_Group2_Final/final702_ws/install/mage_msgs/share/mage_msgs/msg/Sensors.idl
[4.848s] -- Installing: /home/dustinhartnett/Documents/GitHub/ENPM702_Group2_Final/final702_ws/install/mage_msgs/share/mage_msgs/msg/Marker.idl
[4.848s] -- Installing: /home/dustinhartnett/Documents/GitHub/ENPM702_Group2_Final/final702_ws/install/mage_msgs/share/mage_msgs/msg/MarkerArray.idl
[4.848s] -- Installing: /home/dustinhartnett/Documents/GitHub/ENPM702_Group2_Final/final702_ws/install/mage_msgs/share/mage_msgs/msg/NewCoordinates.idl
[4.848s] -- Installing: /home/dustinhartnett/Documents/GitHub/ENPM702_Group2_Final/final702_ws/install/mage_msgs/share/mage_msgs/action/RobotTarget.idl
[4.848s] -- Installing: /home/dustinhartnett/Documents/GitHub/ENPM702_Group2_Final/final702_ws/install/mage_msgs/share/mage_msgs/msg/AdvancedLogicalCameraImage.msg
[4.848s] -- Installing: /home/dustinhartnett/Documents/GitHub/ENPM702_Group2_Final/final702_ws/install/mage_msgs/share/mage_msgs/msg/Part.msg
[4.848s] -- Installing: /home/dustinhartnett/Documents/GitHub/ENPM702_Group2_Final/final702_ws/install/mage_msgs/share/mage_msgs/msg/PartPose.msg
[4.848s] -- Installing: /home/dustinhartnett/Documents/GitHub/ENPM702_Group2_Final/final702_ws/install/mage_msgs/share/mage_msgs/msg/Sensors.msg
[4.848s] -- Installing: /home/dustinhartnett/Documents/GitHub/ENPM702_Group2_Final/final702_ws/install/mage_msgs/share/mage_msgs/msg/Marker.msg
[4.848s] -- Installing: /home/dustinhartnett/Documents/GitHub/ENPM702_Group2_Final/final702_ws/install/mage_msgs/share/mage_msgs/msg/MarkerArray.msg
[4.848s] -- Installing: /home/dustinhartnett/Documents/GitHub/ENPM702_Group2_Final/final702_ws/install/mage_msgs/share/mage_msgs/msg/NewCoordinates.msg
[4.848s] -- Installing: /home/dustinhartnett/Documents/GitHub/ENPM702_Group2_Final/final702_ws/install/mage_msgs/share/mage_msgs/action/RobotTarget.action
[4.849s] -- Installing: /home/dustinhartnett/Documents/GitHub/ENPM702_Group2_Final/final702_ws/install/mage_msgs/share/ament_index/resource_index/package_run_dependencies/mage_msgs
[4.849s] -- Installing: /home/dustinhartnett/Documents/GitHub/ENPM702_Group2_Final/final702_ws/install/mage_msgs/share/ament_index/resource_index/parent_prefix_path/mage_msgs
[4.849s] -- Installing: /home/dustinhartnett/Documents/GitHub/ENPM702_Group2_Final/final702_ws/install/mage_msgs/share/mage_msgs/environment/ament_prefix_path.sh
[4.849s] -- Installing: /home/dustinhartnett/Documents/GitHub/ENPM702_Group2_Final/final702_ws/install/mage_msgs/share/mage_msgs/environment/ament_prefix_path.dsv
[4.849s] -- Installing: /home/dustinhartnett/Documents/GitHub/ENPM702_Group2_Final/final702_ws/install/mage_msgs/share/mage_msgs/environment/path.sh
[4.849s] -- Installing: /home/dustinhartnett/Documents/GitHub/ENPM702_Group2_Final/final702_ws/install/mage_msgs/share/mage_msgs/environment/path.dsv
[4.849s] -- Installing: /home/dustinhartnett/Documents/GitHub/ENPM702_Group2_Final/final702_ws/install/mage_msgs/share/mage_msgs/local_setup.bash
[4.849s] -- Installing: /home/dustinhartnett/Documents/GitHub/ENPM702_Group2_Final/final702_ws/install/mage_msgs/share/mage_msgs/local_setup.sh
[4.849s] -- Installing: /home/dustinhartnett/Documents/GitHub/ENPM702_Group2_Final/final702_ws/install/mage_msgs/share/mage_msgs/local_setup.zsh
[4.849s] -- Installing: /home/dustinhartnett/Documents/GitHub/ENPM702_Group2_Final/final702_ws/install/mage_msgs/share/mage_msgs/local_setup.dsv
[4.849s] -- Installing: /home/dustinhartnett/Documents/GitHub/ENPM702_Group2_Final/final702_ws/install/mage_msgs/share/mage_msgs/package.dsv
[4.849s] -- Installing: /home/dustinhartnett/Documents/GitHub/ENPM702_Group2_Final/final702_ws/install/mage_msgs/share/ament_index/resource_index/packages/mage_msgs
[4.849s] -- Installing: /home/dustinhartnett/Documents/GitHub/ENPM702_Group2_Final/final702_ws/install/mage_msgs/share/mage_msgs/cmake/mage_msgs__rosidl_generator_cExport.cmake
[4.849s] -- Installing: /home/dustinhartnett/Documents/GitHub/ENPM702_Group2_Final/final702_ws/install/mage_msgs/share/mage_msgs/cmake/mage_msgs__rosidl_generator_cExport-noconfig.cmake
[4.849s] -- Installing: /home/dustinhartnett/Documents/GitHub/ENPM702_Group2_Final/final702_ws/install/mage_msgs/share/mage_msgs/cmake/mage_msgs__rosidl_typesupport_introspection_cExport.cmake
[4.849s] -- Installing: /home/dustinhartnett/Documents/GitHub/ENPM702_Group2_Final/final702_ws/install/mage_msgs/share/mage_msgs/cmake/mage_msgs__rosidl_typesupport_introspection_cExport-noconfig.cmake
[4.849s] -- Installing: /home/dustinhartnett/Documents/GitHub/ENPM702_Group2_Final/final702_ws/install/mage_msgs/share/mage_msgs/cmake/mage_msgs__rosidl_typesupport_cExport.cmake
[4.849s] -- Installing: /home/dustinhartnett/Documents/GitHub/ENPM702_Group2_Final/final702_ws/install/mage_msgs/share/mage_msgs/cmake/mage_msgs__rosidl_typesupport_cExport-noconfig.cmake
[4.849s] -- Installing: /home/dustinhartnett/Documents/GitHub/ENPM702_Group2_Final/final702_ws/install/mage_msgs/share/mage_msgs/cmake/mage_msgs__rosidl_generator_cppExport.cmake
[4.849s] -- Installing: /home/dustinhartnett/Documents/GitHub/ENPM702_Group2_Final/final702_ws/install/mage_msgs/share/mage_msgs/cmake/mage_msgs__rosidl_typesupport_introspection_cppExport.cmake
[4.849s] -- Installing: /home/dustinhartnett/Documents/GitHub/ENPM702_Group2_Final/final702_ws/install/mage_msgs/share/mage_msgs/cmake/mage_msgs__rosidl_typesupport_introspection_cppExport-noconfig.cmake
[4.849s] -- Installing: /home/dustinhartnett/Documents/GitHub/ENPM702_Group2_Final/final702_ws/install/mage_msgs/share/mage_msgs/cmake/mage_msgs__rosidl_typesupport_cppExport.cmake
[4.849s] -- Installing: /home/dustinhartnett/Documents/GitHub/ENPM702_Group2_Final/final702_ws/install/mage_msgs/share/mage_msgs/cmake/mage_msgs__rosidl_typesupport_cppExport-noconfig.cmake
[4.850s] -- Installing: /home/dustinhartnett/Documents/GitHub/ENPM702_Group2_Final/final702_ws/install/mage_msgs/share/mage_msgs/cmake/rosidl_cmake-extras.cmake
[4.850s] -- Installing: /home/dustinhartnett/Documents/GitHub/ENPM702_Group2_Final/final702_ws/install/mage_msgs/share/mage_msgs/cmake/ament_cmake_export_dependencies-extras.cmake
[4.850s] -- Installing: /home/dustinhartnett/Documents/GitHub/ENPM702_Group2_Final/final702_ws/install/mage_msgs/share/mage_msgs/cmake/ament_cmake_export_libraries-extras.cmake
[4.850s] -- Installing: /home/dustinhartnett/Documents/GitHub/ENPM702_Group2_Final/final702_ws/install/mage_msgs/share/mage_msgs/cmake/ament_cmake_export_targets-extras.cmake
[4.850s] -- Installing: /home/dustinhartnett/Documents/GitHub/ENPM702_Group2_Final/final702_ws/install/mage_msgs/share/mage_msgs/cmake/ament_cmake_export_include_directories-extras.cmake
[4.850s] -- Installing: /home/dustinhartnett/Documents/GitHub/ENPM702_Group2_Final/final702_ws/install/mage_msgs/share/mage_msgs/cmake/rosidl_cmake_export_typesupport_libraries-extras.cmake
[4.850s] -- Installing: /home/dustinhartnett/Documents/GitHub/ENPM702_Group2_Final/final702_ws/install/mage_msgs/share/mage_msgs/cmake/rosidl_cmake_export_typesupport_targets-extras.cmake
[4.850s] -- Installing: /home/dustinhartnett/Documents/GitHub/ENPM702_Group2_Final/final702_ws/install/mage_msgs/share/mage_msgs/cmake/mage_msgsConfig.cmake
[4.850s] -- Installing: /home/dustinhartnett/Documents/GitHub/ENPM702_Group2_Final/final702_ws/install/mage_msgs/share/mage_msgs/cmake/mage_msgsConfig-version.cmake
[4.850s] -- Installing: /home/dustinhartnett/Documents/GitHub/ENPM702_Group2_Final/final702_ws/install/mage_msgs/share/mage_msgs/package.xml
[4.852s] Invoked command in '/home/dustinhartnett/Documents/GitHub/ENPM702_Group2_Final/final702_ws/build/mage_msgs' returned '0': CMAKE_PREFIX_PATH=${CMAKE_PREFIX_PATH}:/opt/ros/galactic /usr/bin/cmake --install /home/dustinhartnett/Documents/GitHub/ENPM702_Group2_Final/final702_ws/build/mage_msgs
