[0.096s] Invoking command in '/home/dustinhartnett/Documents/GitHub/ENPM702_Group2_Final/final702_ws/build/mage_msgs': CMAKE_PREFIX_PATH=${CMAKE_PREFIX_PATH}:/opt/ros/galactic /usr/bin/cmake --build /home/dustinhartnett/Documents/GitHub/ENPM702_Group2_Final/final702_ws/build/mage_msgs -- -j20 -l20
[0.140s] [  1%] Built target mage_msgs__cpp
[0.142s] [ 12%] Built target mage_msgs__rosidl_generator_c
[0.164s] [ 64%] Built target mage_msgs__rosidl_typesupport_introspection_cpp
[0.164s] [ 64%] Built target mage_msgs__rosidl_typesupport_introspection_c
[0.164s] [ 64%] Built target mage_msgs__rosidl_typesupport_cpp
[0.164s] [ 64%] Built target mage_msgs__rosidl_typesupport_c
[0.164s] [ 70%] Built target mage_msgs__rosidl_typesupport_fastrtps_cpp
[0.193s] [ 81%] Built target mage_msgs__rosidl_typesupport_fastrtps_c
[0.208s] [ 81%] Built target mage_msgs
[0.228s] [ 82%] Built target mage_msgs__py
[0.252s] [ 93%] Built target mage_msgs__python
[0.272s] [ 97%] Built target mage_msgs__rosidl_typesupport_introspection_c__pyext
[0.272s] [ 97%] Built target mage_msgs__rosidl_typesupport_c__pyext
[0.272s] [100%] Built target mage_msgs__rosidl_typesupport_fastrtps_c__pyext
[0.280s] Invoked command in '/home/dustinhartnett/Documents/GitHub/ENPM702_Group2_Final/final702_ws/build/mage_msgs' returned '0': CMAKE_PREFIX_PATH=${CMAKE_PREFIX_PATH}:/opt/ros/galactic /usr/bin/cmake --build /home/dustinhartnett/Documents/GitHub/ENPM702_Group2_Final/final702_ws/build/mage_msgs -- -j20 -l20
[0.444s] Invoking command in '/home/dustinhartnett/Documents/GitHub/ENPM702_Group2_Final/final702_ws/build/mage_msgs': CMAKE_PREFIX_PATH=${CMAKE_PREFIX_PATH}:/opt/ros/galactic /usr/bin/cmake --install /home/dustinhartnett/Documents/GitHub/ENPM702_Group2_Final/final702_ws/build/mage_msgs
[0.449s] -- Install configuration: ""
[0.449s] -- Up-to-date: /home/dustinhartnett/Documents/GitHub/ENPM702_Group2_Final/final702_ws/install/mage_msgs/share/ament_index/resource_index/rosidl_interfaces/mage_msgs
[0.449s] -- Up-to-date: /home/dustinhartnett/Documents/GitHub/ENPM702_Group2_Final/final702_ws/install/mage_msgs/include/mage_msgs
[0.450s] -- Up-to-date: /home/dustinhartnett/Documents/GitHub/ENPM702_Group2_Final/final702_ws/install/mage_msgs/include/mage_msgs/msg
[0.450s] -- Up-to-date: /home/dustinhartnett/Documents/GitHub/ENPM702_Group2_Final/final702_ws/install/mage_msgs/include/mage_msgs/msg/part_pose.h
[0.450s] -- Up-to-date: /home/dustinhartnett/Documents/GitHub/ENPM702_Group2_Final/final702_ws/install/mage_msgs/include/mage_msgs/msg/marker_array.h
[0.450s] -- Up-to-date: /home/dustinhartnett/Documents/GitHub/ENPM702_Group2_Final/final702_ws/install/mage_msgs/include/mage_msgs/msg/part.h
[0.450s] -- Up-to-date: /home/dustinhartnett/Documents/GitHub/ENPM702_Group2_Final/final702_ws/install/mage_msgs/include/mage_msgs/msg/rosidl_generator_c__visibility_control.h
[0.450s] -- Up-to-date: /home/dustinhartnett/Documents/GitHub/ENPM702_Group2_Final/final702_ws/install/mage_msgs/include/mage_msgs/msg/sensors.h
[0.450s] -- Up-to-date: /home/dustinhartnett/Documents/GitHub/ENPM702_Group2_Final/final702_ws/install/mage_msgs/include/mage_msgs/msg/detail
[0.450s] -- Up-to-date: /home/dustinhartnett/Documents/GitHub/ENPM702_Group2_Final/final702_ws/install/mage_msgs/include/mage_msgs/msg/detail/sensors__type_support.h
[0.450s] -- Up-to-date: /home/dustinhartnett/Documents/GitHub/ENPM702_Group2_Final/final702_ws/install/mage_msgs/include/mage_msgs/msg/detail/marker__struct.h
[0.450s] -- Up-to-date: /home/dustinhartnett/Documents/GitHub/ENPM702_Group2_Final/final702_ws/install/mage_msgs/include/mage_msgs/msg/detail/marker__functions.c
[0.450s] -- Up-to-date: /home/dustinhartnett/Documents/GitHub/ENPM702_Group2_Final/final702_ws/install/mage_msgs/include/mage_msgs/msg/detail/marker__type_support.h
[0.450s] -- Up-to-date: /home/dustinhartnett/Documents/GitHub/ENPM702_Group2_Final/final702_ws/install/mage_msgs/include/mage_msgs/msg/detail/sensors__functions.h
[0.450s] -- Up-to-date: /home/dustinhartnett/Documents/GitHub/ENPM702_Group2_Final/final702_ws/install/mage_msgs/include/mage_msgs/msg/detail/marker__functions.h
[0.450s] -- Up-to-date: /home/dustinhartnett/Documents/GitHub/ENPM702_Group2_Final/final702_ws/install/mage_msgs/include/mage_msgs/msg/detail/new_coordinates__struct.h
[0.450s] -- Up-to-date: /home/dustinhartnett/Documents/GitHub/ENPM702_Group2_Final/final702_ws/install/mage_msgs/include/mage_msgs/msg/detail/marker_array__functions.h
[0.450s] -- Up-to-date: /home/dustinhartnett/Documents/GitHub/ENPM702_Group2_Final/final702_ws/install/mage_msgs/include/mage_msgs/msg/detail/sensors__functions.c
[0.450s] -- Up-to-date: /home/dustinhartnett/Documents/GitHub/ENPM702_Group2_Final/final702_ws/install/mage_msgs/include/mage_msgs/msg/detail/part__type_support.h
[0.450s] -- Up-to-date: /home/dustinhartnett/Documents/GitHub/ENPM702_Group2_Final/final702_ws/install/mage_msgs/include/mage_msgs/msg/detail/advanced_logical_camera_image__functions.c
[0.450s] -- Up-to-date: /home/dustinhartnett/Documents/GitHub/ENPM702_Group2_Final/final702_ws/install/mage_msgs/include/mage_msgs/msg/detail/advanced_logical_camera_image__functions.h
[0.450s] -- Up-to-date: /home/dustinhartnett/Documents/GitHub/ENPM702_Group2_Final/final702_ws/install/mage_msgs/include/mage_msgs/msg/detail/advanced_logical_camera_image__struct.h
[0.450s] -- Up-to-date: /home/dustinhartnett/Documents/GitHub/ENPM702_Group2_Final/final702_ws/install/mage_msgs/include/mage_msgs/msg/detail/part_pose__functions.h
[0.451s] -- Up-to-date: /home/dustinhartnett/Documents/GitHub/ENPM702_Group2_Final/final702_ws/install/mage_msgs/include/mage_msgs/msg/detail/part_pose__type_support.h
[0.451s] -- Up-to-date: /home/dustinhartnett/Documents/GitHub/ENPM702_Group2_Final/final702_ws/install/mage_msgs/include/mage_msgs/msg/detail/part_pose__functions.c
[0.451s] -- Up-to-date: /home/dustinhartnett/Documents/GitHub/ENPM702_Group2_Final/final702_ws/install/mage_msgs/include/mage_msgs/msg/detail/part__struct.h
[0.451s] -- Up-to-date: /home/dustinhartnett/Documents/GitHub/ENPM702_Group2_Final/final702_ws/install/mage_msgs/include/mage_msgs/msg/detail/advanced_logical_camera_image__type_support.h
[0.451s] -- Up-to-date: /home/dustinhartnett/Documents/GitHub/ENPM702_Group2_Final/final702_ws/install/mage_msgs/include/mage_msgs/msg/detail/part_pose__struct.h
[0.451s] -- Up-to-date: /home/dustinhartnett/Documents/GitHub/ENPM702_Group2_Final/final702_ws/install/mage_msgs/include/mage_msgs/msg/detail/new_coordinates__functions.c
[0.451s] -- Up-to-date: /home/dustinhartnett/Documents/GitHub/ENPM702_Group2_Final/final702_ws/install/mage_msgs/include/mage_msgs/msg/detail/sensors__struct.h
[0.451s] -- Up-to-date: /home/dustinhartnett/Documents/GitHub/ENPM702_Group2_Final/final702_ws/install/mage_msgs/include/mage_msgs/msg/detail/part__functions.c
[0.451s] -- Up-to-date: /home/dustinhartnett/Documents/GitHub/ENPM702_Group2_Final/final702_ws/install/mage_msgs/include/mage_msgs/msg/detail/new_coordinates__functions.h
[0.451s] -- Up-to-date: /home/dustinhartnett/Documents/GitHub/ENPM702_Group2_Final/final702_ws/install/mage_msgs/include/mage_msgs/msg/detail/marker_array__type_support.h
[0.451s] -- Up-to-date: /home/dustinhartnett/Documents/GitHub/ENPM702_Group2_Final/final702_ws/install/mage_msgs/include/mage_msgs/msg/detail/marker_array__functions.c
[0.451s] -- Up-to-date: /home/dustinhartnett/Documents/GitHub/ENPM702_Group2_Final/final702_ws/install/mage_msgs/include/mage_msgs/msg/detail/marker_array__struct.h
[0.451s] -- Up-to-date: /home/dustinhartnett/Documents/GitHub/ENPM702_Group2_Final/final702_ws/install/mage_msgs/include/mage_msgs/msg/detail/new_coordinates__type_support.h
[0.451s] -- Up-to-date: /home/dustinhartnett/Documents/GitHub/ENPM702_Group2_Final/final702_ws/install/mage_msgs/include/mage_msgs/msg/detail/part__functions.h
[0.451s] -- Up-to-date: /home/dustinhartnett/Documents/GitHub/ENPM702_Group2_Final/final702_ws/install/mage_msgs/include/mage_msgs/msg/advanced_logical_camera_image.h
[0.451s] -- Up-to-date: /home/dustinhartnett/Documents/GitHub/ENPM702_Group2_Final/final702_ws/install/mage_msgs/include/mage_msgs/msg/marker.h
[0.451s] -- Up-to-date: /home/dustinhartnett/Documents/GitHub/ENPM702_Group2_Final/final702_ws/install/mage_msgs/include/mage_msgs/msg/new_coordinates.h
[0.451s] -- Up-to-date: /home/dustinhartnett/Documents/GitHub/ENPM702_Group2_Final/final702_ws/install/mage_msgs/include/mage_msgs/action
[0.451s] -- Up-to-date: /home/dustinhartnett/Documents/GitHub/ENPM702_Group2_Final/final702_ws/install/mage_msgs/include/mage_msgs/action/detail
[0.451s] -- Up-to-date: /home/dustinhartnett/Documents/GitHub/ENPM702_Group2_Final/final702_ws/install/mage_msgs/include/mage_msgs/action/detail/robot_target__functions.h
[0.451s] -- Up-to-date: /home/dustinhartnett/Documents/GitHub/ENPM702_Group2_Final/final702_ws/install/mage_msgs/include/mage_msgs/action/detail/robot_target__struct.h
[0.451s] -- Up-to-date: /home/dustinhartnett/Documents/GitHub/ENPM702_Group2_Final/final702_ws/install/mage_msgs/include/mage_msgs/action/detail/robot_target__functions.c
[0.451s] -- Up-to-date: /home/dustinhartnett/Documents/GitHub/ENPM702_Group2_Final/final702_ws/install/mage_msgs/include/mage_msgs/action/detail/robot_target__type_support.h
[0.451s] -- Up-to-date: /home/dustinhartnett/Documents/GitHub/ENPM702_Group2_Final/final702_ws/install/mage_msgs/include/mage_msgs/action/robot_target.h
[0.451s] -- Up-to-date: /home/dustinhartnett/Documents/GitHub/ENPM702_Group2_Final/final702_ws/install/mage_msgs/share/mage_msgs/environment/library_path.sh
[0.452s] -- Up-to-date: /home/dustinhartnett/Documents/GitHub/ENPM702_Group2_Final/final702_ws/install/mage_msgs/share/mage_msgs/environment/library_path.dsv
[0.452s] -- Up-to-date: /home/dustinhartnett/Documents/GitHub/ENPM702_Group2_Final/final702_ws/install/mage_msgs/lib/libmage_msgs__rosidl_generator_c.so
[0.452s] -- Up-to-date: /home/dustinhartnett/Documents/GitHub/ENPM702_Group2_Final/final702_ws/install/mage_msgs/include/mage_msgs
[0.452s] -- Up-to-date: /home/dustinhartnett/Documents/GitHub/ENPM702_Group2_Final/final702_ws/install/mage_msgs/include/mage_msgs/msg
[0.452s] -- Up-to-date: /home/dustinhartnett/Documents/GitHub/ENPM702_Group2_Final/final702_ws/install/mage_msgs/include/mage_msgs/msg/rosidl_typesupport_fastrtps_c__visibility_control.h
[0.452s] -- Up-to-date: /home/dustinhartnett/Documents/GitHub/ENPM702_Group2_Final/final702_ws/install/mage_msgs/include/mage_msgs/msg/detail
[0.452s] -- Up-to-date: /home/dustinhartnett/Documents/GitHub/ENPM702_Group2_Final/final702_ws/install/mage_msgs/include/mage_msgs/msg/detail/marker__rosidl_typesupport_fastrtps_c.h
[0.452s] -- Up-to-date: /home/dustinhartnett/Documents/GitHub/ENPM702_Group2_Final/final702_ws/install/mage_msgs/include/mage_msgs/msg/detail/new_coordinates__rosidl_typesupport_fastrtps_c.h
[0.452s] -- Up-to-date: /home/dustinhartnett/Documents/GitHub/ENPM702_Group2_Final/final702_ws/install/mage_msgs/include/mage_msgs/msg/detail/sensors__rosidl_typesupport_fastrtps_c.h
[0.452s] -- Up-to-date: /home/dustinhartnett/Documents/GitHub/ENPM702_Group2_Final/final702_ws/install/mage_msgs/include/mage_msgs/msg/detail/advanced_logical_camera_image__rosidl_typesupport_fastrtps_c.h
[0.452s] -- Up-to-date: /home/dustinhartnett/Documents/GitHub/ENPM702_Group2_Final/final702_ws/install/mage_msgs/include/mage_msgs/msg/detail/part__rosidl_typesupport_fastrtps_c.h
[0.452s] -- Up-to-date: /home/dustinhartnett/Documents/GitHub/ENPM702_Group2_Final/final702_ws/install/mage_msgs/include/mage_msgs/msg/detail/marker_array__rosidl_typesupport_fastrtps_c.h
[0.452s] -- Up-to-date: /home/dustinhartnett/Documents/GitHub/ENPM702_Group2_Final/final702_ws/install/mage_msgs/include/mage_msgs/msg/detail/part_pose__rosidl_typesupport_fastrtps_c.h
[0.452s] -- Up-to-date: /home/dustinhartnett/Documents/GitHub/ENPM702_Group2_Final/final702_ws/install/mage_msgs/include/mage_msgs/action
[0.452s] -- Up-to-date: /home/dustinhartnett/Documents/GitHub/ENPM702_Group2_Final/final702_ws/install/mage_msgs/include/mage_msgs/action/detail
[0.452s] -- Up-to-date: /home/dustinhartnett/Documents/GitHub/ENPM702_Group2_Final/final702_ws/install/mage_msgs/include/mage_msgs/action/detail/robot_target__rosidl_typesupport_fastrtps_c.h
[0.452s] -- Up-to-date: /home/dustinhartnett/Documents/GitHub/ENPM702_Group2_Final/final702_ws/install/mage_msgs/lib/libmage_msgs__rosidl_typesupport_fastrtps_c.so
[0.452s] -- Up-to-date: /home/dustinhartnett/Documents/GitHub/ENPM702_Group2_Final/final702_ws/install/mage_msgs/include/mage_msgs
[0.452s] -- Up-to-date: /home/dustinhartnett/Documents/GitHub/ENPM702_Group2_Final/final702_ws/install/mage_msgs/include/mage_msgs/msg
[0.452s] -- Up-to-date: /home/dustinhartnett/Documents/GitHub/ENPM702_Group2_Final/final702_ws/install/mage_msgs/include/mage_msgs/msg/detail
[0.452s] -- Up-to-date: /home/dustinhartnett/Documents/GitHub/ENPM702_Group2_Final/final702_ws/install/mage_msgs/include/mage_msgs/msg/detail/part_pose__rosidl_typesupport_fastrtps_cpp.hpp
[0.452s] -- Up-to-date: /home/dustinhartnett/Documents/GitHub/ENPM702_Group2_Final/final702_ws/install/mage_msgs/include/mage_msgs/msg/detail/marker__rosidl_typesupport_fastrtps_cpp.hpp
[0.452s] -- Up-to-date: /home/dustinhartnett/Documents/GitHub/ENPM702_Group2_Final/final702_ws/install/mage_msgs/include/mage_msgs/msg/detail/sensors__rosidl_typesupport_fastrtps_cpp.hpp
[0.452s] -- Up-to-date: /home/dustinhartnett/Documents/GitHub/ENPM702_Group2_Final/final702_ws/install/mage_msgs/include/mage_msgs/msg/detail/advanced_logical_camera_image__rosidl_typesupport_fastrtps_cpp.hpp
[0.452s] -- Up-to-date: /home/dustinhartnett/Documents/GitHub/ENPM702_Group2_Final/final702_ws/install/mage_msgs/include/mage_msgs/msg/detail/part__rosidl_typesupport_fastrtps_cpp.hpp
[0.452s] -- Up-to-date: /home/dustinhartnett/Documents/GitHub/ENPM702_Group2_Final/final702_ws/install/mage_msgs/include/mage_msgs/msg/detail/marker_array__rosidl_typesupport_fastrtps_cpp.hpp
[0.452s] -- Up-to-date: /home/dustinhartnett/Documents/GitHub/ENPM702_Group2_Final/final702_ws/install/mage_msgs/include/mage_msgs/msg/detail/dds_fastrtps
[0.452s] -- Up-to-date: /home/dustinhartnett/Documents/GitHub/ENPM702_Group2_Final/final702_ws/install/mage_msgs/include/mage_msgs/msg/detail/new_coordinates__rosidl_typesupport_fastrtps_cpp.hpp
[0.452s] -- Up-to-date: /home/dustinhartnett/Documents/GitHub/ENPM702_Group2_Final/final702_ws/install/mage_msgs/include/mage_msgs/msg/rosidl_typesupport_fastrtps_cpp__visibility_control.h
[0.452s] -- Up-to-date: /home/dustinhartnett/Documents/GitHub/ENPM702_Group2_Final/final702_ws/install/mage_msgs/include/mage_msgs/action
[0.452s] -- Up-to-date: /home/dustinhartnett/Documents/GitHub/ENPM702_Group2_Final/final702_ws/install/mage_msgs/include/mage_msgs/action/detail
[0.453s] -- Up-to-date: /home/dustinhartnett/Documents/GitHub/ENPM702_Group2_Final/final702_ws/install/mage_msgs/include/mage_msgs/action/detail/robot_target__rosidl_typesupport_fastrtps_cpp.hpp
[0.453s] -- Up-to-date: /home/dustinhartnett/Documents/GitHub/ENPM702_Group2_Final/final702_ws/install/mage_msgs/include/mage_msgs/action/detail/dds_fastrtps
[0.453s] -- Up-to-date: /home/dustinhartnett/Documents/GitHub/ENPM702_Group2_Final/final702_ws/install/mage_msgs/lib/libmage_msgs__rosidl_typesupport_fastrtps_cpp.so
[0.453s] -- Up-to-date: /home/dustinhartnett/Documents/GitHub/ENPM702_Group2_Final/final702_ws/install/mage_msgs/include/mage_msgs
[0.453s] -- Up-to-date: /home/dustinhartnett/Documents/GitHub/ENPM702_Group2_Final/final702_ws/install/mage_msgs/include/mage_msgs/msg
[0.453s] -- Up-to-date: /home/dustinhartnett/Documents/GitHub/ENPM702_Group2_Final/final702_ws/install/mage_msgs/include/mage_msgs/msg/rosidl_typesupport_introspection_c__visibility_control.h
[0.453s] -- Up-to-date: /home/dustinhartnett/Documents/GitHub/ENPM702_Group2_Final/final702_ws/install/mage_msgs/include/mage_msgs/msg/detail
[0.453s] -- Up-to-date: /home/dustinhartnett/Documents/GitHub/ENPM702_Group2_Final/final702_ws/install/mage_msgs/include/mage_msgs/msg/detail/marker__rosidl_typesupport_introspection_c.h
[0.453s] -- Up-to-date: /home/dustinhartnett/Documents/GitHub/ENPM702_Group2_Final/final702_ws/install/mage_msgs/include/mage_msgs/msg/detail/part__rosidl_typesupport_introspection_c.h
[0.453s] -- Up-to-date: /home/dustinhartnett/Documents/GitHub/ENPM702_Group2_Final/final702_ws/install/mage_msgs/include/mage_msgs/msg/detail/marker__type_support.c
[0.453s] -- Up-to-date: /home/dustinhartnett/Documents/GitHub/ENPM702_Group2_Final/final702_ws/install/mage_msgs/include/mage_msgs/msg/detail/part_pose__type_support.c
[0.453s] -- Up-to-date: /home/dustinhartnett/Documents/GitHub/ENPM702_Group2_Final/final702_ws/install/mage_msgs/include/mage_msgs/msg/detail/part_pose__rosidl_typesupport_introspection_c.h
[0.453s] -- Up-to-date: /home/dustinhartnett/Documents/GitHub/ENPM702_Group2_Final/final702_ws/install/mage_msgs/include/mage_msgs/msg/detail/advanced_logical_camera_image__rosidl_typesupport_introspection_c.h
[0.453s] -- Up-to-date: /home/dustinhartnett/Documents/GitHub/ENPM702_Group2_Final/final702_ws/install/mage_msgs/include/mage_msgs/msg/detail/advanced_logical_camera_image__type_support.c
[0.453s] -- Up-to-date: /home/dustinhartnett/Documents/GitHub/ENPM702_Group2_Final/final702_ws/install/mage_msgs/include/mage_msgs/msg/detail/marker_array__rosidl_typesupport_introspection_c.h
[0.453s] -- Up-to-date: /home/dustinhartnett/Documents/GitHub/ENPM702_Group2_Final/final702_ws/install/mage_msgs/include/mage_msgs/msg/detail/new_coordinates__type_support.c
[0.453s] -- Up-to-date: /home/dustinhartnett/Documents/GitHub/ENPM702_Group2_Final/final702_ws/install/mage_msgs/include/mage_msgs/msg/detail/sensors__type_support.c
[0.453s] -- Up-to-date: /home/dustinhartnett/Documents/GitHub/ENPM702_Group2_Final/final702_ws/install/mage_msgs/include/mage_msgs/msg/detail/sensors__rosidl_typesupport_introspection_c.h
[0.453s] -- Up-to-date: /home/dustinhartnett/Documents/GitHub/ENPM702_Group2_Final/final702_ws/install/mage_msgs/include/mage_msgs/msg/detail/part__type_support.c
[0.453s] -- Up-to-date: /home/dustinhartnett/Documents/GitHub/ENPM702_Group2_Final/final702_ws/install/mage_msgs/include/mage_msgs/msg/detail/new_coordinates__rosidl_typesupport_introspection_c.h
[0.453s] -- Up-to-date: /home/dustinhartnett/Documents/GitHub/ENPM702_Group2_Final/final702_ws/install/mage_msgs/include/mage_msgs/msg/detail/marker_array__type_support.c
[0.453s] -- Up-to-date: /home/dustinhartnett/Documents/GitHub/ENPM702_Group2_Final/final702_ws/install/mage_msgs/include/mage_msgs/action
[0.453s] -- Up-to-date: /home/dustinhartnett/Documents/GitHub/ENPM702_Group2_Final/final702_ws/install/mage_msgs/include/mage_msgs/action/detail
[0.453s] -- Up-to-date: /home/dustinhartnett/Documents/GitHub/ENPM702_Group2_Final/final702_ws/install/mage_msgs/include/mage_msgs/action/detail/robot_target__type_support.c
[0.453s] -- Up-to-date: /home/dustinhartnett/Documents/GitHub/ENPM702_Group2_Final/final702_ws/install/mage_msgs/include/mage_msgs/action/detail/robot_target__rosidl_typesupport_introspection_c.h
[0.453s] -- Up-to-date: /home/dustinhartnett/Documents/GitHub/ENPM702_Group2_Final/final702_ws/install/mage_msgs/lib/libmage_msgs__rosidl_typesupport_introspection_c.so
[0.453s] -- Up-to-date: /home/dustinhartnett/Documents/GitHub/ENPM702_Group2_Final/final702_ws/install/mage_msgs/lib/libmage_msgs__rosidl_typesupport_c.so
[0.453s] -- Up-to-date: /home/dustinhartnett/Documents/GitHub/ENPM702_Group2_Final/final702_ws/install/mage_msgs/include/mage_msgs
[0.453s] -- Up-to-date: /home/dustinhartnett/Documents/GitHub/ENPM702_Group2_Final/final702_ws/install/mage_msgs/include/mage_msgs/msg
[0.453s] -- Up-to-date: /home/dustinhartnett/Documents/GitHub/ENPM702_Group2_Final/final702_ws/install/mage_msgs/include/mage_msgs/msg/marker_array.hpp
[0.453s] -- Up-to-date: /home/dustinhartnett/Documents/GitHub/ENPM702_Group2_Final/final702_ws/install/mage_msgs/include/mage_msgs/msg/marker.hpp
[0.453s] -- Up-to-date: /home/dustinhartnett/Documents/GitHub/ENPM702_Group2_Final/final702_ws/install/mage_msgs/include/mage_msgs/msg/new_coordinates.hpp
[0.453s] -- Up-to-date: /home/dustinhartnett/Documents/GitHub/ENPM702_Group2_Final/final702_ws/install/mage_msgs/include/mage_msgs/msg/sensors.hpp
[0.453s] -- Up-to-date: /home/dustinhartnett/Documents/GitHub/ENPM702_Group2_Final/final702_ws/install/mage_msgs/include/mage_msgs/msg/part_pose.hpp
[0.453s] -- Up-to-date: /home/dustinhartnett/Documents/GitHub/ENPM702_Group2_Final/final702_ws/install/mage_msgs/include/mage_msgs/msg/detail
[0.453s] -- Up-to-date: /home/dustinhartnett/Documents/GitHub/ENPM702_Group2_Final/final702_ws/install/mage_msgs/include/mage_msgs/msg/detail/advanced_logical_camera_image__traits.hpp
[0.453s] -- Up-to-date: /home/dustinhartnett/Documents/GitHub/ENPM702_Group2_Final/final702_ws/install/mage_msgs/include/mage_msgs/msg/detail/advanced_logical_camera_image__struct.hpp
[0.453s] -- Up-to-date: /home/dustinhartnett/Documents/GitHub/ENPM702_Group2_Final/final702_ws/install/mage_msgs/include/mage_msgs/msg/detail/part__struct.hpp
[0.453s] -- Up-to-date: /home/dustinhartnett/Documents/GitHub/ENPM702_Group2_Final/final702_ws/install/mage_msgs/include/mage_msgs/msg/detail/marker_array__traits.hpp
[0.453s] -- Up-to-date: /home/dustinhartnett/Documents/GitHub/ENPM702_Group2_Final/final702_ws/install/mage_msgs/include/mage_msgs/msg/detail/sensors__struct.hpp
[0.453s] -- Up-to-date: /home/dustinhartnett/Documents/GitHub/ENPM702_Group2_Final/final702_ws/install/mage_msgs/include/mage_msgs/msg/detail/sensors__traits.hpp
[0.454s] -- Up-to-date: /home/dustinhartnett/Documents/GitHub/ENPM702_Group2_Final/final702_ws/install/mage_msgs/include/mage_msgs/msg/detail/advanced_logical_camera_image__builder.hpp
[0.454s] -- Up-to-date: /home/dustinhartnett/Documents/GitHub/ENPM702_Group2_Final/final702_ws/install/mage_msgs/include/mage_msgs/msg/detail/part__traits.hpp
[0.454s] -- Up-to-date: /home/dustinhartnett/Documents/GitHub/ENPM702_Group2_Final/final702_ws/install/mage_msgs/include/mage_msgs/msg/detail/new_coordinates__builder.hpp
[0.454s] -- Up-to-date: /home/dustinhartnett/Documents/GitHub/ENPM702_Group2_Final/final702_ws/install/mage_msgs/include/mage_msgs/msg/detail/marker__builder.hpp
[0.454s] -- Up-to-date: /home/dustinhartnett/Documents/GitHub/ENPM702_Group2_Final/final702_ws/install/mage_msgs/include/mage_msgs/msg/detail/new_coordinates__struct.hpp
[0.454s] -- Up-to-date: /home/dustinhartnett/Documents/GitHub/ENPM702_Group2_Final/final702_ws/install/mage_msgs/include/mage_msgs/msg/detail/part_pose__struct.hpp
[0.454s] -- Up-to-date: /home/dustinhartnett/Documents/GitHub/ENPM702_Group2_Final/final702_ws/install/mage_msgs/include/mage_msgs/msg/detail/marker__struct.hpp
[0.454s] -- Up-to-date: /home/dustinhartnett/Documents/GitHub/ENPM702_Group2_Final/final702_ws/install/mage_msgs/include/mage_msgs/msg/detail/sensors__builder.hpp
[0.454s] -- Up-to-date: /home/dustinhartnett/Documents/GitHub/ENPM702_Group2_Final/final702_ws/install/mage_msgs/include/mage_msgs/msg/detail/marker_array__struct.hpp
[0.454s] -- Up-to-date: /home/dustinhartnett/Documents/GitHub/ENPM702_Group2_Final/final702_ws/install/mage_msgs/include/mage_msgs/msg/detail/part__builder.hpp
[0.454s] -- Up-to-date: /home/dustinhartnett/Documents/GitHub/ENPM702_Group2_Final/final702_ws/install/mage_msgs/include/mage_msgs/msg/detail/part_pose__builder.hpp
[0.454s] -- Up-to-date: /home/dustinhartnett/Documents/GitHub/ENPM702_Group2_Final/final702_ws/install/mage_msgs/include/mage_msgs/msg/detail/marker_array__builder.hpp
[0.454s] -- Up-to-date: /home/dustinhartnett/Documents/GitHub/ENPM702_Group2_Final/final702_ws/install/mage_msgs/include/mage_msgs/msg/detail/marker__traits.hpp
[0.454s] -- Up-to-date: /home/dustinhartnett/Documents/GitHub/ENPM702_Group2_Final/final702_ws/install/mage_msgs/include/mage_msgs/msg/detail/part_pose__traits.hpp
[0.454s] -- Up-to-date: /home/dustinhartnett/Documents/GitHub/ENPM702_Group2_Final/final702_ws/install/mage_msgs/include/mage_msgs/msg/detail/new_coordinates__traits.hpp
[0.454s] -- Up-to-date: /home/dustinhartnett/Documents/GitHub/ENPM702_Group2_Final/final702_ws/install/mage_msgs/include/mage_msgs/msg/advanced_logical_camera_image.hpp
[0.454s] -- Up-to-date: /home/dustinhartnett/Documents/GitHub/ENPM702_Group2_Final/final702_ws/install/mage_msgs/include/mage_msgs/msg/part.hpp
[0.454s] -- Up-to-date: /home/dustinhartnett/Documents/GitHub/ENPM702_Group2_Final/final702_ws/install/mage_msgs/include/mage_msgs/action
[0.454s] -- Up-to-date: /home/dustinhartnett/Documents/GitHub/ENPM702_Group2_Final/final702_ws/install/mage_msgs/include/mage_msgs/action/robot_target.hpp
[0.454s] -- Up-to-date: /home/dustinhartnett/Documents/GitHub/ENPM702_Group2_Final/final702_ws/install/mage_msgs/include/mage_msgs/action/detail
[0.454s] -- Up-to-date: /home/dustinhartnett/Documents/GitHub/ENPM702_Group2_Final/final702_ws/install/mage_msgs/include/mage_msgs/action/detail/robot_target__struct.hpp
[0.454s] -- Up-to-date: /home/dustinhartnett/Documents/GitHub/ENPM702_Group2_Final/final702_ws/install/mage_msgs/include/mage_msgs/action/detail/robot_target__traits.hpp
[0.454s] -- Up-to-date: /home/dustinhartnett/Documents/GitHub/ENPM702_Group2_Final/final702_ws/install/mage_msgs/include/mage_msgs/action/detail/robot_target__builder.hpp
[0.454s] -- Up-to-date: /home/dustinhartnett/Documents/GitHub/ENPM702_Group2_Final/final702_ws/install/mage_msgs/include/mage_msgs
[0.454s] -- Up-to-date: /home/dustinhartnett/Documents/GitHub/ENPM702_Group2_Final/final702_ws/install/mage_msgs/include/mage_msgs/msg
[0.454s] -- Up-to-date: /home/dustinhartnett/Documents/GitHub/ENPM702_Group2_Final/final702_ws/install/mage_msgs/include/mage_msgs/msg/detail
[0.454s] -- Up-to-date: /home/dustinhartnett/Documents/GitHub/ENPM702_Group2_Final/final702_ws/install/mage_msgs/include/mage_msgs/msg/detail/sensors__rosidl_typesupport_introspection_cpp.hpp
[0.454s] -- Up-to-date: /home/dustinhartnett/Documents/GitHub/ENPM702_Group2_Final/final702_ws/install/mage_msgs/include/mage_msgs/msg/detail/part__rosidl_typesupport_introspection_cpp.hpp
[0.454s] -- Up-to-date: /home/dustinhartnett/Documents/GitHub/ENPM702_Group2_Final/final702_ws/install/mage_msgs/include/mage_msgs/msg/detail/advanced_logical_camera_image__rosidl_typesupport_introspection_cpp.hpp
[0.454s] -- Up-to-date: /home/dustinhartnett/Documents/GitHub/ENPM702_Group2_Final/final702_ws/install/mage_msgs/include/mage_msgs/msg/detail/new_coordinates__type_support.cpp
[0.454s] -- Up-to-date: /home/dustinhartnett/Documents/GitHub/ENPM702_Group2_Final/final702_ws/install/mage_msgs/include/mage_msgs/msg/detail/new_coordinates__rosidl_typesupport_introspection_cpp.hpp
[0.454s] -- Up-to-date: /home/dustinhartnett/Documents/GitHub/ENPM702_Group2_Final/final702_ws/install/mage_msgs/include/mage_msgs/msg/detail/marker__type_support.cpp
[0.454s] -- Up-to-date: /home/dustinhartnett/Documents/GitHub/ENPM702_Group2_Final/final702_ws/install/mage_msgs/include/mage_msgs/msg/detail/marker_array__type_support.cpp
[0.454s] -- Up-to-date: /home/dustinhartnett/Documents/GitHub/ENPM702_Group2_Final/final702_ws/install/mage_msgs/include/mage_msgs/msg/detail/part__type_support.cpp
[0.454s] -- Up-to-date: /home/dustinhartnett/Documents/GitHub/ENPM702_Group2_Final/final702_ws/install/mage_msgs/include/mage_msgs/msg/detail/advanced_logical_camera_image__type_support.cpp
[0.454s] -- Up-to-date: /home/dustinhartnett/Documents/GitHub/ENPM702_Group2_Final/final702_ws/install/mage_msgs/include/mage_msgs/msg/detail/sensors__type_support.cpp
[0.454s] -- Up-to-date: /home/dustinhartnett/Documents/GitHub/ENPM702_Group2_Final/final702_ws/install/mage_msgs/include/mage_msgs/msg/detail/part_pose__type_support.cpp
[0.454s] -- Up-to-date: /home/dustinhartnett/Documents/GitHub/ENPM702_Group2_Final/final702_ws/install/mage_msgs/include/mage_msgs/msg/detail/marker__rosidl_typesupport_introspection_cpp.hpp
[0.454s] -- Up-to-date: /home/dustinhartnett/Documents/GitHub/ENPM702_Group2_Final/final702_ws/install/mage_msgs/include/mage_msgs/msg/detail/marker_array__rosidl_typesupport_introspection_cpp.hpp
[0.454s] -- Up-to-date: /home/dustinhartnett/Documents/GitHub/ENPM702_Group2_Final/final702_ws/install/mage_msgs/include/mage_msgs/msg/detail/part_pose__rosidl_typesupport_introspection_cpp.hpp
[0.454s] -- Up-to-date: /home/dustinhartnett/Documents/GitHub/ENPM702_Group2_Final/final702_ws/install/mage_msgs/include/mage_msgs/action
[0.455s] -- Up-to-date: /home/dustinhartnett/Documents/GitHub/ENPM702_Group2_Final/final702_ws/install/mage_msgs/include/mage_msgs/action/detail
[0.455s] -- Up-to-date: /home/dustinhartnett/Documents/GitHub/ENPM702_Group2_Final/final702_ws/install/mage_msgs/include/mage_msgs/action/detail/robot_target__rosidl_typesupport_introspection_cpp.hpp
[0.455s] -- Up-to-date: /home/dustinhartnett/Documents/GitHub/ENPM702_Group2_Final/final702_ws/install/mage_msgs/include/mage_msgs/action/detail/robot_target__type_support.cpp
[0.455s] -- Up-to-date: /home/dustinhartnett/Documents/GitHub/ENPM702_Group2_Final/final702_ws/install/mage_msgs/lib/libmage_msgs__rosidl_typesupport_introspection_cpp.so
[0.455s] -- Up-to-date: /home/dustinhartnett/Documents/GitHub/ENPM702_Group2_Final/final702_ws/install/mage_msgs/lib/libmage_msgs__rosidl_typesupport_cpp.so
[0.455s] -- Up-to-date: /home/dustinhartnett/Documents/GitHub/ENPM702_Group2_Final/final702_ws/install/mage_msgs/share/mage_msgs/environment/pythonpath.sh
[0.455s] -- Up-to-date: /home/dustinhartnett/Documents/GitHub/ENPM702_Group2_Final/final702_ws/install/mage_msgs/share/mage_msgs/environment/pythonpath.dsv
[0.455s] -- Up-to-date: /home/dustinhartnett/Documents/GitHub/ENPM702_Group2_Final/final702_ws/install/mage_msgs/lib/python3.8/site-packages/mage_msgs/__init__.py
[0.473s] -- Up-to-date: /home/dustinhartnett/Documents/GitHub/ENPM702_Group2_Final/final702_ws/install/mage_msgs/lib/python3.8/site-packages/mage_msgs/msg
[0.473s] -- Up-to-date: /home/dustinhartnett/Documents/GitHub/ENPM702_Group2_Final/final702_ws/install/mage_msgs/lib/python3.8/site-packages/mage_msgs/msg/_new_coordinates_s.c
[0.473s] -- Up-to-date: /home/dustinhartnett/Documents/GitHub/ENPM702_Group2_Final/final702_ws/install/mage_msgs/lib/python3.8/site-packages/mage_msgs/msg/_part_s.c
[0.473s] -- Up-to-date: /home/dustinhartnett/Documents/GitHub/ENPM702_Group2_Final/final702_ws/install/mage_msgs/lib/python3.8/site-packages/mage_msgs/msg/_marker_s.c
[0.474s] -- Up-to-date: /home/dustinhartnett/Documents/GitHub/ENPM702_Group2_Final/final702_ws/install/mage_msgs/lib/python3.8/site-packages/mage_msgs/msg/_part_pose.py
[0.474s] -- Up-to-date: /home/dustinhartnett/Documents/GitHub/ENPM702_Group2_Final/final702_ws/install/mage_msgs/lib/python3.8/site-packages/mage_msgs/msg/_sensors_s.c
[0.474s] -- Up-to-date: /home/dustinhartnett/Documents/GitHub/ENPM702_Group2_Final/final702_ws/install/mage_msgs/lib/python3.8/site-packages/mage_msgs/msg/_advanced_logical_camera_image_s.c
[0.474s] -- Up-to-date: /home/dustinhartnett/Documents/GitHub/ENPM702_Group2_Final/final702_ws/install/mage_msgs/lib/python3.8/site-packages/mage_msgs/msg/_part.py
[0.474s] -- Up-to-date: /home/dustinhartnett/Documents/GitHub/ENPM702_Group2_Final/final702_ws/install/mage_msgs/lib/python3.8/site-packages/mage_msgs/msg/_marker_array_s.c
[0.474s] -- Up-to-date: /home/dustinhartnett/Documents/GitHub/ENPM702_Group2_Final/final702_ws/install/mage_msgs/lib/python3.8/site-packages/mage_msgs/msg/_part_pose_s.c
[0.474s] -- Up-to-date: /home/dustinhartnett/Documents/GitHub/ENPM702_Group2_Final/final702_ws/install/mage_msgs/lib/python3.8/site-packages/mage_msgs/msg/_sensors.py
[0.474s] -- Up-to-date: /home/dustinhartnett/Documents/GitHub/ENPM702_Group2_Final/final702_ws/install/mage_msgs/lib/python3.8/site-packages/mage_msgs/msg/__init__.py
[0.474s] -- Up-to-date: /home/dustinhartnett/Documents/GitHub/ENPM702_Group2_Final/final702_ws/install/mage_msgs/lib/python3.8/site-packages/mage_msgs/msg/_advanced_logical_camera_image.py
[0.474s] -- Up-to-date: /home/dustinhartnett/Documents/GitHub/ENPM702_Group2_Final/final702_ws/install/mage_msgs/lib/python3.8/site-packages/mage_msgs/msg/_marker.py
[0.474s] -- Up-to-date: /home/dustinhartnett/Documents/GitHub/ENPM702_Group2_Final/final702_ws/install/mage_msgs/lib/python3.8/site-packages/mage_msgs/msg/_marker_array.py
[0.474s] -- Up-to-date: /home/dustinhartnett/Documents/GitHub/ENPM702_Group2_Final/final702_ws/install/mage_msgs/lib/python3.8/site-packages/mage_msgs/msg/_new_coordinates.py
[0.474s] -- Up-to-date: /home/dustinhartnett/Documents/GitHub/ENPM702_Group2_Final/final702_ws/install/mage_msgs/lib/python3.8/site-packages/mage_msgs/action
[0.474s] -- Up-to-date: /home/dustinhartnett/Documents/GitHub/ENPM702_Group2_Final/final702_ws/install/mage_msgs/lib/python3.8/site-packages/mage_msgs/action/_robot_target_s.c
[0.474s] -- Up-to-date: /home/dustinhartnett/Documents/GitHub/ENPM702_Group2_Final/final702_ws/install/mage_msgs/lib/python3.8/site-packages/mage_msgs/action/_robot_target.py
[0.474s] -- Up-to-date: /home/dustinhartnett/Documents/GitHub/ENPM702_Group2_Final/final702_ws/install/mage_msgs/lib/python3.8/site-packages/mage_msgs/action/__init__.py
[0.474s] -- Up-to-date: /home/dustinhartnett/Documents/GitHub/ENPM702_Group2_Final/final702_ws/install/mage_msgs/lib/python3.8/site-packages/mage_msgs/mage_msgs_s__rosidl_typesupport_fastrtps_c.cpython-38-x86_64-linux-gnu.so
[0.474s] -- Up-to-date: /home/dustinhartnett/Documents/GitHub/ENPM702_Group2_Final/final702_ws/install/mage_msgs/lib/python3.8/site-packages/mage_msgs/mage_msgs_s__rosidl_typesupport_introspection_c.cpython-38-x86_64-linux-gnu.so
[0.474s] -- Up-to-date: /home/dustinhartnett/Documents/GitHub/ENPM702_Group2_Final/final702_ws/install/mage_msgs/lib/python3.8/site-packages/mage_msgs/mage_msgs_s__rosidl_typesupport_c.cpython-38-x86_64-linux-gnu.so
[0.474s] -- Up-to-date: /home/dustinhartnett/Documents/GitHub/ENPM702_Group2_Final/final702_ws/install/mage_msgs/lib/libmage_msgs__python.so
[0.474s] -- Up-to-date: /home/dustinhartnett/Documents/GitHub/ENPM702_Group2_Final/final702_ws/install/mage_msgs/share/mage_msgs/msg/AdvancedLogicalCameraImage.idl
[0.474s] -- Up-to-date: /home/dustinhartnett/Documents/GitHub/ENPM702_Group2_Final/final702_ws/install/mage_msgs/share/mage_msgs/msg/Part.idl
[0.475s] -- Up-to-date: /home/dustinhartnett/Documents/GitHub/ENPM702_Group2_Final/final702_ws/install/mage_msgs/share/mage_msgs/msg/PartPose.idl
[0.475s] -- Up-to-date: /home/dustinhartnett/Documents/GitHub/ENPM702_Group2_Final/final702_ws/install/mage_msgs/share/mage_msgs/msg/Sensors.idl
[0.475s] -- Up-to-date: /home/dustinhartnett/Documents/GitHub/ENPM702_Group2_Final/final702_ws/install/mage_msgs/share/mage_msgs/msg/Marker.idl
[0.475s] -- Up-to-date: /home/dustinhartnett/Documents/GitHub/ENPM702_Group2_Final/final702_ws/install/mage_msgs/share/mage_msgs/msg/MarkerArray.idl
[0.475s] -- Up-to-date: /home/dustinhartnett/Documents/GitHub/ENPM702_Group2_Final/final702_ws/install/mage_msgs/share/mage_msgs/msg/NewCoordinates.idl
[0.475s] -- Up-to-date: /home/dustinhartnett/Documents/GitHub/ENPM702_Group2_Final/final702_ws/install/mage_msgs/share/mage_msgs/action/RobotTarget.idl
[0.475s] -- Up-to-date: /home/dustinhartnett/Documents/GitHub/ENPM702_Group2_Final/final702_ws/install/mage_msgs/share/mage_msgs/msg/AdvancedLogicalCameraImage.msg
[0.475s] -- Up-to-date: /home/dustinhartnett/Documents/GitHub/ENPM702_Group2_Final/final702_ws/install/mage_msgs/share/mage_msgs/msg/Part.msg
[0.475s] -- Up-to-date: /home/dustinhartnett/Documents/GitHub/ENPM702_Group2_Final/final702_ws/install/mage_msgs/share/mage_msgs/msg/PartPose.msg
[0.475s] -- Up-to-date: /home/dustinhartnett/Documents/GitHub/ENPM702_Group2_Final/final702_ws/install/mage_msgs/share/mage_msgs/msg/Sensors.msg
[0.475s] -- Up-to-date: /home/dustinhartnett/Documents/GitHub/ENPM702_Group2_Final/final702_ws/install/mage_msgs/share/mage_msgs/msg/Marker.msg
[0.475s] -- Up-to-date: /home/dustinhartnett/Documents/GitHub/ENPM702_Group2_Final/final702_ws/install/mage_msgs/share/mage_msgs/msg/MarkerArray.msg
[0.475s] -- Up-to-date: /home/dustinhartnett/Documents/GitHub/ENPM702_Group2_Final/final702_ws/install/mage_msgs/share/mage_msgs/msg/NewCoordinates.msg
[0.475s] -- Up-to-date: /home/dustinhartnett/Documents/GitHub/ENPM702_Group2_Final/final702_ws/install/mage_msgs/share/mage_msgs/action/RobotTarget.action
[0.475s] -- Up-to-date: /home/dustinhartnett/Documents/GitHub/ENPM702_Group2_Final/final702_ws/install/mage_msgs/share/ament_index/resource_index/package_run_dependencies/mage_msgs
[0.475s] -- Up-to-date: /home/dustinhartnett/Documents/GitHub/ENPM702_Group2_Final/final702_ws/install/mage_msgs/share/ament_index/resource_index/parent_prefix_path/mage_msgs
[0.475s] -- Up-to-date: /home/dustinhartnett/Documents/GitHub/ENPM702_Group2_Final/final702_ws/install/mage_msgs/share/mage_msgs/environment/ament_prefix_path.sh
[0.475s] -- Up-to-date: /home/dustinhartnett/Documents/GitHub/ENPM702_Group2_Final/final702_ws/install/mage_msgs/share/mage_msgs/environment/ament_prefix_path.dsv
[0.475s] -- Up-to-date: /home/dustinhartnett/Documents/GitHub/ENPM702_Group2_Final/final702_ws/install/mage_msgs/share/mage_msgs/environment/path.sh
[0.475s] -- Up-to-date: /home/dustinhartnett/Documents/GitHub/ENPM702_Group2_Final/final702_ws/install/mage_msgs/share/mage_msgs/environment/path.dsv
[0.475s] -- Up-to-date: /home/dustinhartnett/Documents/GitHub/ENPM702_Group2_Final/final702_ws/install/mage_msgs/share/mage_msgs/local_setup.bash
[0.475s] -- Up-to-date: /home/dustinhartnett/Documents/GitHub/ENPM702_Group2_Final/final702_ws/install/mage_msgs/share/mage_msgs/local_setup.sh
[0.475s] -- Up-to-date: /home/dustinhartnett/Documents/GitHub/ENPM702_Group2_Final/final702_ws/install/mage_msgs/share/mage_msgs/local_setup.zsh
[0.475s] -- Up-to-date: /home/dustinhartnett/Documents/GitHub/ENPM702_Group2_Final/final702_ws/install/mage_msgs/share/mage_msgs/local_setup.dsv
[0.475s] -- Installing: /home/dustinhartnett/Documents/GitHub/ENPM702_Group2_Final/final702_ws/install/mage_msgs/share/mage_msgs/package.dsv
[0.475s] -- Up-to-date: /home/dustinhartnett/Documents/GitHub/ENPM702_Group2_Final/final702_ws/install/mage_msgs/share/ament_index/resource_index/packages/mage_msgs
[0.475s] -- Up-to-date: /home/dustinhartnett/Documents/GitHub/ENPM702_Group2_Final/final702_ws/install/mage_msgs/share/mage_msgs/cmake/mage_msgs__rosidl_generator_cExport.cmake
[0.475s] -- Up-to-date: /home/dustinhartnett/Documents/GitHub/ENPM702_Group2_Final/final702_ws/install/mage_msgs/share/mage_msgs/cmake/mage_msgs__rosidl_generator_cExport-noconfig.cmake
[0.475s] -- Up-to-date: /home/dustinhartnett/Documents/GitHub/ENPM702_Group2_Final/final702_ws/install/mage_msgs/share/mage_msgs/cmake/mage_msgs__rosidl_typesupport_introspection_cExport.cmake
[0.476s] -- Up-to-date: /home/dustinhartnett/Documents/GitHub/ENPM702_Group2_Final/final702_ws/install/mage_msgs/share/mage_msgs/cmake/mage_msgs__rosidl_typesupport_introspection_cExport-noconfig.cmake
[0.476s] -- Up-to-date: /home/dustinhartnett/Documents/GitHub/ENPM702_Group2_Final/final702_ws/install/mage_msgs/share/mage_msgs/cmake/mage_msgs__rosidl_typesupport_cExport.cmake
[0.476s] -- Up-to-date: /home/dustinhartnett/Documents/GitHub/ENPM702_Group2_Final/final702_ws/install/mage_msgs/share/mage_msgs/cmake/mage_msgs__rosidl_typesupport_cExport-noconfig.cmake
[0.476s] -- Up-to-date: /home/dustinhartnett/Documents/GitHub/ENPM702_Group2_Final/final702_ws/install/mage_msgs/share/mage_msgs/cmake/mage_msgs__rosidl_generator_cppExport.cmake
[0.476s] -- Up-to-date: /home/dustinhartnett/Documents/GitHub/ENPM702_Group2_Final/final702_ws/install/mage_msgs/share/mage_msgs/cmake/mage_msgs__rosidl_typesupport_introspection_cppExport.cmake
[0.476s] -- Up-to-date: /home/dustinhartnett/Documents/GitHub/ENPM702_Group2_Final/final702_ws/install/mage_msgs/share/mage_msgs/cmake/mage_msgs__rosidl_typesupport_introspection_cppExport-noconfig.cmake
[0.476s] -- Up-to-date: /home/dustinhartnett/Documents/GitHub/ENPM702_Group2_Final/final702_ws/install/mage_msgs/share/mage_msgs/cmake/mage_msgs__rosidl_typesupport_cppExport.cmake
[0.476s] -- Up-to-date: /home/dustinhartnett/Documents/GitHub/ENPM702_Group2_Final/final702_ws/install/mage_msgs/share/mage_msgs/cmake/mage_msgs__rosidl_typesupport_cppExport-noconfig.cmake
[0.476s] -- Up-to-date: /home/dustinhartnett/Documents/GitHub/ENPM702_Group2_Final/final702_ws/install/mage_msgs/share/mage_msgs/cmake/rosidl_cmake-extras.cmake
[0.476s] -- Up-to-date: /home/dustinhartnett/Documents/GitHub/ENPM702_Group2_Final/final702_ws/install/mage_msgs/share/mage_msgs/cmake/ament_cmake_export_dependencies-extras.cmake
[0.476s] -- Up-to-date: /home/dustinhartnett/Documents/GitHub/ENPM702_Group2_Final/final702_ws/install/mage_msgs/share/mage_msgs/cmake/ament_cmake_export_libraries-extras.cmake
[0.476s] -- Up-to-date: /home/dustinhartnett/Documents/GitHub/ENPM702_Group2_Final/final702_ws/install/mage_msgs/share/mage_msgs/cmake/ament_cmake_export_targets-extras.cmake
[0.476s] -- Up-to-date: /home/dustinhartnett/Documents/GitHub/ENPM702_Group2_Final/final702_ws/install/mage_msgs/share/mage_msgs/cmake/ament_cmake_export_include_directories-extras.cmake
[0.476s] -- Up-to-date: /home/dustinhartnett/Documents/GitHub/ENPM702_Group2_Final/final702_ws/install/mage_msgs/share/mage_msgs/cmake/rosidl_cmake_export_typesupport_libraries-extras.cmake
[0.476s] -- Up-to-date: /home/dustinhartnett/Documents/GitHub/ENPM702_Group2_Final/final702_ws/install/mage_msgs/share/mage_msgs/cmake/rosidl_cmake_export_typesupport_targets-extras.cmake
[0.476s] -- Up-to-date: /home/dustinhartnett/Documents/GitHub/ENPM702_Group2_Final/final702_ws/install/mage_msgs/share/mage_msgs/cmake/mage_msgsConfig.cmake
[0.476s] -- Up-to-date: /home/dustinhartnett/Documents/GitHub/ENPM702_Group2_Final/final702_ws/install/mage_msgs/share/mage_msgs/cmake/mage_msgsConfig-version.cmake
[0.476s] -- Up-to-date: /home/dustinhartnett/Documents/GitHub/ENPM702_Group2_Final/final702_ws/install/mage_msgs/share/mage_msgs/package.xml
[0.478s] Invoked command in '/home/dustinhartnett/Documents/GitHub/ENPM702_Group2_Final/final702_ws/build/mage_msgs' returned '0': CMAKE_PREFIX_PATH=${CMAKE_PREFIX_PATH}:/opt/ros/galactic /usr/bin/cmake --install /home/dustinhartnett/Documents/GitHub/ENPM702_Group2_Final/final702_ws/build/mage_msgs
