[2.424s] DEBUG:colcon:Command line arguments: ['/usr/bin/colcon', 'build']
[2.424s] DEBUG:colcon:Parsed command line arguments: Namespace(allow_overriding=[], ament_cmake_args=None, base_paths=['.'], build_base='build', catkin_cmake_args=None, catkin_skip_building_tests=False, cmake_args=None, cmake_clean_cache=False, cmake_clean_first=False, cmake_force_configure=False, cmake_target=None, cmake_target_skip_unavailable=False, continue_on_error=False, event_handlers=None, executor='parallel', ignore_user_meta=False, install_base='install', log_base=None, log_level=None, main=<bound method BuildVerb.main of <colcon_core.verb.build.BuildVerb object at 0x7f6afa62c160>>, merge_install=False, metas=['./colcon.meta'], packages_above=None, packages_above_and_dependencies=None, packages_above_depth=None, packages_end=None, packages_ignore=None, packages_ignore_regex=None, packages_select=None, packages_select_build_failed=False, packages_select_by_dep=None, packages_select_regex=None, packages_select_test_failures=False, packages_skip=None, packages_skip_build_finished=False, packages_skip_by_dep=None, packages_skip_regex=None, packages_skip_test_passed=False, packages_skip_up_to=None, packages_start=None, packages_up_to=None, packages_up_to_regex=None, parallel_workers=20, paths=None, symlink_install=False, test_result_base=None, verb_extension=<colcon_core.verb.build.BuildVerb object at 0x7f6afa62c160>, verb_name='build', verb_parser=<colcon_defaults.argument_parser.defaults.DefaultArgumentsDecorator object at 0x7f6afa5623d0>)
[2.532s] Level 1:colcon.colcon_core.package_discovery:discover_packages(colcon_meta) check parameters
[2.532s] Level 1:colcon.colcon_core.package_discovery:discover_packages(recursive) check parameters
[2.532s] Level 1:colcon.colcon_core.package_discovery:discover_packages(ignore) check parameters
[2.532s] Level 1:colcon.colcon_core.package_discovery:discover_packages(path) check parameters
[2.532s] Level 1:colcon.colcon_core.package_discovery:discover_packages(colcon_meta) discover
[2.532s] Level 1:colcon.colcon_core.package_discovery:discover_packages(recursive) discover
[2.532s] INFO:colcon.colcon_core.package_discovery:Crawling recursively for packages in '/home/dustinhartnett/Documents/GitHub/ENPM702_Group2_Final/final702_ws'
[2.533s] Level 1:colcon.colcon_core.package_identification:_identify(.) by extensions ['ignore', 'ignore_ament_install']
[2.533s] Level 1:colcon.colcon_core.package_identification:_identify(.) by extension 'ignore'
[2.533s] Level 1:colcon.colcon_core.package_identification:_identify(.) by extension 'ignore_ament_install'
[2.533s] Level 1:colcon.colcon_core.package_identification:_identify(.) by extensions ['colcon_pkg']
[2.533s] Level 1:colcon.colcon_core.package_identification:_identify(.) by extension 'colcon_pkg'
[2.533s] Level 1:colcon.colcon_core.package_identification:_identify(.) by extensions ['colcon_meta']
[2.533s] Level 1:colcon.colcon_core.package_identification:_identify(.) by extension 'colcon_meta'
[2.533s] Level 1:colcon.colcon_core.package_identification:_identify(.) by extensions ['ros']
[2.533s] Level 1:colcon.colcon_core.package_identification:_identify(.) by extension 'ros'
[2.546s] Level 1:colcon.colcon_core.package_identification:_identify(.) by extensions ['cmake', 'python']
[2.546s] Level 1:colcon.colcon_core.package_identification:_identify(.) by extension 'cmake'
[2.546s] Level 1:colcon.colcon_core.package_identification:_identify(.) by extension 'python'
[2.546s] Level 1:colcon.colcon_core.package_identification:_identify(.) by extensions ['python_setup_py']
[2.546s] Level 1:colcon.colcon_core.package_identification:_identify(.) by extension 'python_setup_py'
[2.546s] Level 1:colcon.colcon_core.package_identification:_identify(build) by extensions ['ignore', 'ignore_ament_install']
[2.546s] Level 1:colcon.colcon_core.package_identification:_identify(build) by extension 'ignore'
[2.546s] Level 1:colcon.colcon_core.package_identification:_identify(build) ignored
[2.546s] Level 1:colcon.colcon_core.package_identification:_identify(install) by extensions ['ignore', 'ignore_ament_install']
[2.547s] Level 1:colcon.colcon_core.package_identification:_identify(install) by extension 'ignore'
[2.547s] Level 1:colcon.colcon_core.package_identification:_identify(install) ignored
[2.547s] Level 1:colcon.colcon_core.package_identification:_identify(log) by extensions ['ignore', 'ignore_ament_install']
[2.547s] Level 1:colcon.colcon_core.package_identification:_identify(log) by extension 'ignore'
[2.547s] Level 1:colcon.colcon_core.package_identification:_identify(log) ignored
[2.547s] Level 1:colcon.colcon_core.package_identification:_identify(src) by extensions ['ignore', 'ignore_ament_install']
[2.547s] Level 1:colcon.colcon_core.package_identification:_identify(src) by extension 'ignore'
[2.547s] Level 1:colcon.colcon_core.package_identification:_identify(src) by extension 'ignore_ament_install'
[2.547s] Level 1:colcon.colcon_core.package_identification:_identify(src) by extensions ['colcon_pkg']
[2.547s] Level 1:colcon.colcon_core.package_identification:_identify(src) by extension 'colcon_pkg'
[2.547s] Level 1:colcon.colcon_core.package_identification:_identify(src) by extensions ['colcon_meta']
[2.547s] Level 1:colcon.colcon_core.package_identification:_identify(src) by extension 'colcon_meta'
[2.547s] Level 1:colcon.colcon_core.package_identification:_identify(src) by extensions ['ros']
[2.547s] Level 1:colcon.colcon_core.package_identification:_identify(src) by extension 'ros'
[2.547s] Level 1:colcon.colcon_core.package_identification:_identify(src) by extensions ['cmake', 'python']
[2.547s] Level 1:colcon.colcon_core.package_identification:_identify(src) by extension 'cmake'
[2.547s] Level 1:colcon.colcon_core.package_identification:_identify(src) by extension 'python'
[2.548s] Level 1:colcon.colcon_core.package_identification:_identify(src) by extensions ['python_setup_py']
[2.548s] Level 1:colcon.colcon_core.package_identification:_identify(src) by extension 'python_setup_py'
[2.548s] Level 1:colcon.colcon_core.package_identification:_identify(src/final_project) by extensions ['ignore', 'ignore_ament_install']
[2.548s] Level 1:colcon.colcon_core.package_identification:_identify(src/final_project) by extension 'ignore'
[2.548s] Level 1:colcon.colcon_core.package_identification:_identify(src/final_project) by extension 'ignore_ament_install'
[2.548s] Level 1:colcon.colcon_core.package_identification:_identify(src/final_project) by extensions ['colcon_pkg']
[2.548s] Level 1:colcon.colcon_core.package_identification:_identify(src/final_project) by extension 'colcon_pkg'
[2.548s] Level 1:colcon.colcon_core.package_identification:_identify(src/final_project) by extensions ['colcon_meta']
[2.548s] Level 1:colcon.colcon_core.package_identification:_identify(src/final_project) by extension 'colcon_meta'
[2.548s] Level 1:colcon.colcon_core.package_identification:_identify(src/final_project) by extensions ['ros']
[2.548s] Level 1:colcon.colcon_core.package_identification:_identify(src/final_project) by extension 'ros'
[2.552s] DEBUG:colcon.colcon_core.package_identification:Package 'src/final_project' with type 'ros.ament_cmake' and name 'final_project'
[2.552s] Level 1:colcon.colcon_core.package_identification:_identify(src/mage_msgs) by extensions ['ignore', 'ignore_ament_install']
[2.552s] Level 1:colcon.colcon_core.package_identification:_identify(src/mage_msgs) by extension 'ignore'
[2.552s] Level 1:colcon.colcon_core.package_identification:_identify(src/mage_msgs) by extension 'ignore_ament_install'
[2.552s] Level 1:colcon.colcon_core.package_identification:_identify(src/mage_msgs) by extensions ['colcon_pkg']
[2.552s] Level 1:colcon.colcon_core.package_identification:_identify(src/mage_msgs) by extension 'colcon_pkg'
[2.552s] Level 1:colcon.colcon_core.package_identification:_identify(src/mage_msgs) by extensions ['colcon_meta']
[2.552s] Level 1:colcon.colcon_core.package_identification:_identify(src/mage_msgs) by extension 'colcon_meta'
[2.553s] Level 1:colcon.colcon_core.package_identification:_identify(src/mage_msgs) by extensions ['ros']
[2.553s] Level 1:colcon.colcon_core.package_identification:_identify(src/mage_msgs) by extension 'ros'
[2.553s] DEBUG:colcon.colcon_core.package_identification:Package 'src/mage_msgs' with type 'ros.ament_cmake' and name 'mage_msgs'
[2.553s] Level 1:colcon.colcon_core.package_discovery:discover_packages(recursive) using defaults
[2.554s] Level 1:colcon.colcon_core.package_discovery:discover_packages(ignore) discover
[2.554s] Level 1:colcon.colcon_core.package_discovery:discover_packages(ignore) using defaults
[2.554s] Level 1:colcon.colcon_core.package_discovery:discover_packages(path) discover
[2.554s] Level 1:colcon.colcon_core.package_discovery:discover_packages(path) using defaults
[2.769s] Level 1:colcon.colcon_core.package_discovery:discover_packages(prefix_path) check parameters
[2.769s] Level 1:colcon.colcon_core.package_discovery:discover_packages(prefix_path) discover
[2.850s] DEBUG:colcon.colcon_installed_package_information.package_discovery:Found 2 installed packages in /home/dustinhartnett/Documents/GitHub/ENPM702_Group2_Final/final702_ws/install
[2.891s] DEBUG:colcon.colcon_installed_package_information.package_discovery:Found 364 installed packages in /opt/ros/galactic
[2.893s] Level 1:colcon.colcon_core.package_discovery:discover_packages(prefix_path) using defaults
[3.102s] Level 5:colcon.colcon_core.verb:set package 'mage_msgs' build argument 'cmake_args' from command line to 'None'
[3.102s] Level 5:colcon.colcon_core.verb:set package 'mage_msgs' build argument 'cmake_target' from command line to 'None'
[3.102s] Level 5:colcon.colcon_core.verb:set package 'mage_msgs' build argument 'cmake_target_skip_unavailable' from command line to 'False'
[3.102s] Level 5:colcon.colcon_core.verb:set package 'mage_msgs' build argument 'cmake_clean_cache' from command line to 'False'
[3.102s] Level 5:colcon.colcon_core.verb:set package 'mage_msgs' build argument 'cmake_clean_first' from command line to 'False'
[3.102s] Level 5:colcon.colcon_core.verb:set package 'mage_msgs' build argument 'cmake_force_configure' from command line to 'False'
[3.102s] Level 5:colcon.colcon_core.verb:set package 'mage_msgs' build argument 'ament_cmake_args' from command line to 'None'
[3.102s] Level 5:colcon.colcon_core.verb:set package 'mage_msgs' build argument 'catkin_cmake_args' from command line to 'None'
[3.102s] Level 5:colcon.colcon_core.verb:set package 'mage_msgs' build argument 'catkin_skip_building_tests' from command line to 'False'
[3.102s] DEBUG:colcon.colcon_core.verb:Building package 'mage_msgs' with the following arguments: {'ament_cmake_args': None, 'build_base': '/home/dustinhartnett/Documents/GitHub/ENPM702_Group2_Final/final702_ws/build/mage_msgs', 'catkin_cmake_args': None, 'catkin_skip_building_tests': False, 'cmake_args': None, 'cmake_clean_cache': False, 'cmake_clean_first': False, 'cmake_force_configure': False, 'cmake_target': None, 'cmake_target_skip_unavailable': False, 'install_base': '/home/dustinhartnett/Documents/GitHub/ENPM702_Group2_Final/final702_ws/install/mage_msgs', 'merge_install': False, 'path': '/home/dustinhartnett/Documents/GitHub/ENPM702_Group2_Final/final702_ws/src/mage_msgs', 'symlink_install': False, 'test_result_base': None}
[3.145s] Level 5:colcon.colcon_core.verb:set package 'final_project' build argument 'cmake_args' from command line to 'None'
[3.145s] Level 5:colcon.colcon_core.verb:set package 'final_project' build argument 'cmake_target' from command line to 'None'
[3.145s] Level 5:colcon.colcon_core.verb:set package 'final_project' build argument 'cmake_target_skip_unavailable' from command line to 'False'
[3.145s] Level 5:colcon.colcon_core.verb:set package 'final_project' build argument 'cmake_clean_cache' from command line to 'False'
[3.145s] Level 5:colcon.colcon_core.verb:set package 'final_project' build argument 'cmake_clean_first' from command line to 'False'
[3.145s] Level 5:colcon.colcon_core.verb:set package 'final_project' build argument 'cmake_force_configure' from command line to 'False'
[3.145s] Level 5:colcon.colcon_core.verb:set package 'final_project' build argument 'ament_cmake_args' from command line to 'None'
[3.145s] Level 5:colcon.colcon_core.verb:set package 'final_project' build argument 'catkin_cmake_args' from command line to 'None'
[3.145s] Level 5:colcon.colcon_core.verb:set package 'final_project' build argument 'catkin_skip_building_tests' from command line to 'False'
[3.145s] DEBUG:colcon.colcon_core.verb:Building package 'final_project' with the following arguments: {'ament_cmake_args': None, 'build_base': '/home/dustinhartnett/Documents/GitHub/ENPM702_Group2_Final/final702_ws/build/final_project', 'catkin_cmake_args': None, 'catkin_skip_building_tests': False, 'cmake_args': None, 'cmake_clean_cache': False, 'cmake_clean_first': False, 'cmake_force_configure': False, 'cmake_target': None, 'cmake_target_skip_unavailable': False, 'install_base': '/home/dustinhartnett/Documents/GitHub/ENPM702_Group2_Final/final702_ws/install/final_project', 'merge_install': False, 'path': '/home/dustinhartnett/Documents/GitHub/ENPM702_Group2_Final/final702_ws/src/final_project', 'symlink_install': False, 'test_result_base': None}
[3.190s] INFO:colcon.colcon_core.executor:Executing jobs using 'parallel' executor
[3.230s] DEBUG:colcon.colcon_parallel_executor.executor.parallel:run_until_complete
[3.230s] INFO:colcon.colcon_ros.task.ament_cmake.build:Building ROS package in '/home/dustinhartnett/Documents/GitHub/ENPM702_Group2_Final/final702_ws/src/mage_msgs' with build type 'ament_cmake'
[3.230s] INFO:colcon.colcon_cmake.task.cmake.build:Building CMake package in '/home/dustinhartnett/Documents/GitHub/ENPM702_Group2_Final/final702_ws/src/mage_msgs'
[3.275s] INFO:colcon.colcon_core.plugin_system:Skipping extension 'colcon_core.shell.bat': Not used on non-Windows systems
[3.275s] INFO:colcon.colcon_core.shell:Skip shell extension 'powershell' for command environment: Not usable outside of PowerShell
[3.275s] DEBUG:colcon.colcon_core.shell:Skip shell extension 'dsv' for command environment
[3.426s] DEBUG:colcon.colcon_core.event_handler.log_command:Invoking command in '/home/dustinhartnett/Documents/GitHub/ENPM702_Group2_Final/final702_ws/build/mage_msgs': CMAKE_PREFIX_PATH=${CMAKE_PREFIX_PATH}:/opt/ros/galactic /usr/bin/cmake --build /home/dustinhartnett/Documents/GitHub/ENPM702_Group2_Final/final702_ws/build/mage_msgs -- -j20 -l20
[3.762s] DEBUG:colcon.colcon_core.event_handler.log_command:Invoked command in '/home/dustinhartnett/Documents/GitHub/ENPM702_Group2_Final/final702_ws/build/mage_msgs' returned '0': CMAKE_PREFIX_PATH=${CMAKE_PREFIX_PATH}:/opt/ros/galactic /usr/bin/cmake --build /home/dustinhartnett/Documents/GitHub/ENPM702_Group2_Final/final702_ws/build/mage_msgs -- -j20 -l20
[3.973s] DEBUG:colcon.colcon_core.event_handler.log_command:Invoking command in '/home/dustinhartnett/Documents/GitHub/ENPM702_Group2_Final/final702_ws/build/mage_msgs': CMAKE_PREFIX_PATH=${CMAKE_PREFIX_PATH}:/opt/ros/galactic /usr/bin/cmake --install /home/dustinhartnett/Documents/GitHub/ENPM702_Group2_Final/final702_ws/build/mage_msgs
[4.074s] Level 1:colcon.colcon_core.environment:create_environment_scripts_only(mage_msgs)
[4.075s] DEBUG:colcon.colcon_core.event_handler.log_command:Invoked command in '/home/dustinhartnett/Documents/GitHub/ENPM702_Group2_Final/final702_ws/build/mage_msgs' returned '0': CMAKE_PREFIX_PATH=${CMAKE_PREFIX_PATH}:/opt/ros/galactic /usr/bin/cmake --install /home/dustinhartnett/Documents/GitHub/ENPM702_Group2_Final/final702_ws/build/mage_msgs
[4.119s] Level 1:colcon.colcon_core.environment:checking '/home/dustinhartnett/Documents/GitHub/ENPM702_Group2_Final/final702_ws/install/mage_msgs' for CMake module files
[4.120s] Level 1:colcon.colcon_core.environment:checking '/home/dustinhartnett/Documents/GitHub/ENPM702_Group2_Final/final702_ws/install/mage_msgs' for CMake config files
[4.121s] Level 1:colcon.colcon_core.shell:create_environment_hook('mage_msgs', 'cmake_prefix_path')
[4.161s] INFO:colcon.colcon_core.shell:Creating environment hook '/home/dustinhartnett/Documents/GitHub/ENPM702_Group2_Final/final702_ws/install/mage_msgs/share/mage_msgs/hook/cmake_prefix_path.ps1'
[4.162s] INFO:colcon.colcon_core.shell:Creating environment descriptor '/home/dustinhartnett/Documents/GitHub/ENPM702_Group2_Final/final702_ws/install/mage_msgs/share/mage_msgs/hook/cmake_prefix_path.dsv'
[4.162s] INFO:colcon.colcon_core.shell:Creating environment hook '/home/dustinhartnett/Documents/GitHub/ENPM702_Group2_Final/final702_ws/install/mage_msgs/share/mage_msgs/hook/cmake_prefix_path.sh'
[4.163s] Level 1:colcon.colcon_core.environment:checking '/home/dustinhartnett/Documents/GitHub/ENPM702_Group2_Final/final702_ws/install/mage_msgs/lib'
[4.163s] Level 1:colcon.colcon_core.shell:create_environment_hook('mage_msgs', 'ld_library_path_lib')
[4.204s] INFO:colcon.colcon_core.shell:Creating environment hook '/home/dustinhartnett/Documents/GitHub/ENPM702_Group2_Final/final702_ws/install/mage_msgs/share/mage_msgs/hook/ld_library_path_lib.ps1'
[4.206s] INFO:colcon.colcon_core.shell:Creating environment descriptor '/home/dustinhartnett/Documents/GitHub/ENPM702_Group2_Final/final702_ws/install/mage_msgs/share/mage_msgs/hook/ld_library_path_lib.dsv'
[4.206s] INFO:colcon.colcon_core.shell:Creating environment hook '/home/dustinhartnett/Documents/GitHub/ENPM702_Group2_Final/final702_ws/install/mage_msgs/share/mage_msgs/hook/ld_library_path_lib.sh'
[4.206s] Level 1:colcon.colcon_core.environment:checking '/home/dustinhartnett/Documents/GitHub/ENPM702_Group2_Final/final702_ws/install/mage_msgs/bin'
[4.206s] Level 1:colcon.colcon_core.environment:checking '/home/dustinhartnett/Documents/GitHub/ENPM702_Group2_Final/final702_ws/install/mage_msgs/lib/pkgconfig/mage_msgs.pc'
[4.207s] Level 1:colcon.colcon_core.environment:checking '/home/dustinhartnett/Documents/GitHub/ENPM702_Group2_Final/final702_ws/install/mage_msgs/lib/python3.8/site-packages'
[4.207s] Level 1:colcon.colcon_core.shell:create_environment_hook('mage_msgs', 'pythonpath')
[4.249s] INFO:colcon.colcon_core.shell:Creating environment hook '/home/dustinhartnett/Documents/GitHub/ENPM702_Group2_Final/final702_ws/install/mage_msgs/share/mage_msgs/hook/pythonpath.ps1'
[4.250s] INFO:colcon.colcon_core.shell:Creating environment descriptor '/home/dustinhartnett/Documents/GitHub/ENPM702_Group2_Final/final702_ws/install/mage_msgs/share/mage_msgs/hook/pythonpath.dsv'
[4.251s] INFO:colcon.colcon_core.shell:Creating environment hook '/home/dustinhartnett/Documents/GitHub/ENPM702_Group2_Final/final702_ws/install/mage_msgs/share/mage_msgs/hook/pythonpath.sh'
[4.253s] Level 1:colcon.colcon_core.environment:checking '/home/dustinhartnett/Documents/GitHub/ENPM702_Group2_Final/final702_ws/install/mage_msgs/bin'
[4.294s] INFO:colcon.colcon_core.shell:Creating package script '/home/dustinhartnett/Documents/GitHub/ENPM702_Group2_Final/final702_ws/install/mage_msgs/share/mage_msgs/package.ps1'
[4.295s] INFO:colcon.colcon_core.shell:Creating package descriptor '/home/dustinhartnett/Documents/GitHub/ENPM702_Group2_Final/final702_ws/install/mage_msgs/share/mage_msgs/package.dsv'
[4.296s] INFO:colcon.colcon_core.shell:Creating package script '/home/dustinhartnett/Documents/GitHub/ENPM702_Group2_Final/final702_ws/install/mage_msgs/share/mage_msgs/package.sh'
[4.297s] INFO:colcon.colcon_core.shell:Creating package script '/home/dustinhartnett/Documents/GitHub/ENPM702_Group2_Final/final702_ws/install/mage_msgs/share/mage_msgs/package.bash'
[4.297s] INFO:colcon.colcon_core.shell:Creating package script '/home/dustinhartnett/Documents/GitHub/ENPM702_Group2_Final/final702_ws/install/mage_msgs/share/mage_msgs/package.zsh'
[4.298s] Level 1:colcon.colcon_core.environment:create_file_with_runtime_dependencies(/home/dustinhartnett/Documents/GitHub/ENPM702_Group2_Final/final702_ws/install/mage_msgs/share/colcon-core/packages/mage_msgs)
[4.530s] Level 1:colcon.colcon_core.environment:create_environment_scripts_only(mage_msgs)
[4.575s] Level 1:colcon.colcon_core.environment:checking '/home/dustinhartnett/Documents/GitHub/ENPM702_Group2_Final/final702_ws/install/mage_msgs' for CMake module files
[4.576s] Level 1:colcon.colcon_core.environment:checking '/home/dustinhartnett/Documents/GitHub/ENPM702_Group2_Final/final702_ws/install/mage_msgs' for CMake config files
[4.577s] Level 1:colcon.colcon_core.shell:create_environment_hook('mage_msgs', 'cmake_prefix_path')
[4.617s] INFO:colcon.colcon_core.shell:Creating environment hook '/home/dustinhartnett/Documents/GitHub/ENPM702_Group2_Final/final702_ws/install/mage_msgs/share/mage_msgs/hook/cmake_prefix_path.ps1'
[4.618s] INFO:colcon.colcon_core.shell:Creating environment descriptor '/home/dustinhartnett/Documents/GitHub/ENPM702_Group2_Final/final702_ws/install/mage_msgs/share/mage_msgs/hook/cmake_prefix_path.dsv'
[4.618s] INFO:colcon.colcon_core.shell:Creating environment hook '/home/dustinhartnett/Documents/GitHub/ENPM702_Group2_Final/final702_ws/install/mage_msgs/share/mage_msgs/hook/cmake_prefix_path.sh'
[4.619s] Level 1:colcon.colcon_core.environment:checking '/home/dustinhartnett/Documents/GitHub/ENPM702_Group2_Final/final702_ws/install/mage_msgs/lib'
[4.619s] Level 1:colcon.colcon_core.shell:create_environment_hook('mage_msgs', 'ld_library_path_lib')
[4.661s] INFO:colcon.colcon_core.shell:Creating environment hook '/home/dustinhartnett/Documents/GitHub/ENPM702_Group2_Final/final702_ws/install/mage_msgs/share/mage_msgs/hook/ld_library_path_lib.ps1'
[4.662s] INFO:colcon.colcon_core.shell:Creating environment descriptor '/home/dustinhartnett/Documents/GitHub/ENPM702_Group2_Final/final702_ws/install/mage_msgs/share/mage_msgs/hook/ld_library_path_lib.dsv'
[4.662s] INFO:colcon.colcon_core.shell:Creating environment hook '/home/dustinhartnett/Documents/GitHub/ENPM702_Group2_Final/final702_ws/install/mage_msgs/share/mage_msgs/hook/ld_library_path_lib.sh'
[4.663s] Level 1:colcon.colcon_core.environment:checking '/home/dustinhartnett/Documents/GitHub/ENPM702_Group2_Final/final702_ws/install/mage_msgs/bin'
[4.663s] Level 1:colcon.colcon_core.environment:checking '/home/dustinhartnett/Documents/GitHub/ENPM702_Group2_Final/final702_ws/install/mage_msgs/lib/pkgconfig/mage_msgs.pc'
[4.663s] Level 1:colcon.colcon_core.environment:checking '/home/dustinhartnett/Documents/GitHub/ENPM702_Group2_Final/final702_ws/install/mage_msgs/lib/python3.8/site-packages'
[4.663s] Level 1:colcon.colcon_core.shell:create_environment_hook('mage_msgs', 'pythonpath')
[4.702s] INFO:colcon.colcon_core.shell:Creating environment hook '/home/dustinhartnett/Documents/GitHub/ENPM702_Group2_Final/final702_ws/install/mage_msgs/share/mage_msgs/hook/pythonpath.ps1'
[4.704s] INFO:colcon.colcon_core.shell:Creating environment descriptor '/home/dustinhartnett/Documents/GitHub/ENPM702_Group2_Final/final702_ws/install/mage_msgs/share/mage_msgs/hook/pythonpath.dsv'
[4.704s] INFO:colcon.colcon_core.shell:Creating environment hook '/home/dustinhartnett/Documents/GitHub/ENPM702_Group2_Final/final702_ws/install/mage_msgs/share/mage_msgs/hook/pythonpath.sh'
[4.704s] Level 1:colcon.colcon_core.environment:checking '/home/dustinhartnett/Documents/GitHub/ENPM702_Group2_Final/final702_ws/install/mage_msgs/bin'
[4.744s] INFO:colcon.colcon_core.shell:Creating package script '/home/dustinhartnett/Documents/GitHub/ENPM702_Group2_Final/final702_ws/install/mage_msgs/share/mage_msgs/package.ps1'
[4.745s] INFO:colcon.colcon_core.shell:Creating package descriptor '/home/dustinhartnett/Documents/GitHub/ENPM702_Group2_Final/final702_ws/install/mage_msgs/share/mage_msgs/package.dsv'
[4.745s] INFO:colcon.colcon_core.shell:Creating package script '/home/dustinhartnett/Documents/GitHub/ENPM702_Group2_Final/final702_ws/install/mage_msgs/share/mage_msgs/package.sh'
[4.746s] INFO:colcon.colcon_core.shell:Creating package script '/home/dustinhartnett/Documents/GitHub/ENPM702_Group2_Final/final702_ws/install/mage_msgs/share/mage_msgs/package.bash'
[4.746s] INFO:colcon.colcon_core.shell:Creating package script '/home/dustinhartnett/Documents/GitHub/ENPM702_Group2_Final/final702_ws/install/mage_msgs/share/mage_msgs/package.zsh'
[4.746s] Level 1:colcon.colcon_core.environment:create_file_with_runtime_dependencies(/home/dustinhartnett/Documents/GitHub/ENPM702_Group2_Final/final702_ws/install/mage_msgs/share/colcon-core/packages/mage_msgs)
[4.747s] INFO:colcon.colcon_ros.task.ament_cmake.build:Building ROS package in '/home/dustinhartnett/Documents/GitHub/ENPM702_Group2_Final/final702_ws/src/final_project' with build type 'ament_cmake'
[4.747s] INFO:colcon.colcon_cmake.task.cmake.build:Building CMake package in '/home/dustinhartnett/Documents/GitHub/ENPM702_Group2_Final/final702_ws/src/final_project'
[4.809s] INFO:colcon.colcon_core.shell:Skip shell extension 'powershell' for command environment: Not usable outside of PowerShell
[4.809s] DEBUG:colcon.colcon_core.shell:Skip shell extension 'dsv' for command environment
[4.947s] DEBUG:colcon.colcon_core.event_handler.log_command:Invoking command in '/home/dustinhartnett/Documents/GitHub/ENPM702_Group2_Final/final702_ws/build/final_project': CMAKE_PREFIX_PATH=/home/dustinhartnett/Documents/GitHub/ENPM702_Group2_Final/final702_ws/install/mage_msgs:/home/dustinhartnett/Documents/GitHub/ENPM702_Group2_Final/final702_ws/install/final_project:/opt/ros/galactic LD_LIBRARY_PATH=/home/dustinhartnett/Documents/GitHub/ENPM702_Group2_Final/final702_ws/install/mage_msgs/lib:/home/dustinhartnett/Documents/GitHub/ENPM702_Group2_Final/final702_ws/install/final_project/lib:/usr/lib/x86_64-linux-gnu/gazebo-11/plugins:/opt/ros/galactic/opt/yaml_cpp_vendor/lib:/opt/ros/galactic/opt/rviz_ogre_vendor/lib:/opt/ros/galactic/lib/x86_64-linux-gnu:/opt/ros/galactic/lib:/usr/share/gazebo/../../lib/x86_64-linux-gnu/gazebo-11/plugins PYTHONPATH=/home/dustinhartnett/Documents/GitHub/ENPM702_Group2_Final/final702_ws/install/mage_msgs/lib/python3.8/site-packages:/home/dustinhartnett/Documents/GitHub/ENPM702_Group2_Final/final702_ws/install/final_project/lib/python3.8/site-packages:/opt/ros/galactic/lib/python3.8/site-packages /usr/bin/cmake --build /home/dustinhartnett/Documents/GitHub/ENPM702_Group2_Final/final702_ws/build/final_project -- -j20 -l20
[20.946s] DEBUG:colcon.colcon_core.event_handler.log_command:Invoked command in '/home/dustinhartnett/Documents/GitHub/ENPM702_Group2_Final/final702_ws/build/final_project' returned '0': CMAKE_PREFIX_PATH=/home/dustinhartnett/Documents/GitHub/ENPM702_Group2_Final/final702_ws/install/mage_msgs:/home/dustinhartnett/Documents/GitHub/ENPM702_Group2_Final/final702_ws/install/final_project:/opt/ros/galactic LD_LIBRARY_PATH=/home/dustinhartnett/Documents/GitHub/ENPM702_Group2_Final/final702_ws/install/mage_msgs/lib:/home/dustinhartnett/Documents/GitHub/ENPM702_Group2_Final/final702_ws/install/final_project/lib:/usr/lib/x86_64-linux-gnu/gazebo-11/plugins:/opt/ros/galactic/opt/yaml_cpp_vendor/lib:/opt/ros/galactic/opt/rviz_ogre_vendor/lib:/opt/ros/galactic/lib/x86_64-linux-gnu:/opt/ros/galactic/lib:/usr/share/gazebo/../../lib/x86_64-linux-gnu/gazebo-11/plugins PYTHONPATH=/home/dustinhartnett/Documents/GitHub/ENPM702_Group2_Final/final702_ws/install/mage_msgs/lib/python3.8/site-packages:/home/dustinhartnett/Documents/GitHub/ENPM702_Group2_Final/final702_ws/install/final_project/lib/python3.8/site-packages:/opt/ros/galactic/lib/python3.8/site-packages /usr/bin/cmake --build /home/dustinhartnett/Documents/GitHub/ENPM702_Group2_Final/final702_ws/build/final_project -- -j20 -l20
[20.979s] DEBUG:colcon.colcon_core.event_handler.log_command:Invoking command in '/home/dustinhartnett/Documents/GitHub/ENPM702_Group2_Final/final702_ws/build/final_project': CMAKE_PREFIX_PATH=/home/dustinhartnett/Documents/GitHub/ENPM702_Group2_Final/final702_ws/install/mage_msgs:/home/dustinhartnett/Documents/GitHub/ENPM702_Group2_Final/final702_ws/install/final_project:/opt/ros/galactic LD_LIBRARY_PATH=/home/dustinhartnett/Documents/GitHub/ENPM702_Group2_Final/final702_ws/install/mage_msgs/lib:/home/dustinhartnett/Documents/GitHub/ENPM702_Group2_Final/final702_ws/install/final_project/lib:/usr/lib/x86_64-linux-gnu/gazebo-11/plugins:/opt/ros/galactic/opt/yaml_cpp_vendor/lib:/opt/ros/galactic/opt/rviz_ogre_vendor/lib:/opt/ros/galactic/lib/x86_64-linux-gnu:/opt/ros/galactic/lib:/usr/share/gazebo/../../lib/x86_64-linux-gnu/gazebo-11/plugins PYTHONPATH=/home/dustinhartnett/Documents/GitHub/ENPM702_Group2_Final/final702_ws/install/mage_msgs/lib/python3.8/site-packages:/home/dustinhartnett/Documents/GitHub/ENPM702_Group2_Final/final702_ws/install/final_project/lib/python3.8/site-packages:/opt/ros/galactic/lib/python3.8/site-packages /usr/bin/cmake --install /home/dustinhartnett/Documents/GitHub/ENPM702_Group2_Final/final702_ws/build/final_project
[21.045s] Level 1:colcon.colcon_core.environment:create_environment_scripts_only(final_project)
[21.045s] DEBUG:colcon.colcon_core.event_handler.log_command:Invoked command in '/home/dustinhartnett/Documents/GitHub/ENPM702_Group2_Final/final702_ws/build/final_project' returned '0': CMAKE_PREFIX_PATH=/home/dustinhartnett/Documents/GitHub/ENPM702_Group2_Final/final702_ws/install/mage_msgs:/home/dustinhartnett/Documents/GitHub/ENPM702_Group2_Final/final702_ws/install/final_project:/opt/ros/galactic LD_LIBRARY_PATH=/home/dustinhartnett/Documents/GitHub/ENPM702_Group2_Final/final702_ws/install/mage_msgs/lib:/home/dustinhartnett/Documents/GitHub/ENPM702_Group2_Final/final702_ws/install/final_project/lib:/usr/lib/x86_64-linux-gnu/gazebo-11/plugins:/opt/ros/galactic/opt/yaml_cpp_vendor/lib:/opt/ros/galactic/opt/rviz_ogre_vendor/lib:/opt/ros/galactic/lib/x86_64-linux-gnu:/opt/ros/galactic/lib:/usr/share/gazebo/../../lib/x86_64-linux-gnu/gazebo-11/plugins PYTHONPATH=/home/dustinhartnett/Documents/GitHub/ENPM702_Group2_Final/final702_ws/install/mage_msgs/lib/python3.8/site-packages:/home/dustinhartnett/Documents/GitHub/ENPM702_Group2_Final/final702_ws/install/final_project/lib/python3.8/site-packages:/opt/ros/galactic/lib/python3.8/site-packages /usr/bin/cmake --install /home/dustinhartnett/Documents/GitHub/ENPM702_Group2_Final/final702_ws/build/final_project
[21.083s] Level 1:colcon.colcon_core.environment:checking '/home/dustinhartnett/Documents/GitHub/ENPM702_Group2_Final/final702_ws/install/final_project' for CMake module files
[21.084s] Level 1:colcon.colcon_core.environment:checking '/home/dustinhartnett/Documents/GitHub/ENPM702_Group2_Final/final702_ws/install/final_project' for CMake config files
[21.084s] Level 1:colcon.colcon_core.shell:create_environment_hook('final_project', 'cmake_prefix_path')
[21.118s] INFO:colcon.colcon_core.shell:Creating environment hook '/home/dustinhartnett/Documents/GitHub/ENPM702_Group2_Final/final702_ws/install/final_project/share/final_project/hook/cmake_prefix_path.ps1'
[21.119s] INFO:colcon.colcon_core.shell:Creating environment descriptor '/home/dustinhartnett/Documents/GitHub/ENPM702_Group2_Final/final702_ws/install/final_project/share/final_project/hook/cmake_prefix_path.dsv'
[21.120s] INFO:colcon.colcon_core.shell:Creating environment hook '/home/dustinhartnett/Documents/GitHub/ENPM702_Group2_Final/final702_ws/install/final_project/share/final_project/hook/cmake_prefix_path.sh'
[21.121s] Level 1:colcon.colcon_core.environment:checking '/home/dustinhartnett/Documents/GitHub/ENPM702_Group2_Final/final702_ws/install/final_project/lib'
[21.121s] Level 1:colcon.colcon_core.shell:create_environment_hook('final_project', 'ld_library_path_lib')
[21.157s] INFO:colcon.colcon_core.shell:Creating environment hook '/home/dustinhartnett/Documents/GitHub/ENPM702_Group2_Final/final702_ws/install/final_project/share/final_project/hook/ld_library_path_lib.ps1'
[21.157s] INFO:colcon.colcon_core.shell:Creating environment descriptor '/home/dustinhartnett/Documents/GitHub/ENPM702_Group2_Final/final702_ws/install/final_project/share/final_project/hook/ld_library_path_lib.dsv'
[21.158s] INFO:colcon.colcon_core.shell:Creating environment hook '/home/dustinhartnett/Documents/GitHub/ENPM702_Group2_Final/final702_ws/install/final_project/share/final_project/hook/ld_library_path_lib.sh'
[21.158s] Level 1:colcon.colcon_core.environment:checking '/home/dustinhartnett/Documents/GitHub/ENPM702_Group2_Final/final702_ws/install/final_project/bin'
[21.158s] Level 1:colcon.colcon_core.environment:checking '/home/dustinhartnett/Documents/GitHub/ENPM702_Group2_Final/final702_ws/install/final_project/lib/pkgconfig/final_project.pc'
[21.158s] Level 1:colcon.colcon_core.environment:checking '/home/dustinhartnett/Documents/GitHub/ENPM702_Group2_Final/final702_ws/install/final_project/lib/python3.8/site-packages'
[21.158s] Level 1:colcon.colcon_core.shell:create_environment_hook('final_project', 'pythonpath')
[21.193s] INFO:colcon.colcon_core.shell:Creating environment hook '/home/dustinhartnett/Documents/GitHub/ENPM702_Group2_Final/final702_ws/install/final_project/share/final_project/hook/pythonpath.ps1'
[21.194s] INFO:colcon.colcon_core.shell:Creating environment descriptor '/home/dustinhartnett/Documents/GitHub/ENPM702_Group2_Final/final702_ws/install/final_project/share/final_project/hook/pythonpath.dsv'
[21.194s] INFO:colcon.colcon_core.shell:Creating environment hook '/home/dustinhartnett/Documents/GitHub/ENPM702_Group2_Final/final702_ws/install/final_project/share/final_project/hook/pythonpath.sh'
[21.195s] Level 1:colcon.colcon_core.environment:checking '/home/dustinhartnett/Documents/GitHub/ENPM702_Group2_Final/final702_ws/install/final_project/bin'
[21.228s] INFO:colcon.colcon_core.shell:Creating package script '/home/dustinhartnett/Documents/GitHub/ENPM702_Group2_Final/final702_ws/install/final_project/share/final_project/package.ps1'
[21.229s] INFO:colcon.colcon_core.shell:Creating package descriptor '/home/dustinhartnett/Documents/GitHub/ENPM702_Group2_Final/final702_ws/install/final_project/share/final_project/package.dsv'
[21.229s] INFO:colcon.colcon_core.shell:Creating package script '/home/dustinhartnett/Documents/GitHub/ENPM702_Group2_Final/final702_ws/install/final_project/share/final_project/package.sh'
[21.230s] INFO:colcon.colcon_core.shell:Creating package script '/home/dustinhartnett/Documents/GitHub/ENPM702_Group2_Final/final702_ws/install/final_project/share/final_project/package.bash'
[21.230s] INFO:colcon.colcon_core.shell:Creating package script '/home/dustinhartnett/Documents/GitHub/ENPM702_Group2_Final/final702_ws/install/final_project/share/final_project/package.zsh'
[21.230s] Level 1:colcon.colcon_core.environment:create_file_with_runtime_dependencies(/home/dustinhartnett/Documents/GitHub/ENPM702_Group2_Final/final702_ws/install/final_project/share/colcon-core/packages/final_project)
[21.298s] Level 1:colcon.colcon_core.environment:create_environment_scripts_only(final_project)
[21.332s] Level 1:colcon.colcon_core.environment:checking '/home/dustinhartnett/Documents/GitHub/ENPM702_Group2_Final/final702_ws/install/final_project' for CMake module files
[21.333s] Level 1:colcon.colcon_core.environment:checking '/home/dustinhartnett/Documents/GitHub/ENPM702_Group2_Final/final702_ws/install/final_project' for CMake config files
[21.334s] Level 1:colcon.colcon_core.shell:create_environment_hook('final_project', 'cmake_prefix_path')
[21.367s] INFO:colcon.colcon_core.shell:Creating environment hook '/home/dustinhartnett/Documents/GitHub/ENPM702_Group2_Final/final702_ws/install/final_project/share/final_project/hook/cmake_prefix_path.ps1'
[21.367s] INFO:colcon.colcon_core.shell:Creating environment descriptor '/home/dustinhartnett/Documents/GitHub/ENPM702_Group2_Final/final702_ws/install/final_project/share/final_project/hook/cmake_prefix_path.dsv'
[21.367s] INFO:colcon.colcon_core.shell:Creating environment hook '/home/dustinhartnett/Documents/GitHub/ENPM702_Group2_Final/final702_ws/install/final_project/share/final_project/hook/cmake_prefix_path.sh'
[21.368s] Level 1:colcon.colcon_core.environment:checking '/home/dustinhartnett/Documents/GitHub/ENPM702_Group2_Final/final702_ws/install/final_project/lib'
[21.368s] Level 1:colcon.colcon_core.shell:create_environment_hook('final_project', 'ld_library_path_lib')
[21.401s] INFO:colcon.colcon_core.shell:Creating environment hook '/home/dustinhartnett/Documents/GitHub/ENPM702_Group2_Final/final702_ws/install/final_project/share/final_project/hook/ld_library_path_lib.ps1'
[21.401s] INFO:colcon.colcon_core.shell:Creating environment descriptor '/home/dustinhartnett/Documents/GitHub/ENPM702_Group2_Final/final702_ws/install/final_project/share/final_project/hook/ld_library_path_lib.dsv'
[21.402s] INFO:colcon.colcon_core.shell:Creating environment hook '/home/dustinhartnett/Documents/GitHub/ENPM702_Group2_Final/final702_ws/install/final_project/share/final_project/hook/ld_library_path_lib.sh'
[21.402s] Level 1:colcon.colcon_core.environment:checking '/home/dustinhartnett/Documents/GitHub/ENPM702_Group2_Final/final702_ws/install/final_project/bin'
[21.402s] Level 1:colcon.colcon_core.environment:checking '/home/dustinhartnett/Documents/GitHub/ENPM702_Group2_Final/final702_ws/install/final_project/lib/pkgconfig/final_project.pc'
[21.402s] Level 1:colcon.colcon_core.environment:checking '/home/dustinhartnett/Documents/GitHub/ENPM702_Group2_Final/final702_ws/install/final_project/lib/python3.8/site-packages'
[21.402s] Level 1:colcon.colcon_core.shell:create_environment_hook('final_project', 'pythonpath')
[21.434s] INFO:colcon.colcon_core.shell:Creating environment hook '/home/dustinhartnett/Documents/GitHub/ENPM702_Group2_Final/final702_ws/install/final_project/share/final_project/hook/pythonpath.ps1'
[21.435s] INFO:colcon.colcon_core.shell:Creating environment descriptor '/home/dustinhartnett/Documents/GitHub/ENPM702_Group2_Final/final702_ws/install/final_project/share/final_project/hook/pythonpath.dsv'
[21.436s] INFO:colcon.colcon_core.shell:Creating environment hook '/home/dustinhartnett/Documents/GitHub/ENPM702_Group2_Final/final702_ws/install/final_project/share/final_project/hook/pythonpath.sh'
[21.437s] Level 1:colcon.colcon_core.environment:checking '/home/dustinhartnett/Documents/GitHub/ENPM702_Group2_Final/final702_ws/install/final_project/bin'
[21.470s] INFO:colcon.colcon_core.shell:Creating package script '/home/dustinhartnett/Documents/GitHub/ENPM702_Group2_Final/final702_ws/install/final_project/share/final_project/package.ps1'
[21.471s] INFO:colcon.colcon_core.shell:Creating package descriptor '/home/dustinhartnett/Documents/GitHub/ENPM702_Group2_Final/final702_ws/install/final_project/share/final_project/package.dsv'
[21.471s] INFO:colcon.colcon_core.shell:Creating package script '/home/dustinhartnett/Documents/GitHub/ENPM702_Group2_Final/final702_ws/install/final_project/share/final_project/package.sh'
[21.472s] INFO:colcon.colcon_core.shell:Creating package script '/home/dustinhartnett/Documents/GitHub/ENPM702_Group2_Final/final702_ws/install/final_project/share/final_project/package.bash'
[21.472s] INFO:colcon.colcon_core.shell:Creating package script '/home/dustinhartnett/Documents/GitHub/ENPM702_Group2_Final/final702_ws/install/final_project/share/final_project/package.zsh'
[21.472s] Level 1:colcon.colcon_core.environment:create_file_with_runtime_dependencies(/home/dustinhartnett/Documents/GitHub/ENPM702_Group2_Final/final702_ws/install/final_project/share/colcon-core/packages/final_project)
[21.473s] DEBUG:colcon.colcon_parallel_executor.executor.parallel:closing loop
[21.473s] DEBUG:colcon.colcon_parallel_executor.executor.parallel:loop closed
[21.473s] DEBUG:colcon.colcon_parallel_executor.executor.parallel:run_until_complete finished with '0'
[21.473s] DEBUG:colcon.colcon_core.event_reactor:joining thread
[21.511s] INFO:colcon.colcon_core.plugin_system:Skipping extension 'colcon_notification.desktop_notification.terminal_notifier': Not used on non-Darwin systems
[21.511s] INFO:colcon.colcon_core.plugin_system:Skipping extension 'colcon_notification.desktop_notification.win32': Not used on non-Windows systems
[21.512s] INFO:colcon.colcon_notification.desktop_notification:Sending desktop notification using 'notify2'
[21.535s] DEBUG:colcon.colcon_core.event_reactor:joined thread
[21.573s] INFO:colcon.colcon_core.shell:Creating prefix script '/home/dustinhartnett/Documents/GitHub/ENPM702_Group2_Final/final702_ws/install/local_setup.ps1'
[21.574s] INFO:colcon.colcon_core.shell:Creating prefix util module '/home/dustinhartnett/Documents/GitHub/ENPM702_Group2_Final/final702_ws/install/_local_setup_util_ps1.py'
[21.575s] INFO:colcon.colcon_core.shell:Creating prefix chain script '/home/dustinhartnett/Documents/GitHub/ENPM702_Group2_Final/final702_ws/install/setup.ps1'
[21.609s] INFO:colcon.colcon_core.shell:Creating prefix script '/home/dustinhartnett/Documents/GitHub/ENPM702_Group2_Final/final702_ws/install/local_setup.sh'
[21.610s] INFO:colcon.colcon_core.shell:Creating prefix util module '/home/dustinhartnett/Documents/GitHub/ENPM702_Group2_Final/final702_ws/install/_local_setup_util_sh.py'
[21.610s] INFO:colcon.colcon_core.shell:Creating prefix chain script '/home/dustinhartnett/Documents/GitHub/ENPM702_Group2_Final/final702_ws/install/setup.sh'
[21.646s] INFO:colcon.colcon_core.shell:Creating prefix script '/home/dustinhartnett/Documents/GitHub/ENPM702_Group2_Final/final702_ws/install/local_setup.bash'
[21.647s] INFO:colcon.colcon_core.shell:Creating prefix chain script '/home/dustinhartnett/Documents/GitHub/ENPM702_Group2_Final/final702_ws/install/setup.bash'
[21.681s] INFO:colcon.colcon_core.shell:Creating prefix script '/home/dustinhartnett/Documents/GitHub/ENPM702_Group2_Final/final702_ws/install/local_setup.zsh'
[21.681s] INFO:colcon.colcon_core.shell:Creating prefix chain script '/home/dustinhartnett/Documents/GitHub/ENPM702_Group2_Final/final702_ws/install/setup.zsh'
