[1.627s] DEBUG:colcon:Command line arguments: ['/usr/bin/colcon', 'build']
[1.627s] DEBUG:colcon:Parsed command line arguments: Namespace(allow_overriding=[], ament_cmake_args=None, base_paths=['.'], build_base='build', catkin_cmake_args=None, catkin_skip_building_tests=False, cmake_args=None, cmake_clean_cache=False, cmake_clean_first=False, cmake_force_configure=False, cmake_target=None, cmake_target_skip_unavailable=False, continue_on_error=False, event_handlers=None, executor='parallel', ignore_user_meta=False, install_base='install', log_base=None, log_level=None, main=<bound method BuildVerb.main of <colcon_core.verb.build.BuildVerb object at 0x7fc69702c5b0>>, merge_install=False, metas=['./colcon.meta'], packages_above=None, packages_above_and_dependencies=None, packages_above_depth=None, packages_end=None, packages_ignore=None, packages_ignore_regex=None, packages_select=None, packages_select_build_failed=False, packages_select_by_dep=None, packages_select_regex=None, packages_select_test_failures=False, packages_skip=None, packages_skip_build_finished=False, packages_skip_by_dep=None, packages_skip_regex=None, packages_skip_test_passed=False, packages_skip_up_to=None, packages_start=None, packages_up_to=None, packages_up_to_regex=None, parallel_workers=20, paths=None, symlink_install=False, test_result_base=None, verb_extension=<colcon_core.verb.build.BuildVerb object at 0x7fc69702c5b0>, verb_name='build', verb_parser=<colcon_defaults.argument_parser.defaults.DefaultArgumentsDecorator object at 0x7fc696f6cfd0>)
[1.706s] Level 1:colcon.colcon_core.package_discovery:discover_packages(colcon_meta) check parameters
[1.706s] Level 1:colcon.colcon_core.package_discovery:discover_packages(recursive) check parameters
[1.706s] Level 1:colcon.colcon_core.package_discovery:discover_packages(ignore) check parameters
[1.706s] Level 1:colcon.colcon_core.package_discovery:discover_packages(path) check parameters
[1.706s] Level 1:colcon.colcon_core.package_discovery:discover_packages(colcon_meta) discover
[1.706s] Level 1:colcon.colcon_core.package_discovery:discover_packages(recursive) discover
[1.706s] INFO:colcon.colcon_core.package_discovery:Crawling recursively for packages in '/home/dustinhartnett/Documents/GitHub/ENPM702_Group2_Final/final702_ws'
[1.707s] Level 1:colcon.colcon_core.package_identification:_identify(.) by extensions ['ignore', 'ignore_ament_install']
[1.707s] Level 1:colcon.colcon_core.package_identification:_identify(.) by extension 'ignore'
[1.707s] Level 1:colcon.colcon_core.package_identification:_identify(.) by extension 'ignore_ament_install'
[1.707s] Level 1:colcon.colcon_core.package_identification:_identify(.) by extensions ['colcon_pkg']
[1.707s] Level 1:colcon.colcon_core.package_identification:_identify(.) by extension 'colcon_pkg'
[1.707s] Level 1:colcon.colcon_core.package_identification:_identify(.) by extensions ['colcon_meta']
[1.707s] Level 1:colcon.colcon_core.package_identification:_identify(.) by extension 'colcon_meta'
[1.707s] Level 1:colcon.colcon_core.package_identification:_identify(.) by extensions ['ros']
[1.707s] Level 1:colcon.colcon_core.package_identification:_identify(.) by extension 'ros'
[1.716s] Level 1:colcon.colcon_core.package_identification:_identify(.) by extensions ['cmake', 'python']
[1.716s] Level 1:colcon.colcon_core.package_identification:_identify(.) by extension 'cmake'
[1.716s] Level 1:colcon.colcon_core.package_identification:_identify(.) by extension 'python'
[1.716s] Level 1:colcon.colcon_core.package_identification:_identify(.) by extensions ['python_setup_py']
[1.716s] Level 1:colcon.colcon_core.package_identification:_identify(.) by extension 'python_setup_py'
[1.716s] Level 1:colcon.colcon_core.package_identification:_identify(build) by extensions ['ignore', 'ignore_ament_install']
[1.716s] Level 1:colcon.colcon_core.package_identification:_identify(build) by extension 'ignore'
[1.716s] Level 1:colcon.colcon_core.package_identification:_identify(build) ignored
[1.716s] Level 1:colcon.colcon_core.package_identification:_identify(install) by extensions ['ignore', 'ignore_ament_install']
[1.717s] Level 1:colcon.colcon_core.package_identification:_identify(install) by extension 'ignore'
[1.717s] Level 1:colcon.colcon_core.package_identification:_identify(install) ignored
[1.717s] Level 1:colcon.colcon_core.package_identification:_identify(log) by extensions ['ignore', 'ignore_ament_install']
[1.717s] Level 1:colcon.colcon_core.package_identification:_identify(log) by extension 'ignore'
[1.717s] Level 1:colcon.colcon_core.package_identification:_identify(log) ignored
[1.717s] Level 1:colcon.colcon_core.package_identification:_identify(src) by extensions ['ignore', 'ignore_ament_install']
[1.717s] Level 1:colcon.colcon_core.package_identification:_identify(src) by extension 'ignore'
[1.717s] Level 1:colcon.colcon_core.package_identification:_identify(src) by extension 'ignore_ament_install'
[1.717s] Level 1:colcon.colcon_core.package_identification:_identify(src) by extensions ['colcon_pkg']
[1.717s] Level 1:colcon.colcon_core.package_identification:_identify(src) by extension 'colcon_pkg'
[1.717s] Level 1:colcon.colcon_core.package_identification:_identify(src) by extensions ['colcon_meta']
[1.717s] Level 1:colcon.colcon_core.package_identification:_identify(src) by extension 'colcon_meta'
[1.717s] Level 1:colcon.colcon_core.package_identification:_identify(src) by extensions ['ros']
[1.717s] Level 1:colcon.colcon_core.package_identification:_identify(src) by extension 'ros'
[1.717s] Level 1:colcon.colcon_core.package_identification:_identify(src) by extensions ['cmake', 'python']
[1.717s] Level 1:colcon.colcon_core.package_identification:_identify(src) by extension 'cmake'
[1.717s] Level 1:colcon.colcon_core.package_identification:_identify(src) by extension 'python'
[1.717s] Level 1:colcon.colcon_core.package_identification:_identify(src) by extensions ['python_setup_py']
[1.717s] Level 1:colcon.colcon_core.package_identification:_identify(src) by extension 'python_setup_py'
[1.717s] Level 1:colcon.colcon_core.package_identification:_identify(src/final_project) by extensions ['ignore', 'ignore_ament_install']
[1.717s] Level 1:colcon.colcon_core.package_identification:_identify(src/final_project) by extension 'ignore'
[1.717s] Level 1:colcon.colcon_core.package_identification:_identify(src/final_project) by extension 'ignore_ament_install'
[1.717s] Level 1:colcon.colcon_core.package_identification:_identify(src/final_project) by extensions ['colcon_pkg']
[1.717s] Level 1:colcon.colcon_core.package_identification:_identify(src/final_project) by extension 'colcon_pkg'
[1.717s] Level 1:colcon.colcon_core.package_identification:_identify(src/final_project) by extensions ['colcon_meta']
[1.717s] Level 1:colcon.colcon_core.package_identification:_identify(src/final_project) by extension 'colcon_meta'
[1.717s] Level 1:colcon.colcon_core.package_identification:_identify(src/final_project) by extensions ['ros']
[1.717s] Level 1:colcon.colcon_core.package_identification:_identify(src/final_project) by extension 'ros'
[1.720s] DEBUG:colcon.colcon_core.package_identification:Package 'src/final_project' with type 'ros.ament_cmake' and name 'final_project'
[1.721s] Level 1:colcon.colcon_core.package_identification:_identify(src/mage_msgs) by extensions ['ignore', 'ignore_ament_install']
[1.721s] Level 1:colcon.colcon_core.package_identification:_identify(src/mage_msgs) by extension 'ignore'
[1.721s] Level 1:colcon.colcon_core.package_identification:_identify(src/mage_msgs) by extension 'ignore_ament_install'
[1.721s] Level 1:colcon.colcon_core.package_identification:_identify(src/mage_msgs) by extensions ['colcon_pkg']
[1.721s] Level 1:colcon.colcon_core.package_identification:_identify(src/mage_msgs) by extension 'colcon_pkg'
[1.721s] Level 1:colcon.colcon_core.package_identification:_identify(src/mage_msgs) by extensions ['colcon_meta']
[1.721s] Level 1:colcon.colcon_core.package_identification:_identify(src/mage_msgs) by extension 'colcon_meta'
[1.721s] Level 1:colcon.colcon_core.package_identification:_identify(src/mage_msgs) by extensions ['ros']
[1.721s] Level 1:colcon.colcon_core.package_identification:_identify(src/mage_msgs) by extension 'ros'
[1.722s] DEBUG:colcon.colcon_core.package_identification:Package 'src/mage_msgs' with type 'ros.ament_cmake' and name 'mage_msgs'
[1.722s] Level 1:colcon.colcon_core.package_discovery:discover_packages(recursive) using defaults
[1.722s] Level 1:colcon.colcon_core.package_discovery:discover_packages(ignore) discover
[1.722s] Level 1:colcon.colcon_core.package_discovery:discover_packages(ignore) using defaults
[1.722s] Level 1:colcon.colcon_core.package_discovery:discover_packages(path) discover
[1.722s] Level 1:colcon.colcon_core.package_discovery:discover_packages(path) using defaults
[1.866s] Level 1:colcon.colcon_core.package_discovery:discover_packages(prefix_path) check parameters
[1.866s] Level 1:colcon.colcon_core.package_discovery:discover_packages(prefix_path) discover
[1.920s] DEBUG:colcon.colcon_installed_package_information.package_discovery:Found 2 installed packages in /home/dustinhartnett/Documents/GitHub/ENPM702_Group2_Final/final702_ws/install
[1.948s] DEBUG:colcon.colcon_installed_package_information.package_discovery:Found 364 installed packages in /opt/ros/galactic
[1.949s] Level 1:colcon.colcon_core.package_discovery:discover_packages(prefix_path) using defaults
[2.075s] Level 5:colcon.colcon_core.verb:set package 'mage_msgs' build argument 'cmake_args' from command line to 'None'
[2.075s] Level 5:colcon.colcon_core.verb:set package 'mage_msgs' build argument 'cmake_target' from command line to 'None'
[2.075s] Level 5:colcon.colcon_core.verb:set package 'mage_msgs' build argument 'cmake_target_skip_unavailable' from command line to 'False'
[2.075s] Level 5:colcon.colcon_core.verb:set package 'mage_msgs' build argument 'cmake_clean_cache' from command line to 'False'
[2.075s] Level 5:colcon.colcon_core.verb:set package 'mage_msgs' build argument 'cmake_clean_first' from command line to 'False'
[2.075s] Level 5:colcon.colcon_core.verb:set package 'mage_msgs' build argument 'cmake_force_configure' from command line to 'False'
[2.075s] Level 5:colcon.colcon_core.verb:set package 'mage_msgs' build argument 'ament_cmake_args' from command line to 'None'
[2.075s] Level 5:colcon.colcon_core.verb:set package 'mage_msgs' build argument 'catkin_cmake_args' from command line to 'None'
[2.075s] Level 5:colcon.colcon_core.verb:set package 'mage_msgs' build argument 'catkin_skip_building_tests' from command line to 'False'
[2.075s] DEBUG:colcon.colcon_core.verb:Building package 'mage_msgs' with the following arguments: {'ament_cmake_args': None, 'build_base': '/home/dustinhartnett/Documents/GitHub/ENPM702_Group2_Final/final702_ws/build/mage_msgs', 'catkin_cmake_args': None, 'catkin_skip_building_tests': False, 'cmake_args': None, 'cmake_clean_cache': False, 'cmake_clean_first': False, 'cmake_force_configure': False, 'cmake_target': None, 'cmake_target_skip_unavailable': False, 'install_base': '/home/dustinhartnett/Documents/GitHub/ENPM702_Group2_Final/final702_ws/install/mage_msgs', 'merge_install': False, 'path': '/home/dustinhartnett/Documents/GitHub/ENPM702_Group2_Final/final702_ws/src/mage_msgs', 'symlink_install': False, 'test_result_base': None}
[2.101s] Level 5:colcon.colcon_core.verb:set package 'final_project' build argument 'cmake_args' from command line to 'None'
[2.101s] Level 5:colcon.colcon_core.verb:set package 'final_project' build argument 'cmake_target' from command line to 'None'
[2.101s] Level 5:colcon.colcon_core.verb:set package 'final_project' build argument 'cmake_target_skip_unavailable' from command line to 'False'
[2.101s] Level 5:colcon.colcon_core.verb:set package 'final_project' build argument 'cmake_clean_cache' from command line to 'False'
[2.101s] Level 5:colcon.colcon_core.verb:set package 'final_project' build argument 'cmake_clean_first' from command line to 'False'
[2.101s] Level 5:colcon.colcon_core.verb:set package 'final_project' build argument 'cmake_force_configure' from command line to 'False'
[2.101s] Level 5:colcon.colcon_core.verb:set package 'final_project' build argument 'ament_cmake_args' from command line to 'None'
[2.101s] Level 5:colcon.colcon_core.verb:set package 'final_project' build argument 'catkin_cmake_args' from command line to 'None'
[2.101s] Level 5:colcon.colcon_core.verb:set package 'final_project' build argument 'catkin_skip_building_tests' from command line to 'False'
[2.101s] DEBUG:colcon.colcon_core.verb:Building package 'final_project' with the following arguments: {'ament_cmake_args': None, 'build_base': '/home/dustinhartnett/Documents/GitHub/ENPM702_Group2_Final/final702_ws/build/final_project', 'catkin_cmake_args': None, 'catkin_skip_building_tests': False, 'cmake_args': None, 'cmake_clean_cache': False, 'cmake_clean_first': False, 'cmake_force_configure': False, 'cmake_target': None, 'cmake_target_skip_unavailable': False, 'install_base': '/home/dustinhartnett/Documents/GitHub/ENPM702_Group2_Final/final702_ws/install/final_project', 'merge_install': False, 'path': '/home/dustinhartnett/Documents/GitHub/ENPM702_Group2_Final/final702_ws/src/final_project', 'symlink_install': False, 'test_result_base': None}
[2.127s] INFO:colcon.colcon_core.executor:Executing jobs using 'parallel' executor
[2.154s] DEBUG:colcon.colcon_parallel_executor.executor.parallel:run_until_complete
[2.154s] INFO:colcon.colcon_ros.task.ament_cmake.build:Building ROS package in '/home/dustinhartnett/Documents/GitHub/ENPM702_Group2_Final/final702_ws/src/mage_msgs' with build type 'ament_cmake'
[2.154s] INFO:colcon.colcon_cmake.task.cmake.build:Building CMake package in '/home/dustinhartnett/Documents/GitHub/ENPM702_Group2_Final/final702_ws/src/mage_msgs'
[2.182s] INFO:colcon.colcon_core.plugin_system:Skipping extension 'colcon_core.shell.bat': Not used on non-Windows systems
[2.182s] INFO:colcon.colcon_core.shell:Skip shell extension 'powershell' for command environment: Not usable outside of PowerShell
[2.182s] DEBUG:colcon.colcon_core.shell:Skip shell extension 'dsv' for command environment
[2.279s] DEBUG:colcon.colcon_core.event_handler.log_command:Invoking command in '/home/dustinhartnett/Documents/GitHub/ENPM702_Group2_Final/final702_ws/build/mage_msgs': CMAKE_PREFIX_PATH=${CMAKE_PREFIX_PATH}:/opt/ros/galactic /usr/bin/cmake --build /home/dustinhartnett/Documents/GitHub/ENPM702_Group2_Final/final702_ws/build/mage_msgs -- -j20 -l20
[2.506s] DEBUG:colcon.colcon_core.event_handler.log_command:Invoked command in '/home/dustinhartnett/Documents/GitHub/ENPM702_Group2_Final/final702_ws/build/mage_msgs' returned '0': CMAKE_PREFIX_PATH=${CMAKE_PREFIX_PATH}:/opt/ros/galactic /usr/bin/cmake --build /home/dustinhartnett/Documents/GitHub/ENPM702_Group2_Final/final702_ws/build/mage_msgs -- -j20 -l20
[2.655s] DEBUG:colcon.colcon_core.event_handler.log_command:Invoking command in '/home/dustinhartnett/Documents/GitHub/ENPM702_Group2_Final/final702_ws/build/mage_msgs': CMAKE_PREFIX_PATH=${CMAKE_PREFIX_PATH}:/opt/ros/galactic /usr/bin/cmake --install /home/dustinhartnett/Documents/GitHub/ENPM702_Group2_Final/final702_ws/build/mage_msgs
[2.702s] Level 1:colcon.colcon_core.environment:create_environment_scripts_only(mage_msgs)
[2.705s] DEBUG:colcon.colcon_core.event_handler.log_command:Invoked command in '/home/dustinhartnett/Documents/GitHub/ENPM702_Group2_Final/final702_ws/build/mage_msgs' returned '0': CMAKE_PREFIX_PATH=${CMAKE_PREFIX_PATH}:/opt/ros/galactic /usr/bin/cmake --install /home/dustinhartnett/Documents/GitHub/ENPM702_Group2_Final/final702_ws/build/mage_msgs
[2.739s] Level 1:colcon.colcon_core.environment:checking '/home/dustinhartnett/Documents/GitHub/ENPM702_Group2_Final/final702_ws/install/mage_msgs' for CMake module files
[2.739s] Level 1:colcon.colcon_core.environment:checking '/home/dustinhartnett/Documents/GitHub/ENPM702_Group2_Final/final702_ws/install/mage_msgs' for CMake config files
[2.740s] Level 1:colcon.colcon_core.shell:create_environment_hook('mage_msgs', 'cmake_prefix_path')
[2.771s] INFO:colcon.colcon_core.shell:Creating environment hook '/home/dustinhartnett/Documents/GitHub/ENPM702_Group2_Final/final702_ws/install/mage_msgs/share/mage_msgs/hook/cmake_prefix_path.ps1'
[2.771s] INFO:colcon.colcon_core.shell:Creating environment descriptor '/home/dustinhartnett/Documents/GitHub/ENPM702_Group2_Final/final702_ws/install/mage_msgs/share/mage_msgs/hook/cmake_prefix_path.dsv'
[2.772s] INFO:colcon.colcon_core.shell:Creating environment hook '/home/dustinhartnett/Documents/GitHub/ENPM702_Group2_Final/final702_ws/install/mage_msgs/share/mage_msgs/hook/cmake_prefix_path.sh'
[2.772s] Level 1:colcon.colcon_core.environment:checking '/home/dustinhartnett/Documents/GitHub/ENPM702_Group2_Final/final702_ws/install/mage_msgs/lib'
[2.773s] Level 1:colcon.colcon_core.shell:create_environment_hook('mage_msgs', 'ld_library_path_lib')
[2.802s] INFO:colcon.colcon_core.shell:Creating environment hook '/home/dustinhartnett/Documents/GitHub/ENPM702_Group2_Final/final702_ws/install/mage_msgs/share/mage_msgs/hook/ld_library_path_lib.ps1'
[2.803s] INFO:colcon.colcon_core.shell:Creating environment descriptor '/home/dustinhartnett/Documents/GitHub/ENPM702_Group2_Final/final702_ws/install/mage_msgs/share/mage_msgs/hook/ld_library_path_lib.dsv'
[2.803s] INFO:colcon.colcon_core.shell:Creating environment hook '/home/dustinhartnett/Documents/GitHub/ENPM702_Group2_Final/final702_ws/install/mage_msgs/share/mage_msgs/hook/ld_library_path_lib.sh'
[2.803s] Level 1:colcon.colcon_core.environment:checking '/home/dustinhartnett/Documents/GitHub/ENPM702_Group2_Final/final702_ws/install/mage_msgs/bin'
[2.804s] Level 1:colcon.colcon_core.environment:checking '/home/dustinhartnett/Documents/GitHub/ENPM702_Group2_Final/final702_ws/install/mage_msgs/lib/pkgconfig/mage_msgs.pc'
[2.804s] Level 1:colcon.colcon_core.environment:checking '/home/dustinhartnett/Documents/GitHub/ENPM702_Group2_Final/final702_ws/install/mage_msgs/lib/python3.8/site-packages'
[2.804s] Level 1:colcon.colcon_core.shell:create_environment_hook('mage_msgs', 'pythonpath')
[2.834s] INFO:colcon.colcon_core.shell:Creating environment hook '/home/dustinhartnett/Documents/GitHub/ENPM702_Group2_Final/final702_ws/install/mage_msgs/share/mage_msgs/hook/pythonpath.ps1'
[2.835s] INFO:colcon.colcon_core.shell:Creating environment descriptor '/home/dustinhartnett/Documents/GitHub/ENPM702_Group2_Final/final702_ws/install/mage_msgs/share/mage_msgs/hook/pythonpath.dsv'
[2.835s] INFO:colcon.colcon_core.shell:Creating environment hook '/home/dustinhartnett/Documents/GitHub/ENPM702_Group2_Final/final702_ws/install/mage_msgs/share/mage_msgs/hook/pythonpath.sh'
[2.835s] Level 1:colcon.colcon_core.environment:checking '/home/dustinhartnett/Documents/GitHub/ENPM702_Group2_Final/final702_ws/install/mage_msgs/bin'
[2.866s] INFO:colcon.colcon_core.shell:Creating package script '/home/dustinhartnett/Documents/GitHub/ENPM702_Group2_Final/final702_ws/install/mage_msgs/share/mage_msgs/package.ps1'
[2.867s] INFO:colcon.colcon_core.shell:Creating package descriptor '/home/dustinhartnett/Documents/GitHub/ENPM702_Group2_Final/final702_ws/install/mage_msgs/share/mage_msgs/package.dsv'
[2.867s] INFO:colcon.colcon_core.shell:Creating package script '/home/dustinhartnett/Documents/GitHub/ENPM702_Group2_Final/final702_ws/install/mage_msgs/share/mage_msgs/package.sh'
[2.867s] INFO:colcon.colcon_core.shell:Creating package script '/home/dustinhartnett/Documents/GitHub/ENPM702_Group2_Final/final702_ws/install/mage_msgs/share/mage_msgs/package.bash'
[2.868s] INFO:colcon.colcon_core.shell:Creating package script '/home/dustinhartnett/Documents/GitHub/ENPM702_Group2_Final/final702_ws/install/mage_msgs/share/mage_msgs/package.zsh'
[2.868s] Level 1:colcon.colcon_core.environment:create_file_with_runtime_dependencies(/home/dustinhartnett/Documents/GitHub/ENPM702_Group2_Final/final702_ws/install/mage_msgs/share/colcon-core/packages/mage_msgs)
[3.039s] Level 1:colcon.colcon_core.environment:create_environment_scripts_only(mage_msgs)
[3.070s] Level 1:colcon.colcon_core.environment:checking '/home/dustinhartnett/Documents/GitHub/ENPM702_Group2_Final/final702_ws/install/mage_msgs' for CMake module files
[3.070s] Level 1:colcon.colcon_core.environment:checking '/home/dustinhartnett/Documents/GitHub/ENPM702_Group2_Final/final702_ws/install/mage_msgs' for CMake config files
[3.071s] Level 1:colcon.colcon_core.shell:create_environment_hook('mage_msgs', 'cmake_prefix_path')
[3.101s] INFO:colcon.colcon_core.shell:Creating environment hook '/home/dustinhartnett/Documents/GitHub/ENPM702_Group2_Final/final702_ws/install/mage_msgs/share/mage_msgs/hook/cmake_prefix_path.ps1'
[3.102s] INFO:colcon.colcon_core.shell:Creating environment descriptor '/home/dustinhartnett/Documents/GitHub/ENPM702_Group2_Final/final702_ws/install/mage_msgs/share/mage_msgs/hook/cmake_prefix_path.dsv'
[3.102s] INFO:colcon.colcon_core.shell:Creating environment hook '/home/dustinhartnett/Documents/GitHub/ENPM702_Group2_Final/final702_ws/install/mage_msgs/share/mage_msgs/hook/cmake_prefix_path.sh'
[3.103s] Level 1:colcon.colcon_core.environment:checking '/home/dustinhartnett/Documents/GitHub/ENPM702_Group2_Final/final702_ws/install/mage_msgs/lib'
[3.103s] Level 1:colcon.colcon_core.shell:create_environment_hook('mage_msgs', 'ld_library_path_lib')
[3.134s] INFO:colcon.colcon_core.shell:Creating environment hook '/home/dustinhartnett/Documents/GitHub/ENPM702_Group2_Final/final702_ws/install/mage_msgs/share/mage_msgs/hook/ld_library_path_lib.ps1'
[3.134s] INFO:colcon.colcon_core.shell:Creating environment descriptor '/home/dustinhartnett/Documents/GitHub/ENPM702_Group2_Final/final702_ws/install/mage_msgs/share/mage_msgs/hook/ld_library_path_lib.dsv'
[3.134s] INFO:colcon.colcon_core.shell:Creating environment hook '/home/dustinhartnett/Documents/GitHub/ENPM702_Group2_Final/final702_ws/install/mage_msgs/share/mage_msgs/hook/ld_library_path_lib.sh'
[3.135s] Level 1:colcon.colcon_core.environment:checking '/home/dustinhartnett/Documents/GitHub/ENPM702_Group2_Final/final702_ws/install/mage_msgs/bin'
[3.135s] Level 1:colcon.colcon_core.environment:checking '/home/dustinhartnett/Documents/GitHub/ENPM702_Group2_Final/final702_ws/install/mage_msgs/lib/pkgconfig/mage_msgs.pc'
[3.135s] Level 1:colcon.colcon_core.environment:checking '/home/dustinhartnett/Documents/GitHub/ENPM702_Group2_Final/final702_ws/install/mage_msgs/lib/python3.8/site-packages'
[3.135s] Level 1:colcon.colcon_core.shell:create_environment_hook('mage_msgs', 'pythonpath')
[3.167s] INFO:colcon.colcon_core.shell:Creating environment hook '/home/dustinhartnett/Documents/GitHub/ENPM702_Group2_Final/final702_ws/install/mage_msgs/share/mage_msgs/hook/pythonpath.ps1'
[3.167s] INFO:colcon.colcon_core.shell:Creating environment descriptor '/home/dustinhartnett/Documents/GitHub/ENPM702_Group2_Final/final702_ws/install/mage_msgs/share/mage_msgs/hook/pythonpath.dsv'
[3.168s] INFO:colcon.colcon_core.shell:Creating environment hook '/home/dustinhartnett/Documents/GitHub/ENPM702_Group2_Final/final702_ws/install/mage_msgs/share/mage_msgs/hook/pythonpath.sh'
[3.168s] Level 1:colcon.colcon_core.environment:checking '/home/dustinhartnett/Documents/GitHub/ENPM702_Group2_Final/final702_ws/install/mage_msgs/bin'
[3.201s] INFO:colcon.colcon_core.shell:Creating package script '/home/dustinhartnett/Documents/GitHub/ENPM702_Group2_Final/final702_ws/install/mage_msgs/share/mage_msgs/package.ps1'
[3.202s] INFO:colcon.colcon_core.shell:Creating package descriptor '/home/dustinhartnett/Documents/GitHub/ENPM702_Group2_Final/final702_ws/install/mage_msgs/share/mage_msgs/package.dsv'
[3.202s] INFO:colcon.colcon_core.shell:Creating package script '/home/dustinhartnett/Documents/GitHub/ENPM702_Group2_Final/final702_ws/install/mage_msgs/share/mage_msgs/package.sh'
[3.203s] INFO:colcon.colcon_core.shell:Creating package script '/home/dustinhartnett/Documents/GitHub/ENPM702_Group2_Final/final702_ws/install/mage_msgs/share/mage_msgs/package.bash'
[3.203s] INFO:colcon.colcon_core.shell:Creating package script '/home/dustinhartnett/Documents/GitHub/ENPM702_Group2_Final/final702_ws/install/mage_msgs/share/mage_msgs/package.zsh'
[3.203s] Level 1:colcon.colcon_core.environment:create_file_with_runtime_dependencies(/home/dustinhartnett/Documents/GitHub/ENPM702_Group2_Final/final702_ws/install/mage_msgs/share/colcon-core/packages/mage_msgs)
[3.204s] INFO:colcon.colcon_ros.task.ament_cmake.build:Building ROS package in '/home/dustinhartnett/Documents/GitHub/ENPM702_Group2_Final/final702_ws/src/final_project' with build type 'ament_cmake'
[3.204s] INFO:colcon.colcon_cmake.task.cmake.build:Building CMake package in '/home/dustinhartnett/Documents/GitHub/ENPM702_Group2_Final/final702_ws/src/final_project'
[3.237s] INFO:colcon.colcon_core.shell:Skip shell extension 'powershell' for command environment: Not usable outside of PowerShell
[3.237s] DEBUG:colcon.colcon_core.shell:Skip shell extension 'dsv' for command environment
[3.359s] DEBUG:colcon.colcon_core.event_handler.log_command:Invoking command in '/home/dustinhartnett/Documents/GitHub/ENPM702_Group2_Final/final702_ws/build/final_project': CMAKE_PREFIX_PATH=/home/dustinhartnett/Documents/GitHub/ENPM702_Group2_Final/final702_ws/install/mage_msgs:/home/dustinhartnett/Documents/GitHub/ENPM702_Group2_Final/final702_ws/install/final_project:/opt/ros/galactic LD_LIBRARY_PATH=/home/dustinhartnett/Documents/GitHub/ENPM702_Group2_Final/final702_ws/install/mage_msgs/lib:/home/dustinhartnett/Documents/GitHub/ENPM702_Group2_Final/final702_ws/install/final_project/lib:/usr/lib/x86_64-linux-gnu/gazebo-11/plugins:/opt/ros/galactic/opt/yaml_cpp_vendor/lib:/opt/ros/galactic/opt/rviz_ogre_vendor/lib:/opt/ros/galactic/lib/x86_64-linux-gnu:/opt/ros/galactic/lib:/usr/share/gazebo/../../lib/x86_64-linux-gnu/gazebo-11/plugins PYTHONPATH=/home/dustinhartnett/Documents/GitHub/ENPM702_Group2_Final/final702_ws/install/mage_msgs/lib/python3.8/site-packages:/home/dustinhartnett/Documents/GitHub/ENPM702_Group2_Final/final702_ws/install/final_project/lib/python3.8/site-packages:/opt/ros/galactic/lib/python3.8/site-packages /usr/bin/cmake --build /home/dustinhartnett/Documents/GitHub/ENPM702_Group2_Final/final702_ws/build/final_project -- -j20 -l20
[8.009s] DEBUG:colcon.colcon_core.event_handler.log_command:Invoked command in '/home/dustinhartnett/Documents/GitHub/ENPM702_Group2_Final/final702_ws/build/final_project' returned '2': CMAKE_PREFIX_PATH=/home/dustinhartnett/Documents/GitHub/ENPM702_Group2_Final/final702_ws/install/mage_msgs:/home/dustinhartnett/Documents/GitHub/ENPM702_Group2_Final/final702_ws/install/final_project:/opt/ros/galactic LD_LIBRARY_PATH=/home/dustinhartnett/Documents/GitHub/ENPM702_Group2_Final/final702_ws/install/mage_msgs/lib:/home/dustinhartnett/Documents/GitHub/ENPM702_Group2_Final/final702_ws/install/final_project/lib:/usr/lib/x86_64-linux-gnu/gazebo-11/plugins:/opt/ros/galactic/opt/yaml_cpp_vendor/lib:/opt/ros/galactic/opt/rviz_ogre_vendor/lib:/opt/ros/galactic/lib/x86_64-linux-gnu:/opt/ros/galactic/lib:/usr/share/gazebo/../../lib/x86_64-linux-gnu/gazebo-11/plugins PYTHONPATH=/home/dustinhartnett/Documents/GitHub/ENPM702_Group2_Final/final702_ws/install/mage_msgs/lib/python3.8/site-packages:/home/dustinhartnett/Documents/GitHub/ENPM702_Group2_Final/final702_ws/install/final_project/lib/python3.8/site-packages:/opt/ros/galactic/lib/python3.8/site-packages /usr/bin/cmake --build /home/dustinhartnett/Documents/GitHub/ENPM702_Group2_Final/final702_ws/build/final_project -- -j20 -l20
[8.074s] Level 1:colcon.colcon_core.environment:create_environment_scripts_only(final_project)
[8.108s] Level 1:colcon.colcon_core.environment:checking '/home/dustinhartnett/Documents/GitHub/ENPM702_Group2_Final/final702_ws/install/final_project' for CMake module files
[8.108s] Level 1:colcon.colcon_core.environment:checking '/home/dustinhartnett/Documents/GitHub/ENPM702_Group2_Final/final702_ws/install/final_project' for CMake config files
[8.109s] Level 1:colcon.colcon_core.shell:create_environment_hook('final_project', 'cmake_prefix_path')
[8.140s] INFO:colcon.colcon_core.shell:Creating environment hook '/home/dustinhartnett/Documents/GitHub/ENPM702_Group2_Final/final702_ws/install/final_project/share/final_project/hook/cmake_prefix_path.ps1'
[8.141s] INFO:colcon.colcon_core.shell:Creating environment descriptor '/home/dustinhartnett/Documents/GitHub/ENPM702_Group2_Final/final702_ws/install/final_project/share/final_project/hook/cmake_prefix_path.dsv'
[8.141s] INFO:colcon.colcon_core.shell:Creating environment hook '/home/dustinhartnett/Documents/GitHub/ENPM702_Group2_Final/final702_ws/install/final_project/share/final_project/hook/cmake_prefix_path.sh'
[8.141s] Level 1:colcon.colcon_core.environment:checking '/home/dustinhartnett/Documents/GitHub/ENPM702_Group2_Final/final702_ws/install/final_project/lib'
[8.141s] Level 1:colcon.colcon_core.shell:create_environment_hook('final_project', 'ld_library_path_lib')
[8.174s] INFO:colcon.colcon_core.shell:Creating environment hook '/home/dustinhartnett/Documents/GitHub/ENPM702_Group2_Final/final702_ws/install/final_project/share/final_project/hook/ld_library_path_lib.ps1'
[8.175s] INFO:colcon.colcon_core.shell:Creating environment descriptor '/home/dustinhartnett/Documents/GitHub/ENPM702_Group2_Final/final702_ws/install/final_project/share/final_project/hook/ld_library_path_lib.dsv'
[8.175s] INFO:colcon.colcon_core.shell:Creating environment hook '/home/dustinhartnett/Documents/GitHub/ENPM702_Group2_Final/final702_ws/install/final_project/share/final_project/hook/ld_library_path_lib.sh'
[8.175s] Level 1:colcon.colcon_core.environment:checking '/home/dustinhartnett/Documents/GitHub/ENPM702_Group2_Final/final702_ws/install/final_project/bin'
[8.175s] Level 1:colcon.colcon_core.environment:checking '/home/dustinhartnett/Documents/GitHub/ENPM702_Group2_Final/final702_ws/install/final_project/lib/pkgconfig/final_project.pc'
[8.176s] Level 1:colcon.colcon_core.environment:checking '/home/dustinhartnett/Documents/GitHub/ENPM702_Group2_Final/final702_ws/install/final_project/lib/python3.8/site-packages'
[8.176s] Level 1:colcon.colcon_core.shell:create_environment_hook('final_project', 'pythonpath')
[8.209s] INFO:colcon.colcon_core.shell:Creating environment hook '/home/dustinhartnett/Documents/GitHub/ENPM702_Group2_Final/final702_ws/install/final_project/share/final_project/hook/pythonpath.ps1'
[8.209s] INFO:colcon.colcon_core.shell:Creating environment descriptor '/home/dustinhartnett/Documents/GitHub/ENPM702_Group2_Final/final702_ws/install/final_project/share/final_project/hook/pythonpath.dsv'
[8.210s] INFO:colcon.colcon_core.shell:Creating environment hook '/home/dustinhartnett/Documents/GitHub/ENPM702_Group2_Final/final702_ws/install/final_project/share/final_project/hook/pythonpath.sh'
[8.210s] Level 1:colcon.colcon_core.environment:checking '/home/dustinhartnett/Documents/GitHub/ENPM702_Group2_Final/final702_ws/install/final_project/bin'
[8.243s] INFO:colcon.colcon_core.shell:Creating package script '/home/dustinhartnett/Documents/GitHub/ENPM702_Group2_Final/final702_ws/install/final_project/share/final_project/package.ps1'
[8.243s] INFO:colcon.colcon_core.shell:Creating package descriptor '/home/dustinhartnett/Documents/GitHub/ENPM702_Group2_Final/final702_ws/install/final_project/share/final_project/package.dsv'
[8.244s] INFO:colcon.colcon_core.shell:Creating package script '/home/dustinhartnett/Documents/GitHub/ENPM702_Group2_Final/final702_ws/install/final_project/share/final_project/package.sh'
[8.244s] INFO:colcon.colcon_core.shell:Creating package script '/home/dustinhartnett/Documents/GitHub/ENPM702_Group2_Final/final702_ws/install/final_project/share/final_project/package.bash'
[8.244s] INFO:colcon.colcon_core.shell:Creating package script '/home/dustinhartnett/Documents/GitHub/ENPM702_Group2_Final/final702_ws/install/final_project/share/final_project/package.zsh'
[8.245s] Level 1:colcon.colcon_core.environment:create_file_with_runtime_dependencies(/home/dustinhartnett/Documents/GitHub/ENPM702_Group2_Final/final702_ws/install/final_project/share/colcon-core/packages/final_project)
[8.255s] DEBUG:colcon.colcon_parallel_executor.executor.parallel:closing loop
[8.256s] DEBUG:colcon.colcon_parallel_executor.executor.parallel:loop closed
[8.256s] DEBUG:colcon.colcon_parallel_executor.executor.parallel:run_until_complete finished with '2'
[8.256s] DEBUG:colcon.colcon_core.event_reactor:joining thread
[8.295s] INFO:colcon.colcon_core.plugin_system:Skipping extension 'colcon_notification.desktop_notification.terminal_notifier': Not used on non-Darwin systems
[8.295s] INFO:colcon.colcon_core.plugin_system:Skipping extension 'colcon_notification.desktop_notification.win32': Not used on non-Windows systems
[8.295s] INFO:colcon.colcon_notification.desktop_notification:Sending desktop notification using 'notify2'
[8.313s] DEBUG:colcon.colcon_core.event_reactor:joined thread
[8.351s] INFO:colcon.colcon_core.shell:Creating prefix script '/home/dustinhartnett/Documents/GitHub/ENPM702_Group2_Final/final702_ws/install/local_setup.ps1'
[8.351s] INFO:colcon.colcon_core.shell:Creating prefix util module '/home/dustinhartnett/Documents/GitHub/ENPM702_Group2_Final/final702_ws/install/_local_setup_util_ps1.py'
[8.353s] INFO:colcon.colcon_core.shell:Creating prefix chain script '/home/dustinhartnett/Documents/GitHub/ENPM702_Group2_Final/final702_ws/install/setup.ps1'
[8.389s] INFO:colcon.colcon_core.shell:Creating prefix script '/home/dustinhartnett/Documents/GitHub/ENPM702_Group2_Final/final702_ws/install/local_setup.sh'
[8.390s] INFO:colcon.colcon_core.shell:Creating prefix util module '/home/dustinhartnett/Documents/GitHub/ENPM702_Group2_Final/final702_ws/install/_local_setup_util_sh.py'
[8.390s] INFO:colcon.colcon_core.shell:Creating prefix chain script '/home/dustinhartnett/Documents/GitHub/ENPM702_Group2_Final/final702_ws/install/setup.sh'
[8.428s] INFO:colcon.colcon_core.shell:Creating prefix script '/home/dustinhartnett/Documents/GitHub/ENPM702_Group2_Final/final702_ws/install/local_setup.bash'
[8.428s] INFO:colcon.colcon_core.shell:Creating prefix chain script '/home/dustinhartnett/Documents/GitHub/ENPM702_Group2_Final/final702_ws/install/setup.bash'
[8.466s] INFO:colcon.colcon_core.shell:Creating prefix script '/home/dustinhartnett/Documents/GitHub/ENPM702_Group2_Final/final702_ws/install/local_setup.zsh'
[8.467s] INFO:colcon.colcon_core.shell:Creating prefix chain script '/home/dustinhartnett/Documents/GitHub/ENPM702_Group2_Final/final702_ws/install/setup.zsh'
