[1.658s] DEBUG:colcon:Command line arguments: ['/usr/bin/colcon', 'build']
[1.658s] DEBUG:colcon:Parsed command line arguments: Namespace(allow_overriding=[], ament_cmake_args=None, base_paths=['.'], build_base='build', catkin_cmake_args=None, catkin_skip_building_tests=False, cmake_args=None, cmake_clean_cache=False, cmake_clean_first=False, cmake_force_configure=False, cmake_target=None, cmake_target_skip_unavailable=False, continue_on_error=False, event_handlers=None, executor='parallel', ignore_user_meta=False, install_base='install', log_base=None, log_level=None, main=<bound method BuildVerb.main of <colcon_core.verb.build.BuildVerb object at 0x7f5a16cc51f0>>, merge_install=False, metas=['./colcon.meta'], packages_above=None, packages_above_and_dependencies=None, packages_above_depth=None, packages_end=None, packages_ignore=None, packages_ignore_regex=None, packages_select=None, packages_select_build_failed=False, packages_select_by_dep=None, packages_select_regex=None, packages_select_test_failures=False, packages_skip=None, packages_skip_build_finished=False, packages_skip_by_dep=None, packages_skip_regex=None, packages_skip_test_passed=False, packages_skip_up_to=None, packages_start=None, packages_up_to=None, packages_up_to_regex=None, parallel_workers=20, paths=None, symlink_install=False, test_result_base=None, verb_extension=<colcon_core.verb.build.BuildVerb object at 0x7f5a16cc51f0>, verb_name='build', verb_parser=<colcon_defaults.argument_parser.defaults.DefaultArgumentsDecorator object at 0x7f5a16c6e550>)
[1.737s] Level 1:colcon.colcon_core.package_discovery:discover_packages(colcon_meta) check parameters
[1.737s] Level 1:colcon.colcon_core.package_discovery:discover_packages(recursive) check parameters
[1.737s] Level 1:colcon.colcon_core.package_discovery:discover_packages(ignore) check parameters
[1.737s] Level 1:colcon.colcon_core.package_discovery:discover_packages(path) check parameters
[1.737s] Level 1:colcon.colcon_core.package_discovery:discover_packages(colcon_meta) discover
[1.737s] Level 1:colcon.colcon_core.package_discovery:discover_packages(recursive) discover
[1.737s] INFO:colcon.colcon_core.package_discovery:Crawling recursively for packages in '/home/dustinhartnett/Documents/GitHub/ENPM702_Group2_Final/final702_ws'
[1.737s] Level 1:colcon.colcon_core.package_identification:_identify(.) by extensions ['ignore', 'ignore_ament_install']
[1.737s] Level 1:colcon.colcon_core.package_identification:_identify(.) by extension 'ignore'
[1.737s] Level 1:colcon.colcon_core.package_identification:_identify(.) by extension 'ignore_ament_install'
[1.737s] Level 1:colcon.colcon_core.package_identification:_identify(.) by extensions ['colcon_pkg']
[1.737s] Level 1:colcon.colcon_core.package_identification:_identify(.) by extension 'colcon_pkg'
[1.737s] Level 1:colcon.colcon_core.package_identification:_identify(.) by extensions ['colcon_meta']
[1.737s] Level 1:colcon.colcon_core.package_identification:_identify(.) by extension 'colcon_meta'
[1.737s] Level 1:colcon.colcon_core.package_identification:_identify(.) by extensions ['ros']
[1.737s] Level 1:colcon.colcon_core.package_identification:_identify(.) by extension 'ros'
[1.747s] Level 1:colcon.colcon_core.package_identification:_identify(.) by extensions ['cmake', 'python']
[1.747s] Level 1:colcon.colcon_core.package_identification:_identify(.) by extension 'cmake'
[1.747s] Level 1:colcon.colcon_core.package_identification:_identify(.) by extension 'python'
[1.747s] Level 1:colcon.colcon_core.package_identification:_identify(.) by extensions ['python_setup_py']
[1.747s] Level 1:colcon.colcon_core.package_identification:_identify(.) by extension 'python_setup_py'
[1.748s] Level 1:colcon.colcon_core.package_identification:_identify(build) by extensions ['ignore', 'ignore_ament_install']
[1.748s] Level 1:colcon.colcon_core.package_identification:_identify(build) by extension 'ignore'
[1.748s] Level 1:colcon.colcon_core.package_identification:_identify(build) ignored
[1.748s] Level 1:colcon.colcon_core.package_identification:_identify(install) by extensions ['ignore', 'ignore_ament_install']
[1.748s] Level 1:colcon.colcon_core.package_identification:_identify(install) by extension 'ignore'
[1.748s] Level 1:colcon.colcon_core.package_identification:_identify(install) ignored
[1.748s] Level 1:colcon.colcon_core.package_identification:_identify(log) by extensions ['ignore', 'ignore_ament_install']
[1.748s] Level 1:colcon.colcon_core.package_identification:_identify(log) by extension 'ignore'
[1.748s] Level 1:colcon.colcon_core.package_identification:_identify(log) ignored
[1.748s] Level 1:colcon.colcon_core.package_identification:_identify(src) by extensions ['ignore', 'ignore_ament_install']
[1.748s] Level 1:colcon.colcon_core.package_identification:_identify(src) by extension 'ignore'
[1.748s] Level 1:colcon.colcon_core.package_identification:_identify(src) by extension 'ignore_ament_install'
[1.748s] Level 1:colcon.colcon_core.package_identification:_identify(src) by extensions ['colcon_pkg']
[1.748s] Level 1:colcon.colcon_core.package_identification:_identify(src) by extension 'colcon_pkg'
[1.748s] Level 1:colcon.colcon_core.package_identification:_identify(src) by extensions ['colcon_meta']
[1.748s] Level 1:colcon.colcon_core.package_identification:_identify(src) by extension 'colcon_meta'
[1.748s] Level 1:colcon.colcon_core.package_identification:_identify(src) by extensions ['ros']
[1.748s] Level 1:colcon.colcon_core.package_identification:_identify(src) by extension 'ros'
[1.748s] Level 1:colcon.colcon_core.package_identification:_identify(src) by extensions ['cmake', 'python']
[1.748s] Level 1:colcon.colcon_core.package_identification:_identify(src) by extension 'cmake'
[1.748s] Level 1:colcon.colcon_core.package_identification:_identify(src) by extension 'python'
[1.748s] Level 1:colcon.colcon_core.package_identification:_identify(src) by extensions ['python_setup_py']
[1.748s] Level 1:colcon.colcon_core.package_identification:_identify(src) by extension 'python_setup_py'
[1.749s] Level 1:colcon.colcon_core.package_identification:_identify(src/final_project) by extensions ['ignore', 'ignore_ament_install']
[1.749s] Level 1:colcon.colcon_core.package_identification:_identify(src/final_project) by extension 'ignore'
[1.749s] Level 1:colcon.colcon_core.package_identification:_identify(src/final_project) by extension 'ignore_ament_install'
[1.749s] Level 1:colcon.colcon_core.package_identification:_identify(src/final_project) by extensions ['colcon_pkg']
[1.749s] Level 1:colcon.colcon_core.package_identification:_identify(src/final_project) by extension 'colcon_pkg'
[1.749s] Level 1:colcon.colcon_core.package_identification:_identify(src/final_project) by extensions ['colcon_meta']
[1.749s] Level 1:colcon.colcon_core.package_identification:_identify(src/final_project) by extension 'colcon_meta'
[1.749s] Level 1:colcon.colcon_core.package_identification:_identify(src/final_project) by extensions ['ros']
[1.749s] Level 1:colcon.colcon_core.package_identification:_identify(src/final_project) by extension 'ros'
[1.751s] DEBUG:colcon.colcon_core.package_identification:Package 'src/final_project' with type 'ros.ament_cmake' and name 'final_project'
[1.751s] Level 1:colcon.colcon_core.package_identification:_identify(src/mage_msgs) by extensions ['ignore', 'ignore_ament_install']
[1.751s] Level 1:colcon.colcon_core.package_identification:_identify(src/mage_msgs) by extension 'ignore'
[1.751s] Level 1:colcon.colcon_core.package_identification:_identify(src/mage_msgs) by extension 'ignore_ament_install'
[1.752s] Level 1:colcon.colcon_core.package_identification:_identify(src/mage_msgs) by extensions ['colcon_pkg']
[1.752s] Level 1:colcon.colcon_core.package_identification:_identify(src/mage_msgs) by extension 'colcon_pkg'
[1.752s] Level 1:colcon.colcon_core.package_identification:_identify(src/mage_msgs) by extensions ['colcon_meta']
[1.752s] Level 1:colcon.colcon_core.package_identification:_identify(src/mage_msgs) by extension 'colcon_meta'
[1.752s] Level 1:colcon.colcon_core.package_identification:_identify(src/mage_msgs) by extensions ['ros']
[1.752s] Level 1:colcon.colcon_core.package_identification:_identify(src/mage_msgs) by extension 'ros'
[1.752s] DEBUG:colcon.colcon_core.package_identification:Package 'src/mage_msgs' with type 'ros.ament_cmake' and name 'mage_msgs'
[1.752s] Level 1:colcon.colcon_core.package_discovery:discover_packages(recursive) using defaults
[1.752s] Level 1:colcon.colcon_core.package_discovery:discover_packages(ignore) discover
[1.752s] Level 1:colcon.colcon_core.package_discovery:discover_packages(ignore) using defaults
[1.752s] Level 1:colcon.colcon_core.package_discovery:discover_packages(path) discover
[1.752s] Level 1:colcon.colcon_core.package_discovery:discover_packages(path) using defaults
[1.911s] Level 1:colcon.colcon_core.package_discovery:discover_packages(prefix_path) check parameters
[1.911s] Level 1:colcon.colcon_core.package_discovery:discover_packages(prefix_path) discover
[1.940s] WARNING:colcon.colcon_ros.prefix_path.ament:The path '/home/dustinhartnett/Documents/GitHub/ENPM702_Group2_Final/final702_ws/install/final_project' in the environment variable AMENT_PREFIX_PATH doesn't exist
[1.940s] WARNING:colcon.colcon_ros.prefix_path.ament:The path '/home/dustinhartnett/Documents/GitHub/ENPM702_Group2_Final/final702_ws/install/mage_msgs' in the environment variable AMENT_PREFIX_PATH doesn't exist
[1.940s] WARNING:colcon.colcon_ros.prefix_path.catkin:The path '/home/dustinhartnett/Documents/GitHub/ENPM702_Group2_Final/final702_ws/install/final_project' in the environment variable CMAKE_PREFIX_PATH doesn't exist
[1.940s] WARNING:colcon.colcon_ros.prefix_path.catkin:The path '/home/dustinhartnett/Documents/GitHub/ENPM702_Group2_Final/final702_ws/install/mage_msgs' in the environment variable CMAKE_PREFIX_PATH doesn't exist
[1.969s] DEBUG:colcon.colcon_installed_package_information.package_discovery:Found 0 installed packages in /home/dustinhartnett/Documents/GitHub/ENPM702_Group2_Final/final702_ws/install
[2.000s] DEBUG:colcon.colcon_installed_package_information.package_discovery:Found 364 installed packages in /opt/ros/galactic
[2.002s] Level 1:colcon.colcon_core.package_discovery:discover_packages(prefix_path) using defaults
[2.134s] Level 5:colcon.colcon_core.verb:set package 'mage_msgs' build argument 'cmake_args' from command line to 'None'
[2.134s] Level 5:colcon.colcon_core.verb:set package 'mage_msgs' build argument 'cmake_target' from command line to 'None'
[2.134s] Level 5:colcon.colcon_core.verb:set package 'mage_msgs' build argument 'cmake_target_skip_unavailable' from command line to 'False'
[2.134s] Level 5:colcon.colcon_core.verb:set package 'mage_msgs' build argument 'cmake_clean_cache' from command line to 'False'
[2.134s] Level 5:colcon.colcon_core.verb:set package 'mage_msgs' build argument 'cmake_clean_first' from command line to 'False'
[2.134s] Level 5:colcon.colcon_core.verb:set package 'mage_msgs' build argument 'cmake_force_configure' from command line to 'False'
[2.134s] Level 5:colcon.colcon_core.verb:set package 'mage_msgs' build argument 'ament_cmake_args' from command line to 'None'
[2.134s] Level 5:colcon.colcon_core.verb:set package 'mage_msgs' build argument 'catkin_cmake_args' from command line to 'None'
[2.134s] Level 5:colcon.colcon_core.verb:set package 'mage_msgs' build argument 'catkin_skip_building_tests' from command line to 'False'
[2.134s] DEBUG:colcon.colcon_core.verb:Building package 'mage_msgs' with the following arguments: {'ament_cmake_args': None, 'build_base': '/home/dustinhartnett/Documents/GitHub/ENPM702_Group2_Final/final702_ws/build/mage_msgs', 'catkin_cmake_args': None, 'catkin_skip_building_tests': False, 'cmake_args': None, 'cmake_clean_cache': False, 'cmake_clean_first': False, 'cmake_force_configure': False, 'cmake_target': None, 'cmake_target_skip_unavailable': False, 'install_base': '/home/dustinhartnett/Documents/GitHub/ENPM702_Group2_Final/final702_ws/install/mage_msgs', 'merge_install': False, 'path': '/home/dustinhartnett/Documents/GitHub/ENPM702_Group2_Final/final702_ws/src/mage_msgs', 'symlink_install': False, 'test_result_base': None}
[2.163s] Level 5:colcon.colcon_core.verb:set package 'final_project' build argument 'cmake_args' from command line to 'None'
[2.163s] Level 5:colcon.colcon_core.verb:set package 'final_project' build argument 'cmake_target' from command line to 'None'
[2.163s] Level 5:colcon.colcon_core.verb:set package 'final_project' build argument 'cmake_target_skip_unavailable' from command line to 'False'
[2.163s] Level 5:colcon.colcon_core.verb:set package 'final_project' build argument 'cmake_clean_cache' from command line to 'False'
[2.163s] Level 5:colcon.colcon_core.verb:set package 'final_project' build argument 'cmake_clean_first' from command line to 'False'
[2.163s] Level 5:colcon.colcon_core.verb:set package 'final_project' build argument 'cmake_force_configure' from command line to 'False'
[2.163s] Level 5:colcon.colcon_core.verb:set package 'final_project' build argument 'ament_cmake_args' from command line to 'None'
[2.163s] Level 5:colcon.colcon_core.verb:set package 'final_project' build argument 'catkin_cmake_args' from command line to 'None'
[2.163s] Level 5:colcon.colcon_core.verb:set package 'final_project' build argument 'catkin_skip_building_tests' from command line to 'False'
[2.163s] DEBUG:colcon.colcon_core.verb:Building package 'final_project' with the following arguments: {'ament_cmake_args': None, 'build_base': '/home/dustinhartnett/Documents/GitHub/ENPM702_Group2_Final/final702_ws/build/final_project', 'catkin_cmake_args': None, 'catkin_skip_building_tests': False, 'cmake_args': None, 'cmake_clean_cache': False, 'cmake_clean_first': False, 'cmake_force_configure': False, 'cmake_target': None, 'cmake_target_skip_unavailable': False, 'install_base': '/home/dustinhartnett/Documents/GitHub/ENPM702_Group2_Final/final702_ws/install/final_project', 'merge_install': False, 'path': '/home/dustinhartnett/Documents/GitHub/ENPM702_Group2_Final/final702_ws/src/final_project', 'symlink_install': False, 'test_result_base': None}
[2.192s] INFO:colcon.colcon_core.executor:Executing jobs using 'parallel' executor
[2.222s] DEBUG:colcon.colcon_parallel_executor.executor.parallel:run_until_complete
[2.222s] INFO:colcon.colcon_ros.task.ament_cmake.build:Building ROS package in '/home/dustinhartnett/Documents/GitHub/ENPM702_Group2_Final/final702_ws/src/mage_msgs' with build type 'ament_cmake'
[2.222s] INFO:colcon.colcon_cmake.task.cmake.build:Building CMake package in '/home/dustinhartnett/Documents/GitHub/ENPM702_Group2_Final/final702_ws/src/mage_msgs'
[2.253s] INFO:colcon.colcon_core.plugin_system:Skipping extension 'colcon_core.shell.bat': Not used on non-Windows systems
[2.253s] INFO:colcon.colcon_core.shell:Skip shell extension 'powershell' for command environment: Not usable outside of PowerShell
[2.254s] DEBUG:colcon.colcon_core.shell:Skip shell extension 'dsv' for command environment
[2.358s] DEBUG:colcon.colcon_core.event_handler.log_command:Invoking command in '/home/dustinhartnett/Documents/GitHub/ENPM702_Group2_Final/final702_ws/build/mage_msgs': CMAKE_PREFIX_PATH=${CMAKE_PREFIX_PATH}:/opt/ros/galactic /usr/bin/cmake /home/dustinhartnett/Documents/GitHub/ENPM702_Group2_Final/final702_ws/src/mage_msgs -DCMAKE_INSTALL_PREFIX=/home/dustinhartnett/Documents/GitHub/ENPM702_Group2_Final/final702_ws/install/mage_msgs
[4.051s] DEBUG:colcon.colcon_core.event_handler.log_command:Invoked command in '/home/dustinhartnett/Documents/GitHub/ENPM702_Group2_Final/final702_ws/build/mage_msgs' returned '0': CMAKE_PREFIX_PATH=${CMAKE_PREFIX_PATH}:/opt/ros/galactic /usr/bin/cmake /home/dustinhartnett/Documents/GitHub/ENPM702_Group2_Final/final702_ws/src/mage_msgs -DCMAKE_INSTALL_PREFIX=/home/dustinhartnett/Documents/GitHub/ENPM702_Group2_Final/final702_ws/install/mage_msgs
[4.056s] DEBUG:colcon.colcon_core.event_handler.log_command:Invoking command in '/home/dustinhartnett/Documents/GitHub/ENPM702_Group2_Final/final702_ws/build/mage_msgs': CMAKE_PREFIX_PATH=${CMAKE_PREFIX_PATH}:/opt/ros/galactic /usr/bin/cmake --build /home/dustinhartnett/Documents/GitHub/ENPM702_Group2_Final/final702_ws/build/mage_msgs -- -j20 -l20
[10.884s] DEBUG:colcon.colcon_core.event_handler.log_command:Invoked command in '/home/dustinhartnett/Documents/GitHub/ENPM702_Group2_Final/final702_ws/build/mage_msgs' returned '0': CMAKE_PREFIX_PATH=${CMAKE_PREFIX_PATH}:/opt/ros/galactic /usr/bin/cmake --build /home/dustinhartnett/Documents/GitHub/ENPM702_Group2_Final/final702_ws/build/mage_msgs -- -j20 -l20
[11.099s] DEBUG:colcon.colcon_core.event_handler.log_command:Invoking command in '/home/dustinhartnett/Documents/GitHub/ENPM702_Group2_Final/final702_ws/build/mage_msgs': CMAKE_PREFIX_PATH=${CMAKE_PREFIX_PATH}:/opt/ros/galactic /usr/bin/cmake --install /home/dustinhartnett/Documents/GitHub/ENPM702_Group2_Final/final702_ws/build/mage_msgs
[11.175s] Level 1:colcon.colcon_core.environment:create_environment_scripts_only(mage_msgs)
[11.181s] DEBUG:colcon.colcon_core.event_handler.log_command:Invoked command in '/home/dustinhartnett/Documents/GitHub/ENPM702_Group2_Final/final702_ws/build/mage_msgs' returned '0': CMAKE_PREFIX_PATH=${CMAKE_PREFIX_PATH}:/opt/ros/galactic /usr/bin/cmake --install /home/dustinhartnett/Documents/GitHub/ENPM702_Group2_Final/final702_ws/build/mage_msgs
[11.224s] Level 1:colcon.colcon_core.environment:checking '/home/dustinhartnett/Documents/GitHub/ENPM702_Group2_Final/final702_ws/install/mage_msgs' for CMake module files
[11.224s] Level 1:colcon.colcon_core.environment:checking '/home/dustinhartnett/Documents/GitHub/ENPM702_Group2_Final/final702_ws/install/mage_msgs' for CMake config files
[11.225s] Level 1:colcon.colcon_core.shell:create_environment_hook('mage_msgs', 'cmake_prefix_path')
[11.265s] INFO:colcon.colcon_core.shell:Creating environment hook '/home/dustinhartnett/Documents/GitHub/ENPM702_Group2_Final/final702_ws/install/mage_msgs/share/mage_msgs/hook/cmake_prefix_path.ps1'
[11.266s] INFO:colcon.colcon_core.shell:Creating environment descriptor '/home/dustinhartnett/Documents/GitHub/ENPM702_Group2_Final/final702_ws/install/mage_msgs/share/mage_msgs/hook/cmake_prefix_path.dsv'
[11.266s] INFO:colcon.colcon_core.shell:Creating environment hook '/home/dustinhartnett/Documents/GitHub/ENPM702_Group2_Final/final702_ws/install/mage_msgs/share/mage_msgs/hook/cmake_prefix_path.sh'
[11.267s] Level 1:colcon.colcon_core.environment:checking '/home/dustinhartnett/Documents/GitHub/ENPM702_Group2_Final/final702_ws/install/mage_msgs/lib'
[11.267s] Level 1:colcon.colcon_core.shell:create_environment_hook('mage_msgs', 'ld_library_path_lib')
[11.306s] INFO:colcon.colcon_core.shell:Creating environment hook '/home/dustinhartnett/Documents/GitHub/ENPM702_Group2_Final/final702_ws/install/mage_msgs/share/mage_msgs/hook/ld_library_path_lib.ps1'
[11.307s] INFO:colcon.colcon_core.shell:Creating environment descriptor '/home/dustinhartnett/Documents/GitHub/ENPM702_Group2_Final/final702_ws/install/mage_msgs/share/mage_msgs/hook/ld_library_path_lib.dsv'
[11.307s] INFO:colcon.colcon_core.shell:Creating environment hook '/home/dustinhartnett/Documents/GitHub/ENPM702_Group2_Final/final702_ws/install/mage_msgs/share/mage_msgs/hook/ld_library_path_lib.sh'
[11.307s] Level 1:colcon.colcon_core.environment:checking '/home/dustinhartnett/Documents/GitHub/ENPM702_Group2_Final/final702_ws/install/mage_msgs/bin'
[11.307s] Level 1:colcon.colcon_core.environment:checking '/home/dustinhartnett/Documents/GitHub/ENPM702_Group2_Final/final702_ws/install/mage_msgs/lib/pkgconfig/mage_msgs.pc'
[11.308s] Level 1:colcon.colcon_core.environment:checking '/home/dustinhartnett/Documents/GitHub/ENPM702_Group2_Final/final702_ws/install/mage_msgs/lib/python3.8/site-packages'
[11.308s] Level 1:colcon.colcon_core.shell:create_environment_hook('mage_msgs', 'pythonpath')
[11.348s] INFO:colcon.colcon_core.shell:Creating environment hook '/home/dustinhartnett/Documents/GitHub/ENPM702_Group2_Final/final702_ws/install/mage_msgs/share/mage_msgs/hook/pythonpath.ps1'
[11.348s] INFO:colcon.colcon_core.shell:Creating environment descriptor '/home/dustinhartnett/Documents/GitHub/ENPM702_Group2_Final/final702_ws/install/mage_msgs/share/mage_msgs/hook/pythonpath.dsv'
[11.349s] INFO:colcon.colcon_core.shell:Creating environment hook '/home/dustinhartnett/Documents/GitHub/ENPM702_Group2_Final/final702_ws/install/mage_msgs/share/mage_msgs/hook/pythonpath.sh'
[11.349s] Level 1:colcon.colcon_core.environment:checking '/home/dustinhartnett/Documents/GitHub/ENPM702_Group2_Final/final702_ws/install/mage_msgs/bin'
[11.388s] INFO:colcon.colcon_core.shell:Creating package script '/home/dustinhartnett/Documents/GitHub/ENPM702_Group2_Final/final702_ws/install/mage_msgs/share/mage_msgs/package.ps1'
[11.389s] INFO:colcon.colcon_core.shell:Creating package descriptor '/home/dustinhartnett/Documents/GitHub/ENPM702_Group2_Final/final702_ws/install/mage_msgs/share/mage_msgs/package.dsv'
[11.390s] INFO:colcon.colcon_core.shell:Creating package script '/home/dustinhartnett/Documents/GitHub/ENPM702_Group2_Final/final702_ws/install/mage_msgs/share/mage_msgs/package.sh'
[11.391s] INFO:colcon.colcon_core.shell:Creating package script '/home/dustinhartnett/Documents/GitHub/ENPM702_Group2_Final/final702_ws/install/mage_msgs/share/mage_msgs/package.bash'
[11.391s] INFO:colcon.colcon_core.shell:Creating package script '/home/dustinhartnett/Documents/GitHub/ENPM702_Group2_Final/final702_ws/install/mage_msgs/share/mage_msgs/package.zsh'
[11.392s] Level 1:colcon.colcon_core.environment:create_file_with_runtime_dependencies(/home/dustinhartnett/Documents/GitHub/ENPM702_Group2_Final/final702_ws/install/mage_msgs/share/colcon-core/packages/mage_msgs)
[11.653s] Level 1:colcon.colcon_core.environment:create_environment_scripts_only(mage_msgs)
[11.694s] Level 1:colcon.colcon_core.environment:checking '/home/dustinhartnett/Documents/GitHub/ENPM702_Group2_Final/final702_ws/install/mage_msgs' for CMake module files
[11.694s] Level 1:colcon.colcon_core.environment:checking '/home/dustinhartnett/Documents/GitHub/ENPM702_Group2_Final/final702_ws/install/mage_msgs' for CMake config files
[11.695s] Level 1:colcon.colcon_core.shell:create_environment_hook('mage_msgs', 'cmake_prefix_path')
[11.734s] INFO:colcon.colcon_core.shell:Creating environment hook '/home/dustinhartnett/Documents/GitHub/ENPM702_Group2_Final/final702_ws/install/mage_msgs/share/mage_msgs/hook/cmake_prefix_path.ps1'
[11.734s] INFO:colcon.colcon_core.shell:Creating environment descriptor '/home/dustinhartnett/Documents/GitHub/ENPM702_Group2_Final/final702_ws/install/mage_msgs/share/mage_msgs/hook/cmake_prefix_path.dsv'
[11.735s] INFO:colcon.colcon_core.shell:Creating environment hook '/home/dustinhartnett/Documents/GitHub/ENPM702_Group2_Final/final702_ws/install/mage_msgs/share/mage_msgs/hook/cmake_prefix_path.sh'
[11.735s] Level 1:colcon.colcon_core.environment:checking '/home/dustinhartnett/Documents/GitHub/ENPM702_Group2_Final/final702_ws/install/mage_msgs/lib'
[11.735s] Level 1:colcon.colcon_core.shell:create_environment_hook('mage_msgs', 'ld_library_path_lib')
[11.776s] INFO:colcon.colcon_core.shell:Creating environment hook '/home/dustinhartnett/Documents/GitHub/ENPM702_Group2_Final/final702_ws/install/mage_msgs/share/mage_msgs/hook/ld_library_path_lib.ps1'
[11.777s] INFO:colcon.colcon_core.shell:Creating environment descriptor '/home/dustinhartnett/Documents/GitHub/ENPM702_Group2_Final/final702_ws/install/mage_msgs/share/mage_msgs/hook/ld_library_path_lib.dsv'
[11.777s] INFO:colcon.colcon_core.shell:Creating environment hook '/home/dustinhartnett/Documents/GitHub/ENPM702_Group2_Final/final702_ws/install/mage_msgs/share/mage_msgs/hook/ld_library_path_lib.sh'
[11.777s] Level 1:colcon.colcon_core.environment:checking '/home/dustinhartnett/Documents/GitHub/ENPM702_Group2_Final/final702_ws/install/mage_msgs/bin'
[11.777s] Level 1:colcon.colcon_core.environment:checking '/home/dustinhartnett/Documents/GitHub/ENPM702_Group2_Final/final702_ws/install/mage_msgs/lib/pkgconfig/mage_msgs.pc'
[11.778s] Level 1:colcon.colcon_core.environment:checking '/home/dustinhartnett/Documents/GitHub/ENPM702_Group2_Final/final702_ws/install/mage_msgs/lib/python3.8/site-packages'
[11.778s] Level 1:colcon.colcon_core.shell:create_environment_hook('mage_msgs', 'pythonpath')
[11.817s] INFO:colcon.colcon_core.shell:Creating environment hook '/home/dustinhartnett/Documents/GitHub/ENPM702_Group2_Final/final702_ws/install/mage_msgs/share/mage_msgs/hook/pythonpath.ps1'
[11.817s] INFO:colcon.colcon_core.shell:Creating environment descriptor '/home/dustinhartnett/Documents/GitHub/ENPM702_Group2_Final/final702_ws/install/mage_msgs/share/mage_msgs/hook/pythonpath.dsv'
[11.818s] INFO:colcon.colcon_core.shell:Creating environment hook '/home/dustinhartnett/Documents/GitHub/ENPM702_Group2_Final/final702_ws/install/mage_msgs/share/mage_msgs/hook/pythonpath.sh'
[11.818s] Level 1:colcon.colcon_core.environment:checking '/home/dustinhartnett/Documents/GitHub/ENPM702_Group2_Final/final702_ws/install/mage_msgs/bin'
[11.858s] INFO:colcon.colcon_core.shell:Creating package script '/home/dustinhartnett/Documents/GitHub/ENPM702_Group2_Final/final702_ws/install/mage_msgs/share/mage_msgs/package.ps1'
[11.859s] INFO:colcon.colcon_core.shell:Creating package descriptor '/home/dustinhartnett/Documents/GitHub/ENPM702_Group2_Final/final702_ws/install/mage_msgs/share/mage_msgs/package.dsv'
[11.859s] INFO:colcon.colcon_core.shell:Creating package script '/home/dustinhartnett/Documents/GitHub/ENPM702_Group2_Final/final702_ws/install/mage_msgs/share/mage_msgs/package.sh'
[11.860s] INFO:colcon.colcon_core.shell:Creating package script '/home/dustinhartnett/Documents/GitHub/ENPM702_Group2_Final/final702_ws/install/mage_msgs/share/mage_msgs/package.bash'
[11.860s] INFO:colcon.colcon_core.shell:Creating package script '/home/dustinhartnett/Documents/GitHub/ENPM702_Group2_Final/final702_ws/install/mage_msgs/share/mage_msgs/package.zsh'
[11.860s] Level 1:colcon.colcon_core.environment:create_file_with_runtime_dependencies(/home/dustinhartnett/Documents/GitHub/ENPM702_Group2_Final/final702_ws/install/mage_msgs/share/colcon-core/packages/mage_msgs)
[11.861s] INFO:colcon.colcon_ros.task.ament_cmake.build:Building ROS package in '/home/dustinhartnett/Documents/GitHub/ENPM702_Group2_Final/final702_ws/src/final_project' with build type 'ament_cmake'
[11.861s] INFO:colcon.colcon_cmake.task.cmake.build:Building CMake package in '/home/dustinhartnett/Documents/GitHub/ENPM702_Group2_Final/final702_ws/src/final_project'
[11.923s] INFO:colcon.colcon_core.shell:Skip shell extension 'powershell' for command environment: Not usable outside of PowerShell
[11.923s] DEBUG:colcon.colcon_core.shell:Skip shell extension 'dsv' for command environment
[12.062s] DEBUG:colcon.colcon_core.event_handler.log_command:Invoking command in '/home/dustinhartnett/Documents/GitHub/ENPM702_Group2_Final/final702_ws/build/final_project': CMAKE_PREFIX_PATH=/home/dustinhartnett/Documents/GitHub/ENPM702_Group2_Final/final702_ws/install/mage_msgs:/home/dustinhartnett/Documents/GitHub/ENPM702_Group2_Final/final702_ws/install/final_project:/opt/ros/galactic LD_LIBRARY_PATH=/home/dustinhartnett/Documents/GitHub/ENPM702_Group2_Final/final702_ws/install/mage_msgs/lib:/usr/lib/x86_64-linux-gnu/gazebo-11/plugins:/opt/ros/galactic/opt/yaml_cpp_vendor/lib:/opt/ros/galactic/opt/rviz_ogre_vendor/lib:/opt/ros/galactic/lib/x86_64-linux-gnu:/opt/ros/galactic/lib:/usr/share/gazebo/../../lib/x86_64-linux-gnu/gazebo-11/plugins PYTHONPATH=/home/dustinhartnett/Documents/GitHub/ENPM702_Group2_Final/final702_ws/install/mage_msgs/lib/python3.8/site-packages:${PYTHONPATH} /usr/bin/cmake /home/dustinhartnett/Documents/GitHub/ENPM702_Group2_Final/final702_ws/src/final_project -DCMAKE_INSTALL_PREFIX=/home/dustinhartnett/Documents/GitHub/ENPM702_Group2_Final/final702_ws/install/final_project
[16.566s] DEBUG:colcon.colcon_core.event_handler.log_command:Invoked command in '/home/dustinhartnett/Documents/GitHub/ENPM702_Group2_Final/final702_ws/build/final_project' returned '0': CMAKE_PREFIX_PATH=/home/dustinhartnett/Documents/GitHub/ENPM702_Group2_Final/final702_ws/install/mage_msgs:/home/dustinhartnett/Documents/GitHub/ENPM702_Group2_Final/final702_ws/install/final_project:/opt/ros/galactic LD_LIBRARY_PATH=/home/dustinhartnett/Documents/GitHub/ENPM702_Group2_Final/final702_ws/install/mage_msgs/lib:/usr/lib/x86_64-linux-gnu/gazebo-11/plugins:/opt/ros/galactic/opt/yaml_cpp_vendor/lib:/opt/ros/galactic/opt/rviz_ogre_vendor/lib:/opt/ros/galactic/lib/x86_64-linux-gnu:/opt/ros/galactic/lib:/usr/share/gazebo/../../lib/x86_64-linux-gnu/gazebo-11/plugins PYTHONPATH=/home/dustinhartnett/Documents/GitHub/ENPM702_Group2_Final/final702_ws/install/mage_msgs/lib/python3.8/site-packages:${PYTHONPATH} /usr/bin/cmake /home/dustinhartnett/Documents/GitHub/ENPM702_Group2_Final/final702_ws/src/final_project -DCMAKE_INSTALL_PREFIX=/home/dustinhartnett/Documents/GitHub/ENPM702_Group2_Final/final702_ws/install/final_project
[16.567s] DEBUG:colcon.colcon_core.event_handler.log_command:Invoking command in '/home/dustinhartnett/Documents/GitHub/ENPM702_Group2_Final/final702_ws/build/final_project': CMAKE_PREFIX_PATH=/home/dustinhartnett/Documents/GitHub/ENPM702_Group2_Final/final702_ws/install/mage_msgs:/home/dustinhartnett/Documents/GitHub/ENPM702_Group2_Final/final702_ws/install/final_project:/opt/ros/galactic LD_LIBRARY_PATH=/home/dustinhartnett/Documents/GitHub/ENPM702_Group2_Final/final702_ws/install/mage_msgs/lib:/usr/lib/x86_64-linux-gnu/gazebo-11/plugins:/opt/ros/galactic/opt/yaml_cpp_vendor/lib:/opt/ros/galactic/opt/rviz_ogre_vendor/lib:/opt/ros/galactic/lib/x86_64-linux-gnu:/opt/ros/galactic/lib:/usr/share/gazebo/../../lib/x86_64-linux-gnu/gazebo-11/plugins PYTHONPATH=/home/dustinhartnett/Documents/GitHub/ENPM702_Group2_Final/final702_ws/install/mage_msgs/lib/python3.8/site-packages:${PYTHONPATH} /usr/bin/cmake --build /home/dustinhartnett/Documents/GitHub/ENPM702_Group2_Final/final702_ws/build/final_project -- -j20 -l20
[29.909s] DEBUG:colcon.colcon_core.event_handler.log_command:Invoked command in '/home/dustinhartnett/Documents/GitHub/ENPM702_Group2_Final/final702_ws/build/final_project' returned '0': CMAKE_PREFIX_PATH=/home/dustinhartnett/Documents/GitHub/ENPM702_Group2_Final/final702_ws/install/mage_msgs:/home/dustinhartnett/Documents/GitHub/ENPM702_Group2_Final/final702_ws/install/final_project:/opt/ros/galactic LD_LIBRARY_PATH=/home/dustinhartnett/Documents/GitHub/ENPM702_Group2_Final/final702_ws/install/mage_msgs/lib:/usr/lib/x86_64-linux-gnu/gazebo-11/plugins:/opt/ros/galactic/opt/yaml_cpp_vendor/lib:/opt/ros/galactic/opt/rviz_ogre_vendor/lib:/opt/ros/galactic/lib/x86_64-linux-gnu:/opt/ros/galactic/lib:/usr/share/gazebo/../../lib/x86_64-linux-gnu/gazebo-11/plugins PYTHONPATH=/home/dustinhartnett/Documents/GitHub/ENPM702_Group2_Final/final702_ws/install/mage_msgs/lib/python3.8/site-packages:${PYTHONPATH} /usr/bin/cmake --build /home/dustinhartnett/Documents/GitHub/ENPM702_Group2_Final/final702_ws/build/final_project -- -j20 -l20
[29.940s] DEBUG:colcon.colcon_core.event_handler.log_command:Invoking command in '/home/dustinhartnett/Documents/GitHub/ENPM702_Group2_Final/final702_ws/build/final_project': CMAKE_PREFIX_PATH=/home/dustinhartnett/Documents/GitHub/ENPM702_Group2_Final/final702_ws/install/mage_msgs:/home/dustinhartnett/Documents/GitHub/ENPM702_Group2_Final/final702_ws/install/final_project:/opt/ros/galactic LD_LIBRARY_PATH=/home/dustinhartnett/Documents/GitHub/ENPM702_Group2_Final/final702_ws/install/mage_msgs/lib:/usr/lib/x86_64-linux-gnu/gazebo-11/plugins:/opt/ros/galactic/opt/yaml_cpp_vendor/lib:/opt/ros/galactic/opt/rviz_ogre_vendor/lib:/opt/ros/galactic/lib/x86_64-linux-gnu:/opt/ros/galactic/lib:/usr/share/gazebo/../../lib/x86_64-linux-gnu/gazebo-11/plugins PYTHONPATH=/home/dustinhartnett/Documents/GitHub/ENPM702_Group2_Final/final702_ws/install/mage_msgs/lib/python3.8/site-packages:${PYTHONPATH} /usr/bin/cmake --install /home/dustinhartnett/Documents/GitHub/ENPM702_Group2_Final/final702_ws/build/final_project
[30.016s] Level 1:colcon.colcon_core.environment:create_environment_scripts_only(final_project)
[30.016s] DEBUG:colcon.colcon_core.event_handler.log_command:Invoked command in '/home/dustinhartnett/Documents/GitHub/ENPM702_Group2_Final/final702_ws/build/final_project' returned '0': CMAKE_PREFIX_PATH=/home/dustinhartnett/Documents/GitHub/ENPM702_Group2_Final/final702_ws/install/mage_msgs:/home/dustinhartnett/Documents/GitHub/ENPM702_Group2_Final/final702_ws/install/final_project:/opt/ros/galactic LD_LIBRARY_PATH=/home/dustinhartnett/Documents/GitHub/ENPM702_Group2_Final/final702_ws/install/mage_msgs/lib:/usr/lib/x86_64-linux-gnu/gazebo-11/plugins:/opt/ros/galactic/opt/yaml_cpp_vendor/lib:/opt/ros/galactic/opt/rviz_ogre_vendor/lib:/opt/ros/galactic/lib/x86_64-linux-gnu:/opt/ros/galactic/lib:/usr/share/gazebo/../../lib/x86_64-linux-gnu/gazebo-11/plugins PYTHONPATH=/home/dustinhartnett/Documents/GitHub/ENPM702_Group2_Final/final702_ws/install/mage_msgs/lib/python3.8/site-packages:${PYTHONPATH} /usr/bin/cmake --install /home/dustinhartnett/Documents/GitHub/ENPM702_Group2_Final/final702_ws/build/final_project
[30.043s] Level 1:colcon.colcon_core.environment:checking '/home/dustinhartnett/Documents/GitHub/ENPM702_Group2_Final/final702_ws/install/final_project' for CMake module files
[30.043s] Level 1:colcon.colcon_core.environment:checking '/home/dustinhartnett/Documents/GitHub/ENPM702_Group2_Final/final702_ws/install/final_project' for CMake config files
[30.043s] Level 1:colcon.colcon_core.shell:create_environment_hook('final_project', 'cmake_prefix_path')
[30.068s] INFO:colcon.colcon_core.shell:Creating environment hook '/home/dustinhartnett/Documents/GitHub/ENPM702_Group2_Final/final702_ws/install/final_project/share/final_project/hook/cmake_prefix_path.ps1'
[30.069s] INFO:colcon.colcon_core.shell:Creating environment descriptor '/home/dustinhartnett/Documents/GitHub/ENPM702_Group2_Final/final702_ws/install/final_project/share/final_project/hook/cmake_prefix_path.dsv'
[30.069s] INFO:colcon.colcon_core.shell:Creating environment hook '/home/dustinhartnett/Documents/GitHub/ENPM702_Group2_Final/final702_ws/install/final_project/share/final_project/hook/cmake_prefix_path.sh'
[30.069s] Level 1:colcon.colcon_core.environment:checking '/home/dustinhartnett/Documents/GitHub/ENPM702_Group2_Final/final702_ws/install/final_project/lib'
[30.069s] Level 1:colcon.colcon_core.shell:create_environment_hook('final_project', 'ld_library_path_lib')
[30.096s] INFO:colcon.colcon_core.shell:Creating environment hook '/home/dustinhartnett/Documents/GitHub/ENPM702_Group2_Final/final702_ws/install/final_project/share/final_project/hook/ld_library_path_lib.ps1'
[30.096s] INFO:colcon.colcon_core.shell:Creating environment descriptor '/home/dustinhartnett/Documents/GitHub/ENPM702_Group2_Final/final702_ws/install/final_project/share/final_project/hook/ld_library_path_lib.dsv'
[30.096s] INFO:colcon.colcon_core.shell:Creating environment hook '/home/dustinhartnett/Documents/GitHub/ENPM702_Group2_Final/final702_ws/install/final_project/share/final_project/hook/ld_library_path_lib.sh'
[30.097s] Level 1:colcon.colcon_core.environment:checking '/home/dustinhartnett/Documents/GitHub/ENPM702_Group2_Final/final702_ws/install/final_project/bin'
[30.097s] Level 1:colcon.colcon_core.environment:checking '/home/dustinhartnett/Documents/GitHub/ENPM702_Group2_Final/final702_ws/install/final_project/lib/pkgconfig/final_project.pc'
[30.097s] Level 1:colcon.colcon_core.environment:checking '/home/dustinhartnett/Documents/GitHub/ENPM702_Group2_Final/final702_ws/install/final_project/lib/python3.8/site-packages'
[30.097s] Level 1:colcon.colcon_core.shell:create_environment_hook('final_project', 'pythonpath')
[30.123s] INFO:colcon.colcon_core.shell:Creating environment hook '/home/dustinhartnett/Documents/GitHub/ENPM702_Group2_Final/final702_ws/install/final_project/share/final_project/hook/pythonpath.ps1'
[30.123s] INFO:colcon.colcon_core.shell:Creating environment descriptor '/home/dustinhartnett/Documents/GitHub/ENPM702_Group2_Final/final702_ws/install/final_project/share/final_project/hook/pythonpath.dsv'
[30.123s] INFO:colcon.colcon_core.shell:Creating environment hook '/home/dustinhartnett/Documents/GitHub/ENPM702_Group2_Final/final702_ws/install/final_project/share/final_project/hook/pythonpath.sh'
[30.124s] Level 1:colcon.colcon_core.environment:checking '/home/dustinhartnett/Documents/GitHub/ENPM702_Group2_Final/final702_ws/install/final_project/bin'
[30.148s] INFO:colcon.colcon_core.shell:Creating package script '/home/dustinhartnett/Documents/GitHub/ENPM702_Group2_Final/final702_ws/install/final_project/share/final_project/package.ps1'
[30.149s] INFO:colcon.colcon_core.shell:Creating package descriptor '/home/dustinhartnett/Documents/GitHub/ENPM702_Group2_Final/final702_ws/install/final_project/share/final_project/package.dsv'
[30.149s] INFO:colcon.colcon_core.shell:Creating package script '/home/dustinhartnett/Documents/GitHub/ENPM702_Group2_Final/final702_ws/install/final_project/share/final_project/package.sh'
[30.149s] INFO:colcon.colcon_core.shell:Creating package script '/home/dustinhartnett/Documents/GitHub/ENPM702_Group2_Final/final702_ws/install/final_project/share/final_project/package.bash'
[30.150s] INFO:colcon.colcon_core.shell:Creating package script '/home/dustinhartnett/Documents/GitHub/ENPM702_Group2_Final/final702_ws/install/final_project/share/final_project/package.zsh'
[30.150s] Level 1:colcon.colcon_core.environment:create_file_with_runtime_dependencies(/home/dustinhartnett/Documents/GitHub/ENPM702_Group2_Final/final702_ws/install/final_project/share/colcon-core/packages/final_project)
[30.199s] Level 1:colcon.colcon_core.environment:create_environment_scripts_only(final_project)
[30.224s] Level 1:colcon.colcon_core.environment:checking '/home/dustinhartnett/Documents/GitHub/ENPM702_Group2_Final/final702_ws/install/final_project' for CMake module files
[30.225s] Level 1:colcon.colcon_core.environment:checking '/home/dustinhartnett/Documents/GitHub/ENPM702_Group2_Final/final702_ws/install/final_project' for CMake config files
[30.225s] Level 1:colcon.colcon_core.shell:create_environment_hook('final_project', 'cmake_prefix_path')
[30.249s] INFO:colcon.colcon_core.shell:Creating environment hook '/home/dustinhartnett/Documents/GitHub/ENPM702_Group2_Final/final702_ws/install/final_project/share/final_project/hook/cmake_prefix_path.ps1'
[30.249s] INFO:colcon.colcon_core.shell:Creating environment descriptor '/home/dustinhartnett/Documents/GitHub/ENPM702_Group2_Final/final702_ws/install/final_project/share/final_project/hook/cmake_prefix_path.dsv'
[30.249s] INFO:colcon.colcon_core.shell:Creating environment hook '/home/dustinhartnett/Documents/GitHub/ENPM702_Group2_Final/final702_ws/install/final_project/share/final_project/hook/cmake_prefix_path.sh'
[30.250s] Level 1:colcon.colcon_core.environment:checking '/home/dustinhartnett/Documents/GitHub/ENPM702_Group2_Final/final702_ws/install/final_project/lib'
[30.250s] Level 1:colcon.colcon_core.shell:create_environment_hook('final_project', 'ld_library_path_lib')
[30.275s] INFO:colcon.colcon_core.shell:Creating environment hook '/home/dustinhartnett/Documents/GitHub/ENPM702_Group2_Final/final702_ws/install/final_project/share/final_project/hook/ld_library_path_lib.ps1'
[30.275s] INFO:colcon.colcon_core.shell:Creating environment descriptor '/home/dustinhartnett/Documents/GitHub/ENPM702_Group2_Final/final702_ws/install/final_project/share/final_project/hook/ld_library_path_lib.dsv'
[30.275s] INFO:colcon.colcon_core.shell:Creating environment hook '/home/dustinhartnett/Documents/GitHub/ENPM702_Group2_Final/final702_ws/install/final_project/share/final_project/hook/ld_library_path_lib.sh'
[30.276s] Level 1:colcon.colcon_core.environment:checking '/home/dustinhartnett/Documents/GitHub/ENPM702_Group2_Final/final702_ws/install/final_project/bin'
[30.276s] Level 1:colcon.colcon_core.environment:checking '/home/dustinhartnett/Documents/GitHub/ENPM702_Group2_Final/final702_ws/install/final_project/lib/pkgconfig/final_project.pc'
[30.276s] Level 1:colcon.colcon_core.environment:checking '/home/dustinhartnett/Documents/GitHub/ENPM702_Group2_Final/final702_ws/install/final_project/lib/python3.8/site-packages'
[30.276s] Level 1:colcon.colcon_core.shell:create_environment_hook('final_project', 'pythonpath')
[30.300s] INFO:colcon.colcon_core.shell:Creating environment hook '/home/dustinhartnett/Documents/GitHub/ENPM702_Group2_Final/final702_ws/install/final_project/share/final_project/hook/pythonpath.ps1'
[30.301s] INFO:colcon.colcon_core.shell:Creating environment descriptor '/home/dustinhartnett/Documents/GitHub/ENPM702_Group2_Final/final702_ws/install/final_project/share/final_project/hook/pythonpath.dsv'
[30.301s] INFO:colcon.colcon_core.shell:Creating environment hook '/home/dustinhartnett/Documents/GitHub/ENPM702_Group2_Final/final702_ws/install/final_project/share/final_project/hook/pythonpath.sh'
[30.301s] Level 1:colcon.colcon_core.environment:checking '/home/dustinhartnett/Documents/GitHub/ENPM702_Group2_Final/final702_ws/install/final_project/bin'
[30.327s] INFO:colcon.colcon_core.shell:Creating package script '/home/dustinhartnett/Documents/GitHub/ENPM702_Group2_Final/final702_ws/install/final_project/share/final_project/package.ps1'
[30.327s] INFO:colcon.colcon_core.shell:Creating package descriptor '/home/dustinhartnett/Documents/GitHub/ENPM702_Group2_Final/final702_ws/install/final_project/share/final_project/package.dsv'
[30.328s] INFO:colcon.colcon_core.shell:Creating package script '/home/dustinhartnett/Documents/GitHub/ENPM702_Group2_Final/final702_ws/install/final_project/share/final_project/package.sh'
[30.328s] INFO:colcon.colcon_core.shell:Creating package script '/home/dustinhartnett/Documents/GitHub/ENPM702_Group2_Final/final702_ws/install/final_project/share/final_project/package.bash'
[30.328s] INFO:colcon.colcon_core.shell:Creating package script '/home/dustinhartnett/Documents/GitHub/ENPM702_Group2_Final/final702_ws/install/final_project/share/final_project/package.zsh'
[30.328s] Level 1:colcon.colcon_core.environment:create_file_with_runtime_dependencies(/home/dustinhartnett/Documents/GitHub/ENPM702_Group2_Final/final702_ws/install/final_project/share/colcon-core/packages/final_project)
[30.328s] DEBUG:colcon.colcon_parallel_executor.executor.parallel:closing loop
[30.329s] DEBUG:colcon.colcon_parallel_executor.executor.parallel:loop closed
[30.329s] DEBUG:colcon.colcon_parallel_executor.executor.parallel:run_until_complete finished with '0'
[30.329s] DEBUG:colcon.colcon_core.event_reactor:joining thread
[30.357s] INFO:colcon.colcon_core.plugin_system:Skipping extension 'colcon_notification.desktop_notification.terminal_notifier': Not used on non-Darwin systems
[30.357s] INFO:colcon.colcon_core.plugin_system:Skipping extension 'colcon_notification.desktop_notification.win32': Not used on non-Windows systems
[30.357s] INFO:colcon.colcon_notification.desktop_notification:Sending desktop notification using 'notify2'
[30.374s] DEBUG:colcon.colcon_core.event_reactor:joined thread
[30.400s] INFO:colcon.colcon_core.shell:Creating prefix script '/home/dustinhartnett/Documents/GitHub/ENPM702_Group2_Final/final702_ws/install/local_setup.ps1'
[30.400s] INFO:colcon.colcon_core.shell:Creating prefix util module '/home/dustinhartnett/Documents/GitHub/ENPM702_Group2_Final/final702_ws/install/_local_setup_util_ps1.py'
[30.401s] INFO:colcon.colcon_core.shell:Creating prefix chain script '/home/dustinhartnett/Documents/GitHub/ENPM702_Group2_Final/final702_ws/install/setup.ps1'
[30.426s] INFO:colcon.colcon_core.shell:Creating prefix script '/home/dustinhartnett/Documents/GitHub/ENPM702_Group2_Final/final702_ws/install/local_setup.sh'
[30.427s] INFO:colcon.colcon_core.shell:Creating prefix util module '/home/dustinhartnett/Documents/GitHub/ENPM702_Group2_Final/final702_ws/install/_local_setup_util_sh.py'
[30.427s] INFO:colcon.colcon_core.shell:Creating prefix chain script '/home/dustinhartnett/Documents/GitHub/ENPM702_Group2_Final/final702_ws/install/setup.sh'
[30.452s] INFO:colcon.colcon_core.shell:Creating prefix script '/home/dustinhartnett/Documents/GitHub/ENPM702_Group2_Final/final702_ws/install/local_setup.bash'
[30.453s] INFO:colcon.colcon_core.shell:Creating prefix chain script '/home/dustinhartnett/Documents/GitHub/ENPM702_Group2_Final/final702_ws/install/setup.bash'
[30.478s] INFO:colcon.colcon_core.shell:Creating prefix script '/home/dustinhartnett/Documents/GitHub/ENPM702_Group2_Final/final702_ws/install/local_setup.zsh'
[30.478s] INFO:colcon.colcon_core.shell:Creating prefix chain script '/home/dustinhartnett/Documents/GitHub/ENPM702_Group2_Final/final702_ws/install/setup.zsh'
