[0.199s] Invoking command in '/home/dustinhartnett/Documents/GitHub/ENPM702_Group2_Final/final702_ws/build/final_project': CMAKE_PREFIX_PATH=/home/dustinhartnett/Documents/GitHub/ENPM702_Group2_Final/final702_ws/install/mage_msgs:/home/dustinhartnett/Documents/GitHub/ENPM702_Group2_Final/final702_ws/install/final_project:/opt/ros/galactic LD_LIBRARY_PATH=/home/dustinhartnett/Documents/GitHub/ENPM702_Group2_Final/final702_ws/install/mage_msgs/lib:/usr/lib/x86_64-linux-gnu/gazebo-11/plugins:/opt/ros/galactic/opt/yaml_cpp_vendor/lib:/opt/ros/galactic/opt/rviz_ogre_vendor/lib:/opt/ros/galactic/lib/x86_64-linux-gnu:/opt/ros/galactic/lib:/usr/share/gazebo/../../lib/x86_64-linux-gnu/gazebo-11/plugins PYTHONPATH=/home/dustinhartnett/Documents/GitHub/ENPM702_Group2_Final/final702_ws/install/mage_msgs/lib/python3.8/site-packages:${PYTHONPATH} /usr/bin/cmake /home/dustinhartnett/Documents/GitHub/ENPM702_Group2_Final/final702_ws/src/final_project -DCMAKE_INSTALL_PREFIX=/home/dustinhartnett/Documents/GitHub/ENPM702_Group2_Final/final702_ws/install/final_project
[0.251s] -- The C compiler identification is GNU 9.4.0
[0.314s] -- The CXX compiler identification is GNU 9.4.0
[0.320s] -- Check for working C compiler: /usr/bin/cc
[0.396s] -- Check for working C compiler: /usr/bin/cc -- works
[0.396s] -- Detecting C compiler ABI info
[0.473s] -- Detecting C compiler ABI info - done
[0.485s] -- Detecting C compile features
[0.486s] -- Detecting C compile features - done
[0.488s] -- Check for working CXX compiler: /usr/bin/c++
[0.575s] -- Check for working CXX compiler: /usr/bin/c++ -- works
[0.576s] -- Detecting CXX compiler ABI info
[0.674s] -- Detecting CXX compiler ABI info - done
[0.687s] -- Detecting CXX compile features
[0.687s] -- Detecting CXX compile features - done
[0.689s] -- Found ament_cmake: 1.1.6 (/opt/ros/galactic/share/ament_cmake/cmake)
[0.716s] -- Found PythonInterp: /usr/bin/python3 (found suitable version "3.8.10", minimum required is "3") 
[0.717s] -- Using PYTHON_EXECUTABLE: /usr/bin/python3
[0.813s] -- Found rclcpp: 9.2.2 (/opt/ros/galactic/share/rclcpp/cmake)
[0.867s] -- Using all available rosidl_typesupport_c: rosidl_typesupport_fastrtps_c;rosidl_typesupport_introspection_c
[0.873s] -- Found rosidl_adapter: 2.2.3 (/opt/ros/galactic/share/rosidl_adapter/cmake)
[0.953s] -- Found OpenSSL: /usr/lib/x86_64-linux-gnu/libcrypto.so (found version "1.1.1f")  
[0.987s] -- Found FastRTPS: /opt/ros/galactic/include  
[1.072s] -- Using all available rosidl_typesupport_cpp: rosidl_typesupport_fastrtps_cpp;rosidl_typesupport_introspection_cpp
[1.139s] -- Found rmw_implementation_cmake: 3.3.1 (/opt/ros/galactic/share/rmw_implementation_cmake/cmake)
[1.141s] -- Found rmw_cyclonedds_cpp: 0.22.6 (/opt/ros/galactic/share/rmw_cyclonedds_cpp/cmake)
[1.164s] -- Using RMW implementation 'rmw_cyclonedds_cpp' as default
[1.176s] -- Looking for pthread.h
[1.254s] -- Looking for pthread.h - found
[1.254s] -- Performing Test CMAKE_HAVE_LIBC_PTHREAD
[1.333s] -- Performing Test CMAKE_HAVE_LIBC_PTHREAD - Failed
[1.333s] -- Looking for pthread_create in pthreads
[1.402s] -- Looking for pthread_create in pthreads - not found
[1.403s] -- Looking for pthread_create in pthread
[1.492s] -- Looking for pthread_create in pthread - found
[1.497s] -- Found Threads: TRUE  
[1.665s] -- Found rclpy: 1.9.3 (/opt/ros/galactic/share/rclpy/cmake)
[1.667s] -- Found geometry_msgs: 2.2.4 (/opt/ros/galactic/share/geometry_msgs/cmake)
[1.723s] -- Found PkgConfig: /usr/bin/pkg-config (found version "0.29.1") 
[1.725s] -- Checking for module 'bullet>=2.82'
[1.742s] --   Found bullet, version 2.88
[1.876s] -- Found ccd: /usr/include (found suitable version "2.0", minimum required is "2.0") 
[1.949s] -- Found fcl: /usr/include (found suitable version "0.5.0", minimum required is "0.3.2") 
[2.009s] -- Found assimp: /usr/include (found version "5.0.0") 
[2.057s] -- Found DART: /usr/include (Required is at least version "6.6") found components: dart 
[2.089s] -- Found Boost: /usr/lib/x86_64-linux-gnu/cmake/Boost-1.71.0/BoostConfig.cmake (found suitable version "1.71.0", minimum required is "1.40.0") found components: thread system filesystem program_options regex iostreams date_time 
[2.124s] -- Found Protobuf: /usr/lib/x86_64-linux-gnu/libprotobuf.so;-lpthread (found version "3.6.1") 
[2.128s] -- Looking for ignition-math6 -- found version 6.15.0
[2.135s] -- Searching for dependencies of ignition-math6
[2.137s] -- Looking for OGRE...
[2.137s] -- OGRE_PREFIX_WATCH changed.
[2.143s] -- Checking for module 'OGRE'
[2.160s] --   Found OGRE, version 1.9.0
[2.200s] -- Found Ogre Ghadamon (1.9.0)
[2.210s] -- Found OGRE: optimized;/usr/lib/x86_64-linux-gnu/libOgreMain.so;debug;/usr/lib/x86_64-linux-gnu/libOgreMain.so
[2.222s] -- Looking for OGRE_Paging...
[2.229s] -- Found OGRE_Paging: optimized;/usr/lib/x86_64-linux-gnu/libOgrePaging.so;debug;/usr/lib/x86_64-linux-gnu/libOgrePaging.so
[2.229s] -- Looking for OGRE_Terrain...
[2.235s] -- Found OGRE_Terrain: optimized;/usr/lib/x86_64-linux-gnu/libOgreTerrain.so;debug;/usr/lib/x86_64-linux-gnu/libOgreTerrain.so
[2.236s] -- Looking for OGRE_Property...
[2.241s] -- Found OGRE_Property: optimized;/usr/lib/x86_64-linux-gnu/libOgreProperty.so;debug;/usr/lib/x86_64-linux-gnu/libOgreProperty.so
[2.241s] -- Looking for OGRE_RTShaderSystem...
[2.248s] -- Found OGRE_RTShaderSystem: optimized;/usr/lib/x86_64-linux-gnu/libOgreRTShaderSystem.so;debug;/usr/lib/x86_64-linux-gnu/libOgreRTShaderSystem.so
[2.248s] -- Looking for OGRE_Volume...
[2.254s] -- Found OGRE_Volume: optimized;/usr/lib/x86_64-linux-gnu/libOgreVolume.so;debug;/usr/lib/x86_64-linux-gnu/libOgreVolume.so
[2.255s] -- Looking for OGRE_Overlay...
[2.261s] -- Found OGRE_Overlay: optimized;/usr/lib/x86_64-linux-gnu/libOgreOverlay.so;debug;/usr/lib/x86_64-linux-gnu/libOgreOverlay.so
[2.388s] -- Looking for ignition-math6 -- found version 6.15.0
[2.390s] -- Looking for ignition-transport8 -- found version 8.3.0
[2.391s] -- Searching for dependencies of ignition-transport8
[2.410s] -- Found Protobuf: /usr/lib/x86_64-linux-gnu/libprotobuf.so;-lpthread (found suitable version "3.6.1", minimum required is "3") 
[2.421s] -- Config-file not installed for ZeroMQ -- checking for pkg-config
[2.426s] -- Checking for module 'libzmq >= 4'
[2.458s] --   Found libzmq , version 4.3.2
[2.516s] -- Found ZeroMQ: TRUE (Required is at least version "4") 
[2.522s] -- Checking for module 'uuid'
[2.538s] --   Found uuid, version 2.34.0
[2.579s] -- Found UUID: TRUE  
[2.581s] -- Looking for ignition-msgs5 -- found version 5.10.0
[2.582s] -- Searching for dependencies of ignition-msgs5
[2.602s] -- Looking for ignition-math6 -- found version 6.15.0
[2.607s] -- Checking for module 'tinyxml2'
[2.623s] --   Found tinyxml2, version 6.2.0
[2.667s] -- Looking for ignition-msgs5 -- found version 5.10.0
[2.668s] -- Looking for ignition-common3 -- found version 3.14.2
[2.668s] -- Searching for dependencies of ignition-common3
[2.669s] -- Looking for dlfcn.h - found
[2.670s] -- Looking for libdl - found
[2.672s] -- Found DL: TRUE  
[2.682s] -- Searching for <ignition-common3> component [graphics]
[2.683s] -- Looking for ignition-common3-graphics -- found version 3.14.2
[2.684s] -- Searching for dependencies of ignition-common3-graphics
[2.684s] -- Looking for ignition-math6 -- found version 6.15.0
[2.687s] -- Looking for ignition-fuel_tools4 -- found version 4.6.0
[2.688s] -- Searching for dependencies of ignition-fuel_tools4
[2.768s] -- Found CURL: /usr/lib/x86_64-linux-gnu/libcurl.so (found version "7.68.0")  
[2.777s] -- Checking for module 'jsoncpp'
[2.801s] --   Found jsoncpp, version 1.7.4
[2.852s] -- Found JSONCPP: TRUE  
[2.858s] -- Checking for module 'libzip'
[2.874s] --   Found libzip, version 1.5.1
[2.915s] -- Found ZIP: TRUE  
[2.915s] -- Looking for ignition-common3 -- found version 3.14.2
[2.916s] -- Looking for ignition-math6 -- found version 6.15.0
[2.916s] -- Looking for ignition-msgs5 -- found version 5.10.0
[2.919s] -- Found gazebo_ros: 3.5.2 (/opt/ros/galactic/share/gazebo_ros/cmake)
[2.926s] -- Gazebo version: 11.11
[2.934s] -- Found camera_info_manager: 2.5.1 (/opt/ros/galactic/share/camera_info_manager/cmake)
[3.099s] -- Found gazebo_msgs: 3.5.2 (/opt/ros/galactic/share/gazebo_msgs/cmake)
[3.347s] -- Found image_transport: 2.5.1 (/opt/ros/galactic/share/image_transport/cmake)
[3.412s] -- Found cv_bridge: 3.1.3 (/opt/ros/galactic/share/cv_bridge/cmake)
[3.444s] -- Found std_srvs: 2.2.4 (/opt/ros/galactic/share/std_srvs/cmake)
[3.455s] -- Found tf2: 0.17.5 (/opt/ros/galactic/share/tf2/cmake)
[3.467s] -- Found tf2_geometry_msgs: 0.17.5 (/opt/ros/galactic/share/tf2_geometry_msgs/cmake)
[3.476s] -- Found eigen3_cmake_module: 0.1.1 (/opt/ros/galactic/share/eigen3_cmake_module/cmake)
[3.478s] -- Found Eigen3: TRUE (found version "3.3.7") 
[3.917s] -- Found mage_msgs: 0.0.0 (/home/dustinhartnett/Documents/GitHub/ENPM702_Group2_Final/final702_ws/install/mage_msgs/share/mage_msgs/cmake)
[4.069s] -- Found nav_msgs: 2.2.4 (/opt/ros/galactic/share/nav_msgs/cmake)
[4.430s] -- Configuring done
[4.678s] -- Generating done
[4.683s] -- Build files have been written to: /home/dustinhartnett/Documents/GitHub/ENPM702_Group2_Final/final702_ws/build/final_project
[4.702s] Invoked command in '/home/dustinhartnett/Documents/GitHub/ENPM702_Group2_Final/final702_ws/build/final_project' returned '0': CMAKE_PREFIX_PATH=/home/dustinhartnett/Documents/GitHub/ENPM702_Group2_Final/final702_ws/install/mage_msgs:/home/dustinhartnett/Documents/GitHub/ENPM702_Group2_Final/final702_ws/install/final_project:/opt/ros/galactic LD_LIBRARY_PATH=/home/dustinhartnett/Documents/GitHub/ENPM702_Group2_Final/final702_ws/install/mage_msgs/lib:/usr/lib/x86_64-linux-gnu/gazebo-11/plugins:/opt/ros/galactic/opt/yaml_cpp_vendor/lib:/opt/ros/galactic/opt/rviz_ogre_vendor/lib:/opt/ros/galactic/lib/x86_64-linux-gnu:/opt/ros/galactic/lib:/usr/share/gazebo/../../lib/x86_64-linux-gnu/gazebo-11/plugins PYTHONPATH=/home/dustinhartnett/Documents/GitHub/ENPM702_Group2_Final/final702_ws/install/mage_msgs/lib/python3.8/site-packages:${PYTHONPATH} /usr/bin/cmake /home/dustinhartnett/Documents/GitHub/ENPM702_Group2_Final/final702_ws/src/final_project -DCMAKE_INSTALL_PREFIX=/home/dustinhartnett/Documents/GitHub/ENPM702_Group2_Final/final702_ws/install/final_project
[4.704s] Invoking command in '/home/dustinhartnett/Documents/GitHub/ENPM702_Group2_Final/final702_ws/build/final_project': CMAKE_PREFIX_PATH=/home/dustinhartnett/Documents/GitHub/ENPM702_Group2_Final/final702_ws/install/mage_msgs:/home/dustinhartnett/Documents/GitHub/ENPM702_Group2_Final/final702_ws/install/final_project:/opt/ros/galactic LD_LIBRARY_PATH=/home/dustinhartnett/Documents/GitHub/ENPM702_Group2_Final/final702_ws/install/mage_msgs/lib:/usr/lib/x86_64-linux-gnu/gazebo-11/plugins:/opt/ros/galactic/opt/yaml_cpp_vendor/lib:/opt/ros/galactic/opt/rviz_ogre_vendor/lib:/opt/ros/galactic/lib/x86_64-linux-gnu:/opt/ros/galactic/lib:/usr/share/gazebo/../../lib/x86_64-linux-gnu/gazebo-11/plugins PYTHONPATH=/home/dustinhartnett/Documents/GitHub/ENPM702_Group2_Final/final702_ws/install/mage_msgs/lib/python3.8/site-packages:${PYTHONPATH} /usr/bin/cmake --build /home/dustinhartnett/Documents/GitHub/ENPM702_Group2_Final/final702_ws/build/final_project -- -j20 -l20
[4.749s] [35m[1mScanning dependencies of target ament_cmake_python_copy_final_project[0m
[4.749s] [35m[1mScanning dependencies of target AriacLogicalCameraPlugin[0m
[4.754s] [35m[1mScanning dependencies of target reach_target[0m
[4.772s] [  0%] Built target ament_cmake_python_copy_final_project
[4.785s] [35m[1mScanning dependencies of target ament_cmake_python_build_final_project_scripts[0m
[4.788s] [35m[1mScanning dependencies of target ament_cmake_python_build_final_project_egg[0m
[4.813s] [ 25%] [32mBuilding CXX object CMakeFiles/reach_target.dir/src/reach_target_client.cpp.o[0m
[4.881s] [ 50%] [32mBuilding CXX object CMakeFiles/AriacLogicalCameraPlugin.dir/src/ariac_logical_camera_plugin.cpp.o[0m
[5.021s] running install_scripts
[5.023s] running egg_info
[5.023s] creating final_project.egg-info
[5.024s] writing final_project.egg-info/PKG-INFO
[5.025s] writing dependency_links to final_project.egg-info/dependency_links.txt
[5.025s] writing top-level names to final_project.egg-info/top_level.txt
[5.026s] writing manifest file 'final_project.egg-info/SOURCES.txt'
[5.062s] reading manifest file 'final_project.egg-info/SOURCES.txt'
[5.063s] writing manifest file 'final_project.egg-info/SOURCES.txt'
[5.086s] running egg_info
[5.088s] writing final_project.egg-info/PKG-INFO
[5.088s] writing dependency_links to final_project.egg-info/dependency_links.txt
[5.089s] writing top-level names to final_project.egg-info/top_level.txt
[5.092s] [ 50%] Built target ament_cmake_python_build_final_project_egg
[5.123s] reading manifest file 'final_project.egg-info/SOURCES.txt'
[5.124s] writing manifest file 'final_project.egg-info/SOURCES.txt'
[5.156s] [ 50%] Built target ament_cmake_python_build_final_project_scripts
[6.958s] [01m[K/home/dustinhartnett/Documents/GitHub/ENPM702_Group2_Final/final702_ws/src/final_project/src/reach_target_client.cpp:[m[K In member function ‘[01m[Kvoid RobotTargetClient::camera1_callback(mage_msgs::msg::AdvancedLogicalCameraImage_<std::allocator<void> >::SharedPtr)[m[K’:
[6.958s] [01m[K/home/dustinhartnett/Documents/GitHub/ENPM702_Group2_Final/final702_ws/src/final_project/src/reach_target_client.cpp:54:102:[m[K [01;35m[Kwarning: [m[Kunused parameter ‘[01m[Kmsg[m[K’ [[01;35m[K-Wunused-parameter[m[K]
[6.958s]    54 | ([01;35m[Kconst mage_msgs::msg::AdvancedLogicalCameraImage::SharedPtr msg[m[K) {
[6.958s]       |  [01;35m[K~~~~~~~~~~~~~~~~~~~~~~~~~~~~~~~~~~~~~~~~~~~~~~~~~~~~~~~~~~~~^~~[m[K
[6.958s] 
[16.124s] [ 75%] [32m[1mLinking CXX executable reach_target[0m
[16.252s] [100%] [32m[1mLinking CXX shared library libAriacLogicalCameraPlugin.so[0m
[16.954s] [100%] Built target AriacLogicalCameraPlugin
[18.035s] [100%] Built target reach_target
[18.047s] Invoked command in '/home/dustinhartnett/Documents/GitHub/ENPM702_Group2_Final/final702_ws/build/final_project' returned '0': CMAKE_PREFIX_PATH=/home/dustinhartnett/Documents/GitHub/ENPM702_Group2_Final/final702_ws/install/mage_msgs:/home/dustinhartnett/Documents/GitHub/ENPM702_Group2_Final/final702_ws/install/final_project:/opt/ros/galactic LD_LIBRARY_PATH=/home/dustinhartnett/Documents/GitHub/ENPM702_Group2_Final/final702_ws/install/mage_msgs/lib:/usr/lib/x86_64-linux-gnu/gazebo-11/plugins:/opt/ros/galactic/opt/yaml_cpp_vendor/lib:/opt/ros/galactic/opt/rviz_ogre_vendor/lib:/opt/ros/galactic/lib/x86_64-linux-gnu:/opt/ros/galactic/lib:/usr/share/gazebo/../../lib/x86_64-linux-gnu/gazebo-11/plugins PYTHONPATH=/home/dustinhartnett/Documents/GitHub/ENPM702_Group2_Final/final702_ws/install/mage_msgs/lib/python3.8/site-packages:${PYTHONPATH} /usr/bin/cmake --build /home/dustinhartnett/Documents/GitHub/ENPM702_Group2_Final/final702_ws/build/final_project -- -j20 -l20
[18.078s] Invoking command in '/home/dustinhartnett/Documents/GitHub/ENPM702_Group2_Final/final702_ws/build/final_project': CMAKE_PREFIX_PATH=/home/dustinhartnett/Documents/GitHub/ENPM702_Group2_Final/final702_ws/install/mage_msgs:/home/dustinhartnett/Documents/GitHub/ENPM702_Group2_Final/final702_ws/install/final_project:/opt/ros/galactic LD_LIBRARY_PATH=/home/dustinhartnett/Documents/GitHub/ENPM702_Group2_Final/final702_ws/install/mage_msgs/lib:/usr/lib/x86_64-linux-gnu/gazebo-11/plugins:/opt/ros/galactic/opt/yaml_cpp_vendor/lib:/opt/ros/galactic/opt/rviz_ogre_vendor/lib:/opt/ros/galactic/lib/x86_64-linux-gnu:/opt/ros/galactic/lib:/usr/share/gazebo/../../lib/x86_64-linux-gnu/gazebo-11/plugins PYTHONPATH=/home/dustinhartnett/Documents/GitHub/ENPM702_Group2_Final/final702_ws/install/mage_msgs/lib/python3.8/site-packages:${PYTHONPATH} /usr/bin/cmake --install /home/dustinhartnett/Documents/GitHub/ENPM702_Group2_Final/final702_ws/build/final_project
[18.085s] -- Install configuration: ""
[18.085s] -- Installing: /home/dustinhartnett/Documents/GitHub/ENPM702_Group2_Final/final702_ws/install/final_project/lib/final_project/reach_target
[18.088s] -- Set runtime path of "/home/dustinhartnett/Documents/GitHub/ENPM702_Group2_Final/final702_ws/install/final_project/lib/final_project/reach_target" to ""
[18.088s] -- Installing: /home/dustinhartnett/Documents/GitHub/ENPM702_Group2_Final/final702_ws/install/final_project/share/final_project/environment/library_path.sh
[18.088s] -- Installing: /home/dustinhartnett/Documents/GitHub/ENPM702_Group2_Final/final702_ws/install/final_project/share/final_project/environment/library_path.dsv
[18.088s] -- Installing: /home/dustinhartnett/Documents/GitHub/ENPM702_Group2_Final/final702_ws/install/final_project/include
[18.088s] -- Installing: /home/dustinhartnett/Documents/GitHub/ENPM702_Group2_Final/final702_ws/install/final_project/include/final_project
[18.088s] -- Installing: /home/dustinhartnett/Documents/GitHub/ENPM702_Group2_Final/final702_ws/install/final_project/include/final_project/ariac_logical_camera_plugin.hpp
[18.088s] -- Installing: /home/dustinhartnett/Documents/GitHub/ENPM702_Group2_Final/final702_ws/install/final_project/include/final_project/disable_shadows_plugin.hpp
[18.088s] -- Installing: /home/dustinhartnett/Documents/GitHub/ENPM702_Group2_Final/final702_ws/install/final_project/include/final_project/reach_target_action.hpp
[18.088s] -- Installing: /home/dustinhartnett/Documents/GitHub/ENPM702_Group2_Final/final702_ws/install/final_project/lib/libAriacLogicalCameraPlugin.so
[18.090s] -- Set runtime path of "/home/dustinhartnett/Documents/GitHub/ENPM702_Group2_Final/final702_ws/install/final_project/lib/libAriacLogicalCameraPlugin.so" to ""
[18.090s] -- Installing: /home/dustinhartnett/Documents/GitHub/ENPM702_Group2_Final/final702_ws/install/final_project/share/final_project//config
[18.090s] -- Installing: /home/dustinhartnett/Documents/GitHub/ENPM702_Group2_Final/final702_ws/install/final_project/share/final_project//config/waypoint_params.yaml
[18.090s] -- Installing: /home/dustinhartnett/Documents/GitHub/ENPM702_Group2_Final/final702_ws/install/final_project/share/final_project//config/sensors.yaml
[18.090s] -- Installing: /home/dustinhartnett/Documents/GitHub/ENPM702_Group2_Final/final702_ws/install/final_project/share/final_project//config/frame.rviz
[18.090s] -- Installing: /home/dustinhartnett/Documents/GitHub/ENPM702_Group2_Final/final702_ws/install/final_project/share/final_project//launch
[18.090s] -- Installing: /home/dustinhartnett/Documents/GitHub/ENPM702_Group2_Final/final702_ws/install/final_project/share/final_project//launch/robot_state_publisher.launch.py
[18.090s] -- Installing: /home/dustinhartnett/Documents/GitHub/ENPM702_Group2_Final/final702_ws/install/final_project/share/final_project//launch/spawn_turtlebot3.launch.py
[18.091s] -- Installing: /home/dustinhartnett/Documents/GitHub/ENPM702_Group2_Final/final702_ws/install/final_project/share/final_project//launch/final_project.launch.py
[18.091s] -- Installing: /home/dustinhartnett/Documents/GitHub/ENPM702_Group2_Final/final702_ws/install/final_project/share/final_project//models
[18.091s] -- Installing: /home/dustinhartnett/Documents/GitHub/ENPM702_Group2_Final/final702_ws/install/final_project/share/final_project//models/box_pallets_2
[18.091s] -- Installing: /home/dustinhartnett/Documents/GitHub/ENPM702_Group2_Final/final702_ws/install/final_project/share/final_project//models/box_pallets_2/meshes
[18.091s] -- Installing: /home/dustinhartnett/Documents/GitHub/ENPM702_Group2_Final/final702_ws/install/final_project/share/final_project//models/box_pallets_2/meshes/box_pallet.dae
[18.093s] -- Installing: /home/dustinhartnett/Documents/GitHub/ENPM702_Group2_Final/final702_ws/install/final_project/share/final_project//models/box_pallets_2/meshes/AM200_029_05_Diffuse.jpg
[18.093s] -- Installing: /home/dustinhartnett/Documents/GitHub/ENPM702_Group2_Final/final702_ws/install/final_project/share/final_project//models/box_pallets_2/meshes/AM200_029_06_Diffuse.jpg
[18.095s] -- Installing: /home/dustinhartnett/Documents/GitHub/ENPM702_Group2_Final/final702_ws/install/final_project/share/final_project//models/box_pallets_2/meshes/AM200_029_01_Diffuse.jpg
[18.097s] -- Installing: /home/dustinhartnett/Documents/GitHub/ENPM702_Group2_Final/final702_ws/install/final_project/share/final_project//models/box_pallets_2/model.sdf
[18.097s] -- Installing: /home/dustinhartnett/Documents/GitHub/ENPM702_Group2_Final/final702_ws/install/final_project/share/final_project//models/box_pallets_2/model.config
[18.098s] -- Installing: /home/dustinhartnett/Documents/GitHub/ENPM702_Group2_Final/final702_ws/install/final_project/share/final_project//models/box_pallets_3
[18.098s] -- Installing: /home/dustinhartnett/Documents/GitHub/ENPM702_Group2_Final/final702_ws/install/final_project/share/final_project//models/box_pallets_3/meshes
[18.098s] -- Installing: /home/dustinhartnett/Documents/GitHub/ENPM702_Group2_Final/final702_ws/install/final_project/share/final_project//models/box_pallets_3/meshes/AM200_029_03_Diffuse.jpg
[18.100s] -- Installing: /home/dustinhartnett/Documents/GitHub/ENPM702_Group2_Final/final702_ws/install/final_project/share/final_project//models/box_pallets_3/meshes/box_pallet.dae
[18.102s] -- Installing: /home/dustinhartnett/Documents/GitHub/ENPM702_Group2_Final/final702_ws/install/final_project/share/final_project//models/box_pallets_3/meshes/AM200_029_04_Diffuse.jpg
[18.102s] -- Installing: /home/dustinhartnett/Documents/GitHub/ENPM702_Group2_Final/final702_ws/install/final_project/share/final_project//models/box_pallets_3/meshes/AM200_029_01_Diffuse.jpg
[18.105s] -- Installing: /home/dustinhartnett/Documents/GitHub/ENPM702_Group2_Final/final702_ws/install/final_project/share/final_project//models/box_pallets_3/meshes/AM200_029_08_Diffuse.jpg
[18.108s] -- Installing: /home/dustinhartnett/Documents/GitHub/ENPM702_Group2_Final/final702_ws/install/final_project/share/final_project//models/box_pallets_3/model.sdf
[18.108s] -- Installing: /home/dustinhartnett/Documents/GitHub/ENPM702_Group2_Final/final702_ws/install/final_project/share/final_project//models/box_pallets_3/model.config
[18.108s] -- Installing: /home/dustinhartnett/Documents/GitHub/ENPM702_Group2_Final/final702_ws/install/final_project/share/final_project//models/box_pallets
[18.108s] -- Installing: /home/dustinhartnett/Documents/GitHub/ENPM702_Group2_Final/final702_ws/install/final_project/share/final_project//models/box_pallets/meshes
[18.108s] -- Installing: /home/dustinhartnett/Documents/GitHub/ENPM702_Group2_Final/final702_ws/install/final_project/share/final_project//models/box_pallets/meshes/box_pallet.dae
[18.110s] -- Installing: /home/dustinhartnett/Documents/GitHub/ENPM702_Group2_Final/final702_ws/install/final_project/share/final_project//models/box_pallets/meshes/AM200_029_07_Diffuse.jpg
[18.114s] -- Installing: /home/dustinhartnett/Documents/GitHub/ENPM702_Group2_Final/final702_ws/install/final_project/share/final_project//models/box_pallets/meshes/AM200_029_02_Diffuse.jpg
[18.114s] -- Installing: /home/dustinhartnett/Documents/GitHub/ENPM702_Group2_Final/final702_ws/install/final_project/share/final_project//models/box_pallets/meshes/AM200_029_01_Diffuse.jpg
[18.118s] -- Installing: /home/dustinhartnett/Documents/GitHub/ENPM702_Group2_Final/final702_ws/install/final_project/share/final_project//models/box_pallets/model.sdf
[18.118s] -- Installing: /home/dustinhartnett/Documents/GitHub/ENPM702_Group2_Final/final702_ws/install/final_project/share/final_project//models/box_pallets/model.config
[18.118s] -- Installing: /home/dustinhartnett/Documents/GitHub/ENPM702_Group2_Final/final702_ws/install/final_project/share/final_project//models/aruco_marker_2
[18.118s] -- Installing: /home/dustinhartnett/Documents/GitHub/ENPM702_Group2_Final/final702_ws/install/final_project/share/final_project//models/aruco_marker_2/model.sdf
[18.118s] -- Installing: /home/dustinhartnett/Documents/GitHub/ENPM702_Group2_Final/final702_ws/install/final_project/share/final_project//models/aruco_marker_2/materials
[18.118s] -- Installing: /home/dustinhartnett/Documents/GitHub/ENPM702_Group2_Final/final702_ws/install/final_project/share/final_project//models/aruco_marker_2/materials/textures
[18.118s] -- Installing: /home/dustinhartnett/Documents/GitHub/ENPM702_Group2_Final/final702_ws/install/final_project/share/final_project//models/aruco_marker_2/materials/textures/marker_2.png
[18.118s] -- Installing: /home/dustinhartnett/Documents/GitHub/ENPM702_Group2_Final/final702_ws/install/final_project/share/final_project//models/aruco_marker_2/materials/textures/5x5_1000-2.png
[18.119s] -- Installing: /home/dustinhartnett/Documents/GitHub/ENPM702_Group2_Final/final702_ws/install/final_project/share/final_project//models/aruco_marker_2/materials/textures/svgtopng.zip
[18.119s] -- Installing: /home/dustinhartnett/Documents/GitHub/ENPM702_Group2_Final/final702_ws/install/final_project/share/final_project//models/aruco_marker_2/materials/textures/5x5_1000-2.svg
[18.119s] -- Installing: /home/dustinhartnett/Documents/GitHub/ENPM702_Group2_Final/final702_ws/install/final_project/share/final_project//models/aruco_marker_2/materials/scripts
[18.119s] -- Installing: /home/dustinhartnett/Documents/GitHub/ENPM702_Group2_Final/final702_ws/install/final_project/share/final_project//models/aruco_marker_2/materials/scripts/marker.material
[18.119s] -- Installing: /home/dustinhartnett/Documents/GitHub/ENPM702_Group2_Final/final702_ws/install/final_project/share/final_project//models/aruco_marker_2/model.config
[18.119s] -- Installing: /home/dustinhartnett/Documents/GitHub/ENPM702_Group2_Final/final702_ws/install/final_project/share/final_project//models/aruco_marker_0
[18.119s] -- Installing: /home/dustinhartnett/Documents/GitHub/ENPM702_Group2_Final/final702_ws/install/final_project/share/final_project//models/aruco_marker_0/model.sdf
[18.119s] -- Installing: /home/dustinhartnett/Documents/GitHub/ENPM702_Group2_Final/final702_ws/install/final_project/share/final_project//models/aruco_marker_0/materials
[18.119s] -- Installing: /home/dustinhartnett/Documents/GitHub/ENPM702_Group2_Final/final702_ws/install/final_project/share/final_project//models/aruco_marker_0/materials/textures
[18.119s] -- Installing: /home/dustinhartnett/Documents/GitHub/ENPM702_Group2_Final/final702_ws/install/final_project/share/final_project//models/aruco_marker_0/materials/textures/marker_0_old.png
[18.119s] -- Installing: /home/dustinhartnett/Documents/GitHub/ENPM702_Group2_Final/final702_ws/install/final_project/share/final_project//models/aruco_marker_0/materials/textures/svgtopng.zip
[18.119s] -- Installing: /home/dustinhartnett/Documents/GitHub/ENPM702_Group2_Final/final702_ws/install/final_project/share/final_project//models/aruco_marker_0/materials/textures/5x5_1000-0.svg
[18.119s] -- Installing: /home/dustinhartnett/Documents/GitHub/ENPM702_Group2_Final/final702_ws/install/final_project/share/final_project//models/aruco_marker_0/materials/textures/5x5_1000-0.png
[18.119s] -- Installing: /home/dustinhartnett/Documents/GitHub/ENPM702_Group2_Final/final702_ws/install/final_project/share/final_project//models/aruco_marker_0/materials/scripts
[18.119s] -- Installing: /home/dustinhartnett/Documents/GitHub/ENPM702_Group2_Final/final702_ws/install/final_project/share/final_project//models/aruco_marker_0/materials/scripts/marker.material
[18.119s] -- Installing: /home/dustinhartnett/Documents/GitHub/ENPM702_Group2_Final/final702_ws/install/final_project/share/final_project//models/aruco_marker_0/model.config
[18.119s] -- Installing: /home/dustinhartnett/Documents/GitHub/ENPM702_Group2_Final/final702_ws/install/final_project/share/final_project//models/advanced_logical_camera
[18.119s] -- Installing: /home/dustinhartnett/Documents/GitHub/ENPM702_Group2_Final/final702_ws/install/final_project/share/final_project//models/advanced_logical_camera/meshes
[18.119s] -- Installing: /home/dustinhartnett/Documents/GitHub/ENPM702_Group2_Final/final702_ws/install/final_project/share/final_project//models/advanced_logical_camera/meshes/camera.dae
[18.119s] -- Installing: /home/dustinhartnett/Documents/GitHub/ENPM702_Group2_Final/final702_ws/install/final_project/share/final_project//models/advanced_logical_camera/model.sdf
[18.119s] -- Installing: /home/dustinhartnett/Documents/GitHub/ENPM702_Group2_Final/final702_ws/install/final_project/share/final_project//models/advanced_logical_camera/materials
[18.119s] -- Installing: /home/dustinhartnett/Documents/GitHub/ENPM702_Group2_Final/final702_ws/install/final_project/share/final_project//models/advanced_logical_camera/materials/textures
[18.119s] -- Installing: /home/dustinhartnett/Documents/GitHub/ENPM702_Group2_Final/final702_ws/install/final_project/share/final_project//models/advanced_logical_camera/materials/textures/camera.png
[18.119s] -- Installing: /home/dustinhartnett/Documents/GitHub/ENPM702_Group2_Final/final702_ws/install/final_project/share/final_project//models/advanced_logical_camera/model.config
[18.119s] -- Installing: /home/dustinhartnett/Documents/GitHub/ENPM702_Group2_Final/final702_ws/install/final_project/share/final_project//models/floor
[18.119s] -- Installing: /home/dustinhartnett/Documents/GitHub/ENPM702_Group2_Final/final702_ws/install/final_project/share/final_project//models/floor/meshes
[18.119s] -- Installing: /home/dustinhartnett/Documents/GitHub/ENPM702_Group2_Final/final702_ws/install/final_project/share/final_project//models/floor/meshes/example-2.png
[18.120s] -- Installing: /home/dustinhartnett/Documents/GitHub/ENPM702_Group2_Final/final702_ws/install/final_project/share/final_project//models/floor/meshes/floor.dae
[18.120s] -- Installing: /home/dustinhartnett/Documents/GitHub/ENPM702_Group2_Final/final702_ws/install/final_project/share/final_project//models/floor/meshes/Suede_Blue.jpg
[18.120s] -- Installing: /home/dustinhartnett/Documents/GitHub/ENPM702_Group2_Final/final702_ws/install/final_project/share/final_project//models/floor/meshes/Suede_Blue_1.jpg
[18.120s] -- Installing: /home/dustinhartnett/Documents/GitHub/ENPM702_Group2_Final/final702_ws/install/final_project/share/final_project//models/floor/model.sdf
[18.120s] -- Installing: /home/dustinhartnett/Documents/GitHub/ENPM702_Group2_Final/final702_ws/install/final_project/share/final_project//models/floor/model.config
[18.120s] -- Installing: /home/dustinhartnett/Documents/GitHub/ENPM702_Group2_Final/final702_ws/install/final_project/share/final_project//models/battery
[18.120s] -- Installing: /home/dustinhartnett/Documents/GitHub/ENPM702_Group2_Final/final702_ws/install/final_project/share/final_project//models/battery/meshes
[18.120s] -- Installing: /home/dustinhartnett/Documents/GitHub/ENPM702_Group2_Final/final702_ws/install/final_project/share/final_project//models/battery/meshes/battery_base.stl
[18.120s] -- Installing: /home/dustinhartnett/Documents/GitHub/ENPM702_Group2_Final/final702_ws/install/final_project/share/final_project//models/battery/meshes/battery_cap.stl
[18.120s] -- Installing: /home/dustinhartnett/Documents/GitHub/ENPM702_Group2_Final/final702_ws/install/final_project/share/final_project//models/battery/meshes/battery_collision.stl
[18.120s] -- Installing: /home/dustinhartnett/Documents/GitHub/ENPM702_Group2_Final/final702_ws/install/final_project/share/final_project//models/battery/meshes/battery_pins.stl
[18.120s] -- Installing: /home/dustinhartnett/Documents/GitHub/ENPM702_Group2_Final/final702_ws/install/final_project/share/final_project//models/battery/model.sdf
[18.120s] -- Installing: /home/dustinhartnett/Documents/GitHub/ENPM702_Group2_Final/final702_ws/install/final_project/share/final_project//models/battery/model.config
[18.120s] -- Installing: /home/dustinhartnett/Documents/GitHub/ENPM702_Group2_Final/final702_ws/install/final_project/share/final_project//models/parts_bin
[18.120s] -- Installing: /home/dustinhartnett/Documents/GitHub/ENPM702_Group2_Final/final702_ws/install/final_project/share/final_project//models/parts_bin/meshes
[18.120s] -- Installing: /home/dustinhartnett/Documents/GitHub/ENPM702_Group2_Final/final702_ws/install/final_project/share/final_project//models/parts_bin/meshes/bin_exterior.dae
[18.120s] -- Installing: /home/dustinhartnett/Documents/GitHub/ENPM702_Group2_Final/final702_ws/install/final_project/share/final_project//models/parts_bin/meshes/bin_interior.stl
[18.120s] -- Installing: /home/dustinhartnett/Documents/GitHub/ENPM702_Group2_Final/final702_ws/install/final_project/share/final_project//models/parts_bin/meshes/Steel_Brushed_Stainless.jpg.001.jpg
[18.121s] -- Installing: /home/dustinhartnett/Documents/GitHub/ENPM702_Group2_Final/final702_ws/install/final_project/share/final_project//models/parts_bin/meshes/Metal_Rough.jpg.001.jpg
[18.121s] -- Installing: /home/dustinhartnett/Documents/GitHub/ENPM702_Group2_Final/final702_ws/install/final_project/share/final_project//models/parts_bin/meshes/bin_exterior.stl
[18.121s] -- Installing: /home/dustinhartnett/Documents/GitHub/ENPM702_Group2_Final/final702_ws/install/final_project/share/final_project//models/parts_bin/model.sdf
[18.121s] -- Installing: /home/dustinhartnett/Documents/GitHub/ENPM702_Group2_Final/final702_ws/install/final_project/share/final_project//models/parts_bin/model.config
[18.121s] -- Installing: /home/dustinhartnett/Documents/GitHub/ENPM702_Group2_Final/final702_ws/install/final_project/share/final_project//models/aruco_marker_1
[18.121s] -- Installing: /home/dustinhartnett/Documents/GitHub/ENPM702_Group2_Final/final702_ws/install/final_project/share/final_project//models/aruco_marker_1/model.sdf
[18.121s] -- Installing: /home/dustinhartnett/Documents/GitHub/ENPM702_Group2_Final/final702_ws/install/final_project/share/final_project//models/aruco_marker_1/materials
[18.121s] -- Installing: /home/dustinhartnett/Documents/GitHub/ENPM702_Group2_Final/final702_ws/install/final_project/share/final_project//models/aruco_marker_1/materials/textures
[18.121s] -- Installing: /home/dustinhartnett/Documents/GitHub/ENPM702_Group2_Final/final702_ws/install/final_project/share/final_project//models/aruco_marker_1/materials/textures/svgtopng.zip
[18.121s] -- Installing: /home/dustinhartnett/Documents/GitHub/ENPM702_Group2_Final/final702_ws/install/final_project/share/final_project//models/aruco_marker_1/materials/textures/5x5_1000-1.png
[18.121s] -- Installing: /home/dustinhartnett/Documents/GitHub/ENPM702_Group2_Final/final702_ws/install/final_project/share/final_project//models/aruco_marker_1/materials/textures/marker_1.png
[18.121s] -- Installing: /home/dustinhartnett/Documents/GitHub/ENPM702_Group2_Final/final702_ws/install/final_project/share/final_project//models/aruco_marker_1/materials/textures/5x5_1000-1.svg
[18.121s] -- Installing: /home/dustinhartnett/Documents/GitHub/ENPM702_Group2_Final/final702_ws/install/final_project/share/final_project//models/aruco_marker_1/materials/scripts
[18.121s] -- Installing: /home/dustinhartnett/Documents/GitHub/ENPM702_Group2_Final/final702_ws/install/final_project/share/final_project//models/aruco_marker_1/materials/scripts/marker.material
[18.121s] -- Installing: /home/dustinhartnett/Documents/GitHub/ENPM702_Group2_Final/final702_ws/install/final_project/share/final_project//models/aruco_marker_1/model.config
[18.121s] -- Installing: /home/dustinhartnett/Documents/GitHub/ENPM702_Group2_Final/final702_ws/install/final_project/share/final_project//models/turtlebot3_waffle
[18.121s] -- Installing: /home/dustinhartnett/Documents/GitHub/ENPM702_Group2_Final/final702_ws/install/final_project/share/final_project//models/turtlebot3_waffle/model-1_4.sdf
[18.121s] -- Installing: /home/dustinhartnett/Documents/GitHub/ENPM702_Group2_Final/final702_ws/install/final_project/share/final_project//models/turtlebot3_waffle/model.sdf
[18.121s] -- Installing: /home/dustinhartnett/Documents/GitHub/ENPM702_Group2_Final/final702_ws/install/final_project/share/final_project//models/turtlebot3_waffle/model.config
[18.121s] -- Installing: /home/dustinhartnett/Documents/GitHub/ENPM702_Group2_Final/final702_ws/install/final_project/share/final_project//worlds
[18.121s] -- Installing: /home/dustinhartnett/Documents/GitHub/ENPM702_Group2_Final/final702_ws/install/final_project/share/final_project//worlds/final_summer_702.world
[18.121s] -- Installing: /home/dustinhartnett/Documents/GitHub/ENPM702_Group2_Final/final702_ws/install/final_project/share/final_project//worlds/enpm605.world
[18.121s] -- Installing: /home/dustinhartnett/Documents/GitHub/ENPM702_Group2_Final/final702_ws/install/final_project/share/final_project//worlds/final.world
[18.121s] -- Installing: /home/dustinhartnett/Documents/GitHub/ENPM702_Group2_Final/final702_ws/install/final_project/share/final_project/environment/pythonpath.sh
[18.121s] -- Installing: /home/dustinhartnett/Documents/GitHub/ENPM702_Group2_Final/final702_ws/install/final_project/share/final_project/environment/pythonpath.dsv
[18.121s] -- Installing: /home/dustinhartnett/Documents/GitHub/ENPM702_Group2_Final/final702_ws/install/final_project/lib/python3.8/site-packages//final_project.egg-info
[18.122s] -- Installing: /home/dustinhartnett/Documents/GitHub/ENPM702_Group2_Final/final702_ws/install/final_project/lib/python3.8/site-packages//final_project.egg-info/SOURCES.txt
[18.122s] -- Installing: /home/dustinhartnett/Documents/GitHub/ENPM702_Group2_Final/final702_ws/install/final_project/lib/python3.8/site-packages//final_project.egg-info/top_level.txt
[18.122s] -- Installing: /home/dustinhartnett/Documents/GitHub/ENPM702_Group2_Final/final702_ws/install/final_project/lib/python3.8/site-packages//final_project.egg-info/dependency_links.txt
[18.122s] -- Installing: /home/dustinhartnett/Documents/GitHub/ENPM702_Group2_Final/final702_ws/install/final_project/lib/python3.8/site-packages//final_project.egg-info/PKG-INFO
[18.122s] -- Up-to-date: /home/dustinhartnett/Documents/GitHub/ENPM702_Group2_Final/final702_ws/install/final_project/lib/final_project/
[18.122s] -- Installing: /home/dustinhartnett/Documents/GitHub/ENPM702_Group2_Final/final702_ws/install/final_project/lib/python3.8/site-packages/final_project
[18.122s] -- Installing: /home/dustinhartnett/Documents/GitHub/ENPM702_Group2_Final/final702_ws/install/final_project/lib/python3.8/site-packages/final_project/tf_broadcaster.py
[18.122s] -- Installing: /home/dustinhartnett/Documents/GitHub/ENPM702_Group2_Final/final702_ws/install/final_project/lib/python3.8/site-packages/final_project/spawn_params.py
[18.122s] -- Installing: /home/dustinhartnett/Documents/GitHub/ENPM702_Group2_Final/final702_ws/install/final_project/lib/python3.8/site-packages/final_project/environment_startup.py
[18.122s] -- Installing: /home/dustinhartnett/Documents/GitHub/ENPM702_Group2_Final/final702_ws/install/final_project/lib/python3.8/site-packages/final_project/utilities.py
[18.122s] -- Installing: /home/dustinhartnett/Documents/GitHub/ENPM702_Group2_Final/final702_ws/install/final_project/lib/python3.8/site-packages/final_project/tf2_geometry_msgs.py
[18.122s] -- Installing: /home/dustinhartnett/Documents/GitHub/ENPM702_Group2_Final/final702_ws/install/final_project/lib/python3.8/site-packages/final_project/__init__.py
[18.148s] Listing '/home/dustinhartnett/Documents/GitHub/ENPM702_Group2_Final/final702_ws/install/final_project/lib/python3.8/site-packages/final_project'...
[18.148s] Compiling '/home/dustinhartnett/Documents/GitHub/ENPM702_Group2_Final/final702_ws/install/final_project/lib/python3.8/site-packages/final_project/__init__.py'...
[18.148s] Compiling '/home/dustinhartnett/Documents/GitHub/ENPM702_Group2_Final/final702_ws/install/final_project/lib/python3.8/site-packages/final_project/environment_startup.py'...
[18.149s] Compiling '/home/dustinhartnett/Documents/GitHub/ENPM702_Group2_Final/final702_ws/install/final_project/lib/python3.8/site-packages/final_project/spawn_params.py'...
[18.149s] Compiling '/home/dustinhartnett/Documents/GitHub/ENPM702_Group2_Final/final702_ws/install/final_project/lib/python3.8/site-packages/final_project/tf2_geometry_msgs.py'...
[18.149s] Compiling '/home/dustinhartnett/Documents/GitHub/ENPM702_Group2_Final/final702_ws/install/final_project/lib/python3.8/site-packages/final_project/tf_broadcaster.py'...
[18.149s] Compiling '/home/dustinhartnett/Documents/GitHub/ENPM702_Group2_Final/final702_ws/install/final_project/lib/python3.8/site-packages/final_project/utilities.py'...
[18.151s] -- Installing: /home/dustinhartnett/Documents/GitHub/ENPM702_Group2_Final/final702_ws/install/final_project/lib/final_project/environment_startup_node.py
[18.151s] -- Installing: /home/dustinhartnett/Documents/GitHub/ENPM702_Group2_Final/final702_ws/install/final_project/lib/final_project/sensor_tf_broadcaster.py
[18.151s] -- Installing: /home/dustinhartnett/Documents/GitHub/ENPM702_Group2_Final/final702_ws/install/final_project/lib/final_project/part_spawner.py
[18.151s] -- Installing: /home/dustinhartnett/Documents/GitHub/ENPM702_Group2_Final/final702_ws/install/final_project/lib/final_project/object_tf_broadcaster.py
[18.152s] -- Installing: /home/dustinhartnett/Documents/GitHub/ENPM702_Group2_Final/final702_ws/install/final_project/lib/final_project/robot_target_interface.py
[18.152s] -- Installing: /home/dustinhartnett/Documents/GitHub/ENPM702_Group2_Final/final702_ws/install/final_project/share/ament_index/resource_index/package_run_dependencies/final_project
[18.152s] -- Installing: /home/dustinhartnett/Documents/GitHub/ENPM702_Group2_Final/final702_ws/install/final_project/share/ament_index/resource_index/parent_prefix_path/final_project
[18.152s] -- Installing: /home/dustinhartnett/Documents/GitHub/ENPM702_Group2_Final/final702_ws/install/final_project/share/final_project/environment/ament_prefix_path.sh
[18.152s] -- Installing: /home/dustinhartnett/Documents/GitHub/ENPM702_Group2_Final/final702_ws/install/final_project/share/final_project/environment/ament_prefix_path.dsv
[18.152s] -- Installing: /home/dustinhartnett/Documents/GitHub/ENPM702_Group2_Final/final702_ws/install/final_project/share/final_project/environment/path.sh
[18.152s] -- Installing: /home/dustinhartnett/Documents/GitHub/ENPM702_Group2_Final/final702_ws/install/final_project/share/final_project/environment/path.dsv
[18.152s] -- Installing: /home/dustinhartnett/Documents/GitHub/ENPM702_Group2_Final/final702_ws/install/final_project/share/final_project/local_setup.bash
[18.152s] -- Installing: /home/dustinhartnett/Documents/GitHub/ENPM702_Group2_Final/final702_ws/install/final_project/share/final_project/local_setup.sh
[18.152s] -- Installing: /home/dustinhartnett/Documents/GitHub/ENPM702_Group2_Final/final702_ws/install/final_project/share/final_project/local_setup.zsh
[18.152s] -- Installing: /home/dustinhartnett/Documents/GitHub/ENPM702_Group2_Final/final702_ws/install/final_project/share/final_project/local_setup.dsv
[18.152s] -- Installing: /home/dustinhartnett/Documents/GitHub/ENPM702_Group2_Final/final702_ws/install/final_project/share/final_project/package.dsv
[18.152s] -- Installing: /home/dustinhartnett/Documents/GitHub/ENPM702_Group2_Final/final702_ws/install/final_project/share/ament_index/resource_index/packages/final_project
[18.153s] -- Installing: /home/dustinhartnett/Documents/GitHub/ENPM702_Group2_Final/final702_ws/install/final_project/share/final_project/cmake/ament_cmake_export_libraries-extras.cmake
[18.153s] -- Installing: /home/dustinhartnett/Documents/GitHub/ENPM702_Group2_Final/final702_ws/install/final_project/share/final_project/cmake/final_projectConfig.cmake
[18.153s] -- Installing: /home/dustinhartnett/Documents/GitHub/ENPM702_Group2_Final/final702_ws/install/final_project/share/final_project/cmake/final_projectConfig-version.cmake
[18.153s] -- Installing: /home/dustinhartnett/Documents/GitHub/ENPM702_Group2_Final/final702_ws/install/final_project/share/final_project/package.xml
[18.154s] Invoked command in '/home/dustinhartnett/Documents/GitHub/ENPM702_Group2_Final/final702_ws/build/final_project' returned '0': CMAKE_PREFIX_PATH=/home/dustinhartnett/Documents/GitHub/ENPM702_Group2_Final/final702_ws/install/mage_msgs:/home/dustinhartnett/Documents/GitHub/ENPM702_Group2_Final/final702_ws/install/final_project:/opt/ros/galactic LD_LIBRARY_PATH=/home/dustinhartnett/Documents/GitHub/ENPM702_Group2_Final/final702_ws/install/mage_msgs/lib:/usr/lib/x86_64-linux-gnu/gazebo-11/plugins:/opt/ros/galactic/opt/yaml_cpp_vendor/lib:/opt/ros/galactic/opt/rviz_ogre_vendor/lib:/opt/ros/galactic/lib/x86_64-linux-gnu:/opt/ros/galactic/lib:/usr/share/gazebo/../../lib/x86_64-linux-gnu/gazebo-11/plugins PYTHONPATH=/home/dustinhartnett/Documents/GitHub/ENPM702_Group2_Final/final702_ws/install/mage_msgs/lib/python3.8/site-packages:${PYTHONPATH} /usr/bin/cmake --install /home/dustinhartnett/Documents/GitHub/ENPM702_Group2_Final/final702_ws/build/final_project
