[01m[K/home/dustinhartnett/Documents/GitHub/ENPM702_Group2_Final/final702_ws/src/final_project/src/reach_target_client.cpp:[m[K In member function ‘[01m[Kvoid RobotTargetClient::camera1_callback(mage_msgs::msg::AdvancedLogicalCameraImage_<std::allocator<void> >::SharedPtr)[m[K’:
[01m[K/home/dustinhartnett/Documents/GitHub/ENPM702_Group2_Final/final702_ws/src/final_project/src/reach_target_client.cpp:65:41:[m[K [01;31m[Kerror: [m[Kqualified-id in declaration before ‘[01m[K([m[K’ token
   65 | void RobotTargetClient::camera2_callback[01;31m[K([m[Kconst mage_msgs::msg::AdvancedLogicalCameraImage::SharedPtr msg) {
      |                                         [01;31m[K^[m[K
[01m[K/home/dustinhartnett/Documents/GitHub/ENPM702_Group2_Final/final702_ws/src/final_project/src/reach_target_client.cpp:70:41:[m[K [01;31m[Kerror: [m[Kqualified-id in declaration before ‘[01m[K([m[K’ token
   70 | void RobotTargetClient::camera3_callback[01;31m[K([m[Kconst mage_msgs::msg::AdvancedLogicalCameraImage::SharedPtr msg) {
      |                                         [01;31m[K^[m[K
[01m[K/home/dustinhartnett/Documents/GitHub/ENPM702_Group2_Final/final702_ws/src/final_project/src/reach_target_client.cpp:75:41:[m[K [01;31m[Kerror: [m[Kqualified-id in declaration before ‘[01m[K([m[K’ token
   75 | void RobotTargetClient::camera4_callback[01;31m[K([m[Kconst mage_msgs::msg::AdvancedLogicalCameraImage::SharedPtr msg) {
      |                                         [01;31m[K^[m[K
[01m[K/home/dustinhartnett/Documents/GitHub/ENPM702_Group2_Final/final702_ws/src/final_project/src/reach_target_client.cpp:80:41:[m[K [01;31m[Kerror: [m[Kqualified-id in declaration before ‘[01m[K([m[K’ token
   80 | void RobotTargetClient::camera5_callback[01;31m[K([m[Kconst mage_msgs::msg::AdvancedLogicalCameraImage::SharedPtr msg) {
      |                                         [01;31m[K^[m[K
[01m[K/home/dustinhartnett/Documents/GitHub/ENPM702_Group2_Final/final702_ws/src/final_project/src/reach_target_client.cpp:85:33:[m[K [01;31m[Kerror: [m[Ka function-definition is not allowed here before ‘[01m[K{[m[K’ token
   85 | int main(int argc, char** argv) [01;31m[K{[m[K
      |                                 [01;31m[K^[m[K
[01m[K/home/dustinhartnett/Documents/GitHub/ENPM702_Group2_Final/final702_ws/src/final_project/src/reach_target_client.cpp:57:10:[m[K [01;35m[Kwarning: [m[Kunused variable ‘[01m[Kx_pos_[m[K’ [[01;35m[K-Wunused-variable[m[K]
   57 |     auto [01;35m[Kx_pos_[m[K = pose.position.x;
      |          [01;35m[K^~~~~~[m[K
[01m[K/home/dustinhartnett/Documents/GitHub/ENPM702_Group2_Final/final702_ws/src/final_project/src/reach_target_client.cpp:94:1:[m[K [01;31m[Kerror: [m[Kexpected ‘[01m[K}[m[K’ at end of input
   94 | [01;31m[K}[m[K
      | [01;31m[K^[m[K
[01m[K/home/dustinhartnett/Documents/GitHub/ENPM702_Group2_Final/final702_ws/src/final_project/src/reach_target_client.cpp:54:107:[m[K [01;36m[Knote: [m[Kto match this ‘[01m[K{[m[K’
   54 | onst mage_msgs::msg::AdvancedLogicalCameraImage::SharedPtr msg) [01;36m[K{[m[K
      |                                                                 [01;36m[K^[m[K

[01m[K/home/dustinhartnett/Documents/GitHub/ENPM702_Group2_Final/final702_ws/src/final_project/src/reach_target_client.cpp:54:102:[m[K [01;35m[Kwarning: [m[Kunused parameter ‘[01m[Kmsg[m[K’ [[01;35m[K-Wunused-parameter[m[K]
   54 | ack([01;35m[Kconst mage_msgs::msg::AdvancedLogicalCameraImage::SharedPtr msg[m[K) {
      |     [01;35m[K~~~~~~~~~~~~~~~~~~~~~~~~~~~~~~~~~~~~~~~~~~~~~~~~~~~~~~~~~~~~^~~[m[K

make[2]: *** [CMakeFiles/reach_target.dir/build.make:63: CMakeFiles/reach_target.dir/src/reach_target_client.cpp.o] Error 1
make[1]: *** [CMakeFiles/Makefile2:112: CMakeFiles/reach_target.dir/all] Error 2
make: *** [Makefile:141: all] Error 2
