[01m[K/home/dustinhartnett/Documents/GitHub/ENPM702_Group2_Final/final702_ws/src/final_project/src/reach_target_client.cpp:[m[K In member function ‘[01m[Kvoid RobotTargetClient::camera1_callback(mage_msgs::msg::AdvancedLogicalCameraImage_<std::allocator<void> >::SharedPtr)[m[K’:
[01m[K/home/dustinhartnett/Documents/GitHub/ENPM702_Group2_Final/final702_ws/src/final_project/src/reach_target_client.cpp:57:24:[m[K [01;31m[Kerror: [m[K‘[01m[Kusing Pose = struct geometry_msgs::msg::Pose_<std::allocator<void> >[m[K’ {aka ‘[01m[Kstruct geometry_msgs::msg::Pose_<std::allocator<void> >[m[K’} has no member named ‘[01m[Kpose[m[K’
   57 |     auto x_pos_ = pose.[01;31m[Kpose[m[K.position.x;
      |                        [01;31m[K^~~~[m[K
[01m[K/home/dustinhartnett/Documents/GitHub/ENPM702_Group2_Final/final702_ws/src/final_project/src/reach_target_client.cpp:54:102:[m[K [01;35m[Kwarning: [m[Kunused parameter ‘[01m[Kmsg[m[K’ [[01;35m[K-Wunused-parameter[m[K]
   54 | ([01;35m[Kconst mage_msgs::msg::AdvancedLogicalCameraImage::SharedPtr msg[m[K) {
      |  [01;35m[K~~~~~~~~~~~~~~~~~~~~~~~~~~~~~~~~~~~~~~~~~~~~~~~~~~~~~~~~~~~~^~~[m[K

[01m[K/home/dustinhartnett/Documents/GitHub/ENPM702_Group2_Final/final702_ws/src/final_project/src/reach_target_client.cpp:[m[K In member function ‘[01m[Kvoid RobotTargetClient::camera2_callback(mage_msgs::msg::AdvancedLogicalCameraImage_<std::allocator<void> >::SharedPtr)[m[K’:
[01m[K/home/dustinhartnett/Documents/GitHub/ENPM702_Group2_Final/final702_ws/src/final_project/src/reach_target_client.cpp:62:102:[m[K [01;35m[Kwarning: [m[Kunused parameter ‘[01m[Kmsg[m[K’ [[01;35m[K-Wunused-parameter[m[K]
   62 | ([01;35m[Kconst mage_msgs::msg::AdvancedLogicalCameraImage::SharedPtr msg[m[K) {
      |  [01;35m[K~~~~~~~~~~~~~~~~~~~~~~~~~~~~~~~~~~~~~~~~~~~~~~~~~~~~~~~~~~~~^~~[m[K

[01m[K/home/dustinhartnett/Documents/GitHub/ENPM702_Group2_Final/final702_ws/src/final_project/src/reach_target_client.cpp:[m[K In member function ‘[01m[Kvoid RobotTargetClient::camera3_callback(mage_msgs::msg::AdvancedLogicalCameraImage_<std::allocator<void> >::SharedPtr)[m[K’:
[01m[K/home/dustinhartnett/Documents/GitHub/ENPM702_Group2_Final/final702_ws/src/final_project/src/reach_target_client.cpp:67:102:[m[K [01;35m[Kwarning: [m[Kunused parameter ‘[01m[Kmsg[m[K’ [[01;35m[K-Wunused-parameter[m[K]
   67 | ([01;35m[Kconst mage_msgs::msg::AdvancedLogicalCameraImage::SharedPtr msg[m[K) {
      |  [01;35m[K~~~~~~~~~~~~~~~~~~~~~~~~~~~~~~~~~~~~~~~~~~~~~~~~~~~~~~~~~~~~^~~[m[K

[01m[K/home/dustinhartnett/Documents/GitHub/ENPM702_Group2_Final/final702_ws/src/final_project/src/reach_target_client.cpp:[m[K In member function ‘[01m[Kvoid RobotTargetClient::camera4_callback(mage_msgs::msg::AdvancedLogicalCameraImage_<std::allocator<void> >::SharedPtr)[m[K’:
[01m[K/home/dustinhartnett/Documents/GitHub/ENPM702_Group2_Final/final702_ws/src/final_project/src/reach_target_client.cpp:72:102:[m[K [01;35m[Kwarning: [m[Kunused parameter ‘[01m[Kmsg[m[K’ [[01;35m[K-Wunused-parameter[m[K]
   72 | ([01;35m[Kconst mage_msgs::msg::AdvancedLogicalCameraImage::SharedPtr msg[m[K) {
      |  [01;35m[K~~~~~~~~~~~~~~~~~~~~~~~~~~~~~~~~~~~~~~~~~~~~~~~~~~~~~~~~~~~~^~~[m[K

[01m[K/home/dustinhartnett/Documents/GitHub/ENPM702_Group2_Final/final702_ws/src/final_project/src/reach_target_client.cpp:[m[K In member function ‘[01m[Kvoid RobotTargetClient::camera5_callback(mage_msgs::msg::AdvancedLogicalCameraImage_<std::allocator<void> >::SharedPtr)[m[K’:
[01m[K/home/dustinhartnett/Documents/GitHub/ENPM702_Group2_Final/final702_ws/src/final_project/src/reach_target_client.cpp:77:102:[m[K [01;35m[Kwarning: [m[Kunused parameter ‘[01m[Kmsg[m[K’ [[01;35m[K-Wunused-parameter[m[K]
   77 | ([01;35m[Kconst mage_msgs::msg::AdvancedLogicalCameraImage::SharedPtr msg[m[K) {
      |  [01;35m[K~~~~~~~~~~~~~~~~~~~~~~~~~~~~~~~~~~~~~~~~~~~~~~~~~~~~~~~~~~~~^~~[m[K

make[2]: *** [CMakeFiles/reach_target.dir/build.make:63: CMakeFiles/reach_target.dir/src/reach_target_client.cpp.o] Error 1
make[1]: *** [CMakeFiles/Makefile2:112: CMakeFiles/reach_target.dir/all] Error 2
make: *** [Makefile:141: all] Error 2
